<?xml version="1.0" encoding="UTF-8"?>
<coverage generated="1780869509569" clover="3.2.0">
  <project timestamp="1780869509569" name="All files">
    <metrics statements="925" coveredstatements="910" conditionals="514" coveredconditionals="414" methods="196" coveredmethods="191" elements="1635" coveredelements="1515" complexity="0" loc="925" ncloc="925" packages="16" files="24" classes="24"/>
    <package name="app.address">
      <metrics statements="28" coveredstatements="28" conditionals="10" coveredconditionals="9" methods="7" coveredmethods="7"/>
      <file name="address.service.ts" path="C:\Users\Zeyad Rafat\Study\Projects\quickbite\core-service\backend\src\app\address\address.service.ts">
        <metrics statements="28" coveredstatements="28" conditionals="10" coveredconditionals="9" methods="7" coveredmethods="7"/>
        <line num="2" count="1" type="stmt"/>
        <line num="3" count="1" type="stmt"/>
        <line num="9" count="1" type="stmt"/>
        <line num="10" count="1" type="cond" truecount="3" falsecount="1"/>
        <line num="13" count="1" type="cond" truecount="1" falsecount="0"/>
        <line num="14" count="1" type="stmt"/>
        <line num="16" count="1" type="stmt"/>
        <line num="18" count="1" type="stmt"/>
        <line num="36" count="1" type="stmt"/>
        <line num="39" count="1" type="stmt"/>
        <line num="40" count="1" type="stmt"/>
        <line num="60" count="3" type="cond" truecount="1" falsecount="0"/>
        <line num="61" count="1" type="stmt"/>
        <line num="64" count="3" type="stmt"/>
        <line num="70" count="3" type="cond" truecount="1" falsecount="0"/>
        <line num="72" count="1" type="stmt"/>
        <line num="76" count="2" type="stmt"/>
        <line num="82" count="2" type="cond" truecount="1" falsecount="0"/>
        <line num="83" count="1" type="stmt"/>
        <line num="87" count="1" type="stmt"/>
        <line num="105" count="2" type="stmt"/>
        <line num="107" count="2" type="cond" truecount="1" falsecount="0"/>
        <line num="108" count="1" type="stmt"/>
        <line num="111" count="1" type="stmt"/>
        <line num="118" count="2" type="stmt"/>
        <line num="119" count="2" type="cond" truecount="1" falsecount="0"/>
        <line num="120" count="1" type="stmt"/>
        <line num="122" count="1" type="stmt"/>
      </file>
    </package>
    <package name="app.address.repository">
      <metrics statements="34" coveredstatements="34" conditionals="25" coveredconditionals="16" methods="10" coveredmethods="10"/>
      <file name="address.repository.ts" path="C:\Users\Zeyad Rafat\Study\Projects\quickbite\core-service\backend\src\app\address\repository\address.repository.ts">
        <metrics statements="34" coveredstatements="34" conditionals="25" coveredconditionals="16" methods="10" coveredmethods="10"/>
        <line num="2" count="2" type="stmt"/>
        <line num="3" count="2" type="stmt"/>
        <line num="4" count="2" type="stmt"/>
        <line num="8" count="2" type="stmt"/>
        <line num="24" count="2" type="stmt"/>
        <line num="25" count="4" type="cond" truecount="2" falsecount="2"/>
        <line num="30" count="4" type="stmt"/>
        <line num="50" count="1" type="stmt"/>
        <line num="66" count="1" type="stmt"/>
        <line num="70" count="1" type="stmt"/>
        <line num="75" count="1" type="stmt"/>
        <line num="82" count="2" type="stmt"/>
        <line num="87" count="2" type="cond" truecount="2" falsecount="0"/>
        <line num="95" count="2" type="stmt"/>
        <line num="98" count="2" type="cond" truecount="1" falsecount="0"/>
        <line num="99" count="2" type="cond" truecount="0" falsecount="1"/>
        <line num="100" count="2" type="cond" truecount="1" falsecount="0"/>
        <line num="101" count="2" type="cond" truecount="0" falsecount="1"/>
        <line num="102" count="2" type="cond" truecount="0" falsecount="1"/>
        <line num="103" count="2" type="cond" truecount="1" falsecount="0"/>
        <line num="104" count="1" type="stmt"/>
        <line num="105" count="2" type="cond" truecount="0" falsecount="1"/>
        <line num="106" count="2" type="cond" truecount="0" falsecount="1"/>
        <line num="107" count="2" type="cond" truecount="0" falsecount="1"/>
        <line num="108" count="2" type="cond" truecount="1" falsecount="0"/>
        <line num="111" count="2" type="cond" truecount="1" falsecount="0"/>
        <line num="112" count="1" type="stmt"/>
        <line num="116" count="1" type="stmt"/>
        <line num="120" count="1" type="stmt"/>
        <line num="123" count="2" type="stmt"/>
        <line num="127" count="2" type="stmt"/>
        <line num="130" count="1" type="stmt"/>
        <line num="137" count="2" type="stmt"/>
        <line num="141" count="2" type="cond" truecount="2" falsecount="0"/>
      </file>
    </package>
    <package name="app.auth">
      <metrics statements="125" coveredstatements="123" conditionals="56" coveredconditionals="43" methods="18" coveredmethods="17"/>
      <file name="auth-utils.service.ts" path="C:\Users\Zeyad Rafat\Study\Projects\quickbite\core-service\backend\src\app\auth\auth-utils.service.ts">
        <metrics statements="30" coveredstatements="30" conditionals="12" coveredconditionals="8" methods="10" coveredmethods="10"/>
        <line num="2" count="7" type="stmt"/>
        <line num="3" count="7" type="stmt"/>
        <line num="4" count="7" type="stmt"/>
        <line num="5" count="7" type="stmt"/>
        <line num="7" count="7" type="stmt"/>
        <line num="8" count="7" type="stmt"/>
        <line num="9" count="7" type="stmt"/>
        <line num="21" count="7" type="stmt"/>
        <line num="24" count="1" type="cond" truecount="6" falsecount="2"/>
        <line num="25" count="1" type="cond" truecount="2" falsecount="2"/>
        <line num="27" count="1" type="stmt"/>
        <line num="31" count="1" type="stmt"/>
        <line num="36" count="1" type="stmt"/>
        <line num="37" count="1" type="stmt"/>
        <line num="39" count="1" type="stmt"/>
        <line num="42" count="1" type="stmt"/>
        <line num="47" count="1" type="stmt"/>
        <line num="48" count="1" type="stmt"/>
        <line num="50" count="1" type="stmt"/>
        <line num="53" count="1" type="stmt"/>
        <line num="56" count="2" type="stmt"/>
        <line num="59" count="1" type="stmt"/>
        <line num="63" count="5" type="stmt"/>
        <line num="66" count="1" type="stmt"/>
        <line num="73" count="1" type="stmt"/>
        <line num="74" count="1" type="stmt"/>
        <line num="83" count="1" type="stmt"/>
        <line num="84" count="1" type="stmt"/>
        <line num="86" count="1" type="stmt"/>
        <line num="96" count="1" type="stmt"/>
      </file>
      <file name="auth.service.ts" path="C:\Users\Zeyad Rafat\Study\Projects\quickbite\core-service\backend\src\app\auth\auth.service.ts">
        <metrics statements="95" coveredstatements="93" conditionals="44" coveredconditionals="35" methods="8" coveredmethods="7"/>
        <line num="2" count="2" type="stmt"/>
        <line num="11" count="2" type="stmt"/>
        <line num="14" count="2" type="stmt"/>
        <line num="15" count="2" type="stmt"/>
        <line num="16" count="2" type="stmt"/>
        <line num="18" count="2" type="stmt"/>
        <line num="20" count="2" type="stmt"/>
        <line num="21" count="2" type="stmt"/>
        <line num="23" count="2" type="stmt"/>
        <line num="24" count="2" type="stmt"/>
        <line num="25" count="2" type="stmt"/>
        <line num="26" count="2" type="stmt"/>
        <line num="27" count="2" type="stmt"/>
        <line num="29" count="2" type="stmt"/>
        <line num="32" count="16" type="cond" truecount="5" falsecount="3"/>
        <line num="33" count="16" type="cond" truecount="3" falsecount="1"/>
        <line num="34" count="16" type="cond" truecount="4" falsecount="0"/>
        <line num="35" count="16" type="cond" truecount="3" falsecount="1"/>
        <line num="36" count="16" type="cond" truecount="2" falsecount="2"/>
        <line num="38" count="16" type="cond" truecount="3" falsecount="1"/>
        <line num="39" count="0" type="stmt"/>
        <line num="40" count="16" type="stmt"/>
        <line num="44" count="4" type="cond" truecount="1" falsecount="0"/>
        <line num="45" count="1" type="stmt"/>
        <line num="48" count="3" type="stmt"/>
        <line num="51" count="3" type="stmt"/>
        <line num="53" count="3" type="stmt"/>
        <line num="55" count="3" type="stmt"/>
        <line num="57" count="3" type="cond" truecount="1" falsecount="0"/>
        <line num="59" count="2" type="cond" truecount="3" falsecount="0"/>
        <line num="60" count="1" type="stmt"/>
        <line num="65" count="1" type="stmt"/>
        <line num="70" count="1" type="stmt"/>
        <line num="71" count="1" type="stmt"/>
        <line num="78" count="2" type="stmt"/>
        <line num="80" count="1" type="stmt"/>
        <line num="82" count="1" type="stmt"/>
        <line num="86" count="2" type="stmt"/>
        <line num="92" count="2" type="stmt"/>
        <line num="93" count="2" type="stmt"/>
        <line num="96" count="2" type="stmt"/>
        <line num="111" count="4" type="stmt"/>
        <line num="115" count="4" type="cond" truecount="1" falsecount="0"/>
        <line num="116" count="1" type="stmt"/>
        <line num="120" count="3" type="stmt"/>
        <line num="125" count="3" type="cond" truecount="1" falsecount="0"/>
        <line num="126" count="1" type="stmt"/>
        <line num="128" count="2" type="stmt"/>
        <line num="129" count="2" type="cond" truecount="1" falsecount="0"/>
        <line num="130" count="1" type="stmt"/>
        <line num="134" count="1" type="stmt"/>
        <line num="135" count="1" type="cond" truecount="1" falsecount="0"/>
        <line num="136" count="1" type="stmt"/>
        <line num="139" count="1" type="stmt"/>
        <line num="147" count="2" type="stmt"/>
        <line num="153" count="2" type="stmt"/>
        <line num="154" count="2" type="stmt"/>
        <line num="157" count="2" type="stmt"/>
        <line num="171" count="2" type="stmt"/>
        <line num="174" count="2" type="cond" truecount="1" falsecount="0"/>
        <line num="175" count="1" type="stmt"/>
        <line num="180" count="1" type="stmt"/>
        <line num="186" count="1" type="stmt"/>
        <line num="189" count="1" type="stmt"/>
        <line num="195" count="1" type="stmt"/>
        <line num="201" count="5" type="stmt"/>
        <line num="204" count="5" type="cond" truecount="1" falsecount="0"/>
        <line num="205" count="1" type="stmt"/>
        <line num="208" count="4" type="stmt"/>
        <line num="213" count="4" type="cond" truecount="1" falsecount="0"/>
        <line num="214" count="1" type="stmt"/>
        <line num="217" count="3" type="stmt"/>
        <line num="219" count="3" type="cond" truecount="3" falsecount="0"/>
        <line num="220" count="2" type="stmt"/>
        <line num="224" count="1" type="stmt"/>
        <line num="227" count="1" type="stmt"/>
        <line num="230" count="1" type="stmt"/>
        <line num="232" count="1" type="stmt"/>
        <line num="235" count="2" type="stmt"/>
        <line num="237" count="2" type="stmt"/>
        <line num="240" count="1" type="stmt"/>
        <line num="241" count="1" type="cond" truecount="0" falsecount="1"/>
        <line num="242" count="0" type="stmt"/>
        <line num="244" count="1" type="stmt"/>
        <line num="254" count="1" type="stmt"/>
        <line num="256" count="1" type="stmt"/>
        <line num="259" count="1" type="stmt"/>
        <line num="266" count="2" type="stmt"/>
        <line num="268" count="2" type="stmt"/>
        <line num="272" count="2" type="stmt"/>
        <line num="275" count="1" type="stmt"/>
        <line num="278" count="1" type="stmt"/>
        <line num="280" count="1" type="stmt"/>
        <line num="282" count="1" type="stmt"/>
        <line num="283" count="1" type="stmt"/>
      </file>
    </package>
    <package name="app.auth.repository">
      <metrics statements="14" coveredstatements="14" conditionals="14" coveredconditionals="11" methods="5" coveredmethods="5"/>
      <file name="password-reset.repository.ts" path="C:\Users\Zeyad Rafat\Study\Projects\quickbite\core-service\backend\src\app\auth\repository\password-reset.repository.ts">
        <metrics statements="14" coveredstatements="14" conditionals="14" coveredconditionals="11" methods="5" coveredmethods="5"/>
        <line num="2" count="8" type="stmt"/>
        <line num="3" count="8" type="stmt"/>
        <line num="4" count="8" type="stmt"/>
        <line num="7" count="8" type="stmt"/>
        <line num="9" count="3" type="stmt"/>
        <line num="19" count="3" type="cond" truecount="2" falsecount="2"/>
        <line num="23" count="1" type="stmt"/>
        <line num="37" count="1" type="cond" truecount="2" falsecount="0"/>
        <line num="38" count="1" type="stmt"/>
        <line num="51" count="2" type="cond" truecount="2" falsecount="0"/>
        <line num="52" count="2" type="stmt"/>
        <line num="60" count="2" type="cond" truecount="2" falsecount="0"/>
        <line num="67" count="1" type="cond" truecount="2" falsecount="0"/>
        <line num="68" count="1" type="stmt"/>
      </file>
    </package>
    <package name="app.branch">
      <metrics statements="52" coveredstatements="50" conditionals="21" coveredconditionals="17" methods="9" coveredmethods="9"/>
      <file name="branch.service.ts" path="C:\Users\Zeyad Rafat\Study\Projects\quickbite\core-service\backend\src\app\branch\branch.service.ts">
        <metrics statements="52" coveredstatements="50" conditionals="21" coveredconditionals="17" methods="9" coveredmethods="9"/>
        <line num="1" count="3" type="stmt"/>
        <line num="6" count="3" type="stmt"/>
        <line num="7" count="3" type="stmt"/>
        <line num="9" count="3" type="stmt"/>
        <line num="10" count="3" type="stmt"/>
        <line num="11" count="3" type="stmt"/>
        <line num="15" count="3" type="stmt"/>
        <line num="19" count="3" type="stmt"/>
        <line num="22" count="3" type="stmt"/>
        <line num="25" count="1" type="cond" truecount="6" falsecount="2"/>
        <line num="26" count="1" type="stmt"/>
        <line num="32" count="1" type="stmt"/>
        <line num="39" count="1" type="stmt"/>
        <line num="42" count="1" type="stmt"/>
        <line num="43" count="1" type="stmt"/>
        <line num="44" count="1" type="stmt"/>
        <line num="51" count="1" type="stmt"/>
        <line num="62" count="2" type="stmt"/>
        <line num="64" count="2" type="cond" truecount="0" falsecount="1"/>
        <line num="65" count="0" type="stmt"/>
        <line num="69" count="2" type="cond" truecount="1" falsecount="0"/>
        <line num="73" count="1" type="stmt"/>
        <line num="77" count="1" type="stmt"/>
        <line num="94" count="1" type="stmt"/>
        <line num="100" count="1" type="stmt"/>
        <line num="108" count="1" type="stmt"/>
        <line num="111" count="1" type="stmt"/>
        <line num="112" count="1" type="stmt"/>
        <line num="114" count="1" type="stmt"/>
        <line num="120" count="1" type="stmt"/>
        <line num="126" count="3" type="stmt"/>
        <line num="127" count="3" type="cond" truecount="1" falsecount="0"/>
        <line num="128" count="1" type="stmt"/>
        <line num="132" count="2" type="stmt"/>
        <line num="135" count="2" type="cond" truecount="0" falsecount="1"/>
        <line num="136" count="0" type="stmt"/>
        <line num="140" count="2" type="cond" truecount="1" falsecount="0"/>
        <line num="144" count="1" type="stmt"/>
        <line num="147" count="1" type="stmt"/>
        <line num="153" count="3" type="cond" truecount="1" falsecount="0"/>
        <line num="154" count="1" type="stmt"/>
        <line num="158" count="2" type="stmt"/>
        <line num="159" count="2" type="cond" truecount="1" falsecount="0"/>
        <line num="160" count="1" type="stmt"/>
        <line num="163" count="1" type="stmt"/>
        <line num="171" count="1" type="stmt"/>
        <line num="180" count="2" type="stmt"/>
        <line num="181" count="2" type="cond" truecount="1" falsecount="0"/>
        <line num="182" count="1" type="stmt"/>
        <line num="184" count="1" type="stmt"/>
        <line num="188" count="2" type="cond" truecount="1" falsecount="0"/>
        <line num="189" count="1" type="stmt"/>
      </file>
    </package>
    <package name="app.branch.repository">
      <metrics statements="55" coveredstatements="55" conditionals="30" coveredconditionals="26" methods="14" coveredmethods="14"/>
      <file name="branch.repository.ts" path="C:\Users\Zeyad Rafat\Study\Projects\quickbite\core-service\backend\src\app\branch\repository\branch.repository.ts">
        <metrics statements="55" coveredstatements="55" conditionals="30" coveredconditionals="26" methods="14" coveredmethods="14"/>
        <line num="1" count="4" type="stmt"/>
        <line num="2" count="4" type="stmt"/>
        <line num="3" count="4" type="stmt"/>
        <line num="4" count="4" type="stmt"/>
        <line num="11" count="4" type="stmt"/>
        <line num="33" count="4" type="stmt"/>
        <line num="35" count="7" type="cond" truecount="2" falsecount="2"/>
        <line num="39" count="4" type="stmt"/>
        <line num="78" count="2" type="stmt"/>
        <line num="98" count="2" type="cond" truecount="1" falsecount="0"/>
        <line num="99" count="1" type="stmt"/>
        <line num="118" count="2" type="cond" truecount="1" falsecount="0"/>
        <line num="120" count="1" type="stmt"/>
        <line num="140" count="1" type="stmt"/>
        <line num="163" count="1" type="cond" truecount="2" falsecount="0"/>
        <line num="165" count="1" type="stmt"/>
        <line num="185" count="1" type="stmt"/>
        <line num="197" count="1" type="stmt"/>
        <line num="217" count="1" type="stmt"/>
        <line num="223" count="1" type="stmt"/>
        <line num="224" count="1" type="stmt"/>
        <line num="226" count="1" type="stmt"/>
        <line num="228" count="1" type="stmt"/>
        <line num="246" count="2" type="stmt"/>
        <line num="247" count="2" type="cond" truecount="1" falsecount="0"/>
        <line num="248" count="1" type="stmt"/>
        <line num="258" count="1" type="stmt"/>
        <line num="264" count="1" type="stmt"/>
        <line num="265" count="1" type="stmt"/>
        <line num="267" count="1" type="stmt"/>
        <line num="270" count="1" type="stmt"/>
        <line num="275" count="1" type="stmt"/>
        <line num="277" count="1" type="cond" truecount="1" falsecount="0"/>
        <line num="278" count="1" type="cond" truecount="1" falsecount="0"/>
        <line num="279" count="1" type="stmt"/>
        <line num="280" count="1" type="cond" truecount="1" falsecount="0"/>
        <line num="281" count="1" type="cond" truecount="1" falsecount="0"/>
        <line num="282" count="1" type="cond" truecount="1" falsecount="0"/>
        <line num="283" count="1" type="cond" truecount="1" falsecount="0"/>
        <line num="284" count="1" type="cond" truecount="1" falsecount="0"/>
        <line num="285" count="1" type="stmt"/>
        <line num="286" count="1" type="cond" truecount="1" falsecount="0"/>
        <line num="287" count="1" type="cond" truecount="1" falsecount="0"/>
        <line num="288" count="1" type="stmt"/>
        <line num="290" count="1" type="stmt"/>
        <line num="295" count="1" type="stmt"/>
        <line num="303" count="1" type="stmt"/>
        <line num="305" count="1" type="cond" truecount="1" falsecount="0"/>
        <line num="306" count="1" type="cond" truecount="1" falsecount="0"/>
        <line num="308" count="1" type="stmt"/>
        <line num="314" count="1" type="stmt"/>
        <line num="327" count="2" type="cond" truecount="2" falsecount="0"/>
        <line num="329" count="2" type="stmt"/>
        <line num="335" count="2" type="cond" truecount="1" falsecount="1"/>
        <line num="336" count="2" type="stmt"/>
      </file>
    </package>
    <package name="app.product">
      <metrics statements="127" coveredstatements="127" conditionals="63" coveredconditionals="56" methods="13" coveredmethods="13"/>
      <file name="product.service.ts" path="C:\Users\Zeyad Rafat\Study\Projects\quickbite\core-service\backend\src\app\product\product.service.ts">
        <metrics statements="127" coveredstatements="127" conditionals="63" coveredconditionals="56" methods="13" coveredmethods="13"/>
        <line num="1" count="1" type="stmt"/>
        <line num="8" count="1" type="stmt"/>
        <line num="9" count="1" type="stmt"/>
        <line num="10" count="1" type="stmt"/>
        <line num="11" count="1" type="stmt"/>
        <line num="13" count="1" type="stmt"/>
        <line num="14" count="1" type="stmt"/>
        <line num="16" count="1" type="stmt"/>
        <line num="17" count="1" type="stmt"/>
        <line num="18" count="1" type="stmt"/>
        <line num="21" count="1" type="stmt"/>
        <line num="25" count="1" type="stmt"/>
        <line num="28" count="1" type="stmt"/>
        <line num="30" count="1" type="cond" truecount="6" falsecount="2"/>
        <line num="31" count="1" type="cond" truecount="3" falsecount="1"/>
        <line num="32" count="1" type="cond" truecount="3" falsecount="1"/>
        <line num="33" count="1" type="cond" truecount="3" falsecount="1"/>
        <line num="34" count="1" type="cond" truecount="2" falsecount="2"/>
        <line num="35" count="1" type="stmt"/>
        <line num="45" count="3" type="stmt"/>
        <line num="47" count="3" type="cond" truecount="1" falsecount="0"/>
        <line num="51" count="1" type="stmt"/>
        <line num="54" count="2" type="stmt"/>
        <line num="56" count="2" type="stmt"/>
        <line num="57" count="2" type="stmt"/>
        <line num="59" count="2" type="cond" truecount="1" falsecount="0"/>
        <line num="60" count="2" type="stmt"/>
        <line num="66" count="2" type="cond" truecount="1" falsecount="0"/>
        <line num="67" count="1" type="stmt"/>
        <line num="73" count="2" type="stmt"/>
        <line num="76" count="2" type="stmt"/>
        <line num="87" count="1" type="stmt"/>
        <line num="89" count="1" type="stmt"/>
        <line num="91" count="1" type="stmt"/>
        <line num="92" count="1" type="stmt"/>
        <line num="98" count="1" type="stmt"/>
        <line num="105" count="1" type="stmt"/>
        <line num="113" count="1" type="stmt"/>
        <line num="115" count="1" type="stmt"/>
        <line num="116" count="1" type="stmt"/>
        <line num="118" count="1" type="stmt"/>
        <line num="124" count="1" type="stmt"/>
        <line num="139" count="2" type="stmt"/>
        <line num="141" count="2" type="cond" truecount="1" falsecount="0"/>
        <line num="145" count="1" type="stmt"/>
        <line num="151" count="1" type="stmt"/>
        <line num="157" count="1" type="stmt"/>
        <line num="159" count="1" type="stmt"/>
        <line num="160" count="1" type="stmt"/>
        <line num="162" count="1" type="stmt"/>
        <line num="168" count="1" type="stmt"/>
        <line num="177" count="2" type="stmt"/>
        <line num="178" count="2" type="cond" truecount="1" falsecount="0"/>
        <line num="179" count="1" type="stmt"/>
        <line num="181" count="1" type="stmt"/>
        <line num="201" count="5" type="stmt"/>
        <line num="202" count="5" type="cond" truecount="1" falsecount="0"/>
        <line num="203" count="1" type="stmt"/>
        <line num="207" count="4" type="stmt"/>
        <line num="210" count="4" type="cond" truecount="1" falsecount="0"/>
        <line num="214" count="1" type="stmt"/>
        <line num="220" count="3" type="stmt"/>
        <line num="222" count="3" type="stmt"/>
        <line num="223" count="3" type="stmt"/>
        <line num="226" count="3" type="cond" truecount="1" falsecount="0"/>
        <line num="227" count="2" type="cond" truecount="2" falsecount="0"/>
        <line num="228" count="1" type="stmt"/>
        <line num="230" count="1" type="stmt"/>
        <line num="235" count="1" type="cond" truecount="1" falsecount="0"/>
        <line num="236" count="1" type="stmt"/>
        <line num="242" count="1" type="stmt"/>
        <line num="247" count="3" type="stmt"/>
        <line num="249" count="3" type="cond" truecount="4" falsecount="0"/>
        <line num="254" count="3" type="cond" truecount="1" falsecount="0"/>
        <line num="255" count="2" type="stmt"/>
        <line num="271" count="2" type="cond" truecount="2" falsecount="0"/>
        <line num="272" count="2" type="cond" truecount="1" falsecount="0"/>
        <line num="273" count="1" type="stmt"/>
        <line num="277" count="1" type="stmt"/>
        <line num="279" count="2" type="stmt"/>
        <line num="291" count="3" type="stmt"/>
        <line num="293" count="3" type="cond" truecount="3" falsecount="0"/>
        <line num="297" count="3" type="cond" truecount="3" falsecount="0"/>
        <line num="298" count="2" type="stmt"/>
        <line num="309" count="2" type="cond" truecount="1" falsecount="0"/>
        <line num="310" count="1" type="stmt"/>
        <line num="315" count="1" type="cond" truecount="1" falsecount="0"/>
        <line num="316" count="1" type="stmt"/>
        <line num="323" count="1" type="cond" truecount="1" falsecount="0"/>
        <line num="324" count="1" type="stmt"/>
        <line num="331" count="1" type="cond" truecount="1" falsecount="0"/>
        <line num="332" count="1" type="stmt"/>
        <line num="341" count="2" type="stmt"/>
        <line num="343" count="2" type="stmt"/>
        <line num="348" count="1" type="stmt"/>
        <line num="349" count="1" type="stmt"/>
        <line num="355" count="1" type="stmt"/>
        <line num="363" count="3" type="cond" truecount="1" falsecount="0"/>
        <line num="364" count="1" type="stmt"/>
        <line num="366" count="2" type="stmt"/>
        <line num="367" count="2" type="stmt"/>
        <line num="368" count="2" type="stmt"/>
        <line num="369" count="2" type="cond" truecount="1" falsecount="0"/>
        <line num="370" count="1" type="stmt"/>
        <line num="371" count="1" type="stmt"/>
        <line num="377" count="1" type="stmt"/>
        <line num="379" count="1" type="stmt"/>
        <line num="391" count="1" type="stmt"/>
        <line num="392" count="1" type="stmt"/>
        <line num="394" count="1" type="stmt"/>
        <line num="395" count="1" type="stmt"/>
        <line num="399" count="1" type="stmt"/>
        <line num="408" count="3" type="cond" truecount="1" falsecount="0"/>
        <line num="409" count="1" type="stmt"/>
        <line num="411" count="2" type="stmt"/>
        <line num="412" count="2" type="stmt"/>
        <line num="413" count="2" type="stmt"/>
        <line num="414" count="2" type="cond" truecount="1" falsecount="0"/>
        <line num="415" count="1" type="stmt"/>
        <line num="416" count="1" type="stmt"/>
        <line num="422" count="1" type="stmt"/>
        <line num="424" count="1" type="stmt"/>
        <line num="436" count="1" type="stmt"/>
        <line num="437" count="1" type="stmt"/>
        <line num="439" count="1" type="stmt"/>
        <line num="440" count="1" type="stmt"/>
        <line num="444" count="1" type="stmt"/>
      </file>
    </package>
    <package name="app.product.repository">
      <metrics statements="103" coveredstatements="103" conditionals="60" coveredconditionals="50" methods="30" coveredmethods="30"/>
      <file name="category.repository.ts" path="C:\Users\Zeyad Rafat\Study\Projects\quickbite\core-service\backend\src\app\product\repository\category.repository.ts">
        <metrics statements="15" coveredstatements="15" conditionals="10" coveredconditionals="8" methods="6" coveredmethods="6"/>
        <line num="1" count="2" type="stmt"/>
        <line num="2" count="2" type="stmt"/>
        <line num="3" count="2" type="stmt"/>
        <line num="4" count="2" type="stmt"/>
        <line num="13" count="2" type="stmt"/>
        <line num="14" count="2" type="cond" truecount="2" falsecount="2"/>
        <line num="18" count="3" type="stmt"/>
        <line num="32" count="2" type="cond" truecount="2" falsecount="0"/>
        <line num="33" count="2" type="stmt"/>
        <line num="38" count="2" type="cond" truecount="2" falsecount="0"/>
        <line num="46" count="1" type="cond" truecount="2" falsecount="0"/>
        <line num="47" count="1" type="stmt"/>
        <line num="54" count="1" type="stmt"/>
        <line num="60" count="1" type="stmt"/>
        <line num="64" count="1" type="stmt"/>
      </file>
      <file name="product-branch-details.repository.ts" path="C:\Users\Zeyad Rafat\Study\Projects\quickbite\core-service\backend\src\app\product\repository\product-branch-details.repository.ts">
        <metrics statements="19" coveredstatements="19" conditionals="12" coveredconditionals="10" methods="5" coveredmethods="5"/>
        <line num="1" count="2" type="stmt"/>
        <line num="2" count="2" type="stmt"/>
        <line num="3" count="2" type="stmt"/>
        <line num="6" count="2" type="stmt"/>
        <line num="7" count="2" type="cond" truecount="2" falsecount="2"/>
        <line num="10" count="1" type="stmt"/>
        <line num="24" count="1" type="cond" truecount="2" falsecount="0"/>
        <line num="25" count="1" type="stmt"/>
        <line num="28" count="2" type="stmt"/>
        <line num="37" count="2" type="cond" truecount="2" falsecount="0"/>
        <line num="38" count="2" type="stmt"/>
        <line num="40" count="2" type="cond" truecount="1" falsecount="0"/>
        <line num="41" count="2" type="cond" truecount="1" falsecount="0"/>
        <line num="42" count="2" type="cond" truecount="1" falsecount="0"/>
        <line num="43" count="1" type="stmt"/>
        <line num="45" count="2" type="stmt"/>
        <line num="50" count="2" type="cond" truecount="1" falsecount="0"/>
        <line num="51" count="1" type="stmt"/>
        <line num="53" count="1" type="stmt"/>
      </file>
      <file name="product.repository.ts" path="C:\Users\Zeyad Rafat\Study\Projects\quickbite\core-service\backend\src\app\product\repository\product.repository.ts">
        <metrics statements="69" coveredstatements="69" conditionals="38" coveredconditionals="32" methods="19" coveredmethods="19"/>
        <line num="1" count="2" type="stmt"/>
        <line num="2" count="2" type="stmt"/>
        <line num="3" count="2" type="stmt"/>
        <line num="4" count="2" type="stmt"/>
        <line num="11" count="2" type="stmt"/>
        <line num="24" count="2" type="stmt"/>
        <line num="25" count="8" type="cond" truecount="2" falsecount="2"/>
        <line num="29" count="4" type="stmt"/>
        <line num="46" count="1" type="cond" truecount="2" falsecount="0"/>
        <line num="47" count="1" type="stmt"/>
        <line num="57" count="1" type="stmt"/>
        <line num="62" count="2" type="stmt"/>
        <line num="67" count="2" type="cond" truecount="2" falsecount="0"/>
        <line num="76" count="1" type="stmt"/>
        <line num="81" count="1" type="stmt"/>
        <line num="82" count="1" type="stmt"/>
        <line num="84" count="1" type="stmt"/>
        <line num="85" count="1" type="stmt"/>
        <line num="95" count="1" type="stmt"/>
        <line num="116" count="1" type="stmt"/>
        <line num="117" count="1" type="stmt"/>
        <line num="119" count="1" type="stmt"/>
        <line num="122" count="1" type="stmt"/>
        <line num="142" count="1" type="cond" truecount="2" falsecount="0"/>
        <line num="143" count="1" type="stmt"/>
        <line num="145" count="1" type="cond" truecount="1" falsecount="0"/>
        <line num="146" count="1" type="cond" truecount="1" falsecount="0"/>
        <line num="147" count="1" type="stmt"/>
        <line num="148" count="1" type="cond" truecount="1" falsecount="0"/>
        <line num="150" count="1" type="cond" truecount="1" falsecount="0"/>
        <line num="152" count="1" type="stmt"/>
        <line num="157" count="1" type="stmt"/>
        <line num="175" count="2" type="cond" truecount="1" falsecount="0"/>
        <line num="176" count="1" type="cond" truecount="2" falsecount="0"/>
        <line num="177" count="1" type="stmt"/>
        <line num="190" count="1" type="stmt"/>
        <line num="214" count="3" type="stmt"/>
        <line num="215" count="2" type="stmt"/>
        <line num="221" count="2" type="stmt"/>
        <line num="222" count="2" type="stmt"/>
        <line num="223" count="2" type="stmt"/>
        <line num="233" count="2" type="stmt"/>
        <line num="234" count="2" type="stmt"/>
        <line num="235" count="3" type="stmt"/>
        <line num="236" count="3" type="cond" truecount="4" falsecount="0"/>
        <line num="237" count="2" type="stmt"/>
        <line num="244" count="2" type="cond" truecount="1" falsecount="0"/>
        <line num="247" count="1" type="stmt"/>
        <line num="248" count="1" type="stmt"/>
        <line num="250" count="1" type="stmt"/>
        <line num="251" count="1" type="stmt"/>
        <line num="254" count="1" type="stmt"/>
        <line num="256" count="1" type="stmt"/>
        <line num="266" count="1" type="stmt"/>
        <line num="281" count="3" type="cond" truecount="1" falsecount="0"/>
        <line num="282" count="1" type="stmt"/>
        <line num="285" count="3" type="stmt"/>
        <line num="288" count="2" type="stmt"/>
        <line num="294" count="2" type="stmt"/>
        <line num="295" count="2" type="stmt"/>
        <line num="297" count="3" type="stmt"/>
        <line num="298" count="2" type="cond" truecount="1" falsecount="0"/>
        <line num="301" count="1" type="stmt"/>
        <line num="302" count="1" type="stmt"/>
        <line num="304" count="1" type="stmt"/>
        <line num="306" count="1" type="stmt"/>
        <line num="311" count="1" type="stmt"/>
        <line num="314" count="1" type="stmt"/>
        <line num="324" count="1" type="stmt"/>
      </file>
    </package>
    <package name="app.rbac">
      <metrics statements="124" coveredstatements="117" conditionals="78" coveredconditionals="56" methods="17" coveredmethods="15"/>
      <file name="member.service.ts" path="C:\Users\Zeyad Rafat\Study\Projects\quickbite\core-service\backend\src\app\rbac\member.service.ts">
        <metrics statements="107" coveredstatements="100" conditionals="69" coveredconditionals="48" methods="13" coveredmethods="11"/>
        <line num="1" count="2" type="stmt"/>
        <line num="2" count="2" type="stmt"/>
        <line num="4" count="2" type="stmt"/>
        <line num="5" count="2" type="stmt"/>
        <line num="8" count="2" type="stmt"/>
        <line num="9" count="2" type="stmt"/>
        <line num="12" count="2" type="stmt"/>
        <line num="13" count="2" type="stmt"/>
        <line num="14" count="2" type="stmt"/>
        <line num="21" count="2" type="stmt"/>
        <line num="22" count="2" type="stmt"/>
        <line num="23" count="2" type="stmt"/>
        <line num="24" count="2" type="stmt"/>
        <line num="26" count="2" type="stmt"/>
        <line num="27" count="2" type="stmt"/>
        <line num="28" count="2" type="stmt"/>
        <line num="29" count="2" type="stmt"/>
        <line num="32" count="2" type="stmt"/>
        <line num="34" count="0" type="stmt"/>
        <line num="35" count="1" type="cond" truecount="7" falsecount="1"/>
        <line num="36" count="1" type="cond" truecount="3" falsecount="1"/>
        <line num="37" count="1" type="cond" truecount="3" falsecount="1"/>
        <line num="38" count="1" type="cond" truecount="3" falsecount="1"/>
        <line num="39" count="1" type="cond" truecount="3" falsecount="1"/>
        <line num="40" count="1" type="cond" truecount="3" falsecount="1"/>
        <line num="41" count="1" type="cond" truecount="3" falsecount="1"/>
        <line num="42" count="1" type="cond" truecount="2" falsecount="2"/>
        <line num="43" count="1" type="cond" truecount="2" falsecount="2"/>
        <line num="45" count="1" type="stmt"/>
        <line num="52" count="2" type="stmt"/>
        <line num="53" count="2" type="cond" truecount="1" falsecount="0"/>
        <line num="54" count="1" type="stmt"/>
        <line num="56" count="1" type="stmt"/>
        <line num="57" count="1" type="stmt"/>
        <line num="71" count="5" type="cond" truecount="1" falsecount="0"/>
        <line num="72" count="1" type="stmt"/>
        <line num="75" count="4" type="stmt"/>
        <line num="76" count="4" type="cond" truecount="1" falsecount="0"/>
        <line num="77" count="1" type="stmt"/>
        <line num="81" count="3" type="cond" truecount="1" falsecount="1"/>
        <line num="84" count="3" type="cond" truecount="1" falsecount="0"/>
        <line num="85" count="2" type="stmt"/>
        <line num="89" count="2" type="cond" truecount="1" falsecount="0"/>
        <line num="90" count="1" type="stmt"/>
        <line num="94" count="2" type="stmt"/>
        <line num="99" count="2" type="stmt"/>
        <line num="100" count="2" type="stmt"/>
        <line num="101" count="2" type="stmt"/>
        <line num="115" count="1" type="stmt"/>
        <line num="128" count="1" type="cond" truecount="1" falsecount="0"/>
        <line num="129" count="1" type="stmt"/>
        <line num="137" count="1" type="stmt"/>
        <line num="145" count="1" type="stmt"/>
        <line num="147" count="1" type="stmt"/>
        <line num="148" count="1" type="stmt"/>
        <line num="152" count="1" type="stmt"/>
        <line num="155" count="1" type="stmt"/>
        <line num="159" count="0" type="stmt"/>
        <line num="166" count="1" type="stmt"/>
        <line num="174" count="1" type="stmt"/>
        <line num="175" count="1" type="stmt"/>
        <line num="184" count="5" type="stmt"/>
        <line num="185" count="5" type="cond" truecount="1" falsecount="0"/>
        <line num="186" count="4" type="stmt"/>
        <line num="188" count="4" type="cond" truecount="1" falsecount="0"/>
        <line num="189" count="1" type="stmt"/>
        <line num="192" count="3" type="stmt"/>
        <line num="194" count="3" type="cond" truecount="1" falsecount="0"/>
        <line num="195" count="3" type="cond" truecount="1" falsecount="0"/>
        <line num="196" count="1" type="stmt"/>
        <line num="198" count="2" type="stmt"/>
        <line num="199" count="2" type="cond" truecount="1" falsecount="0"/>
        <line num="202" count="1" type="stmt"/>
        <line num="207" count="1" type="stmt"/>
        <line num="212" count="2" type="stmt"/>
        <line num="213" count="2" type="cond" truecount="0" falsecount="1"/>
        <line num="214" count="2" type="stmt"/>
        <line num="216" count="2" type="cond" truecount="0" falsecount="1"/>
        <line num="217" count="0" type="stmt"/>
        <line num="220" count="2" type="cond" truecount="1" falsecount="0"/>
        <line num="221" count="1" type="stmt"/>
        <line num="224" count="1" type="stmt"/>
        <line num="225" count="1" type="stmt"/>
        <line num="234" count="2" type="stmt"/>
        <line num="235" count="2" type="cond" truecount="0" falsecount="1"/>
        <line num="236" count="2" type="stmt"/>
        <line num="238" count="2" type="cond" truecount="0" falsecount="1"/>
        <line num="239" count="0" type="stmt"/>
        <line num="242" count="2" type="cond" truecount="1" falsecount="0"/>
        <line num="243" count="1" type="stmt"/>
        <line num="246" count="1" type="cond" truecount="3" falsecount="0"/>
        <line num="247" count="1" type="stmt"/>
        <line num="251" count="1" type="cond" truecount="0" falsecount="1"/>
        <line num="252" count="0" type="stmt"/>
        <line num="256" count="1" type="stmt"/>
        <line num="260" count="1" type="stmt"/>
        <line num="264" count="1" type="stmt"/>
        <line num="265" count="1" type="cond" truecount="0" falsecount="1"/>
        <line num="266" count="0" type="stmt"/>
        <line num="270" count="1" type="stmt"/>
        <line num="271" count="1" type="stmt"/>
        <line num="282" count="1" type="stmt"/>
        <line num="286" count="1" type="cond" truecount="0" falsecount="1"/>
        <line num="287" count="0" type="stmt"/>
        <line num="289" count="1" type="stmt"/>
        <line num="296" count="1" type="stmt"/>
        <line num="303" count="1" type="stmt"/>
      </file>
      <file name="permission-cache.service.ts" path="C:\Users\Zeyad Rafat\Study\Projects\quickbite\core-service\backend\src\app\rbac\permission-cache.service.ts">
        <metrics statements="17" coveredstatements="17" conditionals="9" coveredconditionals="8" methods="4" coveredmethods="4"/>
        <line num="1" count="1" type="stmt"/>
        <line num="2" count="1" type="stmt"/>
        <line num="3" count="1" type="stmt"/>
        <line num="6" count="1" type="stmt"/>
        <line num="7" count="1" type="stmt"/>
        <line num="11" count="1" type="stmt"/>
        <line num="13" count="1" type="cond" truecount="3" falsecount="1"/>
        <line num="16" count="8" type="stmt"/>
        <line num="19" count="8" type="cond" truecount="3" falsecount="0"/>
        <line num="20" count="2" type="stmt"/>
        <line num="25" count="6" type="stmt"/>
        <line num="28" count="6" type="stmt"/>
        <line num="30" count="6" type="stmt"/>
        <line num="38" count="2" type="stmt"/>
        <line num="44" count="2" type="cond" truecount="2" falsecount="0"/>
        <line num="45" count="1" type="stmt"/>
        <line num="47" count="1" type="stmt"/>
      </file>
    </package>
    <package name="app.rbac.repository">
      <metrics statements="74" coveredstatements="70" conditionals="51" coveredconditionals="39" methods="24" coveredmethods="22"/>
      <file name="member-branch.repository.ts" path="C:\Users\Zeyad Rafat\Study\Projects\quickbite\core-service\backend\src\app\rbac\repository\member-branch.repository.ts">
        <metrics statements="15" coveredstatements="14" conditionals="9" coveredconditionals="7" methods="6" coveredmethods="5"/>
        <line num="1" count="3" type="stmt"/>
        <line num="2" count="3" type="stmt"/>
        <line num="3" count="3" type="stmt"/>
        <line num="4" count="3" type="stmt"/>
        <line num="7" count="3" type="stmt"/>
        <line num="8" count="3" type="cond" truecount="2" falsecount="2"/>
        <line num="10" count="0" type="stmt"/>
        <line num="23" count="2" type="cond" truecount="2" falsecount="0"/>
        <line num="26" count="2" type="stmt"/>
        <line num="29" count="2" type="cond" truecount="1" falsecount="0"/>
        <line num="30" count="2" type="stmt"/>
        <line num="36" count="1" type="stmt"/>
        <line num="47" count="1" type="cond" truecount="2" falsecount="0"/>
        <line num="49" count="1" type="stmt"/>
        <line num="53" count="2" type="stmt"/>
      </file>
      <file name="permission.repository.ts" path="C:\Users\Zeyad Rafat\Study\Projects\quickbite\core-service\backend\src\app\rbac\repository\permission.repository.ts">
        <metrics statements="11" coveredstatements="11" conditionals="6" coveredconditionals="4" methods="4" coveredmethods="4"/>
        <line num="1" count="4" type="stmt"/>
        <line num="2" count="4" type="stmt"/>
        <line num="3" count="4" type="stmt"/>
        <line num="6" count="4" type="stmt"/>
        <line num="7" count="1" type="cond" truecount="2" falsecount="2"/>
        <line num="10" count="2" type="stmt"/>
        <line num="22" count="1" type="cond" truecount="2" falsecount="0"/>
        <line num="23" count="1" type="stmt"/>
        <line num="29" count="1" type="stmt"/>
        <line num="30" count="2" type="stmt"/>
        <line num="31" count="2" type="stmt"/>
      </file>
      <file name="restaurant-member.repository.ts" path="C:\Users\Zeyad Rafat\Study\Projects\quickbite\core-service\backend\src\app\rbac\repository\restaurant-member.repository.ts">
        <metrics statements="35" coveredstatements="33" conditionals="24" coveredconditionals="19" methods="10" coveredmethods="10"/>
        <line num="1" count="3" type="stmt"/>
        <line num="2" count="3" type="stmt"/>
        <line num="3" count="3" type="stmt"/>
        <line num="4" count="3" type="stmt"/>
        <line num="5" count="3" type="stmt"/>
        <line num="15" count="3" type="stmt"/>
        <line num="17" count="4" type="cond" truecount="2" falsecount="2"/>
        <line num="21" count="3" type="stmt"/>
        <line num="36" count="1" type="cond" truecount="2" falsecount="0"/>
        <line num="38" count="1" type="stmt"/>
        <line num="49" count="1" type="stmt"/>
        <line num="56" count="1" type="cond" truecount="2" falsecount="0"/>
        <line num="58" count="1" type="stmt"/>
        <line num="70" count="2" type="stmt"/>
        <line num="76" count="2" type="cond" truecount="1" falsecount="0"/>
        <line num="77" count="1" type="stmt"/>
        <line num="86" count="1" type="cond" truecount="2" falsecount="0"/>
        <line num="89" count="1" type="stmt"/>
        <line num="106" count="2" type="cond" truecount="2" falsecount="0"/>
        <line num="107" count="14" type="stmt"/>
        <line num="110" count="2" type="stmt"/>
        <line num="116" count="2" type="cond" truecount="1" falsecount="0"/>
        <line num="118" count="1" type="stmt"/>
        <line num="129" count="1" type="cond" truecount="2" falsecount="0"/>
        <line num="131" count="1" type="stmt"/>
        <line num="132" count="1" type="cond" truecount="1" falsecount="0"/>
        <line num="133" count="1" type="cond" truecount="1" falsecount="0"/>
        <line num="135" count="1" type="stmt"/>
        <line num="140" count="1" type="cond" truecount="1" falsecount="1"/>
        <line num="142" count="1" type="stmt"/>
        <line num="144" count="1" type="stmt"/>
        <line num="149" count="1" type="stmt"/>
        <line num="151" count="1" type="cond" truecount="0" falsecount="1"/>
        <line num="153" count="0" type="cond" truecount="0" falsecount="1"/>
        <line num="154" count="0" type="stmt"/>
      </file>
      <file name="role.repository.ts" path="C:\Users\Zeyad Rafat\Study\Projects\quickbite\core-service\backend\src\app\rbac\repository\role.repository.ts">
        <metrics statements="13" coveredstatements="12" conditionals="12" coveredconditionals="9" methods="4" coveredmethods="3"/>
        <line num="1" count="3" type="stmt"/>
        <line num="2" count="3" type="stmt"/>
        <line num="3" count="3" type="stmt"/>
        <line num="6" count="3" type="stmt"/>
        <line num="8" count="1" type="stmt"/>
        <line num="16" count="1" type="cond" truecount="2" falsecount="2"/>
        <line num="20" count="0" type="stmt"/>
        <line num="33" count="2" type="cond" truecount="2" falsecount="0"/>
        <line num="35" count="2" type="stmt"/>
        <line num="37" count="2" type="cond" truecount="2" falsecount="0"/>
        <line num="48" count="1" type="cond" truecount="2" falsecount="0"/>
        <line num="50" count="1" type="stmt"/>
        <line num="52" count="1" type="cond" truecount="1" falsecount="1"/>
      </file>
    </package>
    <package name="app.restaurant">
      <metrics statements="51" coveredstatements="51" conditionals="22" coveredconditionals="18" methods="7" coveredmethods="7"/>
      <file name="restaurant.service.ts" path="C:\Users\Zeyad Rafat\Study\Projects\quickbite\core-service\backend\src\app\restaurant\restaurant.service.ts">
        <metrics statements="51" coveredstatements="51" conditionals="22" coveredconditionals="18" methods="7" coveredmethods="7"/>
        <line num="1" count="5" type="stmt"/>
        <line num="8" count="5" type="stmt"/>
        <line num="9" count="5" type="stmt"/>
        <line num="12" count="5" type="stmt"/>
        <line num="13" count="5" type="stmt"/>
        <line num="14" count="5" type="stmt"/>
        <line num="16" count="5" type="stmt"/>
        <line num="24" count="5" type="stmt"/>
        <line num="28" count="5" type="stmt"/>
        <line num="31" count="5" type="stmt"/>
        <line num="34" count="1" type="cond" truecount="5" falsecount="3"/>
        <line num="37" count="1" type="cond" truecount="3" falsecount="1"/>
        <line num="38" count="1" type="stmt"/>
        <line num="50" count="1" type="stmt"/>
        <line num="59" count="1" type="stmt"/>
        <line num="64" count="1" type="stmt"/>
        <line num="70" count="1" type="stmt"/>
        <line num="82" count="1" type="stmt"/>
        <line num="90" count="1" type="stmt"/>
        <line num="91" count="1" type="stmt"/>
        <line num="93" count="1" type="stmt"/>
        <line num="98" count="1" type="stmt"/>
        <line num="106" count="3" type="stmt"/>
        <line num="107" count="3" type="cond" truecount="3" falsecount="0"/>
        <line num="108" count="2" type="stmt"/>
        <line num="110" count="1" type="stmt"/>
        <line num="115" count="3" type="cond" truecount="1" falsecount="0"/>
        <line num="116" count="1" type="stmt"/>
        <line num="122" count="2" type="stmt"/>
        <line num="124" count="2" type="stmt"/>
        <line num="126" count="2" type="stmt"/>
        <line num="133" count="1" type="stmt"/>
        <line num="144" count="1" type="stmt"/>
        <line num="147" count="1" type="stmt"/>
        <line num="159" count="1" type="stmt"/>
        <line num="160" count="1" type="stmt"/>
        <line num="161" count="1" type="stmt"/>
        <line num="172" count="4" type="stmt"/>
        <line num="173" count="4" type="cond" truecount="1" falsecount="0"/>
        <line num="174" count="1" type="stmt"/>
        <line num="178" count="3" type="cond" truecount="1" falsecount="0"/>
        <line num="182" count="1" type="stmt"/>
        <line num="186" count="2" type="stmt"/>
        <line num="192" count="2" type="stmt"/>
        <line num="201" count="3" type="cond" truecount="1" falsecount="0"/>
        <line num="202" count="1" type="stmt"/>
        <line num="206" count="2" type="stmt"/>
        <line num="207" count="2" type="cond" truecount="1" falsecount="0"/>
        <line num="208" count="1" type="stmt"/>
        <line num="212" count="1" type="stmt"/>
        <line num="217" count="1" type="stmt"/>
      </file>
    </package>
    <package name="app.restaurant.repository">
      <metrics statements="22" coveredstatements="22" conditionals="10" coveredconditionals="8" methods="8" coveredmethods="8"/>
      <file name="restaurant.repository.ts" path="C:\Users\Zeyad Rafat\Study\Projects\quickbite\core-service\backend\src\app\restaurant\repository\restaurant.repository.ts">
        <metrics statements="22" coveredstatements="22" conditionals="10" coveredconditionals="8" methods="8" coveredmethods="8"/>
        <line num="1" count="6" type="stmt"/>
        <line num="2" count="6" type="stmt"/>
        <line num="3" count="6" type="stmt"/>
        <line num="4" count="6" type="stmt"/>
        <line num="12" count="6" type="stmt"/>
        <line num="25" count="6" type="stmt"/>
        <line num="26" count="3" type="cond" truecount="2" falsecount="2"/>
        <line num="30" count="4" type="stmt"/>
        <line num="48" count="1" type="stmt"/>
        <line num="51" count="1" type="stmt"/>
        <line num="52" count="1" type="stmt"/>
        <line num="54" count="1" type="stmt"/>
        <line num="55" count="1" type="stmt"/>
        <line num="59" count="2" type="stmt"/>
        <line num="66" count="2" type="cond" truecount="2" falsecount="0"/>
        <line num="76" count="1" type="cond" truecount="2" falsecount="0"/>
        <line num="78" count="1" type="stmt"/>
        <line num="90" count="1" type="stmt"/>
        <line num="94" count="1" type="stmt"/>
        <line num="104" count="1" type="stmt"/>
        <line num="108" count="1" type="stmt"/>
        <line num="117" count="1" type="stmt"/>
      </file>
    </package>
    <package name="app.user">
      <metrics statements="23" coveredstatements="23" conditionals="11" coveredconditionals="9" methods="8" coveredmethods="8"/>
      <file name="user.service.ts" path="C:\Users\Zeyad Rafat\Study\Projects\quickbite\core-service\backend\src\app\user\user.service.ts">
        <metrics statements="23" coveredstatements="23" conditionals="11" coveredconditionals="9" methods="8" coveredmethods="8"/>
        <line num="2" count="6" type="stmt"/>
        <line num="7" count="6" type="stmt"/>
        <line num="9" count="6" type="stmt"/>
        <line num="13" count="6" type="stmt"/>
        <line num="16" count="6" type="stmt"/>
        <line num="18" count="1" type="cond" truecount="6" falsecount="2"/>
        <line num="19" count="1" type="stmt"/>
        <line num="28" count="1" type="stmt"/>
        <line num="36" count="1" type="stmt"/>
        <line num="44" count="1" type="stmt"/>
        <line num="47" count="1" type="stmt"/>
        <line num="50" count="3" type="stmt"/>
        <line num="52" count="3" type="cond" truecount="1" falsecount="0"/>
        <line num="54" count="1" type="stmt"/>
        <line num="58" count="2" type="stmt"/>
        <line num="68" count="1" type="stmt"/>
        <line num="71" count="1" type="stmt"/>
        <line num="74" count="1" type="stmt"/>
        <line num="86" count="2" type="stmt"/>
        <line num="93" count="2" type="cond" truecount="1" falsecount="0"/>
        <line num="94" count="1" type="stmt"/>
        <line num="98" count="1" type="stmt"/>
        <line num="102" count="1" type="stmt"/>
      </file>
    </package>
    <package name="app.user.repository">
      <metrics statements="25" coveredstatements="25" conditionals="19" coveredconditionals="16" methods="8" coveredmethods="8"/>
      <file name="user.repository.ts" path="C:\Users\Zeyad Rafat\Study\Projects\quickbite\core-service\backend\src\app\user\repository\user.repository.ts">
        <metrics statements="25" coveredstatements="25" conditionals="19" coveredconditionals="16" methods="8" coveredmethods="8"/>
        <line num="2" count="7" type="stmt"/>
        <line num="3" count="7" type="stmt"/>
        <line num="4" count="7" type="stmt"/>
        <line num="5" count="7" type="stmt"/>
        <line num="18" count="7" type="stmt"/>
        <line num="22" count="4" type="cond" truecount="2" falsecount="2"/>
        <line num="25" count="3" type="stmt"/>
        <line num="42" count="2" type="cond" truecount="2" falsecount="0"/>
        <line num="43" count="2" type="stmt"/>
        <line num="49" count="2" type="cond" truecount="2" falsecount="0"/>
        <line num="58" count="1" type="cond" truecount="2" falsecount="0"/>
        <line num="59" count="1" type="stmt"/>
        <line num="66" count="1" type="stmt"/>
        <line num="71" count="1" type="cond" truecount="2" falsecount="0"/>
        <line num="72" count="1" type="stmt"/>
        <line num="84" count="1" type="stmt"/>
        <line num="92" count="1" type="cond" truecount="2" falsecount="0"/>
        <line num="93" count="1" type="stmt"/>
        <line num="96" count="1" type="stmt"/>
        <line num="98" count="1" type="cond" truecount="1" falsecount="1"/>
        <line num="104" count="2" type="stmt"/>
        <line num="107" count="2" type="cond" truecount="1" falsecount="0"/>
        <line num="108" count="2" type="cond" truecount="1" falsecount="0"/>
        <line num="111" count="2" type="cond" truecount="1" falsecount="0"/>
        <line num="112" count="1" type="stmt"/>
      </file>
    </package>
    <package name="lib.pagination">
      <metrics statements="54" coveredstatements="54" conditionals="44" coveredconditionals="40" methods="9" coveredmethods="9"/>
      <file name="cursor-pagination.ts" path="C:\Users\Zeyad Rafat\Study\Projects\quickbite\core-service\backend\src\lib\pagination\cursor-pagination.ts">
        <metrics statements="37" coveredstatements="37" conditionals="23" coveredconditionals="21" methods="3" coveredmethods="3"/>
        <line num="23" count="9" type="stmt"/>
        <line num="28" count="7" type="cond" truecount="1" falsecount="0"/>
        <line num="29" count="1" type="stmt"/>
        <line num="32" count="6" type="cond" truecount="1" falsecount="0"/>
        <line num="34" count="1" type="cond" truecount="1" falsecount="1"/>
        <line num="35" count="1" type="stmt"/>
        <line num="39" count="6" type="stmt"/>
        <line num="42" count="9" type="stmt"/>
        <line num="46" count="6" type="stmt"/>
        <line num="47" count="10" type="cond" truecount="7" falsecount="0"/>
        <line num="49" count="4" type="stmt"/>
        <line num="50" count="4" type="stmt"/>
        <line num="52" count="1" type="stmt"/>
        <line num="53" count="1" type="stmt"/>
        <line num="55" count="1" type="stmt"/>
        <line num="56" count="1" type="stmt"/>
        <line num="58" count="1" type="stmt"/>
        <line num="59" count="1" type="stmt"/>
        <line num="61" count="1" type="stmt"/>
        <line num="62" count="1" type="stmt"/>
        <line num="64" count="1" type="stmt"/>
        <line num="65" count="1" type="stmt"/>
        <line num="68" count="1" type="stmt"/>
        <line num="72" count="1" type="stmt"/>
        <line num="75" count="6" type="stmt"/>
        <line num="78" count="9" type="stmt"/>
        <line num="83" count="8" type="stmt"/>
        <line num="85" count="8" type="cond" truecount="2" falsecount="0"/>
        <line num="86" count="8" type="stmt"/>
        <line num="88" count="8" type="cond" truecount="3" falsecount="0"/>
        <line num="89" count="5" type="stmt"/>
        <line num="90" count="5" type="stmt"/>
        <line num="93" count="5" type="cond" truecount="2" falsecount="0"/>
        <line num="94" count="1" type="stmt"/>
        <line num="95" count="4" type="cond" truecount="3" falsecount="0"/>
        <line num="97" count="4" type="stmt"/>
        <line num="101" count="8" type="stmt"/>
      </file>
      <file name="query-parser.ts" path="C:\Users\Zeyad Rafat\Study\Projects\quickbite\core-service\backend\src\lib\pagination\query-parser.ts">
        <metrics statements="17" coveredstatements="17" conditionals="21" coveredconditionals="19" methods="6" coveredmethods="6"/>
        <line num="3" count="6" type="stmt"/>
        <line num="8" count="7" type="cond" truecount="2" falsecount="0"/>
        <line num="10" count="7" type="stmt"/>
        <line num="22" count="6" type="stmt"/>
        <line num="27" count="8" type="stmt"/>
        <line num="28" count="8" type="cond" truecount="3" falsecount="0"/>
        <line num="30" count="1" type="stmt"/>
        <line num="32" count="1" type="stmt"/>
        <line num="33" count="1" type="stmt"/>
        <line num="34" count="1" type="cond" truecount="2" falsecount="1"/>
        <line num="37" count="1" type="cond" truecount="1" falsecount="1"/>
        <line num="39" count="1" type="stmt"/>
        <line num="40" count="3" type="stmt"/>
        <line num="43" count="2" type="stmt"/>
        <line num="44" count="2" type="cond" truecount="3" falsecount="0"/>
        <line num="45" count="2" type="stmt"/>
        <line num="48" count="2" type="stmt"/>
      </file>
    </package>
    <package name="pkg.utils">
      <metrics statements="14" coveredstatements="14" conditionals="0" coveredconditionals="0" methods="9" coveredmethods="9"/>
      <file name="time.utils.ts" path="C:\Users\Zeyad Rafat\Study\Projects\quickbite\core-service\backend\src\pkg\utils\time.utils.ts">
        <metrics statements="14" coveredstatements="14" conditionals="0" coveredconditionals="0" methods="9" coveredmethods="9"/>
        <line num="3" count="4" type="stmt"/>
        <line num="7" count="1" type="stmt"/>
        <line num="8" count="2" type="stmt"/>
        <line num="9" count="3" type="stmt"/>
        <line num="10" count="1" type="stmt"/>
        <line num="15" count="1" type="stmt"/>
        <line num="16" count="1" type="stmt"/>
        <line num="17" count="1" type="stmt"/>
        <line num="23" count="1" type="stmt"/>
        <line num="24" count="1" type="stmt"/>
        <line num="25" count="1" type="stmt"/>
        <line num="29" count="1" type="stmt"/>
        <line num="30" count="1" type="stmt"/>
        <line num="31" count="1" type="stmt"/>
      </file>
    </package>
  </project>
</coverage>
