{"C:\\Users\\Zeyad Rafat\\Study\\Projects\\quickbite\\core-service\\backend\\src\\app\\address\\address.service.ts": {"path":"C:\\Users\\Zeyad Rafat\\Study\\Projects\\quickbite\\core-service\\backend\\src\\app\\address\\address.service.ts","statementMap":{"0":{"start":{"line":2,"column":0},"end":{"line":2,"column":63}},"1":{"start":{"line":3,"column":0},"end":{"line":3,"column":68}},"2":{"start":{"line":9,"column":7},"end":{"line":136,"column":null}},"3":{"start":{"line":10,"column":31},"end":{"line":10,"column":44}},"4":{"start":{"line":13,"column":4},"end":{"line":15,"column":5}},"5":{"start":{"line":14,"column":6},"end":{"line":14,"column":58}},"6":{"start":{"line":16,"column":20},"end":{"line":16,"column":70}},"7":{"start":{"line":18,"column":4},"end":{"line":33,"column":6}},"8":{"start":{"line":36,"column":22},"end":{"line":36,"column":73}},"9":{"start":{"line":39,"column":4},"end":{"line":53,"column":6}},"10":{"start":{"line":40,"column":40},"end":{"line":52,"column":8}},"11":{"start":{"line":60,"column":4},"end":{"line":62,"column":5}},"12":{"start":{"line":61,"column":6},"end":{"line":61,"column":58}},"13":{"start":{"line":64,"column":22},"end":{"line":67,"column":null}},"14":{"start":{"line":70,"column":4},"end":{"line":73,"column":5}},"15":{"start":{"line":72,"column":6},"end":{"line":72,"column":55}},"16":{"start":{"line":76,"column":27},"end":{"line":78,"column":null}},"17":{"start":{"line":82,"column":4},"end":{"line":84,"column":5}},"18":{"start":{"line":83,"column":6},"end":{"line":83,"column":55}},"19":{"start":{"line":87,"column":4},"end":{"line":102,"column":6}},"20":{"start":{"line":105,"column":22},"end":{"line":105,"column":77}},"21":{"start":{"line":107,"column":4},"end":{"line":109,"column":5}},"22":{"start":{"line":108,"column":6},"end":{"line":108,"column":55}},"23":{"start":{"line":111,"column":4},"end":{"line":113,"column":6}},"24":{"start":{"line":118,"column":20},"end":{"line":118,"column":63}},"25":{"start":{"line":119,"column":4},"end":{"line":121,"column":5}},"26":{"start":{"line":120,"column":6},"end":{"line":120,"column":55}},"27":{"start":{"line":122,"column":4},"end":{"line":134,"column":6}},"28":{"start":{"line":9,"column":13},"end":{"line":9,"column":27}},"29":{"start":{"line":9,"column":13},"end":{"line":136,"column":null}}},"fnMap":{"0":{"name":"(anonymous_2)","decl":{"start":{"line":10,"column":2},"end":{"line":10,"column":31}},"loc":{"start":{"line":10,"column":61},"end":{"line":10,"column":65}}},"1":{"name":"(anonymous_3)","decl":{"start":{"line":12,"column":2},"end":{"line":12,"column":7}},"loc":{"start":{"line":12,"column":60},"end":{"line":34,"column":3}}},"2":{"name":"(anonymous_4)","decl":{"start":{"line":35,"column":2},"end":{"line":35,"column":7}},"loc":{"start":{"line":35,"column":35},"end":{"line":54,"column":3}}},"3":{"name":"(anonymous_5)","decl":{"start":{"line":40,"column":26},"end":{"line":40,"column":27}},"loc":{"start":{"line":40,"column":40},"end":{"line":52,"column":8}}},"4":{"name":"(anonymous_6)","decl":{"start":{"line":55,"column":2},"end":{"line":55,"column":7}},"loc":{"start":{"line":58,"column":26},"end":{"line":103,"column":3}}},"5":{"name":"(anonymous_7)","decl":{"start":{"line":104,"column":2},"end":{"line":104,"column":7}},"loc":{"start":{"line":104,"column":55},"end":{"line":114,"column":3}}},"6":{"name":"(anonymous_8)","decl":{"start":{"line":117,"column":2},"end":{"line":117,"column":7}},"loc":{"start":{"line":117,"column":35},"end":{"line":135,"column":3}}}},"branchMap":{"0":{"loc":{"start":{"line":13,"column":4},"end":{"line":15,"column":5}},"type":"if","locations":[{"start":{"line":13,"column":4},"end":{"line":15,"column":5}}]},"1":{"loc":{"start":{"line":60,"column":4},"end":{"line":62,"column":5}},"type":"if","locations":[{"start":{"line":60,"column":4},"end":{"line":62,"column":5}}]},"2":{"loc":{"start":{"line":70,"column":4},"end":{"line":73,"column":5}},"type":"if","locations":[{"start":{"line":70,"column":4},"end":{"line":73,"column":5}}]},"3":{"loc":{"start":{"line":82,"column":4},"end":{"line":84,"column":5}},"type":"if","locations":[{"start":{"line":82,"column":4},"end":{"line":84,"column":5}}]},"4":{"loc":{"start":{"line":107,"column":4},"end":{"line":109,"column":5}},"type":"if","locations":[{"start":{"line":107,"column":4},"end":{"line":109,"column":5}}]},"5":{"loc":{"start":{"line":119,"column":4},"end":{"line":121,"column":5}},"type":"if","locations":[{"start":{"line":119,"column":4},"end":{"line":121,"column":5}}]},"6":{"loc":{"start":{"line":10,"column":44},"end":{"line":10,"column":64}},"type":"cond-expr","locations":[{"start":{"line":10,"column":61},"end":{"line":10,"column":64}},{"start":{"line":10,"column":61},"end":{"line":10,"column":64}}]},"7":{"loc":{"start":{"line":10,"column":44},"end":{"line":10,"column":61}},"type":"binary-expr","locations":[{"start":{"line":10,"column":44},"end":{"line":10,"column":64}},{"start":{"line":10,"column":44},"end":{"line":10,"column":61}}]}},"s":{"0":1,"1":1,"2":1,"3":1,"4":1,"5":1,"6":1,"7":1,"8":1,"9":1,"10":1,"11":3,"12":1,"13":3,"14":3,"15":1,"16":2,"17":2,"18":1,"19":1,"20":2,"21":2,"22":1,"23":1,"24":2,"25":2,"26":1,"27":1,"28":1,"29":1},"f":{"0":1,"1":1,"2":1,"3":1,"4":3,"5":2,"6":2},"b":{"0":[1],"1":[1],"2":[1],"3":[1],"4":[1],"5":[1],"6":[1,0],"7":[1,1]}}
,"C:\\Users\\Zeyad Rafat\\Study\\Projects\\quickbite\\core-service\\backend\\src\\app\\address\\repository\\address.repository.ts": {"path":"C:\\Users\\Zeyad Rafat\\Study\\Projects\\quickbite\\core-service\\backend\\src\\app\\address\\repository\\address.repository.ts","statementMap":{"0":{"start":{"line":2,"column":0},"end":{"line":2,"column":52}},"1":{"start":{"line":3,"column":0},"end":{"line":3,"column":28}},"2":{"start":{"line":4,"column":0},"end":{"line":4,"column":51}},"3":{"start":{"line":8,"column":24},"end":{"line":21,"column":2}},"4":{"start":{"line":24,"column":7},"end":{"line":143,"column":null}},"5":{"start":{"line":25,"column":58},"end":{"line":25,"column":64}},"6":{"start":{"line":30,"column":4},"end":{"line":43,"column":7}},"7":{"start":{"line":50,"column":18},"end":{"line":64,"column":33}},"8":{"start":{"line":66,"column":4},"end":{"line":66,"column":30}},"9":{"start":{"line":70,"column":17},"end":{"line":73,"column":36}},"10":{"start":{"line":75,"column":4},"end":{"line":75,"column":49}},"11":{"start":{"line":75,"column":29},"end":{"line":75,"column":47}},"12":{"start":{"line":82,"column":16},"end":{"line":85,"column":14}},"13":{"start":{"line":87,"column":4},"end":{"line":87,"column":48}},"14":{"start":{"line":95,"column":31},"end":{"line":95,"column":33}},"15":{"start":{"line":98,"column":4},"end":{"line":98,"column":67}},"16":{"start":{"line":98,"column":34},"end":{"line":98,"column":67}},"17":{"start":{"line":99,"column":4},"end":{"line":99,"column":73}},"18":{"start":{"line":99,"column":36},"end":{"line":99,"column":73}},"19":{"start":{"line":100,"column":4},"end":{"line":100,"column":64}},"20":{"start":{"line":100,"column":33},"end":{"line":100,"column":64}},"21":{"start":{"line":101,"column":4},"end":{"line":101,"column":70}},"22":{"start":{"line":101,"column":35},"end":{"line":101,"column":70}},"23":{"start":{"line":102,"column":4},"end":{"line":102,"column":76}},"24":{"start":{"line":102,"column":37},"end":{"line":102,"column":76}},"25":{"start":{"line":103,"column":4},"end":{"line":104,"column":60}},"26":{"start":{"line":104,"column":6},"end":{"line":104,"column":60}},"27":{"start":{"line":105,"column":4},"end":{"line":105,"column":64}},"28":{"start":{"line":105,"column":33},"end":{"line":105,"column":64}},"29":{"start":{"line":106,"column":4},"end":{"line":106,"column":61}},"30":{"start":{"line":106,"column":32},"end":{"line":106,"column":61}},"31":{"start":{"line":107,"column":4},"end":{"line":107,"column":61}},"32":{"start":{"line":107,"column":32},"end":{"line":107,"column":61}},"33":{"start":{"line":108,"column":4},"end":{"line":108,"column":80}},"34":{"start":{"line":108,"column":38},"end":{"line":108,"column":80}},"35":{"start":{"line":111,"column":4},"end":{"line":117,"column":5}},"36":{"start":{"line":112,"column":26},"end":{"line":114,"column":30}},"37":{"start":{"line":116,"column":6},"end":{"line":116,"column":29}},"38":{"start":{"line":120,"column":4},"end":{"line":120,"column":16}},"39":{"start":{"line":123,"column":24},"end":{"line":125,"column":12}},"40":{"start":{"line":127,"column":4},"end":{"line":127,"column":27}},"41":{"start":{"line":130,"column":4},"end":{"line":132,"column":37}},"42":{"start":{"line":137,"column":16},"end":{"line":140,"column":14}},"43":{"start":{"line":141,"column":4},"end":{"line":141,"column":43}},"44":{"start":{"line":24,"column":13},"end":{"line":24,"column":30}},"45":{"start":{"line":24,"column":13},"end":{"line":143,"column":null}}},"fnMap":{"0":{"name":"(anonymous_4)","decl":{"start":{"line":25,"column":2},"end":{"line":25,"column":15}},"loc":{"start":{"line":25,"column":68},"end":{"line":25,"column":72}}},"1":{"name":"(anonymous_5)","decl":{"start":{"line":27,"column":10},"end":{"line":27,"column":18}},"loc":{"start":{"line":27,"column":27},"end":{"line":44,"column":3}}},"2":{"name":"(anonymous_6)","decl":{"start":{"line":46,"column":2},"end":{"line":46,"column":7}},"loc":{"start":{"line":48,"column":26},"end":{"line":67,"column":3}}},"3":{"name":"(anonymous_7)","decl":{"start":{"line":69,"column":2},"end":{"line":69,"column":7}},"loc":{"start":{"line":69,"column":43},"end":{"line":76,"column":3}}},"4":{"name":"(anonymous_8)","decl":{"start":{"line":75,"column":20},"end":{"line":75,"column":21}},"loc":{"start":{"line":75,"column":29},"end":{"line":75,"column":47}}},"5":{"name":"(anonymous_9)","decl":{"start":{"line":78,"column":2},"end":{"line":78,"column":7}},"loc":{"start":{"line":80,"column":18},"end":{"line":88,"column":3}}},"6":{"name":"(anonymous_10)","decl":{"start":{"line":90,"column":2},"end":{"line":90,"column":7}},"loc":{"start":{"line":93,"column":13},"end":{"line":121,"column":3}}},"7":{"name":"(anonymous_11)","decl":{"start":{"line":122,"column":2},"end":{"line":122,"column":7}},"loc":{"start":{"line":122,"column":55},"end":{"line":128,"column":3}}},"8":{"name":"(anonymous_12)","decl":{"start":{"line":129,"column":2},"end":{"line":129,"column":7}},"loc":{"start":{"line":129,"column":43},"end":{"line":133,"column":3}}},"9":{"name":"(anonymous_13)","decl":{"start":{"line":136,"column":2},"end":{"line":136,"column":7}},"loc":{"start":{"line":136,"column":35},"end":{"line":142,"column":3}}}},"branchMap":{"0":{"loc":{"start":{"line":38,"column":23},"end":{"line":38,"column":51}},"type":"binary-expr","locations":[{"start":{"line":38,"column":23},"end":{"line":38,"column":43}},{"start":{"line":38,"column":47},"end":{"line":38,"column":51}}]},"1":{"loc":{"start":{"line":58,"column":26},"end":{"line":58,"column":54}},"type":"binary-expr","locations":[{"start":{"line":58,"column":26},"end":{"line":58,"column":46}},{"start":{"line":58,"column":50},"end":{"line":58,"column":54}}]},"2":{"loc":{"start":{"line":62,"column":20},"end":{"line":62,"column":43}},"type":"binary-expr","locations":[{"start":{"line":62,"column":20},"end":{"line":62,"column":34}},{"start":{"line":62,"column":38},"end":{"line":62,"column":43}}]},"3":{"loc":{"start":{"line":87,"column":11},"end":{"line":87,"column":47}},"type":"cond-expr","locations":[{"start":{"line":87,"column":17},"end":{"line":87,"column":35}},{"start":{"line":87,"column":38},"end":{"line":87,"column":47}}]},"4":{"loc":{"start":{"line":98,"column":4},"end":{"line":98,"column":67}},"type":"if","locations":[{"start":{"line":98,"column":4},"end":{"line":98,"column":67}}]},"5":{"loc":{"start":{"line":99,"column":4},"end":{"line":99,"column":73}},"type":"if","locations":[{"start":{"line":99,"column":4},"end":{"line":99,"column":73}}]},"6":{"loc":{"start":{"line":100,"column":4},"end":{"line":100,"column":64}},"type":"if","locations":[{"start":{"line":100,"column":4},"end":{"line":100,"column":64}}]},"7":{"loc":{"start":{"line":101,"column":4},"end":{"line":101,"column":70}},"type":"if","locations":[{"start":{"line":101,"column":4},"end":{"line":101,"column":70}}]},"8":{"loc":{"start":{"line":102,"column":4},"end":{"line":102,"column":76}},"type":"if","locations":[{"start":{"line":102,"column":4},"end":{"line":102,"column":76}}]},"9":{"loc":{"start":{"line":103,"column":4},"end":{"line":104,"column":60}},"type":"if","locations":[{"start":{"line":103,"column":4},"end":{"line":104,"column":60}}]},"10":{"loc":{"start":{"line":105,"column":4},"end":{"line":105,"column":64}},"type":"if","locations":[{"start":{"line":105,"column":4},"end":{"line":105,"column":64}}]},"11":{"loc":{"start":{"line":106,"column":4},"end":{"line":106,"column":61}},"type":"if","locations":[{"start":{"line":106,"column":4},"end":{"line":106,"column":61}}]},"12":{"loc":{"start":{"line":107,"column":4},"end":{"line":107,"column":61}},"type":"if","locations":[{"start":{"line":107,"column":4},"end":{"line":107,"column":61}}]},"13":{"loc":{"start":{"line":108,"column":4},"end":{"line":108,"column":80}},"type":"if","locations":[{"start":{"line":108,"column":4},"end":{"line":108,"column":80}}]},"14":{"loc":{"start":{"line":111,"column":4},"end":{"line":117,"column":5}},"type":"if","locations":[{"start":{"line":111,"column":4},"end":{"line":117,"column":5}}]},"15":{"loc":{"start":{"line":141,"column":11},"end":{"line":141,"column":42}},"type":"cond-expr","locations":[{"start":{"line":141,"column":17},"end":{"line":141,"column":35}},{"start":{"line":141,"column":38},"end":{"line":141,"column":42}}]},"16":{"loc":{"start":{"line":25,"column":64},"end":{"line":25,"column":71}},"type":"cond-expr","locations":[{"start":{"line":25,"column":68},"end":{"line":25,"column":71}},{"start":{"line":25,"column":68},"end":{"line":25,"column":71}}]},"17":{"loc":{"start":{"line":25,"column":64},"end":{"line":25,"column":68}},"type":"binary-expr","locations":[{"start":{"line":25,"column":64},"end":{"line":25,"column":71}},{"start":{"line":25,"column":64},"end":{"line":25,"column":68}}]}},"s":{"0":2,"1":2,"2":2,"3":2,"4":2,"5":4,"6":4,"7":1,"8":1,"9":1,"10":1,"11":1,"12":2,"13":2,"14":2,"15":2,"16":1,"17":2,"18":0,"19":2,"20":1,"21":2,"22":0,"23":2,"24":0,"25":2,"26":1,"27":2,"28":0,"29":2,"30":0,"31":2,"32":0,"33":2,"34":1,"35":2,"36":1,"37":1,"38":1,"39":2,"40":2,"41":1,"42":2,"43":2,"44":2,"45":2},"f":{"0":4,"1":4,"2":1,"3":1,"4":1,"5":2,"6":2,"7":2,"8":1,"9":2},"b":{"0":[4,4],"1":[1,1],"2":[1,0],"3":[1,1],"4":[1],"5":[0],"6":[1],"7":[0],"8":[0],"9":[1],"10":[0],"11":[0],"12":[0],"13":[1],"14":[1],"15":[1,1],"16":[0,2],"17":[2,0]}}
,"C:\\Users\\Zeyad Rafat\\Study\\Projects\\quickbite\\core-service\\backend\\src\\app\\auth\\auth-utils.service.ts": {"path":"C:\\Users\\Zeyad Rafat\\Study\\Projects\\quickbite\\core-service\\backend\\src\\app\\auth\\auth-utils.service.ts","statementMap":{"0":{"start":{"line":2,"column":0},"end":{"line":2,"column":52}},"1":{"start":{"line":3,"column":0},"end":{"line":3,"column":47}},"2":{"start":{"line":4,"column":0},"end":{"line":4,"column":33}},"3":{"start":{"line":5,"column":0},"end":{"line":5,"column":36}},"4":{"start":{"line":7,"column":0},"end":{"line":7,"column":33}},"5":{"start":{"line":8,"column":0},"end":{"line":8,"column":28}},"6":{"start":{"line":9,"column":0},"end":{"line":9,"column":81}},"7":{"start":{"line":21,"column":7},"end":{"line":98,"column":null}},"8":{"start":{"line":24,"column":21},"end":{"line":24,"column":36}},"9":{"start":{"line":25,"column":21},"end":{"line":25,"column":40}},"10":{"start":{"line":27,"column":48},"end":{"line":27,"column":54}},"11":{"start":{"line":31,"column":4},"end":{"line":31,"column":37}},"12":{"start":{"line":36,"column":19},"end":{"line":36,"column":71}},"13":{"start":{"line":37,"column":22},"end":{"line":37,"column":78}},"14":{"start":{"line":39,"column":33},"end":{"line":41,"column":6}},"15":{"start":{"line":42,"column":4},"end":{"line":42,"column":46}},"16":{"start":{"line":47,"column":19},"end":{"line":47,"column":72}},"17":{"start":{"line":48,"column":22},"end":{"line":48,"column":79}},"18":{"start":{"line":50,"column":33},"end":{"line":52,"column":6}},"19":{"start":{"line":53,"column":4},"end":{"line":53,"column":46}},"20":{"start":{"line":56,"column":4},"end":{"line":56,"column":57}},"21":{"start":{"line":59,"column":4},"end":{"line":59,"column":55}},"22":{"start":{"line":63,"column":4},"end":{"line":63,"column":65}},"23":{"start":{"line":66,"column":4},"end":{"line":69,"column":20}},"24":{"start":{"line":73,"column":19},"end":{"line":73,"column":72}},"25":{"start":{"line":74,"column":4},"end":{"line":74,"column":37}},"26":{"start":{"line":83,"column":19},"end":{"line":83,"column":37}},"27":{"start":{"line":84,"column":22},"end":{"line":84,"column":48}},"28":{"start":{"line":86,"column":4},"end":{"line":94,"column":6}},"29":{"start":{"line":96,"column":4},"end":{"line":96,"column":18}},"30":{"start":{"line":21,"column":13},"end":{"line":21,"column":29}},"31":{"start":{"line":21,"column":13},"end":{"line":98,"column":null}}},"fnMap":{"0":{"name":"(anonymous_13)","decl":{"start":{"line":23,"column":2},"end":{"line":23,"column":null}},"loc":{"start":{"line":27,"column":58},"end":{"line":28,"column":6}}},"1":{"name":"(anonymous_14)","decl":{"start":{"line":30,"column":2},"end":{"line":30,"column":7}},"loc":{"start":{"line":30,"column":37},"end":{"line":32,"column":3}}},"2":{"name":"(anonymous_15)","decl":{"start":{"line":34,"column":2},"end":{"line":34,"column":19}},"loc":{"start":{"line":34,"column":39},"end":{"line":43,"column":3}}},"3":{"name":"(anonymous_16)","decl":{"start":{"line":45,"column":2},"end":{"line":45,"column":20}},"loc":{"start":{"line":45,"column":40},"end":{"line":54,"column":3}}},"4":{"name":"(anonymous_17)","decl":{"start":{"line":55,"column":2},"end":{"line":55,"column":17}},"loc":{"start":{"line":55,"column":63},"end":{"line":57,"column":3}}},"5":{"name":"(anonymous_18)","decl":{"start":{"line":58,"column":2},"end":{"line":58,"column":13}},"loc":{"start":{"line":58,"column":13},"end":{"line":60,"column":3}}},"6":{"name":"(anonymous_19)","decl":{"start":{"line":62,"column":2},"end":{"line":62,"column":9}},"loc":{"start":{"line":62,"column":21},"end":{"line":64,"column":3}}},"7":{"name":"(anonymous_20)","decl":{"start":{"line":65,"column":2},"end":{"line":65,"column":19}},"loc":{"start":{"line":65,"column":33},"end":{"line":70,"column":3}}},"8":{"name":"(anonymous_21)","decl":{"start":{"line":71,"column":2},"end":{"line":71,"column":20}},"loc":{"start":{"line":71,"column":34},"end":{"line":75,"column":3}}},"9":{"name":"(anonymous_22)","decl":{"start":{"line":77,"column":2},"end":{"line":77,"column":7}},"loc":{"start":{"line":81,"column":20},"end":{"line":97,"column":3}}}},"branchMap":{"0":{"loc":{"start":{"line":24,"column":36},"end":{"line":24,"column":null}},"type":"cond-expr","locations":[{"start":{"line":24,"column":49},"end":{"line":24,"column":null}},{"start":{"line":24,"column":49},"end":{"line":24,"column":null}}]},"1":{"loc":{"start":{"line":24,"column":36},"end":{"line":24,"column":49}},"type":"binary-expr","locations":[{"start":{"line":24,"column":36},"end":{"line":24,"column":null}},{"start":{"line":24,"column":36},"end":{"line":24,"column":49}}]},"2":{"loc":{"start":{"line":24,"column":49},"end":{"line":25,"column":null}},"type":"cond-expr","locations":[{"start":{"line":25,"column":63},"end":{"line":25,"column":null}},{"start":{"line":25,"column":63},"end":{"line":25,"column":null}}]},"3":{"loc":{"start":{"line":24,"column":49},"end":{"line":25,"column":63}},"type":"binary-expr","locations":[{"start":{"line":24,"column":49},"end":{"line":25,"column":null}},{"start":{"line":25,"column":40},"end":{"line":25,"column":63}}]},"4":{"loc":{"start":{"line":25,"column":63},"end":{"line":27,"column":null}},"type":"cond-expr","locations":[{"start":{"line":27,"column":58},"end":{"line":27,"column":null}},{"start":{"line":27,"column":58},"end":{"line":27,"column":null}}]},"5":{"loc":{"start":{"line":25,"column":63},"end":{"line":27,"column":58}},"type":"binary-expr","locations":[{"start":{"line":25,"column":63},"end":{"line":27,"column":null}},{"start":{"line":27,"column":54},"end":{"line":27,"column":58}}]}},"s":{"0":7,"1":7,"2":7,"3":7,"4":7,"5":7,"6":7,"7":7,"8":1,"9":1,"10":1,"11":1,"12":1,"13":1,"14":1,"15":1,"16":1,"17":1,"18":1,"19":1,"20":2,"21":1,"22":5,"23":1,"24":1,"25":1,"26":1,"27":1,"28":1,"29":1,"30":7,"31":7},"f":{"0":1,"1":1,"2":1,"3":1,"4":2,"5":1,"6":5,"7":1,"8":1,"9":1},"b":{"0":[7,0],"1":[7,7],"2":[7,0],"3":[7,7],"4":[0,7],"5":[7,0]}}
,"C:\\Users\\Zeyad Rafat\\Study\\Projects\\quickbite\\core-service\\backend\\src\\app\\auth\\auth.service.ts": {"path":"C:\\Users\\Zeyad Rafat\\Study\\Projects\\quickbite\\core-service\\backend\\src\\app\\auth\\auth.service.ts","statementMap":{"0":{"start":{"line":2,"column":0},"end":{"line":2,"column":null}},"1":{"start":{"line":11,"column":0},"end":{"line":11,"column":43}},"2":{"start":{"line":14,"column":0},"end":{"line":14,"column":56}},"3":{"start":{"line":15,"column":0},"end":{"line":15,"column":62}},"4":{"start":{"line":16,"column":0},"end":{"line":16,"column":56}},"5":{"start":{"line":18,"column":0},"end":{"line":18,"column":81}},"6":{"start":{"line":20,"column":0},"end":{"line":20,"column":28}},"7":{"start":{"line":21,"column":0},"end":{"line":21,"column":74}},"8":{"start":{"line":23,"column":0},"end":{"line":23,"column":53}},"9":{"start":{"line":24,"column":0},"end":{"line":24,"column":60}},"10":{"start":{"line":25,"column":0},"end":{"line":25,"column":64}},"11":{"start":{"line":26,"column":0},"end":{"line":26,"column":69}},"12":{"start":{"line":27,"column":0},"end":{"line":27,"column":63}},"13":{"start":{"line":29,"column":7},"end":{"line":286,"column":null}},"14":{"start":{"line":32,"column":48},"end":{"line":32,"column":54}},"15":{"start":{"line":33,"column":21},"end":{"line":33,"column":34}},"16":{"start":{"line":34,"column":21},"end":{"line":34,"column":32}},"17":{"start":{"line":35,"column":21},"end":{"line":35,"column":36}},"18":{"start":{"line":36,"column":21},"end":{"line":36,"column":40}},"19":{"start":{"line":38,"column":21},"end":{"line":38,"column":36}},"20":{"start":{"line":40,"column":21},"end":{"line":40,"column":40}},"21":{"start":{"line":44,"column":4},"end":{"line":46,"column":5}},"22":{"start":{"line":45,"column":6},"end":{"line":45,"column":78}},"23":{"start":{"line":48,"column":16},"end":{"line":48,"column":45}},"24":{"start":{"line":51,"column":31},"end":{"line":51,"column":33}},"25":{"start":{"line":53,"column":4},"end":{"line":83,"column":5}},"26":{"start":{"line":55,"column":6},"end":{"line":55,"column":76}},"27":{"start":{"line":57,"column":6},"end":{"line":76,"column":7}},"28":{"start":{"line":59,"column":8},"end":{"line":63,"column":9}},"29":{"start":{"line":60,"column":10},"end":{"line":62,"column":12}},"30":{"start":{"line":65,"column":8},"end":{"line":69,"column":10}},"31":{"start":{"line":70,"column":8},"end":{"line":70,"column":80}},"32":{"start":{"line":71,"column":8},"end":{"line":75,"column":10}},"33":{"start":{"line":78,"column":6},"end":{"line":78,"column":25}},"34":{"start":{"line":80,"column":6},"end":{"line":80,"column":27}},"35":{"start":{"line":82,"column":6},"end":{"line":82,"column":16}},"36":{"start":{"line":86,"column":20},"end":{"line":91,"column":6}},"37":{"start":{"line":92,"column":24},"end":{"line":92,"column":65}},"38":{"start":{"line":93,"column":25},"end":{"line":93,"column":67}},"39":{"start":{"line":96,"column":4},"end":{"line":107,"column":6}},"40":{"start":{"line":111,"column":17},"end":{"line":111,"column":67}},"41":{"start":{"line":115,"column":4},"end":{"line":117,"column":5}},"42":{"start":{"line":116,"column":6},"end":{"line":116,"column":71}},"43":{"start":{"line":120,"column":18},"end":{"line":122,"column":null}},"44":{"start":{"line":125,"column":4},"end":{"line":127,"column":5}},"45":{"start":{"line":126,"column":6},"end":{"line":126,"column":71}},"46":{"start":{"line":128,"column":31},"end":{"line":128,"column":33}},"47":{"start":{"line":129,"column":4},"end":{"line":145,"column":5}},"48":{"start":{"line":130,"column":25},"end":{"line":131,"column":null}},"49":{"start":{"line":134,"column":22},"end":{"line":134,"column":24}},"50":{"start":{"line":135,"column":6},"end":{"line":144,"column":7}},"51":{"start":{"line":136,"column":8},"end":{"line":138,"column":10}},"52":{"start":{"line":139,"column":8},"end":{"line":143,"column":10}},"53":{"start":{"line":147,"column":20},"end":{"line":152,"column":6}},"54":{"start":{"line":153,"column":24},"end":{"line":153,"column":65}},"55":{"start":{"line":154,"column":25},"end":{"line":154,"column":67}},"56":{"start":{"line":157,"column":4},"end":{"line":168,"column":6}},"57":{"start":{"line":171,"column":17},"end":{"line":171,"column":67}},"58":{"start":{"line":174,"column":4},"end":{"line":178,"column":5}},"59":{"start":{"line":175,"column":6},"end":{"line":177,"column":8}},"60":{"start":{"line":180,"column":16},"end":{"line":182,"column":null}},"61":{"start":{"line":186,"column":25},"end":{"line":186,"column":48}},"62":{"start":{"line":189,"column":4},"end":{"line":193,"column":6}},"63":{"start":{"line":195,"column":4},"end":{"line":197,"column":6}},"64":{"start":{"line":201,"column":17},"end":{"line":201,"column":72}},"65":{"start":{"line":204,"column":4},"end":{"line":206,"column":5}},"66":{"start":{"line":205,"column":6},"end":{"line":205,"column":69}},"67":{"start":{"line":208,"column":18},"end":{"line":210,"column":null}},"68":{"start":{"line":213,"column":4},"end":{"line":215,"column":5}},"69":{"start":{"line":214,"column":6},"end":{"line":214,"column":62}},"70":{"start":{"line":217,"column":25},"end":{"line":217,"column":57}},"71":{"start":{"line":219,"column":4},"end":{"line":221,"column":5}},"72":{"start":{"line":220,"column":6},"end":{"line":220,"column":61}},"73":{"start":{"line":224,"column":27},"end":{"line":224,"column":78}},"74":{"start":{"line":227,"column":4},"end":{"line":227,"column":72}},"75":{"start":{"line":230,"column":4},"end":{"line":230,"column":78}},"76":{"start":{"line":232,"column":4},"end":{"line":232,"column":16}},"77":{"start":{"line":235,"column":4},"end":{"line":262,"column":5}},"78":{"start":{"line":237,"column":22},"end":{"line":237,"column":69}},"79":{"start":{"line":240,"column":19},"end":{"line":240,"column":69}},"80":{"start":{"line":241,"column":6},"end":{"line":243,"column":7}},"81":{"start":{"line":242,"column":8},"end":{"line":242,"column":73}},"82":{"start":{"line":244,"column":25},"end":{"line":252,"column":8}},"83":{"start":{"line":254,"column":29},"end":{"line":254,"column":73}},"84":{"start":{"line":256,"column":6},"end":{"line":256,"column":45}},"85":{"start":{"line":259,"column":6},"end":{"line":261,"column":8}},"86":{"start":{"line":266,"column":16},"end":{"line":266,"column":45}},"87":{"start":{"line":268,"column":4},"end":{"line":284,"column":5}},"88":{"start":{"line":272,"column":19},"end":{"line":272,"column":54}},"89":{"start":{"line":275,"column":6},"end":{"line":275,"column":60}},"90":{"start":{"line":278,"column":6},"end":{"line":278,"column":25}},"91":{"start":{"line":280,"column":6},"end":{"line":280,"column":18}},"92":{"start":{"line":282,"column":6},"end":{"line":282,"column":27}},"93":{"start":{"line":283,"column":6},"end":{"line":283,"column":16}},"94":{"start":{"line":29,"column":13},"end":{"line":29,"column":24}},"95":{"start":{"line":29,"column":13},"end":{"line":286,"column":null}},"96":{"start":{"line":39,"column":29},"end":{"line":39,"column":46}}},"fnMap":{"0":{"name":"(anonymous_4)","decl":{"start":{"line":31,"column":2},"end":{"line":31,"column":null}},"loc":{"start":{"line":40,"column":57},"end":{"line":41,"column":6}}},"1":{"name":"(anonymous_5)","decl":{"start":{"line":43,"column":2},"end":{"line":43,"column":7}},"loc":{"start":{"line":43,"column":34},"end":{"line":108,"column":3}}},"2":{"name":"(anonymous_6)","decl":{"start":{"line":109,"column":2},"end":{"line":109,"column":7}},"loc":{"start":{"line":109,"column":28},"end":{"line":169,"column":3}}},"3":{"name":"(anonymous_7)","decl":{"start":{"line":170,"column":2},"end":{"line":170,"column":7}},"loc":{"start":{"line":170,"column":46},"end":{"line":198,"column":3}}},"4":{"name":"(anonymous_8)","decl":{"start":{"line":200,"column":2},"end":{"line":200,"column":7}},"loc":{"start":{"line":200,"column":68},"end":{"line":233,"column":3}}},"5":{"name":"(anonymous_9)","decl":{"start":{"line":234,"column":2},"end":{"line":234,"column":7}},"loc":{"start":{"line":234,"column":47},"end":{"line":263,"column":3}}},"6":{"name":"(anonymous_10)","decl":{"start":{"line":264,"column":2},"end":{"line":264,"column":7}},"loc":{"start":{"line":264,"column":43},"end":{"line":285,"column":3}}},"7":{"name":"(anonymous_11)","decl":{"start":{"line":39,"column":23},"end":{"line":39,"column":26}},"loc":{"start":{"line":39,"column":29},"end":{"line":39,"column":46}}}},"branchMap":{"0":{"loc":{"start":{"line":44,"column":4},"end":{"line":46,"column":5}},"type":"if","locations":[{"start":{"line":44,"column":4},"end":{"line":46,"column":5}}]},"1":{"loc":{"start":{"line":57,"column":6},"end":{"line":76,"column":7}},"type":"if","locations":[{"start":{"line":57,"column":6},"end":{"line":76,"column":7}}]},"2":{"loc":{"start":{"line":59,"column":8},"end":{"line":63,"column":9}},"type":"if","locations":[{"start":{"line":59,"column":8},"end":{"line":63,"column":9}}]},"3":{"loc":{"start":{"line":59,"column":12},"end":{"line":59,"column":53}},"type":"binary-expr","locations":[{"start":{"line":59,"column":12},"end":{"line":59,"column":28}},{"start":{"line":59,"column":32},"end":{"line":59,"column":53}}]},"4":{"loc":{"start":{"line":115,"column":4},"end":{"line":117,"column":5}},"type":"if","locations":[{"start":{"line":115,"column":4},"end":{"line":117,"column":5}}]},"5":{"loc":{"start":{"line":125,"column":4},"end":{"line":127,"column":5}},"type":"if","locations":[{"start":{"line":125,"column":4},"end":{"line":127,"column":5}}]},"6":{"loc":{"start":{"line":129,"column":4},"end":{"line":145,"column":5}},"type":"if","locations":[{"start":{"line":129,"column":4},"end":{"line":145,"column":5}}]},"7":{"loc":{"start":{"line":135,"column":6},"end":{"line":144,"column":7}},"type":"if","locations":[{"start":{"line":135,"column":6},"end":{"line":144,"column":7}}]},"8":{"loc":{"start":{"line":174,"column":4},"end":{"line":178,"column":5}},"type":"if","locations":[{"start":{"line":174,"column":4},"end":{"line":178,"column":5}}]},"9":{"loc":{"start":{"line":204,"column":4},"end":{"line":206,"column":5}},"type":"if","locations":[{"start":{"line":204,"column":4},"end":{"line":206,"column":5}}]},"10":{"loc":{"start":{"line":213,"column":4},"end":{"line":215,"column":5}},"type":"if","locations":[{"start":{"line":213,"column":4},"end":{"line":215,"column":5}}]},"11":{"loc":{"start":{"line":219,"column":4},"end":{"line":221,"column":5}},"type":"if","locations":[{"start":{"line":219,"column":4},"end":{"line":221,"column":5}}]},"12":{"loc":{"start":{"line":219,"column":8},"end":{"line":219,"column":59}},"type":"binary-expr","locations":[{"start":{"line":219,"column":8},"end":{"line":219,"column":38}},{"start":{"line":219,"column":42},"end":{"line":219,"column":59}}]},"13":{"loc":{"start":{"line":241,"column":6},"end":{"line":243,"column":7}},"type":"if","locations":[{"start":{"line":241,"column":6},"end":{"line":243,"column":7}}]},"14":{"loc":{"start":{"line":32,"column":54},"end":{"line":32,"column":null}},"type":"cond-expr","locations":[{"start":{"line":32,"column":58},"end":{"line":32,"column":null}},{"start":{"line":32,"column":58},"end":{"line":32,"column":null}}]},"15":{"loc":{"start":{"line":32,"column":54},"end":{"line":32,"column":58}},"type":"binary-expr","locations":[{"start":{"line":32,"column":54},"end":{"line":32,"column":null}},{"start":{"line":32,"column":54},"end":{"line":32,"column":58}}]},"16":{"loc":{"start":{"line":32,"column":58},"end":{"line":33,"column":null}},"type":"cond-expr","locations":[{"start":{"line":33,"column":45},"end":{"line":33,"column":null}},{"start":{"line":33,"column":45},"end":{"line":33,"column":null}}]},"17":{"loc":{"start":{"line":32,"column":58},"end":{"line":33,"column":45}},"type":"binary-expr","locations":[{"start":{"line":32,"column":58},"end":{"line":33,"column":null}},{"start":{"line":33,"column":34},"end":{"line":33,"column":45}}]},"18":{"loc":{"start":{"line":33,"column":45},"end":{"line":34,"column":null}},"type":"cond-expr","locations":[{"start":{"line":34,"column":48},"end":{"line":34,"column":null}},{"start":{"line":34,"column":48},"end":{"line":34,"column":null}}]},"19":{"loc":{"start":{"line":33,"column":45},"end":{"line":34,"column":48}},"type":"binary-expr","locations":[{"start":{"line":33,"column":45},"end":{"line":34,"column":null}},{"start":{"line":34,"column":32},"end":{"line":34,"column":48}}]},"20":{"loc":{"start":{"line":34,"column":48},"end":{"line":35,"column":null}},"type":"cond-expr","locations":[{"start":{"line":35,"column":49},"end":{"line":35,"column":null}},{"start":{"line":35,"column":49},"end":{"line":35,"column":null}}]},"21":{"loc":{"start":{"line":34,"column":48},"end":{"line":35,"column":49}},"type":"binary-expr","locations":[{"start":{"line":34,"column":48},"end":{"line":35,"column":null}},{"start":{"line":35,"column":36},"end":{"line":35,"column":49}}]},"22":{"loc":{"start":{"line":35,"column":49},"end":{"line":36,"column":null}},"type":"cond-expr","locations":[{"start":{"line":36,"column":63},"end":{"line":36,"column":null}},{"start":{"line":36,"column":63},"end":{"line":36,"column":null}}]},"23":{"loc":{"start":{"line":35,"column":49},"end":{"line":36,"column":63}},"type":"binary-expr","locations":[{"start":{"line":35,"column":49},"end":{"line":36,"column":null}},{"start":{"line":36,"column":40},"end":{"line":36,"column":63}}]},"24":{"loc":{"start":{"line":36,"column":63},"end":{"line":38,"column":null}},"type":"cond-expr","locations":[{"start":{"line":38,"column":50},"end":{"line":38,"column":null}},{"start":{"line":38,"column":50},"end":{"line":38,"column":null}}]},"25":{"loc":{"start":{"line":36,"column":63},"end":{"line":38,"column":50}},"type":"binary-expr","locations":[{"start":{"line":36,"column":63},"end":{"line":38,"column":null}},{"start":{"line":38,"column":36},"end":{"line":38,"column":50}}]},"26":{"loc":{"start":{"line":38,"column":50},"end":{"line":40,"column":null}},"type":"cond-expr","locations":[{"start":{"line":40,"column":57},"end":{"line":40,"column":null}},{"start":{"line":40,"column":57},"end":{"line":40,"column":null}}]},"27":{"loc":{"start":{"line":38,"column":50},"end":{"line":40,"column":57}},"type":"binary-expr","locations":[{"start":{"line":38,"column":50},"end":{"line":40,"column":null}},{"start":{"line":40,"column":40},"end":{"line":40,"column":57}}]}},"s":{"0":2,"1":2,"2":2,"3":2,"4":2,"5":2,"6":2,"7":2,"8":2,"9":2,"10":2,"11":2,"12":2,"13":2,"14":16,"15":16,"16":16,"17":16,"18":16,"19":16,"20":16,"21":4,"22":1,"23":3,"24":3,"25":3,"26":3,"27":3,"28":2,"29":1,"30":1,"31":1,"32":1,"33":2,"34":1,"35":1,"36":2,"37":2,"38":2,"39":2,"40":4,"41":4,"42":1,"43":3,"44":3,"45":1,"46":2,"47":2,"48":1,"49":1,"50":1,"51":1,"52":1,"53":2,"54":2,"55":2,"56":2,"57":2,"58":2,"59":1,"60":1,"61":1,"62":1,"63":1,"64":5,"65":5,"66":1,"67":4,"68":4,"69":1,"70":3,"71":3,"72":2,"73":1,"74":1,"75":1,"76":1,"77":2,"78":2,"79":1,"80":1,"81":0,"82":1,"83":1,"84":1,"85":1,"86":2,"87":2,"88":2,"89":1,"90":1,"91":1,"92":1,"93":1,"94":2,"95":2,"96":0},"f":{"0":16,"1":4,"2":4,"3":2,"4":5,"5":2,"6":2,"7":0},"b":{"0":[1],"1":[2],"2":[1],"3":[2,1],"4":[1],"5":[1],"6":[1],"7":[1],"8":[1],"9":[1],"10":[1],"11":[2],"12":[3,2],"13":[0],"14":[0,2],"15":[2,0],"16":[2,0],"17":[2,2],"18":[2,0],"19":[2,2],"20":[1,1],"21":[2,1],"22":[2,0],"23":[2,2],"24":[0,2],"25":[2,0],"26":[2,0],"27":[2,2]}}
,"C:\\Users\\Zeyad Rafat\\Study\\Projects\\quickbite\\core-service\\backend\\src\\app\\auth\\repository\\password-reset.repository.ts": {"path":"C:\\Users\\Zeyad Rafat\\Study\\Projects\\quickbite\\core-service\\backend\\src\\app\\auth\\repository\\password-reset.repository.ts","statementMap":{"0":{"start":{"line":2,"column":0},"end":{"line":2,"column":52}},"1":{"start":{"line":3,"column":0},"end":{"line":3,"column":28}},"2":{"start":{"line":4,"column":0},"end":{"line":4,"column":64}},"3":{"start":{"line":7,"column":7},"end":{"line":72,"column":null}},"4":{"start":{"line":19,"column":58},"end":{"line":19,"column":64}},"5":{"start":{"line":9,"column":19},"end":{"line":16,"column":4}},"6":{"start":{"line":23,"column":4},"end":{"line":30,"column":7}},"7":{"start":{"line":37,"column":15},"end":{"line":37,"column":31}},"8":{"start":{"line":38,"column":4},"end":{"line":44,"column":7}},"9":{"start":{"line":51,"column":15},"end":{"line":51,"column":31}},"10":{"start":{"line":52,"column":16},"end":{"line":57,"column":14}},"11":{"start":{"line":60,"column":4},"end":{"line":60,"column":48}},"12":{"start":{"line":67,"column":15},"end":{"line":67,"column":31}},"13":{"start":{"line":68,"column":4},"end":{"line":70,"column":7}},"14":{"start":{"line":7,"column":13},"end":{"line":7,"column":36}},"15":{"start":{"line":7,"column":13},"end":{"line":72,"column":null}}},"fnMap":{"0":{"name":"(anonymous_4)","decl":{"start":{"line":19,"column":2},"end":{"line":19,"column":15}},"loc":{"start":{"line":19,"column":68},"end":{"line":19,"column":72}}},"1":{"name":"(anonymous_5)","decl":{"start":{"line":22,"column":10},"end":{"line":22,"column":18}},"loc":{"start":{"line":22,"column":27},"end":{"line":31,"column":3}}},"2":{"name":"(anonymous_6)","decl":{"start":{"line":33,"column":2},"end":{"line":33,"column":7}},"loc":{"start":{"line":35,"column":26},"end":{"line":45,"column":3}}},"3":{"name":"(anonymous_7)","decl":{"start":{"line":47,"column":2},"end":{"line":47,"column":7}},"loc":{"start":{"line":49,"column":26},"end":{"line":61,"column":3}}},"4":{"name":"(anonymous_8)","decl":{"start":{"line":63,"column":2},"end":{"line":63,"column":7}},"loc":{"start":{"line":65,"column":26},"end":{"line":71,"column":3}}}},"branchMap":{"0":{"loc":{"start":{"line":37,"column":15},"end":{"line":37,"column":31}},"type":"binary-expr","locations":[{"start":{"line":37,"column":15},"end":{"line":37,"column":18}},{"start":{"line":37,"column":22},"end":{"line":37,"column":31}}]},"1":{"loc":{"start":{"line":43,"column":18},"end":{"line":43,"column":55}},"type":"binary-expr","locations":[{"start":{"line":43,"column":18},"end":{"line":43,"column":41}},{"start":{"line":43,"column":45},"end":{"line":43,"column":55}}]},"2":{"loc":{"start":{"line":51,"column":15},"end":{"line":51,"column":31}},"type":"binary-expr","locations":[{"start":{"line":51,"column":15},"end":{"line":51,"column":18}},{"start":{"line":51,"column":22},"end":{"line":51,"column":31}}]},"3":{"loc":{"start":{"line":60,"column":11},"end":{"line":60,"column":47}},"type":"cond-expr","locations":[{"start":{"line":60,"column":17},"end":{"line":60,"column":35}},{"start":{"line":60,"column":38},"end":{"line":60,"column":47}}]},"4":{"loc":{"start":{"line":67,"column":15},"end":{"line":67,"column":31}},"type":"binary-expr","locations":[{"start":{"line":67,"column":15},"end":{"line":67,"column":18}},{"start":{"line":67,"column":22},"end":{"line":67,"column":31}}]},"5":{"loc":{"start":{"line":19,"column":64},"end":{"line":19,"column":71}},"type":"cond-expr","locations":[{"start":{"line":19,"column":68},"end":{"line":19,"column":71}},{"start":{"line":19,"column":68},"end":{"line":19,"column":71}}]},"6":{"loc":{"start":{"line":19,"column":64},"end":{"line":19,"column":68}},"type":"binary-expr","locations":[{"start":{"line":19,"column":64},"end":{"line":19,"column":71}},{"start":{"line":19,"column":64},"end":{"line":19,"column":68}}]}},"s":{"0":8,"1":8,"2":8,"3":8,"4":3,"5":3,"6":1,"7":1,"8":1,"9":2,"10":2,"11":2,"12":1,"13":1,"14":8,"15":8},"f":{"0":3,"1":1,"2":1,"3":2,"4":1},"b":{"0":[1,1],"1":[1,0],"2":[2,2],"3":[1,1],"4":[1,1],"5":[0,8],"6":[8,0]}}
,"C:\\Users\\Zeyad Rafat\\Study\\Projects\\quickbite\\core-service\\backend\\src\\app\\branch\\branch.service.ts": {"path":"C:\\Users\\Zeyad Rafat\\Study\\Projects\\quickbite\\core-service\\backend\\src\\app\\branch\\branch.service.ts","statementMap":{"0":{"start":{"line":1,"column":0},"end":{"line":1,"column":null}},"1":{"start":{"line":6,"column":0},"end":{"line":6,"column":66}},"2":{"start":{"line":7,"column":0},"end":{"line":7,"column":43}},"3":{"start":{"line":9,"column":0},"end":{"line":9,"column":74}},"4":{"start":{"line":10,"column":0},"end":{"line":10,"column":51}},"5":{"start":{"line":11,"column":0},"end":{"line":11,"column":76}},"6":{"start":{"line":15,"column":0},"end":{"line":15,"column":null}},"7":{"start":{"line":19,"column":0},"end":{"line":19,"column":79}},"8":{"start":{"line":22,"column":7},"end":{"line":191,"column":null}},"9":{"start":{"line":25,"column":21},"end":{"line":25,"column":33}},"10":{"start":{"line":26,"column":21},"end":{"line":26,"column":40}},"11":{"start":{"line":32,"column":28},"end":{"line":37,"column":6}},"12":{"start":{"line":39,"column":27},"end":{"line":39,"column":55}},"13":{"start":{"line":42,"column":23},"end":{"line":42,"column":73}},"14":{"start":{"line":43,"column":20},"end":{"line":43,"column":78}},"15":{"start":{"line":44,"column":17},"end":{"line":48,"column":null}},"16":{"start":{"line":51,"column":4},"end":{"line":51,"column":79}},"17":{"start":{"line":62,"column":6},"end":{"line":62,"column":67}},"18":{"start":{"line":64,"column":4},"end":{"line":66,"column":5}},"19":{"start":{"line":65,"column":6},"end":{"line":65,"column":58}},"20":{"start":{"line":69,"column":4},"end":{"line":74,"column":5}},"21":{"start":{"line":73,"column":6},"end":{"line":73,"column":64}},"22":{"start":{"line":77,"column":19},"end":{"line":92,"column":6}},"23":{"start":{"line":94,"column":4},"end":{"line":94,"column":18}},"24":{"start":{"line":100,"column":28},"end":{"line":106,"column":6}},"25":{"start":{"line":108,"column":27},"end":{"line":108,"column":70}},"26":{"start":{"line":111,"column":23},"end":{"line":111,"column":73}},"27":{"start":{"line":112,"column":20},"end":{"line":112,"column":78}},"28":{"start":{"line":114,"column":17},"end":{"line":117,"column":null}},"29":{"start":{"line":120,"column":4},"end":{"line":120,"column":79}},"30":{"start":{"line":126,"column":19},"end":{"line":126,"column":53}},"31":{"start":{"line":127,"column":4},"end":{"line":129,"column":5}},"32":{"start":{"line":128,"column":6},"end":{"line":128,"column":66}},"33":{"start":{"line":132,"column":23},"end":{"line":133,"column":null}},"34":{"start":{"line":135,"column":4},"end":{"line":137,"column":5}},"35":{"start":{"line":136,"column":6},"end":{"line":136,"column":74}},"36":{"start":{"line":140,"column":4},"end":{"line":145,"column":5}},"37":{"start":{"line":144,"column":6},"end":{"line":144,"column":64}},"38":{"start":{"line":147,"column":4},"end":{"line":147,"column":50}},"39":{"start":{"line":153,"column":4},"end":{"line":155,"column":5}},"40":{"start":{"line":154,"column":6},"end":{"line":154,"column":68}},"41":{"start":{"line":158,"column":19},"end":{"line":158,"column":53}},"42":{"start":{"line":159,"column":4},"end":{"line":161,"column":5}},"43":{"start":{"line":160,"column":6},"end":{"line":160,"column":66}},"44":{"start":{"line":163,"column":4},"end":{"line":163,"column":56}},"45":{"start":{"line":171,"column":4},"end":{"line":175,"column":6}},"46":{"start":{"line":180,"column":17},"end":{"line":180,"column":59}},"47":{"start":{"line":181,"column":4},"end":{"line":183,"column":5}},"48":{"start":{"line":182,"column":6},"end":{"line":182,"column":66}},"49":{"start":{"line":184,"column":4},"end":{"line":184,"column":16}},"50":{"start":{"line":188,"column":4},"end":{"line":188,"column":36}},"51":{"start":{"line":188,"column":26},"end":{"line":188,"column":36}},"52":{"start":{"line":189,"column":4},"end":{"line":189,"column":49}},"53":{"start":{"line":22,"column":13},"end":{"line":22,"column":26}},"54":{"start":{"line":22,"column":13},"end":{"line":191,"column":null}}},"fnMap":{"0":{"name":"(anonymous_2)","decl":{"start":{"line":24,"column":2},"end":{"line":24,"column":null}},"loc":{"start":{"line":26,"column":57},"end":{"line":27,"column":6}}},"1":{"name":"(anonymous_3)","decl":{"start":{"line":30,"column":2},"end":{"line":30,"column":7}},"loc":{"start":{"line":30,"column":61},"end":{"line":52,"column":3}}},"2":{"name":"(anonymous_4)","decl":{"start":{"line":54,"column":2},"end":{"line":54,"column":7}},"loc":{"start":{"line":58,"column":25},"end":{"line":95,"column":3}}},"3":{"name":"(anonymous_5)","decl":{"start":{"line":98,"column":2},"end":{"line":98,"column":7}},"loc":{"start":{"line":98,"column":63},"end":{"line":121,"column":3}}},"4":{"name":"(anonymous_6)","decl":{"start":{"line":124,"column":2},"end":{"line":124,"column":7}},"loc":{"start":{"line":124,"column":74},"end":{"line":148,"column":3}}},"5":{"name":"(anonymous_7)","decl":{"start":{"line":151,"column":2},"end":{"line":151,"column":7}},"loc":{"start":{"line":151,"column":64},"end":{"line":164,"column":3}}},"6":{"name":"(anonymous_8)","decl":{"start":{"line":166,"column":2},"end":{"line":166,"column":7}},"loc":{"start":{"line":169,"column":26},"end":{"line":176,"column":3}}},"7":{"name":"(anonymous_9)","decl":{"start":{"line":179,"column":2},"end":{"line":179,"column":7}},"loc":{"start":{"line":179,"column":35},"end":{"line":185,"column":3}}},"8":{"name":"(anonymous_10)","decl":{"start":{"line":187,"column":2},"end":{"line":187,"column":7}},"loc":{"start":{"line":187,"column":38},"end":{"line":190,"column":3}}}},"branchMap":{"0":{"loc":{"start":{"line":64,"column":4},"end":{"line":66,"column":5}},"type":"if","locations":[{"start":{"line":64,"column":4},"end":{"line":66,"column":5}}]},"1":{"loc":{"start":{"line":69,"column":4},"end":{"line":74,"column":5}},"type":"if","locations":[{"start":{"line":69,"column":4},"end":{"line":74,"column":5}}]},"2":{"loc":{"start":{"line":70,"column":6},"end":{"line":71,"column":51}},"type":"binary-expr","locations":[{"start":{"line":70,"column":6},"end":{"line":70,"column":42}},{"start":{"line":71,"column":6},"end":{"line":71,"column":51}}]},"3":{"loc":{"start":{"line":127,"column":4},"end":{"line":129,"column":5}},"type":"if","locations":[{"start":{"line":127,"column":4},"end":{"line":129,"column":5}}]},"4":{"loc":{"start":{"line":135,"column":4},"end":{"line":137,"column":5}},"type":"if","locations":[{"start":{"line":135,"column":4},"end":{"line":137,"column":5}}]},"5":{"loc":{"start":{"line":140,"column":4},"end":{"line":145,"column":5}},"type":"if","locations":[{"start":{"line":140,"column":4},"end":{"line":145,"column":5}}]},"6":{"loc":{"start":{"line":141,"column":6},"end":{"line":142,"column":51}},"type":"binary-expr","locations":[{"start":{"line":141,"column":6},"end":{"line":141,"column":42}},{"start":{"line":142,"column":6},"end":{"line":142,"column":51}}]},"7":{"loc":{"start":{"line":153,"column":4},"end":{"line":155,"column":5}},"type":"if","locations":[{"start":{"line":153,"column":4},"end":{"line":155,"column":5}}]},"8":{"loc":{"start":{"line":159,"column":4},"end":{"line":161,"column":5}},"type":"if","locations":[{"start":{"line":159,"column":4},"end":{"line":161,"column":5}}]},"9":{"loc":{"start":{"line":181,"column":4},"end":{"line":183,"column":5}},"type":"if","locations":[{"start":{"line":181,"column":4},"end":{"line":183,"column":5}}]},"10":{"loc":{"start":{"line":188,"column":4},"end":{"line":188,"column":36}},"type":"if","locations":[{"start":{"line":188,"column":4},"end":{"line":188,"column":36}}]},"11":{"loc":{"start":{"line":25,"column":33},"end":{"line":25,"column":null}},"type":"cond-expr","locations":[{"start":{"line":25,"column":49},"end":{"line":25,"column":null}},{"start":{"line":25,"column":49},"end":{"line":25,"column":null}}]},"12":{"loc":{"start":{"line":25,"column":33},"end":{"line":25,"column":49}},"type":"binary-expr","locations":[{"start":{"line":25,"column":33},"end":{"line":25,"column":null}},{"start":{"line":25,"column":33},"end":{"line":25,"column":49}}]},"13":{"loc":{"start":{"line":25,"column":49},"end":{"line":26,"column":null}},"type":"cond-expr","locations":[{"start":{"line":26,"column":57},"end":{"line":26,"column":null}},{"start":{"line":26,"column":57},"end":{"line":26,"column":null}}]},"14":{"loc":{"start":{"line":25,"column":49},"end":{"line":26,"column":57}},"type":"binary-expr","locations":[{"start":{"line":25,"column":49},"end":{"line":26,"column":null}},{"start":{"line":26,"column":40},"end":{"line":26,"column":57}}]}},"s":{"0":3,"1":3,"2":3,"3":3,"4":3,"5":3,"6":3,"7":3,"8":3,"9":1,"10":1,"11":1,"12":1,"13":1,"14":1,"15":1,"16":1,"17":2,"18":2,"19":0,"20":2,"21":1,"22":1,"23":1,"24":1,"25":1,"26":1,"27":1,"28":1,"29":1,"30":3,"31":3,"32":1,"33":2,"34":2,"35":0,"36":2,"37":1,"38":1,"39":3,"40":1,"41":2,"42":2,"43":1,"44":1,"45":1,"46":2,"47":2,"48":1,"49":1,"50":2,"51":1,"52":1,"53":3,"54":3},"f":{"0":1,"1":1,"2":2,"3":1,"4":3,"5":3,"6":1,"7":2,"8":2},"b":{"0":[0],"1":[1],"2":[2,2],"3":[1],"4":[0],"5":[1],"6":[2,2],"7":[1],"8":[1],"9":[1],"10":[1],"11":[3,0],"12":[3,3],"13":[3,0],"14":[3,3]}}
,"C:\\Users\\Zeyad Rafat\\Study\\Projects\\quickbite\\core-service\\backend\\src\\app\\branch\\repository\\branch.repository.ts": {"path":"C:\\Users\\Zeyad Rafat\\Study\\Projects\\quickbite\\core-service\\backend\\src\\app\\branch\\repository\\branch.repository.ts","statementMap":{"0":{"start":{"line":1,"column":0},"end":{"line":1,"column":52}},"1":{"start":{"line":2,"column":0},"end":{"line":2,"column":28}},"2":{"start":{"line":3,"column":0},"end":{"line":3,"column":49}},"3":{"start":{"line":4,"column":0},"end":{"line":4,"column":null}},"4":{"start":{"line":11,"column":23},"end":{"line":30,"column":2}},"5":{"start":{"line":33,"column":7},"end":{"line":338,"column":null}},"6":{"start":{"line":35,"column":58},"end":{"line":35,"column":64}},"7":{"start":{"line":39,"column":4},"end":{"line":58,"column":7}},"8":{"start":{"line":78,"column":16},"end":{"line":97,"column":14}},"9":{"start":{"line":98,"column":4},"end":{"line":98,"column":26}},"10":{"start":{"line":98,"column":14},"end":{"line":98,"column":26}},"11":{"start":{"line":99,"column":4},"end":{"line":114,"column":6}},"12":{"start":{"line":118,"column":4},"end":{"line":118,"column":36}},"13":{"start":{"line":118,"column":26},"end":{"line":118,"column":36}},"14":{"start":{"line":120,"column":17},"end":{"line":138,"column":27}},"15":{"start":{"line":140,"column":4},"end":{"line":155,"column":8}},"16":{"start":{"line":140,"column":35},"end":{"line":155,"column":6}},"17":{"start":{"line":163,"column":15},"end":{"line":163,"column":31}},"18":{"start":{"line":165,"column":18},"end":{"line":183,"column":32}},"19":{"start":{"line":185,"column":4},"end":{"line":185,"column":30}},"20":{"start":{"line":197,"column":16},"end":{"line":214,"column":37}},"21":{"start":{"line":217,"column":4},"end":{"line":220,"column":6}},"22":{"start":{"line":223,"column":4},"end":{"line":223,"column":41}},"23":{"start":{"line":224,"column":4},"end":{"line":224,"column":53}},"24":{"start":{"line":226,"column":17},"end":{"line":226,"column":28}},"25":{"start":{"line":228,"column":4},"end":{"line":241,"column":8}},"26":{"start":{"line":228,"column":35},"end":{"line":241,"column":6}},"27":{"start":{"line":246,"column":16},"end":{"line":246,"column":78}},"28":{"start":{"line":247,"column":4},"end":{"line":247,"column":26}},"29":{"start":{"line":247,"column":14},"end":{"line":247,"column":26}},"30":{"start":{"line":248,"column":4},"end":{"line":248,"column":30}},"31":{"start":{"line":258,"column":16},"end":{"line":260,"column":null}},"32":{"start":{"line":264,"column":4},"end":{"line":264,"column":41}},"33":{"start":{"line":265,"column":4},"end":{"line":265,"column":53}},"34":{"start":{"line":267,"column":17},"end":{"line":267,"column":28}},"35":{"start":{"line":270,"column":4},"end":{"line":270,"column":49}},"36":{"start":{"line":270,"column":29},"end":{"line":270,"column":47}},"37":{"start":{"line":275,"column":28},"end":{"line":275,"column":62}},"38":{"start":{"line":277,"column":4},"end":{"line":277,"column":64}},"39":{"start":{"line":277,"column":34},"end":{"line":277,"column":64}},"40":{"start":{"line":278,"column":4},"end":{"line":279,"column":49}},"41":{"start":{"line":279,"column":6},"end":{"line":279,"column":49}},"42":{"start":{"line":280,"column":4},"end":{"line":280,"column":58}},"43":{"start":{"line":280,"column":32},"end":{"line":280,"column":58}},"44":{"start":{"line":281,"column":4},"end":{"line":281,"column":58}},"45":{"start":{"line":281,"column":32},"end":{"line":281,"column":58}},"46":{"start":{"line":282,"column":4},"end":{"line":282,"column":71}},"47":{"start":{"line":282,"column":36},"end":{"line":282,"column":71}},"48":{"start":{"line":283,"column":4},"end":{"line":283,"column":74}},"49":{"start":{"line":283,"column":37},"end":{"line":283,"column":74}},"50":{"start":{"line":284,"column":4},"end":{"line":285,"column":55}},"51":{"start":{"line":285,"column":6},"end":{"line":285,"column":55}},"52":{"start":{"line":286,"column":4},"end":{"line":286,"column":73}},"53":{"start":{"line":286,"column":37},"end":{"line":286,"column":73}},"54":{"start":{"line":287,"column":4},"end":{"line":288,"column":51}},"55":{"start":{"line":288,"column":6},"end":{"line":288,"column":51}},"56":{"start":{"line":290,"column":25},"end":{"line":293,"column":21}},"57":{"start":{"line":295,"column":4},"end":{"line":295,"column":37}},"58":{"start":{"line":303,"column":28},"end":{"line":303,"column":62}},"59":{"start":{"line":305,"column":4},"end":{"line":305,"column":74}},"60":{"start":{"line":305,"column":37},"end":{"line":305,"column":74}},"61":{"start":{"line":306,"column":4},"end":{"line":306,"column":79}},"62":{"start":{"line":306,"column":39},"end":{"line":306,"column":79}},"63":{"start":{"line":308,"column":25},"end":{"line":311,"column":68}},"64":{"start":{"line":314,"column":4},"end":{"line":319,"column":6}},"65":{"start":{"line":327,"column":15},"end":{"line":327,"column":31}},"66":{"start":{"line":329,"column":19},"end":{"line":333,"column":14}},"67":{"start":{"line":335,"column":23},"end":{"line":335,"column":49}},"68":{"start":{"line":336,"column":4},"end":{"line":336,"column":43}},"69":{"start":{"line":33,"column":13},"end":{"line":33,"column":29}},"70":{"start":{"line":33,"column":13},"end":{"line":338,"column":null}}},"fnMap":{"0":{"name":"(anonymous_4)","decl":{"start":{"line":35,"column":2},"end":{"line":35,"column":15}},"loc":{"start":{"line":35,"column":68},"end":{"line":35,"column":72}}},"1":{"name":"(anonymous_5)","decl":{"start":{"line":38,"column":10},"end":{"line":38,"column":18}},"loc":{"start":{"line":38,"column":27},"end":{"line":59,"column":3}}},"2":{"name":"(anonymous_6)","decl":{"start":{"line":62,"column":2},"end":{"line":62,"column":7}},"loc":{"start":{"line":62,"column":35},"end":{"line":115,"column":3}}},"3":{"name":"(anonymous_7)","decl":{"start":{"line":117,"column":2},"end":{"line":117,"column":7}},"loc":{"start":{"line":117,"column":38},"end":{"line":156,"column":3}}},"4":{"name":"(anonymous_8)","decl":{"start":{"line":140,"column":20},"end":{"line":140,"column":21}},"loc":{"start":{"line":140,"column":35},"end":{"line":155,"column":6}}},"5":{"name":"(anonymous_9)","decl":{"start":{"line":159,"column":2},"end":{"line":159,"column":7}},"loc":{"start":{"line":161,"column":26},"end":{"line":186,"column":3}}},"6":{"name":"(anonymous_10)","decl":{"start":{"line":189,"column":2},"end":{"line":189,"column":7}},"loc":{"start":{"line":193,"column":27},"end":{"line":242,"column":3}}},"7":{"name":"(anonymous_11)","decl":{"start":{"line":228,"column":20},"end":{"line":228,"column":21}},"loc":{"start":{"line":228,"column":35},"end":{"line":241,"column":6}}},"8":{"name":"(anonymous_12)","decl":{"start":{"line":245,"column":2},"end":{"line":245,"column":7}},"loc":{"start":{"line":245,"column":27},"end":{"line":249,"column":3}}},"9":{"name":"(anonymous_13)","decl":{"start":{"line":252,"column":2},"end":{"line":252,"column":7}},"loc":{"start":{"line":255,"column":27},"end":{"line":271,"column":3}}},"10":{"name":"(anonymous_14)","decl":{"start":{"line":270,"column":20},"end":{"line":270,"column":21}},"loc":{"start":{"line":270,"column":29},"end":{"line":270,"column":47}}},"11":{"name":"(anonymous_15)","decl":{"start":{"line":274,"column":2},"end":{"line":274,"column":7}},"loc":{"start":{"line":274,"column":51},"end":{"line":296,"column":3}}},"12":{"name":"(anonymous_16)","decl":{"start":{"line":299,"column":2},"end":{"line":299,"column":7}},"loc":{"start":{"line":301,"column":53},"end":{"line":320,"column":3}}},"13":{"name":"(anonymous_17)","decl":{"start":{"line":322,"column":2},"end":{"line":322,"column":7}},"loc":{"start":{"line":325,"column":26},"end":{"line":337,"column":3}}}},"branchMap":{"0":{"loc":{"start":{"line":56,"column":19},"end":{"line":56,"column":80}},"type":"cond-expr","locations":[{"start":{"line":56,"column":52},"end":{"line":56,"column":76}},{"start":{"line":56,"column":79},"end":{"line":56,"column":80}}]},"1":{"loc":{"start":{"line":98,"column":4},"end":{"line":98,"column":26}},"type":"if","locations":[{"start":{"line":98,"column":4},"end":{"line":98,"column":26}}]},"2":{"loc":{"start":{"line":118,"column":4},"end":{"line":118,"column":36}},"type":"if","locations":[{"start":{"line":118,"column":4},"end":{"line":118,"column":36}}]},"3":{"loc":{"start":{"line":163,"column":15},"end":{"line":163,"column":31}},"type":"binary-expr","locations":[{"start":{"line":163,"column":15},"end":{"line":163,"column":18}},{"start":{"line":163,"column":22},"end":{"line":163,"column":31}}]},"4":{"loc":{"start":{"line":173,"column":19},"end":{"line":173,"column":40}},"type":"binary-expr","locations":[{"start":{"line":173,"column":19},"end":{"line":173,"column":32}},{"start":{"line":173,"column":36},"end":{"line":173,"column":40}}]},"5":{"loc":{"start":{"line":176,"column":23},"end":{"line":176,"column":48}},"type":"binary-expr","locations":[{"start":{"line":176,"column":23},"end":{"line":176,"column":40}},{"start":{"line":176,"column":44},"end":{"line":176,"column":48}}]},"6":{"loc":{"start":{"line":247,"column":4},"end":{"line":247,"column":26}},"type":"if","locations":[{"start":{"line":247,"column":4},"end":{"line":247,"column":26}}]},"7":{"loc":{"start":{"line":277,"column":4},"end":{"line":277,"column":64}},"type":"if","locations":[{"start":{"line":277,"column":4},"end":{"line":277,"column":64}}]},"8":{"loc":{"start":{"line":278,"column":4},"end":{"line":279,"column":49}},"type":"if","locations":[{"start":{"line":278,"column":4},"end":{"line":279,"column":49}}]},"9":{"loc":{"start":{"line":280,"column":4},"end":{"line":280,"column":58}},"type":"if","locations":[{"start":{"line":280,"column":4},"end":{"line":280,"column":58}}]},"10":{"loc":{"start":{"line":281,"column":4},"end":{"line":281,"column":58}},"type":"if","locations":[{"start":{"line":281,"column":4},"end":{"line":281,"column":58}}]},"11":{"loc":{"start":{"line":282,"column":4},"end":{"line":282,"column":71}},"type":"if","locations":[{"start":{"line":282,"column":4},"end":{"line":282,"column":71}}]},"12":{"loc":{"start":{"line":283,"column":4},"end":{"line":283,"column":74}},"type":"if","locations":[{"start":{"line":283,"column":4},"end":{"line":283,"column":74}}]},"13":{"loc":{"start":{"line":284,"column":4},"end":{"line":285,"column":55}},"type":"if","locations":[{"start":{"line":284,"column":4},"end":{"line":285,"column":55}}]},"14":{"loc":{"start":{"line":286,"column":4},"end":{"line":286,"column":73}},"type":"if","locations":[{"start":{"line":286,"column":4},"end":{"line":286,"column":73}}]},"15":{"loc":{"start":{"line":287,"column":4},"end":{"line":288,"column":51}},"type":"if","locations":[{"start":{"line":287,"column":4},"end":{"line":288,"column":51}}]},"16":{"loc":{"start":{"line":305,"column":4},"end":{"line":305,"column":74}},"type":"if","locations":[{"start":{"line":305,"column":4},"end":{"line":305,"column":74}}]},"17":{"loc":{"start":{"line":306,"column":4},"end":{"line":306,"column":79}},"type":"if","locations":[{"start":{"line":306,"column":4},"end":{"line":306,"column":79}}]},"18":{"loc":{"start":{"line":327,"column":15},"end":{"line":327,"column":31}},"type":"binary-expr","locations":[{"start":{"line":327,"column":15},"end":{"line":327,"column":18}},{"start":{"line":327,"column":22},"end":{"line":327,"column":31}}]},"19":{"loc":{"start":{"line":335,"column":30},"end":{"line":335,"column":48}},"type":"binary-expr","locations":[{"start":{"line":335,"column":30},"end":{"line":335,"column":43}},{"start":{"line":335,"column":47},"end":{"line":335,"column":48}}]},"20":{"loc":{"start":{"line":35,"column":64},"end":{"line":35,"column":71}},"type":"cond-expr","locations":[{"start":{"line":35,"column":68},"end":{"line":35,"column":71}},{"start":{"line":35,"column":68},"end":{"line":35,"column":71}}]},"21":{"loc":{"start":{"line":35,"column":64},"end":{"line":35,"column":68}},"type":"binary-expr","locations":[{"start":{"line":35,"column":64},"end":{"line":35,"column":71}},{"start":{"line":35,"column":64},"end":{"line":35,"column":68}}]}},"s":{"0":4,"1":4,"2":4,"3":4,"4":4,"5":4,"6":7,"7":4,"8":2,"9":2,"10":1,"11":1,"12":2,"13":1,"14":1,"15":1,"16":1,"17":1,"18":1,"19":1,"20":1,"21":1,"22":1,"23":1,"24":1,"25":1,"26":1,"27":2,"28":2,"29":1,"30":1,"31":1,"32":1,"33":1,"34":1,"35":1,"36":1,"37":1,"38":1,"39":1,"40":1,"41":1,"42":1,"43":1,"44":1,"45":1,"46":1,"47":1,"48":1,"49":1,"50":1,"51":1,"52":1,"53":1,"54":1,"55":1,"56":1,"57":1,"58":1,"59":1,"60":1,"61":1,"62":1,"63":1,"64":1,"65":2,"66":2,"67":2,"68":2,"69":4,"70":4},"f":{"0":7,"1":4,"2":2,"3":2,"4":1,"5":1,"6":1,"7":1,"8":2,"9":1,"10":1,"11":1,"12":1,"13":2},"b":{"0":[4,0],"1":[1],"2":[1],"3":[1,1],"4":[1,1],"5":[1,1],"6":[1],"7":[1],"8":[1],"9":[1],"10":[1],"11":[1],"12":[1],"13":[1],"14":[1],"15":[1],"16":[1],"17":[1],"18":[2,2],"19":[2,0],"20":[0,4],"21":[4,0]}}
,"C:\\Users\\Zeyad Rafat\\Study\\Projects\\quickbite\\core-service\\backend\\src\\app\\product\\product.service.ts": {"path":"C:\\Users\\Zeyad Rafat\\Study\\Projects\\quickbite\\core-service\\backend\\src\\app\\product\\product.service.ts","statementMap":{"0":{"start":{"line":1,"column":0},"end":{"line":1,"column":null}},"1":{"start":{"line":8,"column":0},"end":{"line":8,"column":28}},"2":{"start":{"line":9,"column":0},"end":{"line":9,"column":68}},"3":{"start":{"line":10,"column":0},"end":{"line":10,"column":70}},"4":{"start":{"line":11,"column":0},"end":{"line":11,"column":69}},"5":{"start":{"line":13,"column":0},"end":{"line":13,"column":43}},"6":{"start":{"line":14,"column":0},"end":{"line":14,"column":53}},"7":{"start":{"line":16,"column":0},"end":{"line":16,"column":96}},"8":{"start":{"line":17,"column":0},"end":{"line":17,"column":70}},"9":{"start":{"line":18,"column":0},"end":{"line":18,"column":59}},"10":{"start":{"line":21,"column":0},"end":{"line":21,"column":null}},"11":{"start":{"line":25,"column":0},"end":{"line":25,"column":79}},"12":{"start":{"line":28,"column":7},"end":{"line":447,"column":null}},"13":{"start":{"line":30,"column":21},"end":{"line":30,"column":34}},"14":{"start":{"line":31,"column":21},"end":{"line":31,"column":35}},"15":{"start":{"line":32,"column":21},"end":{"line":32,"column":40}},"16":{"start":{"line":33,"column":21},"end":{"line":33,"column":40}},"17":{"start":{"line":34,"column":21},"end":{"line":34,"column":33}},"18":{"start":{"line":35,"column":48},"end":{"line":35,"column":54}},"19":{"start":{"line":45,"column":6},"end":{"line":45,"column":67}},"20":{"start":{"line":47,"column":4},"end":{"line":52,"column":5}},"21":{"start":{"line":51,"column":6},"end":{"line":51,"column":65}},"22":{"start":{"line":54,"column":16},"end":{"line":54,"column":45}},"23":{"start":{"line":56,"column":4},"end":{"line":93,"column":5}},"24":{"start":{"line":57,"column":38},"end":{"line":57,"column":42}},"25":{"start":{"line":59,"column":6},"end":{"line":74,"column":7}},"26":{"start":{"line":60,"column":23},"end":{"line":63,"column":null}},"27":{"start":{"line":66,"column":8},"end":{"line":72,"column":9}},"28":{"start":{"line":67,"column":10},"end":{"line":71,"column":12}},"29":{"start":{"line":73,"column":8},"end":{"line":73,"column":33}},"30":{"start":{"line":76,"column":22},"end":{"line":84,"column":null}},"31":{"start":{"line":87,"column":6},"end":{"line":87,"column":25}},"32":{"start":{"line":89,"column":6},"end":{"line":89,"column":21}},"33":{"start":{"line":91,"column":6},"end":{"line":91,"column":27}},"34":{"start":{"line":92,"column":6},"end":{"line":92,"column":18}},"35":{"start":{"line":98,"column":4},"end":{"line":98,"column":70}},"36":{"start":{"line":105,"column":29},"end":{"line":111,"column":6}},"37":{"start":{"line":113,"column":27},"end":{"line":113,"column":56}},"38":{"start":{"line":115,"column":23},"end":{"line":115,"column":74}},"39":{"start":{"line":116,"column":20},"end":{"line":116,"column":79}},"40":{"start":{"line":118,"column":21},"end":{"line":121,"column":null}},"41":{"start":{"line":124,"column":4},"end":{"line":128,"column":6}},"42":{"start":{"line":139,"column":6},"end":{"line":139,"column":67}},"43":{"start":{"line":141,"column":4},"end":{"line":148,"column":5}},"44":{"start":{"line":145,"column":6},"end":{"line":147,"column":8}},"45":{"start":{"line":151,"column":23},"end":{"line":155,"column":6}},"46":{"start":{"line":157,"column":27},"end":{"line":157,"column":41}},"47":{"start":{"line":159,"column":23},"end":{"line":159,"column":68}},"48":{"start":{"line":160,"column":20},"end":{"line":160,"column":73}},"49":{"start":{"line":162,"column":21},"end":{"line":165,"column":null}},"50":{"start":{"line":168,"column":4},"end":{"line":172,"column":6}},"51":{"start":{"line":177,"column":20},"end":{"line":177,"column":62}},"52":{"start":{"line":178,"column":4},"end":{"line":180,"column":5}},"53":{"start":{"line":179,"column":6},"end":{"line":179,"column":55}},"54":{"start":{"line":181,"column":4},"end":{"line":190,"column":6}},"55":{"start":{"line":201,"column":20},"end":{"line":201,"column":62}},"56":{"start":{"line":202,"column":4},"end":{"line":204,"column":5}},"57":{"start":{"line":203,"column":6},"end":{"line":203,"column":55}},"58":{"start":{"line":207,"column":23},"end":{"line":208,"column":null}},"59":{"start":{"line":210,"column":4},"end":{"line":217,"column":5}},"60":{"start":{"line":214,"column":6},"end":{"line":216,"column":8}},"61":{"start":{"line":220,"column":16},"end":{"line":220,"column":45}},"62":{"start":{"line":222,"column":4},"end":{"line":350,"column":5}},"63":{"start":{"line":223,"column":23},"end":{"line":223,"column":41}},"64":{"start":{"line":226,"column":6},"end":{"line":244,"column":7}},"65":{"start":{"line":227,"column":8},"end":{"line":243,"column":9}},"66":{"start":{"line":228,"column":10},"end":{"line":228,"column":28}},"67":{"start":{"line":230,"column":25},"end":{"line":233,"column":null}},"68":{"start":{"line":235,"column":10},"end":{"line":241,"column":11}},"69":{"start":{"line":236,"column":12},"end":{"line":240,"column":14}},"70":{"start":{"line":242,"column":10},"end":{"line":242,"column":35}},"71":{"start":{"line":247,"column":27},"end":{"line":247,"column":34}},"72":{"start":{"line":249,"column":8},"end":{"line":252,"column":39}},"73":{"start":{"line":254,"column":6},"end":{"line":288,"column":7}},"74":{"start":{"line":255,"column":8},"end":{"line":264,"column":10}},"75":{"start":{"line":271,"column":10},"end":{"line":271,"column":64}},"76":{"start":{"line":272,"column":8},"end":{"line":287,"column":9}},"77":{"start":{"line":273,"column":28},"end":{"line":275,"column":null}},"78":{"start":{"line":277,"column":10},"end":{"line":286,"column":12}},"79":{"start":{"line":279,"column":14},"end":{"line":284,"column":16}},"80":{"start":{"line":291,"column":26},"end":{"line":291,"column":35}},"81":{"start":{"line":293,"column":8},"end":{"line":295,"column":38}},"82":{"start":{"line":297,"column":6},"end":{"line":339,"column":7}},"83":{"start":{"line":298,"column":8},"end":{"line":307,"column":10}},"84":{"start":{"line":309,"column":8},"end":{"line":313,"column":9}},"85":{"start":{"line":310,"column":10},"end":{"line":312,"column":12}},"86":{"start":{"line":315,"column":8},"end":{"line":322,"column":9}},"87":{"start":{"line":316,"column":10},"end":{"line":321,"column":13}},"88":{"start":{"line":323,"column":8},"end":{"line":330,"column":9}},"89":{"start":{"line":324,"column":10},"end":{"line":329,"column":13}},"90":{"start":{"line":331,"column":8},"end":{"line":338,"column":9}},"91":{"start":{"line":332,"column":10},"end":{"line":337,"column":13}},"92":{"start":{"line":341,"column":6},"end":{"line":341,"column":25}},"93":{"start":{"line":343,"column":6},"end":{"line":346,"column":8}},"94":{"start":{"line":348,"column":6},"end":{"line":348,"column":27}},"95":{"start":{"line":349,"column":6},"end":{"line":349,"column":18}},"96":{"start":{"line":355,"column":4},"end":{"line":355,"column":77}},"97":{"start":{"line":363,"column":4},"end":{"line":365,"column":5}},"98":{"start":{"line":364,"column":6},"end":{"line":364,"column":90}},"99":{"start":{"line":366,"column":16},"end":{"line":366,"column":45}},"100":{"start":{"line":367,"column":4},"end":{"line":400,"column":5}},"101":{"start":{"line":368,"column":21},"end":{"line":368,"column":78}},"102":{"start":{"line":369,"column":6},"end":{"line":375,"column":7}},"103":{"start":{"line":370,"column":8},"end":{"line":370,"column":29}},"104":{"start":{"line":371,"column":8},"end":{"line":374,"column":11}},"105":{"start":{"line":377,"column":6},"end":{"line":389,"column":8}},"106":{"start":{"line":379,"column":29},"end":{"line":388,"column":10}},"107":{"start":{"line":391,"column":6},"end":{"line":391,"column":25}},"108":{"start":{"line":392,"column":6},"end":{"line":392,"column":43}},"109":{"start":{"line":394,"column":6},"end":{"line":398,"column":7}},"110":{"start":{"line":395,"column":8},"end":{"line":395,"column":29}},"111":{"start":{"line":399,"column":6},"end":{"line":399,"column":16}},"112":{"start":{"line":408,"column":4},"end":{"line":410,"column":5}},"113":{"start":{"line":409,"column":6},"end":{"line":409,"column":90}},"114":{"start":{"line":411,"column":16},"end":{"line":411,"column":45}},"115":{"start":{"line":412,"column":4},"end":{"line":445,"column":5}},"116":{"start":{"line":413,"column":21},"end":{"line":413,"column":78}},"117":{"start":{"line":414,"column":6},"end":{"line":420,"column":7}},"118":{"start":{"line":415,"column":8},"end":{"line":415,"column":29}},"119":{"start":{"line":416,"column":8},"end":{"line":419,"column":11}},"120":{"start":{"line":422,"column":6},"end":{"line":434,"column":8}},"121":{"start":{"line":424,"column":29},"end":{"line":433,"column":10}},"122":{"start":{"line":436,"column":6},"end":{"line":436,"column":25}},"123":{"start":{"line":437,"column":6},"end":{"line":437,"column":43}},"124":{"start":{"line":439,"column":6},"end":{"line":443,"column":7}},"125":{"start":{"line":440,"column":8},"end":{"line":440,"column":29}},"126":{"start":{"line":444,"column":6},"end":{"line":444,"column":16}},"127":{"start":{"line":28,"column":13},"end":{"line":28,"column":27}},"128":{"start":{"line":28,"column":13},"end":{"line":447,"column":null}}},"fnMap":{"0":{"name":"(anonymous_4)","decl":{"start":{"line":29,"column":2},"end":{"line":29,"column":null}},"loc":{"start":{"line":35,"column":58},"end":{"line":36,"column":6}}},"1":{"name":"(anonymous_5)","decl":{"start":{"line":38,"column":2},"end":{"line":38,"column":7}},"loc":{"start":{"line":42,"column":26},"end":{"line":94,"column":3}}},"2":{"name":"(anonymous_6)","decl":{"start":{"line":97,"column":2},"end":{"line":97,"column":7}},"loc":{"start":{"line":97,"column":43},"end":{"line":99,"column":3}}},"3":{"name":"(anonymous_7)","decl":{"start":{"line":102,"column":2},"end":{"line":102,"column":7}},"loc":{"start":{"line":102,"column":55},"end":{"line":129,"column":3}}},"4":{"name":"(anonymous_8)","decl":{"start":{"line":132,"column":2},"end":{"line":132,"column":7}},"loc":{"start":{"line":136,"column":20},"end":{"line":173,"column":3}}},"5":{"name":"(anonymous_9)","decl":{"start":{"line":176,"column":2},"end":{"line":176,"column":7}},"loc":{"start":{"line":176,"column":27},"end":{"line":191,"column":3}}},"6":{"name":"(anonymous_10)","decl":{"start":{"line":193,"column":2},"end":{"line":193,"column":7}},"loc":{"start":{"line":198,"column":21},"end":{"line":351,"column":3}}},"7":{"name":"(anonymous_11)","decl":{"start":{"line":278,"column":26},"end":{"line":278,"column":27}},"loc":{"start":{"line":279,"column":14},"end":{"line":284,"column":16}}},"8":{"name":"(anonymous_12)","decl":{"start":{"line":354,"column":2},"end":{"line":354,"column":7}},"loc":{"start":{"line":354,"column":73},"end":{"line":356,"column":3}}},"9":{"name":"(anonymous_13)","decl":{"start":{"line":359,"column":2},"end":{"line":359,"column":7}},"loc":{"start":{"line":361,"column":57},"end":{"line":401,"column":3}}},"10":{"name":"(anonymous_14)","decl":{"start":{"line":379,"column":18},"end":{"line":379,"column":19}},"loc":{"start":{"line":379,"column":29},"end":{"line":388,"column":10}}},"11":{"name":"(anonymous_15)","decl":{"start":{"line":404,"column":2},"end":{"line":404,"column":7}},"loc":{"start":{"line":406,"column":57},"end":{"line":446,"column":3}}},"12":{"name":"(anonymous_16)","decl":{"start":{"line":424,"column":18},"end":{"line":424,"column":19}},"loc":{"start":{"line":424,"column":29},"end":{"line":433,"column":10}}}},"branchMap":{"0":{"loc":{"start":{"line":47,"column":4},"end":{"line":52,"column":5}},"type":"if","locations":[{"start":{"line":47,"column":4},"end":{"line":52,"column":5}}]},"1":{"loc":{"start":{"line":48,"column":6},"end":{"line":49,"column":51}},"type":"binary-expr","locations":[{"start":{"line":48,"column":6},"end":{"line":48,"column":42}},{"start":{"line":49,"column":6},"end":{"line":49,"column":51}}]},"2":{"loc":{"start":{"line":59,"column":6},"end":{"line":74,"column":7}},"type":"if","locations":[{"start":{"line":59,"column":6},"end":{"line":74,"column":7}}]},"3":{"loc":{"start":{"line":66,"column":8},"end":{"line":72,"column":9}},"type":"if","locations":[{"start":{"line":66,"column":8},"end":{"line":72,"column":9}}]},"4":{"loc":{"start":{"line":141,"column":4},"end":{"line":148,"column":5}},"type":"if","locations":[{"start":{"line":141,"column":4},"end":{"line":148,"column":5}}]},"5":{"loc":{"start":{"line":142,"column":6},"end":{"line":143,"column":51}},"type":"binary-expr","locations":[{"start":{"line":142,"column":6},"end":{"line":142,"column":42}},{"start":{"line":143,"column":6},"end":{"line":143,"column":51}}]},"6":{"loc":{"start":{"line":178,"column":4},"end":{"line":180,"column":5}},"type":"if","locations":[{"start":{"line":178,"column":4},"end":{"line":180,"column":5}}]},"7":{"loc":{"start":{"line":202,"column":4},"end":{"line":204,"column":5}},"type":"if","locations":[{"start":{"line":202,"column":4},"end":{"line":204,"column":5}}]},"8":{"loc":{"start":{"line":210,"column":4},"end":{"line":217,"column":5}},"type":"if","locations":[{"start":{"line":210,"column":4},"end":{"line":217,"column":5}}]},"9":{"loc":{"start":{"line":211,"column":6},"end":{"line":212,"column":51}},"type":"binary-expr","locations":[{"start":{"line":211,"column":6},"end":{"line":211,"column":42}},{"start":{"line":212,"column":6},"end":{"line":212,"column":51}}]},"10":{"loc":{"start":{"line":226,"column":6},"end":{"line":244,"column":7}},"type":"if","locations":[{"start":{"line":226,"column":6},"end":{"line":244,"column":7}}]},"11":{"loc":{"start":{"line":227,"column":8},"end":{"line":243,"column":9}},"type":"if","locations":[{"start":{"line":227,"column":8},"end":{"line":243,"column":9}},{"start":{"line":229,"column":15},"end":{"line":243,"column":9}}]},"12":{"loc":{"start":{"line":235,"column":10},"end":{"line":241,"column":11}},"type":"if","locations":[{"start":{"line":235,"column":10},"end":{"line":241,"column":11}}]},"13":{"loc":{"start":{"line":249,"column":8},"end":{"line":252,"column":39}},"type":"binary-expr","locations":[{"start":{"line":249,"column":8},"end":{"line":249,"column":31}},{"start":{"line":250,"column":8},"end":{"line":250,"column":38}},{"start":{"line":251,"column":8},"end":{"line":251,"column":35}},{"start":{"line":252,"column":8},"end":{"line":252,"column":39}}]},"14":{"loc":{"start":{"line":254,"column":6},"end":{"line":288,"column":7}},"type":"if","locations":[{"start":{"line":254,"column":6},"end":{"line":288,"column":7}}]},"15":{"loc":{"start":{"line":271,"column":10},"end":{"line":271,"column":64}},"type":"binary-expr","locations":[{"start":{"line":271,"column":10},"end":{"line":271,"column":33}},{"start":{"line":271,"column":37},"end":{"line":271,"column":64}}]},"16":{"loc":{"start":{"line":272,"column":8},"end":{"line":287,"column":9}},"type":"if","locations":[{"start":{"line":272,"column":8},"end":{"line":287,"column":9}}]},"17":{"loc":{"start":{"line":293,"column":8},"end":{"line":295,"column":38}},"type":"binary-expr","locations":[{"start":{"line":293,"column":8},"end":{"line":293,"column":32}},{"start":{"line":294,"column":8},"end":{"line":294,"column":32}},{"start":{"line":295,"column":8},"end":{"line":295,"column":38}}]},"18":{"loc":{"start":{"line":297,"column":6},"end":{"line":339,"column":7}},"type":"if","locations":[{"start":{"line":297,"column":6},"end":{"line":339,"column":7}}]},"19":{"loc":{"start":{"line":297,"column":10},"end":{"line":297,"column":39}},"type":"binary-expr","locations":[{"start":{"line":297,"column":10},"end":{"line":297,"column":18}},{"start":{"line":297,"column":22},"end":{"line":297,"column":39}}]},"20":{"loc":{"start":{"line":309,"column":8},"end":{"line":313,"column":9}},"type":"if","locations":[{"start":{"line":309,"column":8},"end":{"line":313,"column":9}}]},"21":{"loc":{"start":{"line":315,"column":8},"end":{"line":322,"column":9}},"type":"if","locations":[{"start":{"line":315,"column":8},"end":{"line":322,"column":9}}]},"22":{"loc":{"start":{"line":323,"column":8},"end":{"line":330,"column":9}},"type":"if","locations":[{"start":{"line":323,"column":8},"end":{"line":330,"column":9}}]},"23":{"loc":{"start":{"line":331,"column":8},"end":{"line":338,"column":9}},"type":"if","locations":[{"start":{"line":331,"column":8},"end":{"line":338,"column":9}}]},"24":{"loc":{"start":{"line":363,"column":4},"end":{"line":365,"column":5}},"type":"if","locations":[{"start":{"line":363,"column":4},"end":{"line":365,"column":5}}]},"25":{"loc":{"start":{"line":369,"column":6},"end":{"line":375,"column":7}},"type":"if","locations":[{"start":{"line":369,"column":6},"end":{"line":375,"column":7}}]},"26":{"loc":{"start":{"line":408,"column":4},"end":{"line":410,"column":5}},"type":"if","locations":[{"start":{"line":408,"column":4},"end":{"line":410,"column":5}}]},"27":{"loc":{"start":{"line":414,"column":6},"end":{"line":420,"column":7}},"type":"if","locations":[{"start":{"line":414,"column":6},"end":{"line":420,"column":7}}]},"28":{"loc":{"start":{"line":30,"column":34},"end":{"line":30,"column":null}},"type":"cond-expr","locations":[{"start":{"line":30,"column":51},"end":{"line":30,"column":null}},{"start":{"line":30,"column":51},"end":{"line":30,"column":null}}]},"29":{"loc":{"start":{"line":30,"column":34},"end":{"line":30,"column":51}},"type":"binary-expr","locations":[{"start":{"line":30,"column":34},"end":{"line":30,"column":null}},{"start":{"line":30,"column":34},"end":{"line":30,"column":51}}]},"30":{"loc":{"start":{"line":30,"column":51},"end":{"line":31,"column":null}},"type":"cond-expr","locations":[{"start":{"line":31,"column":53},"end":{"line":31,"column":null}},{"start":{"line":31,"column":53},"end":{"line":31,"column":null}}]},"31":{"loc":{"start":{"line":30,"column":51},"end":{"line":31,"column":53}},"type":"binary-expr","locations":[{"start":{"line":30,"column":51},"end":{"line":31,"column":null}},{"start":{"line":31,"column":35},"end":{"line":31,"column":53}}]},"32":{"loc":{"start":{"line":31,"column":53},"end":{"line":32,"column":null}},"type":"cond-expr","locations":[{"start":{"line":32,"column":70},"end":{"line":32,"column":null}},{"start":{"line":32,"column":70},"end":{"line":32,"column":null}}]},"33":{"loc":{"start":{"line":31,"column":53},"e
[...]
nd":{"line":84,"column":30}},"16":{"start":{"line":92,"column":15},"end":{"line":92,"column":31}},"17":{"start":{"line":93,"column":4},"end":{"line":93,"column":74}},"18":{"start":{"line":96,"column":16},"end":{"line":96,"column":64}},"19":{"start":{"line":98,"column":4},"end":{"line":98,"column":48}},"20":{"start":{"line":104,"column":31},"end":{"line":104,"column":57}},"21":{"start":{"line":107,"column":4},"end":{"line":107,"column":64}},"22":{"start":{"line":107,"column":33},"end":{"line":107,"column":64}},"23":{"start":{"line":108,"column":4},"end":{"line":108,"column":67}},"24":{"start":{"line":108,"column":34},"end":{"line":108,"column":67}},"25":{"start":{"line":111,"column":4},"end":{"line":113,"column":5}},"26":{"start":{"line":112,"column":6},"end":{"line":112,"column":69}},"27":{"start":{"line":18,"column":13},"end":{"line":18,"column":27}},"28":{"start":{"line":18,"column":13},"end":{"line":115,"column":null}}},"fnMap":{"0":{"name":"(anonymous_4)","decl":{"start":{"line":22,"column":2},"end":{"line":22,"column":15}},"loc":{"start":{"line":22,"column":68},"end":{"line":22,"column":72}}},"1":{"name":"(anonymous_5)","decl":{"start":{"line":24,"column":10},"end":{"line":24,"column":18}},"loc":{"start":{"line":24,"column":27},"end":{"line":36,"column":3}}},"2":{"name":"(anonymous_6)","decl":{"start":{"line":38,"column":2},"end":{"line":38,"column":7}},"loc":{"start":{"line":40,"column":26},"end":{"line":50,"column":3}}},"3":{"name":"(anonymous_7)","decl":{"start":{"line":52,"column":2},"end":{"line":52,"column":7}},"loc":{"start":{"line":55,"column":26},"end":{"line":67,"column":3}}},"4":{"name":"(anonymous_8)","decl":{"start":{"line":69,"column":2},"end":{"line":69,"column":7}},"loc":{"start":{"line":69,"column":62},"end":{"line":85,"column":3}}},"5":{"name":"(anonymous_9)","decl":{"start":{"line":87,"column":2},"end":{"line":87,"column":7}},"loc":{"start":{"line":90,"column":26},"end":{"line":94,"column":3}}},"6":{"name":"(anonymous_10)","decl":{"start":{"line":95,"column":2},"end":{"line":95,"column":7}},"loc":{"start":{"line":95,"column":31},"end":{"line":99,"column":3}}},"7":{"name":"(anonymous_11)","decl":{"start":{"line":100,"column":2},"end":{"line":100,"column":7}},"loc":{"start":{"line":102,"column":43},"end":{"line":114,"column":3}}}},"branchMap":{"0":{"loc":{"start":{"line":42,"column":15},"end":{"line":42,"column":31}},"type":"binary-expr","locations":[{"start":{"line":42,"column":15},"end":{"line":42,"column":18}},{"start":{"line":42,"column":22},"end":{"line":42,"column":31}}]},"1":{"loc":{"start":{"line":49,"column":11},"end":{"line":49,"column":47}},"type":"cond-expr","locations":[{"start":{"line":49,"column":17},"end":{"line":49,"column":35}},{"start":{"line":49,"column":38},"end":{"line":49,"column":47}}]},"2":{"loc":{"start":{"line":58,"column":15},"end":{"line":58,"column":31}},"type":"binary-expr","locations":[{"start":{"line":58,"column":15},"end":{"line":58,"column":18}},{"start":{"line":58,"column":22},"end":{"line":58,"column":31}}]},"3":{"loc":{"start":{"line":71,"column":15},"end":{"line":71,"column":31}},"type":"binary-expr","locations":[{"start":{"line":71,"column":15},"end":{"line":71,"column":18}},{"start":{"line":71,"column":22},"end":{"line":71,"column":31}}]},"4":{"loc":{"start":{"line":92,"column":15},"end":{"line":92,"column":31}},"type":"binary-expr","locations":[{"start":{"line":92,"column":15},"end":{"line":92,"column":18}},{"start":{"line":92,"column":22},"end":{"line":92,"column":31}}]},"5":{"loc":{"start":{"line":98,"column":11},"end":{"line":98,"column":47}},"type":"cond-expr","locations":[{"start":{"line":98,"column":17},"end":{"line":98,"column":35}},{"start":{"line":98,"column":38},"end":{"line":98,"column":47}}]},"6":{"loc":{"start":{"line":107,"column":4},"end":{"line":107,"column":64}},"type":"if","locations":[{"start":{"line":107,"column":4},"end":{"line":107,"column":64}}]},"7":{"loc":{"start":{"line":108,"column":4},"end":{"line":108,"column":67}},"type":"if","locations":[{"start":{"line":108,"column":4},"end":{"line":108,"column":67}}]},"8":{"loc":{"start":{"line":111,"column":4},"end":{"line":113,"column":5}},"type":"if","locations":[{"start":{"line":111,"column":4},"end":{"line":113,"column":5}}]},"9":{"loc":{"start":{"line":22,"column":64},"end":{"line":22,"column":71}},"type":"cond-expr","locations":[{"start":{"line":22,"column":68},"end":{"line":22,"column":71}},{"start":{"line":22,"column":68},"end":{"line":22,"column":71}}]},"10":{"loc":{"start":{"line":22,"column":64},"end":{"line":22,"column":68}},"type":"binary-expr","locations":[{"start":{"line":22,"column":64},"end":{"line":22,"column":71}},{"start":{"line":22,"column":64},"end":{"line":22,"column":68}}]}},"s":{"0":7,"1":7,"2":7,"3":7,"4":7,"5":4,"6":3,"7":2,"8":2,"9":2,"10":1,"11":1,"12":1,"13":1,"14":1,"15":1,"16":1,"17":1,"18":1,"19":1,"20":2,"21":2,"22":1,"23":2,"24":1,"25":2,"26":1,"27":7,"28":7},"f":{"0":4,"1":3,"2":2,"3":1,"4":1,"5":1,"6":1,"7":2},"b":{"0":[2,2],"1":[1,1],"2":[1,1],"3":[1,1],"4":[1,1],"5":[1,0],"6":[1],"7":[1],"8":[1],"9":[0,7],"10":[7,0]}}
,"C:\\Users\\Zeyad Rafat\\Study\\Projects\\quickbite\\core-service\\backend\\src\\lib\\pagination\\cursor-pagination.ts": {"path":"C:\\Users\\Zeyad Rafat\\Study\\Projects\\quickbite\\core-service\\backend\\src\\lib\\pagination\\cursor-pagination.ts","statementMap":{"0":{"start":{"line":23,"column":0},"end":{"line":23,"column":16}},"1":{"start":{"line":42,"column":0},"end":{"line":42,"column":16}},"2":{"start":{"line":78,"column":0},"end":{"line":78,"column":16}},"3":{"start":{"line":28,"column":2},"end":{"line":30,"column":3}},"4":{"start":{"line":29,"column":4},"end":{"line":29,"column":17}},"5":{"start":{"line":32,"column":2},"end":{"line":36,"column":3}},"6":{"start":{"line":34,"column":15},"end":{"line":34,"column":53}},"7":{"start":{"line":35,"column":4},"end":{"line":35,"column":58}},"8":{"start":{"line":39,"column":2},"end":{"line":39,"column":80}},"9":{"start":{"line":46,"column":2},"end":{"line":74,"column":3}},"10":{"start":{"line":47,"column":4},"end":{"line":73,"column":5}},"11":{"start":{"line":49,"column":8},"end":{"line":49,"column":48}},"12":{"start":{"line":50,"column":8},"end":{"line":50,"column":14}},"13":{"start":{"line":52,"column":8},"end":{"line":52,"column":53}},"14":{"start":{"line":53,"column":8},"end":{"line":53,"column":14}},"15":{"start":{"line":55,"column":8},"end":{"line":55,"column":53}},"16":{"start":{"line":56,"column":8},"end":{"line":56,"column":14}},"17":{"start":{"line":58,"column":8},"end":{"line":58,"column":54}},"18":{"start":{"line":59,"column":8},"end":{"line":59,"column":14}},"19":{"start":{"line":61,"column":8},"end":{"line":61,"column":54}},"20":{"start":{"line":62,"column":8},"end":{"line":62,"column":14}},"21":{"start":{"line":64,"column":8},"end":{"line":64,"column":59}},"22":{"start":{"line":65,"column":8},"end":{"line":65,"column":14}},"23":{"start":{"line":68,"column":8},"end":{"line":71,"column":10}},"24":{"start":{"line":72,"column":8},"end":{"line":72,"column":14}},"25":{"start":{"line":75,"column":2},"end":{"line":75,"column":15}},"26":{"start":{"line":83,"column":18},"end":{"line":83,"column":37}},"27":{"start":{"line":85,"column":15},"end":{"line":85,"column":52}},"28":{"start":{"line":86,"column":19},"end":{"line":86,"column":23}},"29":{"start":{"line":88,"column":2},"end":{"line":99,"column":3}},"30":{"start":{"line":89,"column":21},"end":{"line":89,"column":49}},"31":{"start":{"line":90,"column":27},"end":{"line":90,"column":43}},"32":{"start":{"line":93,"column":4},"end":{"line":98,"column":5}},"33":{"start":{"line":94,"column":6},"end":{"line":94,"column":48}},"34":{"start":{"line":95,"column":11},"end":{"line":98,"column":5}},"35":{"start":{"line":97,"column":6},"end":{"line":97,"column":42}},"36":{"start":{"line":101,"column":2},"end":{"line":108,"column":4}}},"fnMap":{"0":{"name":"applyCursorPagination","decl":{"start":{"line":23,"column":16},"end":{"line":23,"column":37}},"loc":{"start":{"line":25,"column":26},"end":{"line":40,"column":1}}},"1":{"name":"applyFilters","decl":{"start":{"line":42,"column":16},"end":{"line":42,"column":28}},"loc":{"start":{"line":44,"column":25},"end":{"line":76,"column":1}}},"2":{"name":"buildPaginationResult","decl":{"start":{"line":78,"column":16},"end":{"line":78,"column":37}},"loc":{"start":{"line":81,"column":16},"end":{"line":109,"column":1}}}},"branchMap":{"0":{"loc":{"start":{"line":28,"column":2},"end":{"line":30,"column":3}},"type":"if","locations":[{"start":{"line":28,"column":2},"end":{"line":30,"column":3}}]},"1":{"loc":{"start":{"line":32,"column":2},"end":{"line":36,"column":3}},"type":"if","locations":[{"start":{"line":32,"column":2},"end":{"line":36,"column":3}}]},"2":{"loc":{"start":{"line":34,"column":15},"end":{"line":34,"column":53}},"type":"cond-expr","locations":[{"start":{"line":34,"column":44},"end":{"line":34,"column":47}},{"start":{"line":34,"column":50},"end":{"line":34,"column":53}}]},"3":{"loc":{"start":{"line":47,"column":4},"end":{"line":73,"column":5}},"type":"switch","locations":[{"start":{"line":48,"column":6},"end":{"line":50,"column":14}},{"start":{"line":51,"column":6},"end":{"line":53,"column":14}},{"start":{"line":54,"column":6},"end":{"line":56,"column":14}},{"start":{"line":57,"column":6},"end":{"line":59,"column":14}},{"start":{"line":60,"column":6},"end":{"line":62,"column":14}},{"start":{"line":63,"column":6},"end":{"line":65,"column":14}},{"start":{"line":66,"column":6},"end":{"line":72,"column":14}}]},"4":{"loc":{"start":{"line":70,"column":10},"end":{"line":70,"column":69}},"type":"cond-expr","locations":[{"start":{"line":70,"column":40},"end":{"line":70,"column":52}},{"start":{"line":70,"column":55},"end":{"line":70,"column":69}}]},"5":{"loc":{"start":{"line":85,"column":15},"end":{"line":85,"column":52}},"type":"cond-expr","locations":[{"start":{"line":85,"column":25},"end":{"line":85,"column":45}},{"start":{"line":85,"column":48},"end":{"line":85,"column":52}}]},"6":{"loc":{"start":{"line":88,"column":2},"end":{"line":99,"column":3}},"type":"if","locations":[{"start":{"line":88,"column":2},"end":{"line":99,"column":3}}]},"7":{"loc":{"start":{"line":88,"column":6},"end":{"line":88,"column":32}},"type":"binary-expr","locations":[{"start":{"line":88,"column":6},"end":{"line":88,"column":21}},{"start":{"line":88,"column":25},"end":{"line":88,"column":32}}]},"8":{"loc":{"start":{"line":93,"column":4},"end":{"line":98,"column":5}},"type":"if","locations":[{"start":{"line":93,"column":4},"end":{"line":98,"column":5}},{"start":{"line":95,"column":11},"end":{"line":98,"column":5}}]},"9":{"loc":{"start":{"line":95,"column":11},"end":{"line":98,"column":5}},"type":"if","locations":[{"start":{"line":95,"column":11},"end":{"line":98,"column":5}}]},"10":{"loc":{"start":{"line":95,"column":15},"end":{"line":95,"column":70}},"type":"binary-expr","locations":[{"start":{"line":95,"column":15},"end":{"line":95,"column":43}},{"start":{"line":95,"column":47},"end":{"line":95,"column":70}}]}},"s":{"0":9,"1":9,"2":9,"3":7,"4":1,"5":6,"6":1,"7":1,"8":6,"9":6,"10":10,"11":4,"12":4,"13":1,"14":1,"15":1,"16":1,"17":1,"18":1,"19":1,"20":1,"21":1,"22":1,"23":1,"24":1,"25":6,"26":8,"27":8,"28":8,"29":8,"30":5,"31":5,"32":5,"33":1,"34":4,"35":4,"36":8},"f":{"0":7,"1":6,"2":8},"b":{"0":[1],"1":[1],"2":[1,0],"3":[4,1,1,1,1,1,1],"4":[1,0],"5":[5,3],"6":[5],"7":[8,7],"8":[1,4],"9":[4],"10":[4,4]}}
,"C:\\Users\\Zeyad Rafat\\Study\\Projects\\quickbite\\core-service\\backend\\src\\lib\\pagination\\query-parser.ts": {"path":"C:\\Users\\Zeyad Rafat\\Study\\Projects\\quickbite\\core-service\\backend\\src\\lib\\pagination\\query-parser.ts","statementMap":{"0":{"start":{"line":3,"column":0},"end":{"line":3,"column":16}},"1":{"start":{"line":22,"column":0},"end":{"line":22,"column":16}},"2":{"start":{"line":8,"column":21},"end":{"line":8,"column":52}},"3":{"start":{"line":10,"column":2},"end":{"line":19,"column":4}},"4":{"start":{"line":27,"column":17},"end":{"line":27,"column":29}},"5":{"start":{"line":28,"column":2},"end":{"line":28,"column":55}},"6":{"start":{"line":28,"column":45},"end":{"line":28,"column":55}},"7":{"start":{"line":30,"column":21},"end":{"line":30,"column":76}},"8":{"start":{"line":32,"column":2},"end":{"line":54,"column":5}},"9":{"start":{"line":33,"column":25},"end":{"line":33,"column":41}},"10":{"start":{"line":34,"column":4},"end":{"line":34,"column":69}},"11":{"start":{"line":34,"column":59},"end":{"line":34,"column":69}},"12":{"start":{"line":37,"column":20},"end":{"line":37,"column":51}},"13":{"start":{"line":39,"column":4},"end":{"line":53,"column":9}},"14":{"start":{"line":40,"column":24},"end":{"line":40,"column":42}},"15":{"start":{"line":43,"column":45},"end":{"line":43,"column":63}},"16":{"start":{"line":44,"column":8},"end":{"line":46,"column":9}},"17":{"start":{"line":45,"column":10},"end":{"line":45,"column":65}},"18":{"start":{"line":45,"column":55},"end":{"line":45,"column":63}},"19":{"start":{"line":48,"column":8},"end":{"line":52,"column":10}}},"fnMap":{"0":{"name":"parsePaginationQuery","decl":{"start":{"line":3,"column":16},"end":{"line":3,"column":36}},"loc":{"start":{"line":5,"column":40},"end":{"line":20,"column":1}}},"1":{"name":"parseFilters","decl":{"start":{"line":22,"column":16},"end":{"line":22,"column":28}},"loc":{"start":{"line":25,"column":40},"end":{"line":55,"column":1}}},"2":{"name":"(anonymous_2)","decl":{"start":{"line":32,"column":31},"end":{"line":32,"column":32}},"loc":{"start":{"line":32,"column":44},"end":{"line":54,"column":3}}},"3":{"name":"(anonymous_3)","decl":{"start":{"line":40,"column":14},"end":{"line":40,"column":15}},"loc":{"start":{"line":40,"column":24},"end":{"line":40,"column":42}}},"4":{"name":"(anonymous_4)","decl":{"start":{"line":41,"column":11},"end":{"line":41,"column":12}},"loc":{"start":{"line":41,"column":36},"end":{"line":53,"column":7}}},"5":{"name":"(anonymous_5)","decl":{"start":{"line":45,"column":48},"end":{"line":45,"column":49}},"loc":{"start":{"line":45,"column":55},"end":{"line":45,"column":63}}}},"branchMap":{"0":{"loc":{"start":{"line":5,"column":2},"end":{"line":5,"column":40}},"type":"default-arg","locations":[{"start":{"line":5,"column":38},"end":{"line":5,"column":40}}]},"1":{"loc":{"start":{"line":8,"column":21},"end":{"line":8,"column":52}},"type":"binary-expr","locations":[{"start":{"line":8,"column":21},"end":{"line":8,"column":44}},{"start":{"line":8,"column":48},"end":{"line":8,"column":52}}]},"2":{"loc":{"start":{"line":13,"column":26},"end":{"line":13,"column":51}},"type":"binary-expr","locations":[{"start":{"line":13,"column":26},"end":{"line":13,"column":45}},{"start":{"line":13,"column":49},"end":{"line":13,"column":51}}]},"3":{"loc":{"start":{"line":15,"column":12},"end":{"line":15,"column":45}},"type":"binary-expr","locations":[{"start":{"line":15,"column":12},"end":{"line":15,"column":32}},{"start":{"line":15,"column":36},"end":{"line":15,"column":45}}]},"4":{"loc":{"start":{"line":18,"column":15},"end":{"line":18,"column":58}},"type":"cond-expr","locations":[{"start":{"line":18,"column":44},"end":{"line":18,"column":50}},{"start":{"line":18,"column":53},"end":{"line":18,"column":58}}]},"5":{"loc":{"start":{"line":25,"column":2},"end":{"line":25,"column":40}},"type":"default-arg","locations":[{"start":{"line":25,"column":38},"end":{"line":25,"column":40}}]},"6":{"loc":{"start":{"line":28,"column":2},"end":{"line":28,"column":55}},"type":"if","locations":[{"start":{"line":28,"column":2},"end":{"line":28,"column":55}}]},"7":{"loc":{"start":{"line":28,"column":6},"end":{"line":28,"column":43}},"type":"binary-expr","locations":[{"start":{"line":28,"column":6},"end":{"line":28,"column":13}},{"start":{"line":28,"column":17},"end":{"line":28,"column":43}}]},"8":{"loc":{"start":{"line":34,"column":4},"end":{"line":34,"column":69}},"type":"if","locations":[{"start":{"line":34,"column":4},"end":{"line":34,"column":69}}]},"9":{"loc":{"start":{"line":34,"column":8},"end":{"line":34,"column":57}},"type":"binary-expr","locations":[{"start":{"line":34,"column":8},"end":{"line":34,"column":21}},{"start":{"line":34,"column":25},"end":{"line":34,"column":57}}]},"10":{"loc":{"start":{"line":37,"column":20},"end":{"line":37,"column":51}},"type":"binary-expr","locations":[{"start":{"line":37,"column":20},"end":{"line":37,"column":39}},{"start":{"line":37,"column":43},"end":{"line":37,"column":51}}]},"11":{"loc":{"start":{"line":44,"column":8},"end":{"line":46,"column":9}},"type":"if","locations":[{"start":{"line":44,"column":8},"end":{"line":46,"column":9}}]},"12":{"loc":{"start":{"line":44,"column":12},"end":{"line":44,"column":61}},"type":"binary-expr","locations":[{"start":{"line":44,"column":12},"end":{"line":44,"column":29}},{"start":{"line":44,"column":33},"end":{"line":44,"column":61}}]}},"s":{"0":6,"1":6,"2":7,"3":7,"4":8,"5":8,"6":7,"7":1,"8":1,"9":1,"10":1,"11":0,"12":1,"13":1,"14":3,"15":2,"16":2,"17":1,"18":2,"19":2},"f":{"0":7,"1":8,"2":1,"3":3,"4":2,"5":2},"b":{"0":[1],"1":[7,5],"2":[7,3],"3":[7,1],"4":[1,6],"5":[2],"6":[7],"7":[8,2],"8":[0],"9":[1,1],"10":[1,0],"11":[1],"12":[2,1]}}
,"C:\\Users\\Zeyad Rafat\\Study\\Projects\\quickbite\\core-service\\backend\\src\\pkg\\utils\\time.utils.ts": {"path":"C:\\Users\\Zeyad Rafat\\Study\\Projects\\quickbite\\core-service\\backend\\src\\pkg\\utils\\time.utils.ts","statementMap":{"0":{"start":{"line":3,"column":13},"end":{"line":33,"column":2}},"1":{"start":{"line":7,"column":36},"end":{"line":7,"column":50}},"2":{"start":{"line":8,"column":36},"end":{"line":8,"column":55}},"3":{"start":{"line":9,"column":32},"end":{"line":9,"column":54}},"4":{"start":{"line":10,"column":30},"end":{"line":10,"column":56}},"5":{"start":{"line":15,"column":41},"end":{"line":15,"column":53}},"6":{"start":{"line":16,"column":37},"end":{"line":16,"column":52}},"7":{"start":{"line":17,"column":35},"end":{"line":17,"column":54}},"8":{"start":{"line":23,"column":19},"end":{"line":23,"column":33}},"9":{"start":{"line":24,"column":4},"end":{"line":24,"column":44}},"10":{"start":{"line":25,"column":4},"end":{"line":25,"column":18}},"11":{"start":{"line":29,"column":19},"end":{"line":29,"column":33}},"12":{"start":{"line":30,"column":4},"end":{"line":30,"column":47}},"13":{"start":{"line":31,"column":4},"end":{"line":31,"column":18}}},"fnMap":{"0":{"name":"(anonymous_0)","decl":{"start":{"line":7,"column":15},"end":{"line":7,"column":16}},"loc":{"start":{"line":7,"column":36},"end":{"line":7,"column":50}}},"1":{"name":"(anonymous_1)","decl":{"start":{"line":8,"column":15},"end":{"line":8,"column":16}},"loc":{"start":{"line":8,"column":36},"end":{"line":8,"column":55}}},"2":{"name":"(anonymous_2)","decl":{"start":{"line":9,"column":13},"end":{"line":9,"column":14}},"loc":{"start":{"line":9,"column":32},"end":{"line":9,"column":54}}},"3":{"name":"(anonymous_3)","decl":{"start":{"line":10,"column":12},"end":{"line":10,"column":13}},"loc":{"start":{"line":10,"column":30},"end":{"line":10,"column":56}}},"4":{"name":"(anonymous_4)","decl":{"start":{"line":15,"column":20},"end":{"line":15,"column":21}},"loc":{"start":{"line":15,"column":41},"end":{"line":15,"column":53}}},"5":{"name":"(anonymous_5)","decl":{"start":{"line":16,"column":18},"end":{"line":16,"column":19}},"loc":{"start":{"line":16,"column":37},"end":{"line":16,"column":52}}},"6":{"name":"(anonymous_6)","decl":{"start":{"line":17,"column":17},"end":{"line":17,"column":18}},"loc":{"start":{"line":17,"column":35},"end":{"line":17,"column":54}}},"7":{"name":"(anonymous_7)","decl":{"start":{"line":22,"column":11},"end":{"line":22,"column":12}},"loc":{"start":{"line":22,"column":46},"end":{"line":26,"column":3}}},"8":{"name":"(anonymous_8)","decl":{"start":{"line":28,"column":12},"end":{"line":28,"column":13}},"loc":{"start":{"line":28,"column":48},"end":{"line":32,"column":3}}}},"branchMap":{},"s":{"0":4,"1":1,"2":2,"3":3,"4":1,"5":1,"6":1,"7":1,"8":1,"9":1,"10":1,"11":1,"12":1,"13":1},"f":{"0":1,"1":2,"2":3,"3":1,"4":1,"5":1,"6":1,"7":1,"8":1},"b":{}}
}
