TN:
SF:src\app\address\address.service.ts
FN:10,(anonymous_2)
FN:12,(anonymous_3)
FN:35,(anonymous_4)
FN:40,(anonymous_5)
FN:55,(anonymous_6)
FN:104,(anonymous_7)
FN:117,(anonymous_8)
FNF:7
FNH:7
FNDA:1,(anonymous_2)
FNDA:1,(anonymous_3)
FNDA:1,(anonymous_4)
FNDA:1,(anonymous_5)
FNDA:3,(anonymous_6)
FNDA:2,(anonymous_7)
FNDA:2,(anonymous_8)
DA:2,1
DA:3,1
DA:9,1
DA:10,1
DA:13,1
DA:14,1
DA:16,1
DA:18,1
DA:36,1
DA:39,1
DA:40,1
DA:60,3
DA:61,1
DA:64,3
DA:70,3
DA:72,1
DA:76,2
DA:82,2
DA:83,1
DA:87,1
DA:105,2
DA:107,2
DA:108,1
DA:111,1
DA:118,2
DA:119,2
DA:120,1
DA:122,1
LF:28
LH:28
BRDA:13,0,0,1
BRDA:60,1,0,1
BRDA:70,2,0,1
BRDA:82,3,0,1
BRDA:107,4,0,1
BRDA:119,5,0,1
BRDA:10,6,0,1
BRDA:10,6,1,0
BRDA:10,7,0,1
BRDA:10,7,1,1
BRF:10
BRH:9
end_of_record
TN:
SF:src\app\address\repository\address.repository.ts
FN:25,(anonymous_4)
FN:27,(anonymous_5)
FN:46,(anonymous_6)
FN:69,(anonymous_7)
FN:75,(anonymous_8)
FN:78,(anonymous_9)
FN:90,(anonymous_10)
FN:122,(anonymous_11)
FN:129,(anonymous_12)
FN:136,(anonymous_13)
FNF:10
FNH:10
FNDA:4,(anonymous_4)
FNDA:4,(anonymous_5)
FNDA:1,(anonymous_6)
FNDA:1,(anonymous_7)
FNDA:1,(anonymous_8)
FNDA:2,(anonymous_9)
FNDA:2,(anonymous_10)
FNDA:2,(anonymous_11)
FNDA:1,(anonymous_12)
FNDA:2,(anonymous_13)
DA:2,2
DA:3,2
DA:4,2
DA:8,2
DA:24,2
DA:25,4
DA:30,4
DA:50,1
DA:66,1
DA:70,1
DA:75,1
DA:82,2
DA:87,2
DA:95,2
DA:98,2
DA:99,2
DA:100,2
DA:101,2
DA:102,2
DA:103,2
DA:104,1
DA:105,2
DA:106,2
DA:107,2
DA:108,2
DA:111,2
DA:112,1
DA:116,1
DA:120,1
DA:123,2
DA:127,2
DA:130,1
DA:137,2
DA:141,2
LF:34
LH:34
BRDA:38,0,0,4
BRDA:38,0,1,4
BRDA:58,1,0,1
BRDA:58,1,1,1
BRDA:62,2,0,1
BRDA:62,2,1,0
BRDA:87,3,0,1
BRDA:87,3,1,1
BRDA:98,4,0,1
BRDA:99,5,0,0
BRDA:100,6,0,1
BRDA:101,7,0,0
BRDA:102,8,0,0
BRDA:103,9,0,1
BRDA:105,10,0,0
BRDA:106,11,0,0
BRDA:107,12,0,0
BRDA:108,13,0,1
BRDA:111,14,0,1
BRDA:141,15,0,1
BRDA:141,15,1,1
BRDA:25,16,0,0
BRDA:25,16,1,2
BRDA:25,17,0,2
BRDA:25,17,1,0
BRF:25
BRH:16
end_of_record
TN:
SF:src\app\auth\auth-utils.service.ts
FN:23,(anonymous_13)
FN:30,(anonymous_14)
FN:34,(anonymous_15)
FN:45,(anonymous_16)
FN:55,(anonymous_17)
FN:58,(anonymous_18)
FN:62,(anonymous_19)
FN:65,(anonymous_20)
FN:71,(anonymous_21)
FN:77,(anonymous_22)
FNF:10
FNH:10
FNDA:1,(anonymous_13)
FNDA:1,(anonymous_14)
FNDA:1,(anonymous_15)
FNDA:1,(anonymous_16)
FNDA:2,(anonymous_17)
FNDA:1,(anonymous_18)
FNDA:5,(anonymous_19)
FNDA:1,(anonymous_20)
FNDA:1,(anonymous_21)
FNDA:1,(anonymous_22)
DA:2,7
DA:3,7
DA:4,7
DA:5,7
DA:7,7
DA:8,7
DA:9,7
DA:21,7
DA:24,1
DA:25,1
DA:27,1
DA:31,1
DA:36,1
DA:37,1
DA:39,1
DA:42,1
DA:47,1
DA:48,1
DA:50,1
DA:53,1
DA:56,2
DA:59,1
DA:63,5
DA:66,1
DA:73,1
DA:74,1
DA:83,1
DA:84,1
DA:86,1
DA:96,1
LF:30
LH:30
BRDA:24,0,0,7
BRDA:24,0,1,0
BRDA:24,1,0,7
BRDA:24,1,1,7
BRDA:24,2,0,7
BRDA:24,2,1,0
BRDA:24,3,0,7
BRDA:24,3,1,7
BRDA:25,4,0,0
BRDA:25,4,1,7
BRDA:25,5,0,7
BRDA:25,5,1,0
BRF:12
BRH:8
end_of_record
TN:
SF:src\app\auth\auth.service.ts
FN:31,(anonymous_4)
FN:43,(anonymous_5)
FN:109,(anonymous_6)
FN:170,(anonymous_7)
FN:200,(anonymous_8)
FN:234,(anonymous_9)
FN:264,(anonymous_10)
FN:39,(anonymous_11)
FNF:8
FNH:7
FNDA:16,(anonymous_4)
FNDA:4,(anonymous_5)
FNDA:4,(anonymous_6)
FNDA:2,(anonymous_7)
FNDA:5,(anonymous_8)
FNDA:2,(anonymous_9)
FNDA:2,(anonymous_10)
FNDA:0,(anonymous_11)
DA:2,2
DA:11,2
DA:14,2
DA:15,2
DA:16,2
DA:18,2
DA:20,2
DA:21,2
DA:23,2
DA:24,2
DA:25,2
DA:26,2
DA:27,2
DA:29,2
DA:32,16
DA:33,16
DA:34,16
DA:35,16
DA:36,16
DA:38,16
DA:39,0
DA:40,16
DA:44,4
DA:45,1
DA:48,3
DA:51,3
DA:53,3
DA:55,3
DA:57,3
DA:59,2
DA:60,1
DA:65,1
DA:70,1
DA:71,1
DA:78,2
DA:80,1
DA:82,1
DA:86,2
DA:92,2
DA:93,2
DA:96,2
DA:111,4
DA:115,4
DA:116,1
DA:120,3
DA:125,3
DA:126,1
DA:128,2
DA:129,2
DA:130,1
DA:134,1
DA:135,1
DA:136,1
DA:139,1
DA:147,2
DA:153,2
DA:154,2
DA:157,2
DA:171,2
DA:174,2
DA:175,1
DA:180,1
DA:186,1
DA:189,1
DA:195,1
DA:201,5
DA:204,5
DA:205,1
DA:208,4
DA:213,4
DA:214,1
DA:217,3
DA:219,3
DA:220,2
DA:224,1
DA:227,1
DA:230,1
DA:232,1
DA:235,2
DA:237,2
DA:240,1
DA:241,1
DA:242,0
DA:244,1
DA:254,1
DA:256,1
DA:259,1
DA:266,2
DA:268,2
DA:272,2
DA:275,1
DA:278,1
DA:280,1
DA:282,1
DA:283,1
LF:95
LH:93
BRDA:44,0,0,1
BRDA:57,1,0,2
BRDA:59,2,0,1
BRDA:59,3,0,2
BRDA:59,3,1,1
BRDA:115,4,0,1
BRDA:125,5,0,1
BRDA:129,6,0,1
BRDA:135,7,0,1
BRDA:174,8,0,1
BRDA:204,9,0,1
BRDA:213,10,0,1
BRDA:219,11,0,2
BRDA:219,12,0,3
BRDA:219,12,1,2
BRDA:241,13,0,0
BRDA:32,14,0,0
BRDA:32,14,1,2
BRDA:32,15,0,2
BRDA:32,15,1,0
BRDA:32,16,0,2
BRDA:32,16,1,0
BRDA:32,17,0,2
BRDA:32,17,1,2
BRDA:33,18,0,2
BRDA:33,18,1,0
BRDA:33,19,0,2
BRDA:33,19,1,2
BRDA:34,20,0,1
BRDA:34,20,1,1
BRDA:34,21,0,2
BRDA:34,21,1,1
BRDA:35,22,0,2
BRDA:35,22,1,0
BRDA:35,23,0,2
BRDA:35,23,1,2
BRDA:36,24,0,0
BRDA:36,24,1,2
BRDA:36,25,0,2
BRDA:36,25,1,0
BRDA:38,26,0,2
BRDA:38,26,1,0
BRDA:38,27,0,2
BRDA:38,27,1,2
BRF:44
BRH:35
end_of_record
TN:
SF:src\app\auth\repository\password-reset.repository.ts
FN:19,(anonymous_4)
FN:22,(anonymous_5)
FN:33,(anonymous_6)
FN:47,(anonymous_7)
FN:63,(anonymous_8)
FNF:5
FNH:5
FNDA:3,(anonymous_4)
FNDA:1,(anonymous_5)
FNDA:1,(anonymous_6)
FNDA:2,(anonymous_7)
FNDA:1,(anonymous_8)
DA:2,8
DA:3,8
DA:4,8
DA:7,8
DA:9,3
DA:19,3
DA:23,1
DA:37,1
DA:38,1
DA:51,2
DA:52,2
DA:60,2
DA:67,1
DA:68,1
LF:14
LH:14
BRDA:37,0,0,1
BRDA:37,0,1,1
BRDA:43,1,0,1
BRDA:43,1,1,0
BRDA:51,2,0,2
BRDA:51,2,1,2
BRDA:60,3,0,1
BRDA:60,3,1,1
BRDA:67,4,0,1
BRDA:67,4,1,1
BRDA:19,5,0,0
BRDA:19,5,1,8
BRDA:19,6,0,8
BRDA:19,6,1,0
BRF:14
BRH:11
end_of_record
TN:
SF:src\app\branch\branch.service.ts
FN:24,(anonymous_2)
FN:30,(anonymous_3)
FN:54,(anonymous_4)
FN:98,(anonymous_5)
FN:124,(anonymous_6)
FN:151,(anonymous_7)
FN:166,(anonymous_8)
FN:179,(anonymous_9)
FN:187,(anonymous_10)
FNF:9
FNH:9
FNDA:1,(anonymous_2)
FNDA:1,(anonymous_3)
FNDA:2,(anonymous_4)
FNDA:1,(anonymous_5)
FNDA:3,(anonymous_6)
FNDA:3,(anonymous_7)
FNDA:1,(anonymous_8)
FNDA:2,(anonymous_9)
FNDA:2,(anonymous_10)
DA:1,3
DA:6,3
DA:7,3
DA:9,3
DA:10,3
DA:11,3
DA:15,3
DA:19,3
DA:22,3
DA:25,1
DA:26,1
DA:32,1
DA:39,1
DA:42,1
DA:43,1
DA:44,1
DA:51,1
DA:62,2
DA:64,2
DA:65,0
DA:69,2
DA:73,1
DA:77,1
DA:94,1
DA:100,1
DA:108,1
DA:111,1
DA:112,1
DA:114,1
DA:120,1
DA:126,3
DA:127,3
DA:128,1
DA:132,2
DA:135,2
DA:136,0
DA:140,2
DA:144,1
DA:147,1
DA:153,3
DA:154,1
DA:158,2
DA:159,2
DA:160,1
DA:163,1
DA:171,1
DA:180,2
DA:181,2
DA:182,1
DA:184,1
DA:188,2
DA:189,1
LF:52
LH:50
BRDA:64,0,0,0
BRDA:69,1,0,1
BRDA:70,2,0,2
BRDA:70,2,1,2
BRDA:127,3,0,1
BRDA:135,4,0,0
BRDA:140,5,0,1
BRDA:141,6,0,2
BRDA:141,6,1,2
BRDA:153,7,0,1
BRDA:159,8,0,1
BRDA:181,9,0,1
BRDA:188,10,0,1
BRDA:25,11,0,3
BRDA:25,11,1,0
BRDA:25,12,0,3
BRDA:25,12,1,3
BRDA:25,13,0,3
BRDA:25,13,1,0
BRDA:25,14,0,3
BRDA:25,14,1,3
BRF:21
BRH:17
end_of_record
TN:
SF:src\app\branch\repository\branch.repository.ts
FN:35,(anonymous_4)
FN:38,(anonymous_5)
FN:62,(anonymous_6)
FN:117,(anonymous_7)
FN:140,(anonymous_8)
FN:159,(anonymous_9)
FN:189,(anonymous_10)
FN:228,(anonymous_11)
FN:245,(anonymous_12)
FN:252,(anonymous_13)
FN:270,(anonymous_14)
FN:274,(anonymous_15)
FN:299,(anonymous_16)
FN:322,(anonymous_17)
FNF:14
FNH:14
FNDA:7,(anonymous_4)
FNDA:4,(anonymous_5)
FNDA:2,(anonymous_6)
FNDA:2,(anonymous_7)
FNDA:1,(anonymous_8)
FNDA:1,(anonymous_9)
FNDA:1,(anonymous_10)
FNDA:1,(anonymous_11)
FNDA:2,(anonymous_12)
FNDA:1,(anonymous_13)
FNDA:1,(anonymous_14)
FNDA:1,(anonymous_15)
FNDA:1,(anonymous_16)
FNDA:2,(anonymous_17)
DA:1,4
DA:2,4
DA:3,4
DA:4,4
DA:11,4
DA:33,4
DA:35,7
DA:39,4
DA:78,2
DA:98,2
DA:99,1
DA:118,2
DA:120,1
DA:140,1
DA:163,1
DA:165,1
DA:185,1
DA:197,1
DA:217,1
DA:223,1
DA:224,1
DA:226,1
DA:228,1
DA:246,2
DA:247,2
DA:248,1
DA:258,1
DA:264,1
DA:265,1
DA:267,1
DA:270,1
DA:275,1
DA:277,1
DA:278,1
DA:279,1
DA:280,1
DA:281,1
DA:282,1
DA:283,1
DA:284,1
DA:285,1
DA:286,1
DA:287,1
DA:288,1
DA:290,1
DA:295,1
DA:303,1
DA:305,1
DA:306,1
DA:308,1
DA:314,1
DA:327,2
DA:329,2
DA:335,2
DA:336,2
LF:55
LH:55
BRDA:56,0,0,4
BRDA:56,0,1,0
BRDA:98,1,0,1
BRDA:118,2,0,1
BRDA:163,3,0,1
BRDA:163,3,1,1
BRDA:173,4,0,1
BRDA:173,4,1,1
BRDA:176,5,0,1
BRDA:176,5,1,1
BRDA:247,6,0,1
BRDA:277,7,0,1
BRDA:278,8,0,1
BRDA:280,9,0,1
BRDA:281,10,0,1
BRDA:282,11,0,1
BRDA:283,12,0,1
BRDA:284,13,0,1
BRDA:286,14,0,1
BRDA:287,15,0,1
BRDA:305,16,0,1
BRDA:306,17,0,1
BRDA:327,18,0,2
BRDA:327,18,1,2
BRDA:335,19,0,2
BRDA:335,19,1,0
BRDA:35,20,0,0
BRDA:35,20,1,4
BRDA:35,21,0,4
BRDA:35,21,1,0
BRF:30
BRH:26
end_of_record
TN:
SF:src\app\product\product.service.ts
FN:29,(anonymous_4)
FN:38,(anonymous_5)
FN:97,(anonymous_6)
FN:102,(anonymous_7)
FN:132,(anonymous_8)
FN:176,(anonymous_9)
FN:193,(anonymous_10)
FN:278,(anonymous_11)
FN:354,(anonymous_12)
FN:359,(anonymous_13)
FN:379,(anonymous_14)
FN:404,(anonymous_15)
FN:424,(anonymous_16)
FNF:13
FNH:13
FNDA:1,(anonymous_4)
FNDA:3,(anonymous_5)
FNDA:1,(anonymous_6)
FNDA:1,(anonymous_7)
FNDA:2,(anonymous_8)
FNDA:2,(anonymous_9)
FNDA:5,(anonymous_10)
FNDA:2,(anonymous_11)
FNDA:1,(anonymous_12)
FNDA:3,(anonymous_13)
FNDA:1,(anonymous_14)
FNDA:3,(anonymous_15)
FNDA:1,(anonymous_16)
DA:1,1
DA:8,1
DA:9,1
DA:10,1
DA:11,1
DA:13,1
DA:14,1
DA:16,1
DA:17,1
DA:18,1
DA:21,1
DA:25,1
DA:28,1
DA:30,1
DA:31,1
DA:32,1
DA:33,1
DA:34,1
DA:35,1
DA:45,3
DA:47,3
DA:51,1
DA:54,2
DA:56,2
DA:57,2
DA:59,2
DA:60,2
DA:66,2
DA:67,1
DA:73,2
DA:76,2
DA:87,1
DA:89,1
DA:91,1
DA:92,1
DA:98,1
DA:105,1
DA:113,1
DA:115,1
DA:116,1
DA:118,1
DA:124,1
DA:139,2
DA:141,2
DA:145,1
DA:151,1
DA:157,1
DA:159,1
DA:160,1
DA:162,1
DA:168,1
DA:177,2
DA:178,2
DA:179,1
DA:181,1
DA:201,5
DA:202,5
DA:203,1
DA:207,4
DA:210,4
DA:214,1
DA:220,3
DA:222,3
DA:223,3
DA:226,3
DA:227,2
DA:228,1
DA:230,1
DA:235,1
DA:236,1
DA:242,1
DA:247,3
DA:249,3
DA:254,3
DA:255,2
DA:271,2
DA:272,2
DA:273,1
DA:277,1
DA:279,2
DA:291,3
DA:293,3
DA:297,3
DA:298,2
DA:309,2
DA:310,1
DA:315,1
DA:316,1
DA:323,1
DA:324,1
DA:331,1
DA:332,1
DA:341,2
DA:343,2
DA:348,1
DA:349,1
DA:355,1
DA:363,3
DA:364,1
DA:366,2
DA:367,2
DA:368,2
DA:369,2
DA:370,1
DA:371,1
DA:377,1
DA:379,1
DA:391,1
DA:392,1
DA:394,1
DA:395,1
DA:399,1
DA:408,3
DA:409,1
DA:411,2
DA:412,2
DA:413,2
DA:414,2
DA:415,1
DA:416,1
DA:422,1
DA:424,1
DA:436,1
DA:437,1
DA:439,1
DA:440,1
DA:444,1
LF:127
LH:127
BRDA:47,0,0,1
BRDA:48,1,0,3
BRDA:48,1,1,2
BRDA:59,2,0,2
BRDA:66,3,0,1
BRDA:141,4,0,1
BRDA:142,5,0,2
BRDA:142,5,1,2
BRDA:178,6,0,1
BRDA:202,7,0,1
BRDA:210,8,0,1
BRDA:211,9,0,4
BRDA:211,9,1,4
BRDA:226,10,0,2
BRDA:227,11,0,1
BRDA:227,11,1,1
BRDA:235,12,0,1
BRDA:249,13,0,3
BRDA:249,13,1,2
BRDA:249,13,2,2
BRDA:249,13,3,2
BRDA:254,14,0,2
BRDA:271,15,0,2
BRDA:271,15,1,1
BRDA:272,16,0,1
BRDA:293,17,0,3
BRDA:293,17,1,1
BRDA:293,17,2,1
BRDA:297,18,0,2
BRDA:297,19,0,3
BRDA:297,19,1,2
BRDA:309,20,0,1
BRDA:315,21,0,1
BRDA:323,22,0,1
BRDA:331,23,0,1
BRDA:363,24,0,1
BRDA:369,25,0,1
BRDA:408,26,0,1
BRDA:414,27,0,1
BRDA:30,28,0,1
BRDA:30,28,1,0
BRDA:30,29,0,1
BRDA:30,29,1,1
BRDA:30,30,0,1
BRDA:30,30,1,0
BRDA:30,31,0,1
BRDA:30,31,1,1
BRDA:31,32,0,1
BRDA:31,32,1,0
BRDA:31,33,0,1
BRDA:31,33,1,1
BRDA:32,34,0,1
BRDA:32,34,1,0
BRDA:32,35,0,1
BRDA:32,35,1,1
BRDA:33,36,0,1
BRDA:33,36,1,0
BRDA:33,37,0,1
BRDA:33,37,1,1
BRDA:34,38,0,0
BRDA:34,38,1,1
BRDA:34,39,0,1
BRDA:34,39,1,0
BRF:63
BRH:56
end_of_record
TN:
SF:src\app\product\repository\category.repository.ts
FN:14,(anonymous_4)
FN:17,(anonymous_5)
FN:27,(anonymous_6)
FN:41,(anonymous_7)
FN:57,(anonymous_8)
FN:64,(anonymous_9)
FNF:6
FNH:6
FNDA:2,(anonymous_4)
FNDA:3,(anonymous_5)
FNDA:2,(anonymous_6)
FNDA:1,(anonymous_7)
FNDA:1,(anonymous_8)
FNDA:1,(anonymous_9)
DA:1,2
DA:2,2
DA:3,2
DA:4,2
DA:13,2
DA:14,2
DA:18,3
DA:32,2
DA:33,2
DA:38,2
DA:46,1
DA:47,1
DA:54,1
DA:60,1
DA:64,1
LF:15
LH:15
BRDA:32,0,0,2
BRDA:32,0,1,2
BRDA:38,1,0,1
BRDA:38,1,1,1
BRDA:46,2,0,1
BRDA:46,2,1,1
BRDA:14,3,0,0
BRDA:14,3,1,2
BRDA:14,4,0,2
BRDA:14,4,1,0
BRF:10
BRH:8
end_of_record
TN:
SF:src\app\product\repository\product-branch-details.repository.ts
FN:7,(anonymous_4)
FN:9,(anonymous_5)
FN:20,(anonymous_6)
FN:28,(anonymous_7)
FN:31,(anonymous_8)
FNF:5
FNH:5
FNDA:2,(anonymous_4)
FNDA:1,(anonymous_5)
FNDA:1,(anonymous_6)
FNDA:2,(anonymous_7)
FNDA:2,(anonymous_8)
DA:1,2
DA:2,2
DA:3,2
DA:6,2
DA:7,2
DA:10,1
DA:24,1
DA:25,1
DA:28,2
DA:37,2
DA:38,2
DA:40,2
DA:41,2
DA:42,2
DA:43,1
DA:45,2
DA:50,2
DA:51,1
DA:53,1
LF:19
LH:19
BRDA:24,0,0,1
BRDA:24,0,1,1
BRDA:37,1,0,2
BRDA:37,1,1,2
BRDA:40,2,0,1
BRDA:41,3,0,1
BRDA:42,4,0,1
BRDA:50,5,0,1
BRDA:7,6,0,0
BRDA:7,6,1,2
BRDA:7,7,0,2
BRDA:7,7,1,0
BRF:12
BRH:10
end_of_record
TN:
SF:src\app\product\repository\product.repository.ts
FN:25,(anonymous_4)
FN:28,(anonymous_5)
FN:42,(anonymous_6)
FN:61,(anonymous_7)
FN:71,(anonymous_8)
FN:85,(anonymous_9)
FN:89,(anonymous_10)
FN:122,(anonymous_11)
FN:137,(anonymous_12)
FN:161,(anonymous_13)
FN:190,(anonymous_14)
FN:202,(anonymous_15)
FN:214,(anonymous_16)
FN:249,(anonymous_17)
FN:272,(anonymous_18)
FN:285,(anonymous_19)
FN:295,(anonymous_20)
FN:297,(anonymous_21)
FN:303,(anonymous_22)
FNF:19
FNH:19
FNDA:8,(anonymous_4)
FNDA:4,(anonymous_5)
FNDA:1,(anonymous_6)
FNDA:2,(anonymous_7)
FNDA:1,(anonymous_8)
FNDA:1,(anonymous_9)
FNDA:1,(anonymous_10)
FNDA:1,(anonymous_11)
FNDA:1,(anonymous_12)
FNDA:2,(anonymous_13)
FNDA:1,(anonymous_14)
FNDA:2,(anonymous_15)
FNDA:3,(anonymous_16)
FNDA:1,(anonymous_17)
FNDA:3,(anonymous_18)
FNDA:3,(anonymous_19)
FNDA:2,(anonymous_20)
FNDA:3,(anonymous_21)
FNDA:1,(anonymous_22)
DA:1,2
DA:2,2
DA:3,2
DA:4,2
DA:11,2
DA:24,2
DA:25,8
DA:29,4
DA:46,1
DA:47,1
DA:57,1
DA:62,2
DA:67,2
DA:76,1
DA:81,1
DA:82,1
DA:84,1
DA:85,1
DA:95,1
DA:116,1
DA:117,1
DA:119,1
DA:122,1
DA:142,1
DA:143,1
DA:145,1
DA:146,1
DA:147,1
DA:148,1
DA:150,1
DA:152,1
DA:157,1
DA:175,2
DA:176,1
DA:177,1
DA:190,1
DA:214,3
DA:215,2
DA:221,2
DA:222,2
DA:223,2
DA:233,2
DA:234,2
DA:235,3
DA:236,3
DA:237,2
DA:244,2
DA:247,1
DA:248,1
DA:250,1
DA:251,1
DA:254,1
DA:256,1
DA:266,1
DA:281,3
DA:282,1
DA:285,3
DA:288,2
DA:294,2
DA:295,2
DA:297,3
DA:298,2
DA:301,1
DA:302,1
DA:304,1
DA:306,1
DA:311,1
DA:314,1
DA:324,1
LF:69
LH:69
BRDA:35,0,0,3
BRDA:35,0,1,1
BRDA:46,1,0,1
BRDA:46,1,1,1
BRDA:67,2,0,1
BRDA:67,2,1,1
BRDA:125,3,0,1
BRDA:125,3,1,0
BRDA:126,4,0,1
BRDA:126,4,1,0
BRDA:128,5,0,1
BRDA:128,5,1,0
BRDA:129,6,0,1
BRDA:129,6,1,0
BRDA:142,7,0,1
BRDA:142,7,1,1
BRDA:145,8,0,1
BRDA:146,9,0,1
BRDA:148,10,0,1
BRDA:150,11,0,1
BRDA:175,12,0,1
BRDA:176,13,0,1
BRDA:176,13,1,1
BRDA:193,14,0,1
BRDA:193,14,1,1
BRDA:236,15,0,2
BRDA:236,16,0,3
BRDA:236,16,1,2
BRDA:236,16,2,2
BRDA:240,17,0,1
BRDA:240,17,1,1
BRDA:244,18,0,1
BRDA:281,19,0,1
BRDA:298,20,0,1
BRDA:25,21,0,0
BRDA:25,21,1,2
BRDA:25,22,0,2
BRDA:25,22,1,0
BRF:38
BRH:32
end_of_record
TN:
SF:src\app\rbac\member.service.ts
FN:33,(anonymous_4)
FN:47,(anonymous_5)
FN:70,(anonymous_6)
FN:157,(anonymous_7)
FN:172,(anonymous_8)
FN:178,(anonymous_9)
FN:210,(anonymous_10)
FN:228,(anonymous_11)
FN:263,(anonymous_12)
FN:281,(anonymous_13)
FN:292,(anonymous_14)
FN:302,(anonymous_15)
FN:34,(anonymous_16)
FNF:13
FNH:11
FNDA:1,(anonymous_4)
FNDA:2,(anonymous_5)
FNDA:5,(anonymous_6)
FNDA:0,(anonymous_7)
FNDA:1,(anonymous_8)
FNDA:5,(anonymous_9)
FNDA:2,(anonymous_10)
FNDA:2,(anonymous_11)
FNDA:1,(anonymous_12)
FNDA:1,(anonymous_13)
FNDA:1,(anonymous_14)
FNDA:1,(anonymous_15)
FNDA:0,(anonymous_16)
DA:1,2
DA:2,2
DA:4,2
DA:5,2
DA:8,2
DA:9,2
DA:12,2
DA:13,2
DA:14,2
DA:21,2
DA:22,2
DA:23,2
DA:24,2
DA:26,2
DA:27,2
DA:28,2
DA:29,2
DA:32,2
DA:34,0
DA:35,1
DA:36,1
DA:37,1
DA:38,1
DA:39,1
DA:40,1
DA:41,1
DA:42,1
DA:43,1
DA:45,1
DA:52,2
DA:53,2
DA:54,1
DA:56,1
DA:57,1
DA:71,5
DA:72,1
DA:75,4
DA:76,4
DA:77,1
DA:81,3
DA:84,3
DA:85,2
DA:89,2
DA:90,1
DA:94,2
DA:99,2
DA:100,2
DA:101,2
DA:115,1
DA:128,1
DA:129,1
DA:137,1
DA:145,1
DA:147,1
DA:148,1
DA:152,1
DA:155,1
DA:159,0
DA:166,1
DA:174,1
DA:175,1
DA:184,5
DA:185,5
DA:186,4
DA:188,4
DA:189,1
DA:192,3
DA:194,3
DA:195,3
DA:196,1
DA:198,2
DA:199,2
DA:202,1
DA:207,1
DA:212,2
DA:213,2
DA:214,2
DA:216,2
DA:217,0
DA:220,2
DA:221,1
DA:224,1
DA:225,1
DA:234,2
DA:235,2
DA:236,2
DA:238,2
DA:239,0
DA:242,2
DA:243,1
DA:246,1
DA:247,1
DA:251,1
DA:252,0
DA:256,1
DA:260,1
DA:264,1
DA:265,1
DA:266,0
DA:270,1
DA:271,1
DA:282,1
DA:286,1
DA:287,0
DA:289,1
DA:296,1
DA:303,1
LF:107
LH:100
BRDA:53,0,0,1
BRDA:71,1,0,1
BRDA:76,2,0,1
BRDA:81,3,0,3
BRDA:81,3,1,0
BRDA:84,4,0,2
BRDA:89,5,0,1
BRDA:128,6,0,1
BRDA:185,7,0,1
BRDA:188,8,0,1
BRDA:194,9,0,3
BRDA:195,10,0,1
BRDA:199,11,0,1
BRDA:203,12,0,1
BRDA:203,12,1,0
BRDA:213,13,0,0
BRDA:216,14,0,0
BRDA:220,15,0,1
BRDA:235,16,0,0
BRDA:238,17,0,0
BRDA:242,18,0,1
BRDA:246,19,0,1
BRDA:246,20,0,1
BRDA:246,20,1,1
BRDA:251,21,0,0
BRDA:258,22,0,1
BRDA:258,22,1,0
BRDA:265,23,0,0
BRDA:286,24,0,0
BRDA:35,25,0,1
BRDA:35,25,1,1
BRDA:35,26,0,2
BRDA:35,26,1,1
BRDA:35,27,0,2
BRDA:35,27,1,0
BRDA:35,28,0,2
BRDA:35,28,1,2
BRDA:36,29,0,2
BRDA:36,29,1,0
BRDA:36,30,0,2
BRDA:36,30,1,2
BRDA:37,31,0,2
BRDA:37,31,1,0
BRDA:37,32,0,2
BRDA:37,32,1,2
BRDA:38,33,0,2
BRDA:38,33,1,0
BRDA:38,34,0,2
BRDA:38,34,1,2
BRDA:39,35,0,2
BRDA:39,35,1,0
BRDA:39,36,0,2
BRDA:39,36,1,2
BRDA:40,37,0,2
BRDA:40,37,1,0
BRDA:40,38,0,2
BRDA:40,38,1,2
BRDA:41,39,0,2
BRDA:41,39,1,0
BRDA:41,40,0,2
BRDA:41,40,1,2
BRDA:42,41,0,0
BRDA:42,41,1,2
BRDA:42,42,0,2
BRDA:42,42,1,0
BRDA:43,43,0,0
BRDA:43,43,1,2
BRDA:43,44,0,2
BRDA:43,44,1,0
BRF:69
BRH:48
end_of_record
TN:
SF:src\app\rbac\permission-cache.service.ts
FN:13,(anonymous_2)
FN:15,(anonymous_3)
FN:33,(anonymous_4)
FN:43,(anonymous_5)
FNF:4
FNH:4
FNDA:1,(anonymous_2)
FNDA:8,(anonymous_3)
FNDA:2,(anonymous_4)
FNDA:2,(anonymous_5)
DA:1,1
DA:2,1
DA:3,1
DA:6,1
DA:7,1
DA:11,1
DA:13,1
DA:16,8
DA:19,8
DA:20,2
DA:25,6
DA:28,6
DA:30,6
DA:38,2
DA:44,2
DA:45,1
DA:47,1
LF:17
LH:17
BRDA:19,0,0,2
BRDA:19,1,0,8
BRDA:19,1,1,3
BRDA:44,2,0,1
BRDA:44,2,1,1
BRDA:13,3,0,1
BRDA:13,3,1,0
BRDA:13,4,0,1
BRDA:13,4,1,1
BRF:9
BRH:8
end_of_record
TN:
SF:src\app\rbac\repository\member-branch.repository.ts
FN:8,(anonymous_4)
FN:9,(anonymous_5)
FN:17,(anonymous_6)
FN:30,(anonymous_7)
FN:43,(anonymous_8)
FN:53,(anonymous_9)
FNF:6
FNH:5
FNDA:3,(anonymous_4)
FNDA:0,(anonymous_5)
FNDA:2,(anonymous_6)
FNDA:2,(anonymous_7)
FNDA:1,(anonymous_8)
FNDA:2,(anonymous_9)
DA:1,3
DA:2,3
DA:3,3
DA:4,3
DA:7,3
DA:8,3
DA:10,0
DA:23,2
DA:26,2
DA:29,2
DA:30,2
DA:36,1
DA:47,1
DA:49,1
DA:53,2
LF:15
LH:14
BRDA:23,0,0,2
BRDA:23,0,1,2
BRDA:29,1,0,1
BRDA:47,2,0,1
BRDA:47,2,1,1
BRDA:8,3,0,0
BRDA:8,3,1,3
BRDA:8,4,0,3
BRDA:8,4,1,0
BRF:9
BRH:7
end_of_record
TN:
SF:src\app\rbac\repository\permission.repository.ts
FN:7,(anonymous_4)
FN:9,(anonymous_5)
FN:18,(anonymous_6)
FN:29,(anonymous_7)
FNF:4
FNH:4
FNDA:1,(anonymous_4)
FNDA:2,(anonymous_5)
FNDA:1,(anonymous_6)
FNDA:2,(anonymous_7)
DA:1,4
DA:2,4
DA:3,4
DA:6,4
DA:7,1
DA:10,2
DA:22,1
DA:23,1
DA:29,1
DA:30,2
DA:31,2
LF:11
LH:11
BRDA:22,0,0,1
BRDA:22,0,1,1
BRDA:7,1,0,0
BRDA:7,1,1,4
BRDA:7,2,0,4
BRDA:7,2,1,0
BRF:6
BRH:4
end_of_record
TN:
SF:src\app\rbac\repository\restaurant-member.repository.ts
FN:17,(anonymous_4)
FN:20,(anonymous_5)
FN:32,(anonymous_6)
FN:52,(anonymous_7)
FN:66,(anonymous_8)
FN:82,(anonymous_9)
FN:105,(anonymous_10)
FN:107,(anonymous_11)
FN:124,(anonymous_12)
FN:138,(anonymous_13)
FNF:10
FNH:10
FNDA:4,(anonymous_4)
FNDA:3,(anonymous_5)
FNDA:1,(anonymous_6)
FNDA:1,(anonymous_7)
FNDA:2,(anonymous_8)
FNDA:1,(anonymous_9)
FNDA:2,(anonymous_10)
FNDA:14,(anonymous_11)
FNDA:1,(anonymous_12)
FNDA:1,(anonymous_13)
DA:1,3
DA:2,3
DA:3,3
DA:4,3
DA:5,3
DA:15,3
DA:17,4
DA:21,3
DA:36,1
DA:38,1
DA:49,1
DA:56,1
DA:58,1
DA:70,2
DA:76,2
DA:77,1
DA:86,1
DA:89,1
DA:106,2
DA:107,14
DA:110,2
DA:116,2
DA:118,1
DA:129,1
DA:131,1
DA:132,1
DA:133,1
DA:135,1
DA:140,1
DA:142,1
DA:144,1
DA:149,1
DA:151,1
DA:153,0
DA:154,0
LF:35
LH:33
BRDA:36,0,0,1
BRDA:36,0,1,1
BRDA:43,1,0,1
BRDA:43,1,1,1
BRDA:56,2,0,1
BRDA:56,2,1,1
BRDA:76,3,0,1
BRDA:86,4,0,1
BRDA:86,4,1,1
BRDA:106,5,0,2
BRDA:106,5,1,2
BRDA:116,6,0,1
BRDA:129,7,0,1
BRDA:129,7,1,1
BRDA:132,8,0,1
BRDA:133,9,0,1
BRDA:140,10,0,1
BRDA:140,10,1,0
BRDA:151,11,0,0
BRDA:153,12,0,0
BRDA:17,13,0,0
BRDA:17,13,1,3
BRDA:17,14,0,3
BRDA:17,14,1,0
BRF:24
BRH:19
end_of_record
TN:
SF:src\app\rbac\repository\role.repository.ts
FN:16,(anonymous_4)
FN:19,(anonymous_5)
FN:29,(anonymous_6)
FN:44,(anonymous_7)
FNF:4
FNH:3
FNDA:1,(anonymous_4)
FNDA:0,(anonymous_5)
FNDA:2,(anonymous_6)
FNDA:1,(anonymous_7)
DA:1,3
DA:2,3
DA:3,3
DA:6,3
DA:8,1
DA:16,1
DA:20,0
DA:33,2
DA:35,2
DA:37,2
DA:48,1
DA:50,1
DA:52,1
LF:13
LH:12
BRDA:33,0,0,2
BRDA:33,0,1,2
BRDA:37,1,0,1
BRDA:37,1,1,1
BRDA:48,2,0,1
BRDA:48,2,1,1
BRDA:52,3,0,1
BRDA:52,3,1,0
BRDA:16,4,0,0
BRDA:16,4,1,3
BRDA:16,5,0,3
BRDA:16,5,1,0
BRF:12
BRH:9
end_of_record
TN:
SF:src\app\restaurant\restaurant.service.ts
FN:33,(anonymous_4)
FN:42,(anonymous_5)
FN:68,(anonymous_6)
FN:105,(anonymous_7)
FN:113,(anonymous_8)
FN:165,(anonymous_9)
FN:195,(anonymous_10)
FNF:7
FNH:7
FNDA:1,(anonymous_4)
FNDA:1,(anonymous_5)
FNDA:1,(anonymous_6)
FNDA:3,(anonymous_7)
FNDA:3,(anonymous_8)
FNDA:4,(anonymous_9)
FNDA:3,(anonymous_10)
DA:1,5
DA:8,5
DA:9,5
DA:12,5
DA:13,5
DA:14,5
DA:16,5
DA:24,5
DA:28,5
DA:31,5
DA:34,1
DA:37,1
DA:38,1
DA:50,1
DA:59,1
DA:64,1
DA:70,1
DA:82,1
DA:90,1
DA:91,1
DA:93,1
DA:98,1
DA:106,3
DA:107,3
DA:108,2
DA:110,1
DA:115,3
DA:116,1
DA:122,2
DA:124,2
DA:126,2
DA:133,1
DA:144,1
DA:147,1
DA:159,1
DA:160,1
DA:161,1
DA:172,4
DA:173,4
DA:174,1
DA:178,3
DA:182,1
DA:186,2
DA:192,2
DA:201,3
DA:202,1
DA:206,2
DA:207,2
DA:208,1
DA:212,1
DA:217,1
LF:51
LH:51
BRDA:107,0,0,2
BRDA:107,1,0,3
BRDA:107,1,1,2
BRDA:115,2,0,1
BRDA:173,3,0,1
BRDA:178,4,0,1
BRDA:179,5,0,3
BRDA:179,5,1,2
BRDA:201,6,0,1
BRDA:207,7,0,1
BRDA:34,8,0,5
BRDA:34,8,1,0
BRDA:34,9,0,5
BRDA:34,9,1,5
BRDA:34,10,0,0
BRDA:34,10,1,5
BRDA:34,11,0,5
BRDA:34,11,1,0
BRDA:37,12,0,5
BRDA:37,12,1,0
BRDA:37,13,0,5
BRDA:37,13,1,5
BRF:22
BRH:18
end_of_record
TN:
SF:src\app\restaurant\repository\restaurant.repository.ts
FN:26,(anonymous_4)
FN:28,(anonymous_5)
FN:44,(anonymous_6)
FN:55,(anonymous_7)
FN:58,(anonymous_8)
FN:71,(anonymous_9)
FN:93,(anonymous_10)
FN:107,(anonymous_11)
FNF:8
FNH:8
FNDA:3,(anonymous_4)
FNDA:4,(anonymous_5)
FNDA:1,(anonymous_6)
FNDA:1,(anonymous_7)
FNDA:2,(anonymous_8)
FNDA:1,(anonymous_9)
FNDA:1,(anonymous_10)
FNDA:1,(anonymous_11)
DA:1,6
DA:2,6
DA:3,6
DA:4,6
DA:12,6
DA:25,6
DA:26,3
DA:30,4
DA:48,1
DA:51,1
DA:52,1
DA:54,1
DA:55,1
DA:59,2
DA:66,2
DA:76,1
DA:78,1
DA:90,1
DA:94,1
DA:104,1
DA:108,1
DA:117,1
LF:22
LH:22
BRDA:66,0,0,1
BRDA:66,0,1,1
BRDA:76,1,0,1
BRDA:76,1,1,1
BRDA:83,2,0,1
BRDA:83,2,1,1
BRDA:26,3,0,0
BRDA:26,3,1,6
BRDA:26,4,0,6
BRDA:26,4,1,0
BRF:10
BRH:8
end_of_record
TN:
SF:src\app\user\user.service.ts
FN:17,(anonymous_2)
FN:23,(anonymous_3)
FN:32,(anonymous_4)
FN:40,(anonymous_5)
FN:46,(anonymous_6)
FN:49,(anonymous_7)
FN:66,(anonymous_8)
FN:79,(anonymous_9)
FNF:8
FNH:8
FNDA:1,(anonymous_2)
FNDA:1,(anonymous_3)
FNDA:1,(anonymous_4)
FNDA:1,(anonymous_5)
FNDA:1,(anonymous_6)
FNDA:3,(anonymous_7)
FNDA:1,(anonymous_8)
FNDA:2,(anonymous_9)
DA:2,6
DA:7,6
DA:9,6
DA:13,6
DA:16,6
DA:18,1
DA:19,1
DA:28,1
DA:36,1
DA:44,1
DA:47,1
DA:50,3
DA:52,3
DA:54,1
DA:58,2
DA:68,1
DA:71,1
DA:74,1
DA:86,2
DA:93,2
DA:94,1
DA:98,1
DA:102,1
LF:23
LH:23
BRDA:52,0,0,1
BRDA:83,1,0,1
BRDA:93,2,0,1
BRDA:18,3,0,6
BRDA:18,3,1,0
BRDA:18,4,0,6
BRDA:18,4,1,6
BRDA:18,5,0,6
BRDA:18,5,1,0
BRDA:18,6,0,6
BRDA:18,6,1,6
BRF:11
BRH:9
end_of_record
TN:
SF:src\app\user\repository\user.repository.ts
FN:22,(anonymous_4)
FN:24,(anonymous_5)
FN:38,(anonymous_6)
FN:52,(anonymous_7)
FN:69,(anonymous_8)
FN:87,(anonymous_9)
FN:95,(anonymous_10)
FN:100,(anonymous_11)
FNF:8
FNH:8
FNDA:4,(anonymous_4)
FNDA:3,(anonymous_5)
FNDA:2,(anonymous_6)
FNDA:1,(anonymous_7)
FNDA:1,(anonymous_8)
FNDA:1,(anonymous_9)
FNDA:1,(anonymous_10)
FNDA:2,(anonymous_11)
DA:2,7
DA:3,7
DA:4,7
DA:5,7
DA:18,7
DA:22,4
DA:25,3
DA:42,2
DA:43,2
DA:49,2
DA:58,1
DA:59,1
DA:66,1
DA:71,1
DA:72,1
DA:84,1
DA:92,1
DA:93,1
DA:96,1
DA:98,1
DA:104,2
DA:107,2
DA:108,2
DA:111,2
DA:112,1
LF:25
LH:25
BRDA:42,0,0,2
BRDA:42,0,1,2
BRDA:49,1,0,1
BRDA:49,1,1,1
BRDA:58,2,0,1
BRDA:58,2,1,1
BRDA:71,3,0,1
BRDA:71,3,1,1
BRDA:92,4,0,1
BRDA:92,4,1,1
BRDA:98,5,0,1
BRDA:98,5,1,0
BRDA:107,6,0,1
BRDA:108,7,0,1
BRDA:111,8,0,1
BRDA:22,9,0,0
BRDA:22,9,1,7
BRDA:22,10,0,7
BRDA:22,10,1,0
BRF:19
BRH:16
end_of_record
TN:
SF:src\lib\pagination\cursor-pagination.ts
FN:23,applyCursorPagination
FN:42,applyFilters
FN:78,buildPaginationResult
FNF:3
FNH:3
FNDA:7,applyCursorPagination
FNDA:6,applyFilters
FNDA:8,buildPaginationResult
DA:23,9
DA:28,7
DA:29,1
DA:32,6
DA:34,1
DA:35,1
DA:39,6
DA:42,9
DA:46,6
DA:47,10
DA:49,4
DA:50,4
DA:52,1
DA:53,1
DA:55,1
DA:56,1
DA:58,1
DA:59,1
DA:61,1
DA:62,1
DA:64,1
DA:65,1
DA:68,1
DA:72,1
DA:75,6
DA:78,9
DA:83,8
DA:85,8
DA:86,8
DA:88,8
DA:89,5
DA:90,5
DA:93,5
DA:94,1
DA:95,4
DA:97,4
DA:101,8
LF:37
LH:37
BRDA:28,0,0,1
BRDA:32,1,0,1
BRDA:34,2,0,1
BRDA:34,2,1,0
BRDA:47,3,0,4
BRDA:47,3,1,1
BRDA:47,3,2,1
BRDA:47,3,3,1
BRDA:47,3,4,1
BRDA:47,3,5,1
BRDA:47,3,6,1
BRDA:70,4,0,1
BRDA:70,4,1,0
BRDA:85,5,0,5
BRDA:85,5,1,3
BRDA:88,6,0,5
BRDA:88,7,0,8
BRDA:88,7,1,7
BRDA:93,8,0,1
BRDA:93,8,1,4
BRDA:95,9,0,4
BRDA:95,10,0,4
BRDA:95,10,1,4
BRF:23
BRH:21
end_of_record
TN:
SF:src\lib\pagination\query-parser.ts
FN:3,parsePaginationQuery
FN:22,parseFilters
FN:32,(anonymous_2)
FN:40,(anonymous_3)
FN:41,(anonymous_4)
FN:45,(anonymous_5)
FNF:6
FNH:6
FNDA:7,parsePaginationQuery
FNDA:8,parseFilters
FNDA:1,(anonymous_2)
FNDA:3,(anonymous_3)
FNDA:2,(anonymous_4)
FNDA:2,(anonymous_5)
DA:3,6
DA:8,7
DA:10,7
DA:22,6
DA:27,8
DA:28,8
DA:30,1
DA:32,1
DA:33,1
DA:34,1
DA:37,1
DA:39,1
DA:40,3
DA:43,2
DA:44,2
DA:45,2
DA:48,2
LF:17
LH:17
BRDA:5,0,0,1
BRDA:8,1,0,7
BRDA:8,1,1,5
BRDA:13,2,0,7
BRDA:13,2,1,3
BRDA:15,3,0,7
BRDA:15,3,1,1
BRDA:18,4,0,1
BRDA:18,4,1,6
BRDA:25,5,0,2
BRDA:28,6,0,7
BRDA:28,7,0,8
BRDA:28,7,1,2
BRDA:34,8,0,0
BRDA:34,9,0,1
BRDA:34,9,1,1
BRDA:37,10,0,1
BRDA:37,10,1,0
BRDA:44,11,0,1
BRDA:44,12,0,2
BRDA:44,12,1,1
BRF:21
BRH:19
end_of_record
TN:
SF:src\pkg\utils\time.utils.ts
FN:7,(anonymous_0)
FN:8,(anonymous_1)
FN:9,(anonymous_2)
FN:10,(anonymous_3)
FN:15,(anonymous_4)
FN:16,(anonymous_5)
FN:17,(anonymous_6)
FN:22,(anonymous_7)
FN:28,(anonymous_8)
FNF:9
FNH:9
FNDA:1,(anonymous_0)
FNDA:2,(anonymous_1)
FNDA:3,(anonymous_2)
FNDA:1,(anonymous_3)
FNDA:1,(anonymous_4)
FNDA:1,(anonymous_5)
FNDA:1,(anonymous_6)
FNDA:1,(anonymous_7)
FNDA:1,(anonymous_8)
DA:3,4
DA:7,1
DA:8,2
DA:9,3
DA:10,1
DA:15,1
DA:16,1
DA:17,1
DA:23,1
DA:24,1
DA:25,1
DA:29,1
DA:30,1
DA:31,1
LF:14
LH:14
BRF:0
BRH:0
end_of_record
