{"C:\\Users\\Zeyad Rafat\\Study\\Projects\\quickbite\\core-service\\backend\\src\\app.module.ts": {"path":"C:\\Users\\Zeyad Rafat\\Study\\Projects\\quickbite\\core-service\\backend\\src\\app.module.ts","statementMap":{"0":{"start":{"line":1,"column":0},"end":{"line":1,"column":null}},"1":{"start":{"line":7,"column":0},"end":{"line":7,"column":50}},"2":{"start":{"line":8,"column":0},"end":{"line":8,"column":46}},"3":{"start":{"line":9,"column":0},"end":{"line":9,"column":54}},"4":{"start":{"line":10,"column":0},"end":{"line":10,"column":59}},"5":{"start":{"line":11,"column":0},"end":{"line":11,"column":76}},"6":{"start":{"line":15,"column":0},"end":{"line":15,"column":55}},"7":{"start":{"line":16,"column":0},"end":{"line":16,"column":80}},"8":{"start":{"line":17,"column":0},"end":{"line":17,"column":78}},"9":{"start":{"line":18,"column":0},"end":{"line":18,"column":74}},"10":{"start":{"line":21,"column":0},"end":{"line":21,"column":50}},"11":{"start":{"line":22,"column":0},"end":{"line":22,"column":52}},"12":{"start":{"line":23,"column":0},"end":{"line":23,"column":41}},"13":{"start":{"line":24,"column":0},"end":{"line":24,"column":48}},"14":{"start":{"line":25,"column":0},"end":{"line":25,"column":58}},"15":{"start":{"line":26,"column":0},"end":{"line":26,"column":52}},"16":{"start":{"line":27,"column":0},"end":{"line":27,"column":52}},"17":{"start":{"line":28,"column":0},"end":{"line":28,"column":61}},"18":{"start":{"line":29,"column":0},"end":{"line":29,"column":70}},"19":{"start":{"line":30,"column":0},"end":{"line":30,"column":58}},"20":{"start":{"line":31,"column":0},"end":{"line":31,"column":61}},"21":{"start":{"line":32,"column":0},"end":{"line":32,"column":52}},"22":{"start":{"line":33,"column":0},"end":{"line":33,"column":55}},"23":{"start":{"line":34,"column":0},"end":{"line":34,"column":58}},"24":{"start":{"line":35,"column":0},"end":{"line":35,"column":61}},"25":{"start":{"line":36,"column":0},"end":{"line":36,"column":71}},"26":{"start":{"line":98,"column":7},"end":{"line":104,"column":null}},"27":{"start":{"line":100,"column":4},"end":{"line":102,"column":59}},"28":{"start":{"line":98,"column":13},"end":{"line":98,"column":22}},"29":{"start":{"line":98,"column":13},"end":{"line":104,"column":null}},"30":{"start":{"line":42,"column":25},"end":{"line":45,"column":8}}},"fnMap":{"0":{"name":"(anonymous_2)","decl":{"start":{"line":99,"column":2},"end":{"line":99,"column":11}},"loc":{"start":{"line":99,"column":40},"end":{"line":103,"column":3}}},"1":{"name":"(anonymous_3)","decl":{"start":{"line":42,"column":18},"end":{"line":42,"column":21}},"loc":{"start":{"line":42,"column":25},"end":{"line":45,"column":8}}}},"branchMap":{},"s":{"0":9,"1":9,"2":9,"3":9,"4":9,"5":9,"6":9,"7":9,"8":9,"9":9,"10":9,"11":9,"12":9,"13":9,"14":9,"15":9,"16":9,"17":9,"18":9,"19":9,"20":9,"21":9,"22":9,"23":9,"24":9,"25":9,"26":9,"27":9,"28":9,"29":9,"30":9},"f":{"0":9,"1":9},"b":{}}
,"C:\\Users\\Zeyad Rafat\\Study\\Projects\\quickbite\\core-service\\backend\\src\\app\\address\\address.controller.ts": {"path":"C:\\Users\\Zeyad Rafat\\Study\\Projects\\quickbite\\core-service\\backend\\src\\app\\address\\address.controller.ts","statementMap":{"0":{"start":{"line":2,"column":0},"end":{"line":2,"column":null}},"1":{"start":{"line":14,"column":0},"end":{"line":14,"column":34}},"2":{"start":{"line":15,"column":0},"end":{"line":15,"column":51}},"3":{"start":{"line":16,"column":0},"end":{"line":16,"column":60}},"4":{"start":{"line":17,"column":0},"end":{"line":17,"column":66}},"5":{"start":{"line":18,"column":0},"end":{"line":18,"column":60}},"6":{"start":{"line":20,"column":7},"end":{"line":60,"column":null}},"7":{"start":{"line":21,"column":31},"end":{"line":21,"column":47}},"8":{"start":{"line":26,"column":20},"end":{"line":26,"column":44}},"9":{"start":{"line":28,"column":4},"end":{"line":28,"column":52}},"10":{"start":{"line":34,"column":20},"end":{"line":34,"column":44}},"11":{"start":{"line":36,"column":4},"end":{"line":36,"column":59}},"12":{"start":{"line":46,"column":20},"end":{"line":46,"column":44}},"13":{"start":{"line":49,"column":4},"end":{"line":49,"column":70}},"14":{"start":{"line":57,"column":20},"end":{"line":57,"column":44}},"15":{"start":{"line":58,"column":4},"end":{"line":58,"column":64}},"16":{"start":{"line":20,"column":13},"end":{"line":20,"column":30}},"17":{"start":{"line":24,"column":8},"end":{"line":29,"column":null}},"18":{"start":{"line":33,"column":8},"end":{"line":37,"column":null}},"19":{"start":{"line":40,"column":8},"end":{"line":50,"column":null}},"20":{"start":{"line":53,"column":8},"end":{"line":59,"column":null}},"21":{"start":{"line":20,"column":13},"end":{"line":60,"column":null}}},"fnMap":{"0":{"name":"(anonymous_4)","decl":{"start":{"line":21,"column":2},"end":{"line":21,"column":31}},"loc":{"start":{"line":21,"column":61},"end":{"line":21,"column":65}}},"1":{"name":"(anonymous_5)","decl":{"start":{"line":24,"column":2},"end":{"line":24,"column":7}},"loc":{"start":{"line":24,"column":40},"end":{"line":29,"column":3}}},"2":{"name":"(anonymous_6)","decl":{"start":{"line":33,"column":2},"end":{"line":33,"column":7}},"loc":{"start":{"line":33,"column":73},"end":{"line":37,"column":3}}},"3":{"name":"(anonymous_7)","decl":{"start":{"line":40,"column":2},"end":{"line":40,"column":7}},"loc":{"start":{"line":43,"column":34},"end":{"line":50,"column":3}}},"4":{"name":"(anonymous_8)","decl":{"start":{"line":53,"column":2},"end":{"line":53,"column":7}},"loc":{"start":{"line":55,"column":55},"end":{"line":59,"column":3}}}},"branchMap":{"0":{"loc":{"start":{"line":24,"column":33},"end":{"line":24,"column":null}},"type":"cond-expr","locations":[{"start":{"line":24,"column":40},"end":{"line":24,"column":null}},{"start":{"line":24,"column":40},"end":{"line":24,"column":null}}]},"1":{"loc":{"start":{"line":24,"column":33},"end":{"line":24,"column":40}},"type":"binary-expr","locations":[{"start":{"line":24,"column":33},"end":{"line":24,"column":null}},{"start":{"line":24,"column":33},"end":{"line":24,"column":40}}]},"2":{"loc":{"start":{"line":33,"column":34},"end":{"line":33,"column":44}},"type":"cond-expr","locations":[{"start":{"line":33,"column":41},"end":{"line":33,"column":44}},{"start":{"line":33,"column":41},"end":{"line":33,"column":44}}]},"3":{"loc":{"start":{"line":33,"column":34},"end":{"line":33,"column":41}},"type":"binary-expr","locations":[{"start":{"line":33,"column":34},"end":{"line":33,"column":44}},{"start":{"line":33,"column":34},"end":{"line":33,"column":41}}]},"4":{"loc":{"start":{"line":33,"column":41},"end":{"line":33,"column":null}},"type":"cond-expr","locations":[{"start":{"line":33,"column":73},"end":{"line":33,"column":null}},{"start":{"line":33,"column":73},"end":{"line":33,"column":null}}]},"5":{"loc":{"start":{"line":33,"column":41},"end":{"line":33,"column":73}},"type":"binary-expr","locations":[{"start":{"line":33,"column":41},"end":{"line":33,"column":null}},{"start":{"line":33,"column":57},"end":{"line":33,"column":73}}]},"6":{"loc":{"start":{"line":41,"column":16},"end":{"line":41,"column":null}},"type":"cond-expr","locations":[{"start":{"line":41,"column":23},"end":{"line":41,"column":null}},{"start":{"line":41,"column":23},"end":{"line":41,"column":null}}]},"7":{"loc":{"start":{"line":41,"column":16},"end":{"line":41,"column":23}},"type":"binary-expr","locations":[{"start":{"line":41,"column":16},"end":{"line":41,"column":null}},{"start":{"line":41,"column":16},"end":{"line":41,"column":23}}]},"8":{"loc":{"start":{"line":41,"column":23},"end":{"line":43,"column":null}},"type":"cond-expr","locations":[{"start":{"line":43,"column":34},"end":{"line":43,"column":null}},{"start":{"line":43,"column":34},"end":{"line":43,"column":null}}]},"9":{"loc":{"start":{"line":41,"column":23},"end":{"line":43,"column":34}},"type":"binary-expr","locations":[{"start":{"line":41,"column":23},"end":{"line":43,"column":null}},{"start":{"line":43,"column":18},"end":{"line":43,"column":34}}]},"10":{"loc":{"start":{"line":54,"column":16},"end":{"line":54,"column":null}},"type":"cond-expr","locations":[{"start":{"line":54,"column":23},"end":{"line":54,"column":null}},{"start":{"line":54,"column":23},"end":{"line":54,"column":null}}]},"11":{"loc":{"start":{"line":54,"column":16},"end":{"line":54,"column":23}},"type":"binary-expr","locations":[{"start":{"line":54,"column":16},"end":{"line":54,"column":null}},{"start":{"line":54,"column":16},"end":{"line":54,"column":23}}]},"12":{"loc":{"start":{"line":21,"column":47},"end":{"line":21,"column":64}},"type":"cond-expr","locations":[{"start":{"line":21,"column":61},"end":{"line":21,"column":64}},{"start":{"line":21,"column":61},"end":{"line":21,"column":64}}]},"13":{"loc":{"start":{"line":21,"column":47},"end":{"line":21,"column":61}},"type":"binary-expr","locations":[{"start":{"line":21,"column":47},"end":{"line":21,"column":64}},{"start":{"line":21,"column":47},"end":{"line":21,"column":61}}]}},"s":{"0":9,"1":9,"2":9,"3":9,"4":9,"5":9,"6":9,"7":9,"8":4,"9":4,"10":2,"11":2,"12":3,"13":3,"14":3,"15":3,"16":9,"17":9,"18":9,"19":9,"20":9,"21":9},"f":{"0":9,"1":4,"2":2,"3":3,"4":3},"b":{"0":[0,9],"1":[9,0],"2":[0,9],"3":[9,0],"4":[9,0],"5":[9,9],"6":[0,9],"7":[9,0],"8":[9,0],"9":[9,9],"10":[0,9],"11":[9,0],"12":[9,0],"13":[9,9]}}
,"C:\\Users\\Zeyad Rafat\\Study\\Projects\\quickbite\\core-service\\backend\\src\\app\\address\\address.internal.controller.ts": {"path":"C:\\Users\\Zeyad Rafat\\Study\\Projects\\quickbite\\core-service\\backend\\src\\app\\address\\address.internal.controller.ts","statementMap":{"0":{"start":{"line":1,"column":0},"end":{"line":1,"column":null}},"1":{"start":{"line":8,"column":0},"end":{"line":8,"column":51}},"2":{"start":{"line":9,"column":0},"end":{"line":9,"column":94}},"3":{"start":{"line":12,"column":7},"end":{"line":20,"column":null}},"4":{"start":{"line":13,"column":31},"end":{"line":13,"column":47}},"5":{"start":{"line":18,"column":4},"end":{"line":18,"column":59}},"6":{"start":{"line":12,"column":13},"end":{"line":12,"column":38}},"7":{"start":{"line":17,"column":8},"end":{"line":19,"column":null}},"8":{"start":{"line":12,"column":13},"end":{"line":20,"column":null}}},"fnMap":{"0":{"name":"(anonymous_4)","decl":{"start":{"line":13,"column":2},"end":{"line":13,"column":31}},"loc":{"start":{"line":13,"column":61},"end":{"line":13,"column":65}}},"1":{"name":"(anonymous_5)","decl":{"start":{"line":17,"column":2},"end":{"line":17,"column":7}},"loc":{"start":{"line":17,"column":67},"end":{"line":19,"column":3}}}},"branchMap":{"0":{"loc":{"start":{"line":13,"column":47},"end":{"line":13,"column":64}},"type":"cond-expr","locations":[{"start":{"line":13,"column":61},"end":{"line":13,"column":64}},{"start":{"line":13,"column":61},"end":{"line":13,"column":64}}]},"1":{"loc":{"start":{"line":13,"column":47},"end":{"line":13,"column":61}},"type":"binary-expr","locations":[{"start":{"line":13,"column":47},"end":{"line":13,"column":64}},{"start":{"line":13,"column":47},"end":{"line":13,"column":61}}]}},"s":{"0":9,"1":9,"2":9,"3":9,"4":9,"5":2,"6":9,"7":9,"8":9},"f":{"0":9,"1":2},"b":{"0":[9,0],"1":[9,9]}}
,"C:\\Users\\Zeyad Rafat\\Study\\Projects\\quickbite\\core-service\\backend\\src\\app\\address\\address.module.ts": {"path":"C:\\Users\\Zeyad Rafat\\Study\\Projects\\quickbite\\core-service\\backend\\src\\app\\address\\address.module.ts","statementMap":{"0":{"start":{"line":2,"column":0},"end":{"line":2,"column":40}},"1":{"start":{"line":3,"column":0},"end":{"line":3,"column":57}},"2":{"start":{"line":4,"column":0},"end":{"line":4,"column":74}},"3":{"start":{"line":5,"column":0},"end":{"line":5,"column":51}},"4":{"start":{"line":6,"column":0},"end":{"line":6,"column":68}},"5":{"start":{"line":13,"column":7},"end":{"line":13,"column":null}},"6":{"start":{"line":13,"column":13},"end":{"line":13,"column":26}},"7":{"start":{"line":13,"column":13},"end":{"line":13,"column":null}}},"fnMap":{},"branchMap":{},"s":{"0":9,"1":9,"2":9,"3":9,"4":9,"5":9,"6":9,"7":9},"f":{},"b":{}}
,"C:\\Users\\Zeyad Rafat\\Study\\Projects\\quickbite\\core-service\\backend\\src\\app\\address\\address.service.ts": {"path":"C:\\Users\\Zeyad Rafat\\Study\\Projects\\quickbite\\core-service\\backend\\src\\app\\address\\address.service.ts","statementMap":{"0":{"start":{"line":2,"column":0},"end":{"line":2,"column":63}},"1":{"start":{"line":3,"column":0},"end":{"line":3,"column":68}},"2":{"start":{"line":9,"column":7},"end":{"line":136,"column":null}},"3":{"start":{"line":10,"column":31},"end":{"line":10,"column":44}},"4":{"start":{"line":13,"column":4},"end":{"line":15,"column":5}},"5":{"start":{"line":14,"column":6},"end":{"line":14,"column":58}},"6":{"start":{"line":16,"column":20},"end":{"line":16,"column":70}},"7":{"start":{"line":18,"column":4},"end":{"line":33,"column":6}},"8":{"start":{"line":36,"column":22},"end":{"line":36,"column":73}},"9":{"start":{"line":39,"column":4},"end":{"line":53,"column":6}},"10":{"start":{"line":40,"column":40},"end":{"line":52,"column":8}},"11":{"start":{"line":60,"column":4},"end":{"line":62,"column":5}},"12":{"start":{"line":61,"column":6},"end":{"line":61,"column":58}},"13":{"start":{"line":64,"column":22},"end":{"line":67,"column":null}},"14":{"start":{"line":70,"column":4},"end":{"line":73,"column":5}},"15":{"start":{"line":72,"column":6},"end":{"line":72,"column":55}},"16":{"start":{"line":76,"column":27},"end":{"line":78,"column":null}},"17":{"start":{"line":82,"column":4},"end":{"line":84,"column":5}},"18":{"start":{"line":83,"column":6},"end":{"line":83,"column":55}},"19":{"start":{"line":87,"column":4},"end":{"line":102,"column":6}},"20":{"start":{"line":105,"column":22},"end":{"line":105,"column":77}},"21":{"start":{"line":107,"column":4},"end":{"line":109,"column":5}},"22":{"start":{"line":108,"column":6},"end":{"line":108,"column":55}},"23":{"start":{"line":111,"column":4},"end":{"line":113,"column":6}},"24":{"start":{"line":118,"column":20},"end":{"line":118,"column":63}},"25":{"start":{"line":119,"column":4},"end":{"line":121,"column":5}},"26":{"start":{"line":120,"column":6},"end":{"line":120,"column":55}},"27":{"start":{"line":122,"column":4},"end":{"line":134,"column":6}},"28":{"start":{"line":9,"column":13},"end":{"line":9,"column":27}},"29":{"start":{"line":9,"column":13},"end":{"line":136,"column":null}}},"fnMap":{"0":{"name":"(anonymous_2)","decl":{"start":{"line":10,"column":2},"end":{"line":10,"column":31}},"loc":{"start":{"line":10,"column":61},"end":{"line":10,"column":65}}},"1":{"name":"(anonymous_3)","decl":{"start":{"line":12,"column":2},"end":{"line":12,"column":7}},"loc":{"start":{"line":12,"column":60},"end":{"line":34,"column":3}}},"2":{"name":"(anonymous_4)","decl":{"start":{"line":35,"column":2},"end":{"line":35,"column":7}},"loc":{"start":{"line":35,"column":35},"end":{"line":54,"column":3}}},"3":{"name":"(anonymous_5)","decl":{"start":{"line":40,"column":26},"end":{"line":40,"column":27}},"loc":{"start":{"line":40,"column":40},"end":{"line":52,"column":8}}},"4":{"name":"(anonymous_6)","decl":{"start":{"line":55,"column":2},"end":{"line":55,"column":7}},"loc":{"start":{"line":58,"column":26},"end":{"line":103,"column":3}}},"5":{"name":"(anonymous_7)","decl":{"start":{"line":104,"column":2},"end":{"line":104,"column":7}},"loc":{"start":{"line":104,"column":55},"end":{"line":114,"column":3}}},"6":{"name":"(anonymous_8)","decl":{"start":{"line":117,"column":2},"end":{"line":117,"column":7}},"loc":{"start":{"line":117,"column":35},"end":{"line":135,"column":3}}}},"branchMap":{"0":{"loc":{"start":{"line":13,"column":4},"end":{"line":15,"column":5}},"type":"if","locations":[{"start":{"line":13,"column":4},"end":{"line":15,"column":5}}]},"1":{"loc":{"start":{"line":60,"column":4},"end":{"line":62,"column":5}},"type":"if","locations":[{"start":{"line":60,"column":4},"end":{"line":62,"column":5}}]},"2":{"loc":{"start":{"line":70,"column":4},"end":{"line":73,"column":5}},"type":"if","locations":[{"start":{"line":70,"column":4},"end":{"line":73,"column":5}}]},"3":{"loc":{"start":{"line":82,"column":4},"end":{"line":84,"column":5}},"type":"if","locations":[{"start":{"line":82,"column":4},"end":{"line":84,"column":5}}]},"4":{"loc":{"start":{"line":107,"column":4},"end":{"line":109,"column":5}},"type":"if","locations":[{"start":{"line":107,"column":4},"end":{"line":109,"column":5}}]},"5":{"loc":{"start":{"line":119,"column":4},"end":{"line":121,"column":5}},"type":"if","locations":[{"start":{"line":119,"column":4},"end":{"line":121,"column":5}}]},"6":{"loc":{"start":{"line":10,"column":44},"end":{"line":10,"column":64}},"type":"cond-expr","locations":[{"start":{"line":10,"column":61},"end":{"line":10,"column":64}},{"start":{"line":10,"column":61},"end":{"line":10,"column":64}}]},"7":{"loc":{"start":{"line":10,"column":44},"end":{"line":10,"column":61}},"type":"binary-expr","locations":[{"start":{"line":10,"column":44},"end":{"line":10,"column":64}},{"start":{"line":10,"column":44},"end":{"line":10,"column":61}}]}},"s":{"0":9,"1":9,"2":9,"3":9,"4":2,"5":2,"6":2,"7":2,"8":4,"9":4,"10":1,"11":3,"12":0,"13":3,"14":3,"15":0,"16":3,"17":3,"18":2,"19":1,"20":3,"21":3,"22":2,"23":1,"24":2,"25":2,"26":1,"27":1,"28":9,"29":9},"f":{"0":9,"1":2,"2":4,"3":1,"4":3,"5":3,"6":2},"b":{"0":[2],"1":[0],"2":[0],"3":[2],"4":[2],"5":[1],"6":[9,0],"7":[9,9]}}
,"C:\\Users\\Zeyad Rafat\\Study\\Projects\\quickbite\\core-service\\backend\\src\\app\\address\\dto\\create-address.dto.ts": {"path":"C:\\Users\\Zeyad Rafat\\Study\\Projects\\quickbite\\core-service\\backend\\src\\app\\address\\dto\\create-address.dto.ts","statementMap":{"0":{"start":{"line":1,"column":0},"end":{"line":1,"column":98}},"1":{"start":{"line":3,"column":0},"end":{"line":3,"column":13}},"2":{"start":{"line":6,"column":2},"end":{"line":6,"column":null}},"3":{"start":{"line":10,"column":2},"end":{"line":10,"column":null}},"4":{"start":{"line":14,"column":2},"end":{"line":14,"column":null}},"5":{"start":{"line":18,"column":2},"end":{"line":18,"column":null}},"6":{"start":{"line":22,"column":2},"end":{"line":22,"column":null}},"7":{"start":{"line":26,"column":2},"end":{"line":26,"column":null}},"8":{"start":{"line":30,"column":2},"end":{"line":30,"column":null}},"9":{"start":{"line":36,"column":2},"end":{"line":36,"column":null}},"10":{"start":{"line":42,"column":2},"end":{"line":42,"column":null}},"11":{"start":{"line":46,"column":2},"end":{"line":46,"column":null}}},"fnMap":{},"branchMap":{},"s":{"0":9,"1":9,"2":9,"3":9,"4":9,"5":9,"6":9,"7":9,"8":9,"9":9,"10":9,"11":9},"f":{},"b":{}}
,"C:\\Users\\Zeyad Rafat\\Study\\Projects\\quickbite\\core-service\\backend\\src\\app\\address\\dto\\update-address.dto.ts": {"path":"C:\\Users\\Zeyad Rafat\\Study\\Projects\\quickbite\\core-service\\backend\\src\\app\\address\\dto\\update-address.dto.ts","statementMap":{"0":{"start":{"line":2,"column":0},"end":{"line":2,"column":null}},"1":{"start":{"line":11,"column":0},"end":{"line":11,"column":13}},"2":{"start":{"line":14,"column":2},"end":{"line":14,"column":null}},"3":{"start":{"line":18,"column":2},"end":{"line":18,"column":null}},"4":{"start":{"line":22,"column":2},"end":{"line":22,"column":null}},"5":{"start":{"line":26,"column":2},"end":{"line":26,"column":null}},"6":{"start":{"line":30,"column":2},"end":{"line":30,"column":null}},"7":{"start":{"line":34,"column":2},"end":{"line":34,"column":null}},"8":{"start":{"line":38,"column":2},"end":{"line":38,"column":null}},"9":{"start":{"line":44,"column":2},"end":{"line":44,"column":null}},"10":{"start":{"line":50,"column":2},"end":{"line":50,"column":null}},"11":{"start":{"line":54,"column":2},"end":{"line":54,"column":null}}},"fnMap":{},"branchMap":{},"s":{"0":9,"1":9,"2":9,"3":9,"4":9,"5":9,"6":9,"7":9,"8":9,"9":9,"10":9,"11":9},"f":{},"b":{}}
,"C:\\Users\\Zeyad Rafat\\Study\\Projects\\quickbite\\core-service\\backend\\src\\app\\address\\entity\\address.entity.ts": {"path":"C:\\Users\\Zeyad Rafat\\Study\\Projects\\quickbite\\core-service\\backend\\src\\app\\address\\entity\\address.entity.ts","statementMap":{"0":{"start":{"line":34,"column":4},"end":{"line":34,"column":22}},"1":{"start":{"line":35,"column":4},"end":{"line":35,"column":30}},"2":{"start":{"line":36,"column":4},"end":{"line":36,"column":28}},"3":{"start":{"line":37,"column":4},"end":{"line":37,"column":32}},"4":{"start":{"line":38,"column":4},"end":{"line":38,"column":26}},"5":{"start":{"line":39,"column":4},"end":{"line":39,"column":30}},"6":{"start":{"line":40,"column":4},"end":{"line":40,"column":34}},"7":{"start":{"line":41,"column":4},"end":{"line":41,"column":48}},"8":{"start":{"line":42,"column":4},"end":{"line":42,"column":26}},"9":{"start":{"line":43,"column":4},"end":{"line":43,"column":24}},"10":{"start":{"line":44,"column":4},"end":{"line":44,"column":24}},"11":{"start":{"line":45,"column":4},"end":{"line":45,"column":36}},"12":{"start":{"line":18,"column":0},"end":{"line":18,"column":13}}},"fnMap":{"0":{"name":"(anonymous_0)","decl":{"start":{"line":33,"column":2},"end":{"line":33,"column":14}},"loc":{"start":{"line":33,"column":32},"end":{"line":46,"column":3}}}},"branchMap":{},"s":{"0":5,"1":5,"2":5,"3":5,"4":5,"5":5,"6":5,"7":5,"8":5,"9":5,"10":5,"11":5,"12":9},"f":{"0":5},"b":{}}
,"C:\\Users\\Zeyad Rafat\\Study\\Projects\\quickbite\\core-service\\backend\\src\\app\\address\\repository\\address.repository.ts": {"path":"C:\\Users\\Zeyad Rafat\\Study\\Projects\\quickbite\\core-service\\backend\\src\\app\\address\\repository\\address.repository.ts","statementMap":{"0":{"start":{"line":2,"column":0},"end":{"line":2,"column":52}},"1":{"start":{"line":3,"column":0},"end":{"line":3,"column":28}},"2":{"start":{"line":4,"column":0},"end":{"line":4,"column":51}},"3":{"start":{"line":8,"column":24},"end":{"line":21,"column":2}},"4":{"start":{"line":24,"column":7},"end":{"line":143,"column":null}},"5":{"start":{"line":25,"column":58},"end":{"line":25,"column":64}},"6":{"start":{"line":30,"column":4},"end":{"line":43,"column":7}},"7":{"start":{"line":50,"column":18},"end":{"line":64,"column":33}},"8":{"start":{"line":66,"column":4},"end":{"line":66,"column":30}},"9":{"start":{"line":70,"column":17},"end":{"line":73,"column":36}},"10":{"start":{"line":75,"column":4},"end":{"line":75,"column":49}},"11":{"start":{"line":75,"column":29},"end":{"line":75,"column":47}},"12":{"start":{"line":82,"column":16},"end":{"line":85,"column":14}},"13":{"start":{"line":87,"column":4},"end":{"line":87,"column":48}},"14":{"start":{"line":95,"column":31},"end":{"line":95,"column":33}},"15":{"start":{"line":98,"column":4},"end":{"line":98,"column":67}},"16":{"start":{"line":98,"column":34},"end":{"line":98,"column":67}},"17":{"start":{"line":99,"column":4},"end":{"line":99,"column":73}},"18":{"start":{"line":99,"column":36},"end":{"line":99,"column":73}},"19":{"start":{"line":100,"column":4},"end":{"line":100,"column":64}},"20":{"start":{"line":100,"column":33},"end":{"line":100,"column":64}},"21":{"start":{"line":101,"column":4},"end":{"line":101,"column":70}},"22":{"start":{"line":101,"column":35},"end":{"line":101,"column":70}},"23":{"start":{"line":102,"column":4},"end":{"line":102,"column":76}},"24":{"start":{"line":102,"column":37},"end":{"line":102,"column":76}},"25":{"start":{"line":103,"column":4},"end":{"line":104,"column":60}},"26":{"start":{"line":104,"column":6},"end":{"line":104,"column":60}},"27":{"start":{"line":105,"column":4},"end":{"line":105,"column":64}},"28":{"start":{"line":105,"column":33},"end":{"line":105,"column":64}},"29":{"start":{"line":106,"column":4},"end":{"line":106,"column":61}},"30":{"start":{"line":106,"column":32},"end":{"line":106,"column":61}},"31":{"start":{"line":107,"column":4},"end":{"line":107,"column":61}},"32":{"start":{"line":107,"column":32},"end":{"line":107,"column":61}},"33":{"start":{"line":108,"column":4},"end":{"line":108,"column":80}},"34":{"start":{"line":108,"column":38},"end":{"line":108,"column":80}},"35":{"start":{"line":111,"column":4},"end":{"line":117,"column":5}},"36":{"start":{"line":112,"column":26},"end":{"line":114,"column":30}},"37":{"start":{"line":116,"column":6},"end":{"line":116,"column":29}},"38":{"start":{"line":120,"column":4},"end":{"line":120,"column":16}},"39":{"start":{"line":123,"column":24},"end":{"line":125,"column":12}},"40":{"start":{"line":127,"column":4},"end":{"line":127,"column":27}},"41":{"start":{"line":130,"column":4},"end":{"line":132,"column":37}},"42":{"start":{"line":137,"column":16},"end":{"line":140,"column":14}},"43":{"start":{"line":141,"column":4},"end":{"line":141,"column":43}},"44":{"start":{"line":24,"column":13},"end":{"line":24,"column":30}},"45":{"start":{"line":24,"column":13},"end":{"line":143,"column":null}}},"fnMap":{"0":{"name":"(anonymous_4)","decl":{"start":{"line":25,"column":2},"end":{"line":25,"column":15}},"loc":{"start":{"line":25,"column":68},"end":{"line":25,"column":72}}},"1":{"name":"(anonymous_5)","decl":{"start":{"line":27,"column":10},"end":{"line":27,"column":18}},"loc":{"start":{"line":27,"column":27},"end":{"line":44,"column":3}}},"2":{"name":"(anonymous_6)","decl":{"start":{"line":46,"column":2},"end":{"line":46,"column":7}},"loc":{"start":{"line":48,"column":26},"end":{"line":67,"column":3}}},"3":{"name":"(anonymous_7)","decl":{"start":{"line":69,"column":2},"end":{"line":69,"column":7}},"loc":{"start":{"line":69,"column":43},"end":{"line":76,"column":3}}},"4":{"name":"(anonymous_8)","decl":{"start":{"line":75,"column":20},"end":{"line":75,"column":21}},"loc":{"start":{"line":75,"column":29},"end":{"line":75,"column":47}}},"5":{"name":"(anonymous_9)","decl":{"start":{"line":78,"column":2},"end":{"line":78,"column":7}},"loc":{"start":{"line":80,"column":18},"end":{"line":88,"column":3}}},"6":{"name":"(anonymous_10)","decl":{"start":{"line":90,"column":2},"end":{"line":90,"column":7}},"loc":{"start":{"line":93,"column":13},"end":{"line":121,"column":3}}},"7":{"name":"(anonymous_11)","decl":{"start":{"line":122,"column":2},"end":{"line":122,"column":7}},"loc":{"start":{"line":122,"column":55},"end":{"line":128,"column":3}}},"8":{"name":"(anonymous_12)","decl":{"start":{"line":129,"column":2},"end":{"line":129,"column":7}},"loc":{"start":{"line":129,"column":43},"end":{"line":133,"column":3}}},"9":{"name":"(anonymous_13)","decl":{"start":{"line":136,"column":2},"end":{"line":136,"column":7}},"loc":{"start":{"line":136,"column":35},"end":{"line":142,"column":3}}}},"branchMap":{"0":{"loc":{"start":{"line":38,"column":23},"end":{"line":38,"column":51}},"type":"binary-expr","locations":[{"start":{"line":38,"column":23},"end":{"line":38,"column":43}},{"start":{"line":38,"column":47},"end":{"line":38,"column":51}}]},"1":{"loc":{"start":{"line":58,"column":26},"end":{"line":58,"column":54}},"type":"binary-expr","locations":[{"start":{"line":58,"column":26},"end":{"line":58,"column":46}},{"start":{"line":58,"column":50},"end":{"line":58,"column":54}}]},"2":{"loc":{"start":{"line":62,"column":20},"end":{"line":62,"column":43}},"type":"binary-expr","locations":[{"start":{"line":62,"column":20},"end":{"line":62,"column":34}},{"start":{"line":62,"column":38},"end":{"line":62,"column":43}}]},"3":{"loc":{"start":{"line":87,"column":11},"end":{"line":87,"column":47}},"type":"cond-expr","locations":[{"start":{"line":87,"column":17},"end":{"line":87,"column":35}},{"start":{"line":87,"column":38},"end":{"line":87,"column":47}}]},"4":{"loc":{"start":{"line":98,"column":4},"end":{"line":98,"column":67}},"type":"if","locations":[{"start":{"line":98,"column":4},"end":{"line":98,"column":67}}]},"5":{"loc":{"start":{"line":99,"column":4},"end":{"line":99,"column":73}},"type":"if","locations":[{"start":{"line":99,"column":4},"end":{"line":99,"column":73}}]},"6":{"loc":{"start":{"line":100,"column":4},"end":{"line":100,"column":64}},"type":"if","locations":[{"start":{"line":100,"column":4},"end":{"line":100,"column":64}}]},"7":{"loc":{"start":{"line":101,"column":4},"end":{"line":101,"column":70}},"type":"if","locations":[{"start":{"line":101,"column":4},"end":{"line":101,"column":70}}]},"8":{"loc":{"start":{"line":102,"column":4},"end":{"line":102,"column":76}},"type":"if","locations":[{"start":{"line":102,"column":4},"end":{"line":102,"column":76}}]},"9":{"loc":{"start":{"line":103,"column":4},"end":{"line":104,"column":60}},"type":"if","locations":[{"start":{"line":103,"column":4},"end":{"line":104,"column":60}}]},"10":{"loc":{"start":{"line":105,"column":4},"end":{"line":105,"column":64}},"type":"if","locations":[{"start":{"line":105,"column":4},"end":{"line":105,"column":64}}]},"11":{"loc":{"start":{"line":106,"column":4},"end":{"line":106,"column":61}},"type":"if","locations":[{"start":{"line":106,"column":4},"end":{"line":106,"column":61}}]},"12":{"loc":{"start":{"line":107,"column":4},"end":{"line":107,"column":61}},"type":"if","locations":[{"start":{"line":107,"column":4},"end":{"line":107,"column":61}}]},"13":{"loc":{"start":{"line":108,"column":4},"end":{"line":108,"column":80}},"type":"if","locations":[{"start":{"line":108,"column":4},"end":{"line":108,"column":80}}]},"14":{"loc":{"start":{"line":111,"column":4},"end":{"line":117,"column":5}},"type":"if","locations":[{"start":{"line":111,"column":4},"end":{"line":117,"column":5}}]},"15":{"loc":{"start":{"line":141,"column":11},"end":{"line":141,"column":42}},"type":"cond-expr","locations":[{"start":{"line":141,"column":17},"end":{"line":141,"column":35}},{"start":{"line":141,"column":38},"end":{"line":141,"column":42}}]},"16":{"loc":{"start":{"line":25,"column":64},"end":{"line":25,"column":71}},"type":"cond-expr","locations":[{"start":{"line":25,"column":68},"end":{"line":25,"column":71}},{"start":{"line":25,"column":68},"end":{"line":25,"column":71}}]},"17":{"loc":{"start":{"line":25,"column":64},"end":{"line":25,"column":68}},"type":"binary-expr","locations":[{"start":{"line":25,"column":64},"end":{"line":25,"column":71}},{"start":{"line":25,"column":64},"end":{"line":25,"column":68}}]}},"s":{"0":9,"1":9,"2":9,"3":9,"4":9,"5":9,"6":5,"7":2,"8":2,"9":4,"10":4,"11":1,"12":3,"13":3,"14":3,"15":3,"16":3,"17":3,"18":0,"19":3,"20":1,"21":3,"22":0,"23":3,"24":0,"25":3,"26":0,"27":3,"28":0,"29":3,"30":0,"31":3,"32":0,"33":3,"34":0,"35":3,"36":1,"37":1,"38":2,"39":3,"40":3,"41":2,"42":2,"43":2,"44":9,"45":9},"f":{"0":9,"1":5,"2":2,"3":4,"4":1,"5":3,"6":3,"7":3,"8":2,"9":2},"b":{"0":[5,3],"1":[2,0],"2":[2,0],"3":[1,2],"4":[3],"5":[0],"6":[1],"7":[0],"8":[0],"9":[0],"10":[0],"11":[0],"12":[0],"13":[0],"14":[1],"15":[1,1],"16":[0,9],"17":[9,0]}}
,"C:\\Users\\Zeyad Rafat\\Study\\Projects\\quickbite\\core-service\\backend\\src\\app\\auth\\auth-utils.service.ts": {"path":"C:\\Users\\Zeyad Rafat\\Study\\Projects\\quickbite\\core-service\\backend\\src\\app\\auth\\auth-utils.service.ts","statementMap":{"0":{"start":{"line":2,"column":0},"end":{"line":2,"column":52}},"1":{"start":{"line":3,"column":0},"end":{"line":3,"column":47}},"2":{"start":{"line":4,"column":0},"end":{"line":4,"column":33}},"3":{"start":{"line":5,"column":0},"end":{"line":5,"column":36}},"4":{"start":{"line":7,"column":0},"end":{"line":7,"column":33}},"5":{"start":{"line":8,"column":0},"end":{"line":8,"column":28}},"6":{"start":{"line":9,"column":0},"end":{"line":9,"column":81}},"7":{"start":{"line":21,"column":7},"end":{"line":98,"column":null}},"8":{"start":{"line":24,"column":21},"end":{"line":24,"column":36}},"9":{"start":{"line":25,"column":21},"end":{"line":25,"column":40}},"10":{"start":{"line":27,"column":48},"end":{"line":27,"column":54}},"11":{"start":{"line":31,"column":4},"end":{"line":31,"column":37}},"12":{"start":{"line":36,"column":19},"end":{"line":36,"column":71}},"13":{"start":{"line":37,"column":22},"end":{"line":37,"column":78}},"14":{"start":{"line":39,"column":33},"end":{"line":41,"column":6}},"15":{"start":{"line":42,"column":4},"end":{"line":42,"column":46}},"16":{"start":{"line":47,"column":19},"end":{"line":47,"column":72}},"17":{"start":{"line":48,"column":22},"end":{"line":48,"column":79}},"18":{"start":{"line":50,"column":33},"end":{"line":52,"column":6}},"19":{"start":{"line":53,"column":4},"end":{"line":53,"column":46}},"20":{"start":{"line":56,"column":4},"end":{"line":56,"column":57}},"21":{"start":{"line":59,"column":4},"end":{"line":59,"column":55}},"22":{"start":{"line":63,"column":4},"end":{"line":63,"column":65}},"23":{"start":{"line":66,"column":4},"end":{"line":69,"column":20}},"24":{"start":{"line":73,"column":19},"end":{"line":73,"column":72}},"25":{"start":{"line":74,"column":4},"end":{"line":74,"column":37}},"26":{"start":{"line":83,"column":19},"end":{"line":83,"column":37}},"27":{"start":{"line":84,"column":22},"end":{"line":84,"column":48}},"28":{"start":{"line":86,"column":4},"end":{"line":94,"column":6}},"29":{"start":{"line":96,"column":4},"end":{"line":96,"column":18}},"30":{"start":{"line":21,"column":13},"end":{"line":21,"column":29}},"31":{"start":{"line":21,"column":13},"end":{"line":98,"column":null}}},"fnMap":{"0":{"name":"(anonymous_13)","decl":{"start":{"line":23,"column":2},"end":{"line":23,"column":null}},"loc":{"start":{"line":27,"column":58},"end":{"line":28,"column":6}}},"1":{"name":"(anonymous_14)","decl":{"start":{"line":30,"column":2},"end":{"line":30,"column":7}},"loc":{"start":{"line":30,"column":37},"end":{"line":32,"column":3}}},"2":{"name":"(anonymous_15)","decl":{"start":{"line":34,"column":2},"end":{"line":34,"column":19}},"loc":{"start":{"line":34,"column":39},"end":{"line":43,"column":3}}},"3":{"name":"(anonymous_16)","decl":{"start":{"line":45,"column":2},"end":{"line":45,"column":20}},"loc":{"start":{"line":45,"column":40},"end":{"line":54,"column":3}}},"4":{"name":"(anonymous_17)","decl":{"start":{"line":55,"column":2},"end":{"line":55,"column":17}},"loc":{"start":{"line":55,"column":63},"end":{"line":57,"column":3}}},"5":{"name":"(anonymous_18)","decl":{"start":{"line":58,"column":2},"end":{"line":58,"column":13}},"loc":{"start":{"line":58,"column":13},"end":{"line":60,"column":3}}},"6":{"name":"(anonymous_19)","decl":{"start":{"line":62,"column":2},"end":{"line":62,"column":9}},"loc":{"start":{"line":62,"column":21},"end":{"line":64,"column":3}}},"7":{"name":"(anonymous_20)","decl":{"start":{"line":65,"column":2},"end":{"line":65,"column":19}},"loc":{"start":{"line":65,"column":33},"end":{"line":70,"column":3}}},"8":{"name":"(anonymous_21)","decl":{"start":{"line":71,"column":2},"end":{"line":71,"column":20}},"loc":{"start":{"line":71,"column":34},"end":{"line":75,"column":3}}},"9":{"name":"(anonymous_22)","decl":{"start":{"line":77,"column":2},"end":{"line":77,"column":7}},"loc":{"start":{"line":81,"column":20},"end":{"line":97,"column":3}}}},"branchMap":{"0":{"loc":{"start":{"line":24,"column":36},"end":{"line":24,"column":null}},"type":"cond-expr","locations":[{"start":{"line":24,"column":49},"end":{"line":24,"column":null}},{"start":{"line":24,"column":49},"end":{"line":24,"column":null}}]},"1":{"loc":{"start":{"line":24,"column":36},"end":{"line":24,"column":49}},"type":"binary-expr","locations":[{"start":{"line":24,"column":36},"end":{"line":24,"column":null}},{"start":{"line":24,"column":36},"end":{"line":24,"column":49}}]},"2":{"loc":{"start":{"line":24,"column":49},"end":{"line":25,"column":null}},"type":"cond-expr","locations":[{"start":{"line":25,"column":63},"end":{"line":25,"column":null}},{"start":{"line":25,"column":63},"end":{"line":25,"column":null}}]},"3":{"loc":{"start":{"line":24,"column":49},"end":{"line":25,"column":63}},"type":"binary-expr","locations":[{"start":{"line":24,"column":49},"end":{"line":25,"column":null}},{"start":{"line":25,"column":40},"end":{"line":25,"column":63}}]},"4":{"loc":{"start":{"line":25,"column":63},"end":{"line":27,"column":null}},"type":"cond-expr","locations":[{"start":{"line":27,"column":58},"end":{"line":27,"column":null}},{"start":{"line":27,"column":58},"end":{"line":27,"column":null}}]},"5":{"loc":{"start":{"line":25,"column":63},"end":{"line":27,"column":58}},"type":"binary-expr","locations":[{"start":{"line":25,"column":63},"end":{"line":27,"column":null}},{"start":{"line":27,"column":54},"end":{"line":27,"column":58}}]}},"s":{"0":9,"1":9,"2":9,"3":9,"4":9,"5":9,"6":9,"7":9,"8":9,"9":9,"10":9,"11":9,"12":7,"13":7,"14":7,"15":7,"16":6,"17":6,"18":6,"19":6,"20":3,"21":4,"22":10,"23":97,"24":3,"25":3,"26":4,"27":4,"28":4,"29":4,"30":9,"31":9},"f":{"0":9,"1":9,"2":7,"3":6,"4":3,"5":4,"6":10,"7":97,"8":3,"9":4},"b":{"0":[9,0],"1":[9,9],"2":[9,0],"3":[9,9],"4":[0,9],"5":[9,0]}}
,"C:\\Users\\Zeyad Rafat\\Study\\Projects\\quickbite\\core-service\\backend\\src\\app\\auth\\auth.constants.ts": {"path":"C:\\Users\\Zeyad Rafat\\Study\\Projects\\quickbite\\core-service\\backend\\src\\app\\auth\\auth.constants.ts","statementMap":{"0":{"start":{"line":3,"column":13},"end":{"line":18,"column":11}},"1":{"start":{"line":20,"column":13},"end":{"line":26,"column":11}}},"fnMap":{},"branchMap":{},"s":{"0":9,"1":9},"f":{},"b":{}}
,"C:\\Users\\Zeyad Rafat\\Study\\Projects\\quickbite\\core-service\\backend\\src\\app\\auth\\auth.controller.ts": {"path":"C:\\Users\\Zeyad Rafat\\Study\\Projects\\quickbite\\core-service\\backend\\src\\app\\auth\\auth.controller.ts","statementMap":{"0":{"start":{"line":2,"column":0},"end":{"line":2,"column":null}},"1":{"start":{"line":13,"column":0},"end":{"line":13,"column":45}},"2":{"start":{"line":14,"column":0},"end":{"line":14,"column":49}},"3":{"start":{"line":15,"column":0},"end":{"line":15,"column":43}},"4":{"start":{"line":16,"column":0},"end":{"line":16,"column":73}},"5":{"start":{"line":17,"column":0},"end":{"line":17,"column":35}},"6":{"start":{"line":18,"column":0},"end":{"line":18,"column":34}},"7":{"start":{"line":19,"column":0},"end":{"line":19,"column":53}},"8":{"start":{"line":20,"column":0},"end":{"line":20,"column":85}},"9":{"start":{"line":21,"column":0},"end":{"line":21,"column":72}},"10":{"start":{"line":24,"column":7},"end":{"line":145,"column":null}},"11":{"start":{"line":25,"column":31},"end":{"line":25,"column":44}},"12":{"start":{"line":38,"column":19},"end":{"line":38,"column":56}},"13":{"start":{"line":39,"column":4},"end":{"line":43,"column":7}},"14":{"start":{"line":46,"column":4},"end":{"line":51,"column":7}},"15":{"start":{"line":53,"column":4},"end":{"line":53,"column":18}},"16":{"start":{"line":65,"column":19},"end":{"line":65,"column":53}},"17":{"start":{"line":68,"column":4},"end":{"line":72,"column":7}},"18":{"start":{"line":75,"column":4},"end":{"line":80,"column":7}},"19":{"start":{"line":83,"column":4},"end":{"line":83,"column":18}},"20":{"start":{"line":91,"column":4},"end":{"line":91,"column":49}},"21":{"start":{"line":99,"column":4},"end":{"line":99,"column":48}},"22":{"start":{"line":108,"column":4},"end":{"line":108,"column":46}},"23":{"start":{"line":111,"column":4},"end":{"line":113,"column":6}},"24":{"start":{"line":124,"column":25},"end":{"line":124,"column":51}},"25":{"start":{"line":126,"column":4},"end":{"line":128,"column":5}},"26":{"start":{"line":127,"column":6},"end":{"line":127,"column":67}},"27":{"start":{"line":131,"column":19},"end":{"line":131,"column":74}},"28":{"start":{"line":134,"column":4},"end":{"line":138,"column":7}},"29":{"start":{"line":141,"column":4},"end":{"line":143,"column":6}},"30":{"start":{"line":24,"column":13},"end":{"line":24,"column":27}},"31":{"start":{"line":30,"column":8},"end":{"line":54,"column":null}},"32":{"start":{"line":60,"column":8},"end":{"line":84,"column":null}},"33":{"start":{"line":90,"column":8},"end":{"line":92,"column":null}},"34":{"start":{"line":98,"column":8},"end":{"line":100,"column":null}},"35":{"start":{"line":106,"column":8},"end":{"line":114,"column":null}},"36":{"start":{"line":119,"column":8},"end":{"line":144,"column":null}},"37":{"start":{"line":24,"column":13},"end":{"line":145,"column":null}}},"fnMap":{"0":{"name":"(anonymous_4)","decl":{"start":{"line":25,"column":2},"end":{"line":25,"column":31}},"loc":{"start":{"line":25,"column":55},"end":{"line":25,"column":59}}},"1":{"name":"(anonymous_5)","decl":{"start":{"line":30,"column":2},"end":{"line":30,"column":7}},"loc":{"start":{"line":32,"column":45},"end":{"line":54,"column":3}}},"2":{"name":"(anonymous_6)","decl":{"start":{"line":60,"column":2},"end":{"line":60,"column":7}},"loc":{"start":{"line":62,"column":45},"end":{"line":84,"column":3}}},"3":{"name":"(anonymous_7)","decl":{"start":{"line":90,"column":2},"end":{"line":90,"column":7}},"loc":{"start":{"line":90,"column":54},"end":{"line":92,"column":3}}},"4":{"name":"(anonymous_8)","decl":{"start":{"line":98,"column":2},"end":{"line":98,"column":7}},"loc":{"start":{"line":98,"column":52},"end":{"line":100,"column":3}}},"5":{"name":"(anonymous_9)","decl":{"start":{"line":106,"column":2},"end":{"line":106,"column":7}},"loc":{"start":{"line":106,"column":51},"end":{"line":114,"column":3}}},"6":{"name":"(anonymous_10)","decl":{"start":{"line":119,"column":2},"end":{"line":119,"column":7}},"loc":{"start":{"line":121,"column":45},"end":{"line":144,"column":3}}}},"branchMap":{"0":{"loc":{"start":{"line":126,"column":4},"end":{"line":128,"column":5}},"type":"if","locations":[{"start":{"line":126,"column":4},"end":{"line":128,"column":5}}]},"1":{"loc":{"start":{"line":31,"column":18},"end":{"line":31,"column":null}},"type":"cond-expr","locations":[{"start":{"line":31,"column":29},"end":{"line":31,"column":null}},{"start":{"line":31,"column":29},"end":{"line":31,"column":null}}]},"2":{"loc":{"start":{"line":31,"column":18},"end":{"line":31,"column":29}},"type":"binary-expr","locations":[{"start":{"line":31,"column":18},"end":{"line":31,"column":null}},{"start":{"line":31,"column":18},"end":{"line":31,"column":29}}]},"3":{"loc":{"start":{"line":31,"column":29},"end":{"line":32,"column":null}},"type":"cond-expr","locations":[{"start":{"line":32,"column":45},"end":{"line":32,"column":null}},{"start":{"line":32,"column":45},"end":{"line":32,"column":null}}]},"4":{"loc":{"start":{"line":31,"column":29},"end":{"line":32,"column":45}},"type":"binary-expr","locations":[{"start":{"line":31,"column":29},"end":{"line":32,"column":null}},{"start":{"line":32,"column":37},"end":{"line":32,"column":45}}]},"5":{"loc":{"start":{"line":61,"column":18},"end":{"line":61,"column":null}},"type":"cond-expr","locations":[{"start":{"line":61,"column":26},"end":{"line":61,"column":null}},{"start":{"line":61,"column":26},"end":{"line":61,"column":null}}]},"6":{"loc":{"start":{"line":61,"column":18},"end":{"line":61,"column":26}},"type":"binary-expr","locations":[{"start":{"line":61,"column":18},"end":{"line":61,"column":null}},{"start":{"line":61,"column":18},"end":{"line":61,"column":26}}]},"7":{"loc":{"start":{"line":61,"column":26},"end":{"line":62,"column":null}},"type":"cond-expr","locations":[{"start":{"line":62,"column":45},"end":{"line":62,"column":null}},{"start":{"line":62,"column":45},"end":{"line":62,"column":null}}]},"8":{"loc":{"start":{"line":61,"column":26},"end":{"line":62,"column":45}},"type":"binary-expr","locations":[{"start":{"line":61,"column":26},"end":{"line":62,"column":null}},{"start":{"line":62,"column":37},"end":{"line":62,"column":45}}]},"9":{"loc":{"start":{"line":90,"column":37},"end":{"line":90,"column":null}},"type":"cond-expr","locations":[{"start":{"line":90,"column":54},"end":{"line":90,"column":null}},{"start":{"line":90,"column":54},"end":{"line":90,"column":null}}]},"10":{"loc":{"start":{"line":90,"column":37},"end":{"line":90,"column":54}},"type":"binary-expr","locations":[{"start":{"line":90,"column":37},"end":{"line":90,"column":null}},{"start":{"line":90,"column":37},"end":{"line":90,"column":54}}]},"11":{"loc":{"start":{"line":98,"column":36},"end":{"line":98,"column":null}},"type":"cond-expr","locations":[{"start":{"line":98,"column":52},"end":{"line":98,"column":null}},{"start":{"line":98,"column":52},"end":{"line":98,"column":null}}]},"12":{"loc":{"start":{"line":98,"column":36},"end":{"line":98,"column":52}},"type":"binary-expr","locations":[{"start":{"line":98,"column":36},"end":{"line":98,"column":null}},{"start":{"line":98,"column":36},"end":{"line":98,"column":52}}]},"13":{"loc":{"start":{"line":106,"column":35},"end":{"line":106,"column":null}},"type":"cond-expr","locations":[{"start":{"line":106,"column":51},"end":{"line":106,"column":null}},{"start":{"line":106,"column":51},"end":{"line":106,"column":null}}]},"14":{"loc":{"start":{"line":106,"column":35},"end":{"line":106,"column":51}},"type":"binary-expr","locations":[{"start":{"line":106,"column":35},"end":{"line":106,"column":null}},{"start":{"line":106,"column":35},"end":{"line":106,"column":51}}]},"15":{"loc":{"start":{"line":120,"column":16},"end":{"line":120,"column":null}},"type":"cond-expr","locations":[{"start":{"line":120,"column":23},"end":{"line":120,"column":null}},{"start":{"line":120,"column":23},"end":{"line":120,"column":null}}]},"16":{"loc":{"start":{"line":120,"column":16},"end":{"line":120,"column":23}},"type":"binary-expr","locations":[{"start":{"line":120,"column":16},"end":{"line":120,"column":null}},{"start":{"line":120,"column":16},"end":{"line":120,"column":23}}]},"17":{"loc":{"start":{"line":120,"column":23},"end":{"line":121,"column":null}},"type":"cond-expr","locations":[{"start":{"line":121,"column":45},"end":{"line":121,"column":null}},{"start":{"line":121,"column":45},"end":{"line":121,"column":null}}]},"18":{"loc":{"start":{"line":120,"column":23},"end":{"line":121,"column":45}},"type":"binary-expr","locations":[{"start":{"line":120,"column":23},"end":{"line":121,"column":null}},{"start":{"line":121,"column":37},"end":{"line":121,"column":45}}]},"19":{"loc":{"start":{"line":25,"column":44},"end":{"line":25,"column":58}},"type":"cond-expr","locations":[{"start":{"line":25,"column":55},"end":{"line":25,"column":58}},{"start":{"line":25,"column":55},"end":{"line":25,"column":58}}]},"20":{"loc":{"start":{"line":25,"column":44},"end":{"line":25,"column":55}},"type":"binary-expr","locations":[{"start":{"line":25,"column":44},"end":{"line":25,"column":58}},{"start":{"line":25,"column":44},"end":{"line":25,"column":55}}]}},"s":{"0":9,"1":9,"2":9,"3":9,"4":9,"5":9,"6":9,"7":9,"8":9,"9":9,"10":9,"11":9,"12":6,"13":4,"14":4,"15":4,"16":4,"17":2,"18":2,"19":2,"20":4,"21":3,"22":3,"23":1,"24":5,"25":5,"26":2,"27":3,"28":1,"29":1,"30":9,"31":9,"32":9,"33":9,"34":9,"35":9,"36":9,"37":9},"f":{"0":9,"1":6,"2":4,"3":4,"4":3,"5":3,"6":5},"b":{"0":[2],"1":[9,0],"2":[9,9],"3":[0,9],"4":[9,0],"5":[9,0],"6":[9,9],"7":[0,9],"8":[9,0],"9":[9,0],"10":[9,9],"11":[9,0],"12":[9,9],"13":[9,0],"14":[9,9],"15":[0,9],"16":[9,0],"17":[0,9],"18":[9,0],"19":[9,0],"20":[9,9]}}
,"C:\\Users\\Zeyad Rafat\\Study\\Projects\\quickbite\\core-service\\backend\\src\\app\\auth\\auth.module.ts": {"path":"C:\\Users\\Zeyad Rafat\\Study\\Projects\\quickbite\\core-service\\backend\\src\\app\\auth\\auth.module.ts","statementMap":{"0":{"start":{"line":2,"column":0},"end":{"line":2,"column":60}},"1":{"start":{"line":3,"column":0},"end":{"line":3,"column":46}},"2":{"start":{"line":4,"column":0},"end":{"line":4,"column":51}},"3":{"start":{"line":5,"column":0},"end":{"line":5,"column":45}},"4":{"start":{"line":6,"column":0},"end":{"line":6,"column":56}},"5":{"start":{"line":9,"column":0},"end":{"line":9,"column":81}},"6":{"start":{"line":10,"column":0},"end":{"line":10,"column":54}},"7":{"start":{"line":12,"column":0},"end":{"line":12,"column":72}},"8":{"start":{"line":13,"column":0},"end":{"line":13,"column":57}},"9":{"start":{"line":29,"column":7},"end":{"line":29,"column":null}},"10":{"start":{"line":29,"column":13},"end":{"line":29,"column":23}},"11":{"start":{"line":29,"column":13},"end":{"line":29,"column":null}},"12":{"start":{"line":18,"column":68},"end":{"line":18,"column":84}}},"fnMap":{"0":{"name":"(anonymous_1)","decl":{"start":{"line":18,"column":62},"end":{"line":18,"column":65}},"loc":{"start":{"line":18,"column":68},"end":{"line":18,"column":84}}}},"branchMap":{},"s":{"0":9,"1":9,"2":9,"3":9,"4":9,"5":9,"6":9,"7":9,"8":9,"9":9,"10":9,"11":9,"12":27},"f":{"0":27},"b":{}}
,"C:\\Users\\Zeyad Rafat\\Study\\Projects\\quickbite\\core-service\\backend\\src\\app\\auth\\auth.service.ts": {"path":"C:\\Users\\Zeyad Rafat\\Study\\Projects\\quickbite\\core-service\\backend\\src\\app\\auth\\auth.service.ts","statementMap":{"0":{"start":{"line":2,"column":0},"end":{"line":2,"column":null}},"1":{"start":{"line":11,"column":0},"end":{"line":11,"column":43}},"2":{"start":{"line":14,"column":0},"end":{"line":14,"column":56}},"3":{"start":{"line":15,"column":0},"end":{"line":15,"column":62}},"4":{"start":{"line":16,"column":0},"end":{"line":16,"column":56}},"5":{"start":{"line":18,"column":0},"end":{"line":18,"column":81}},"6":{"start":{"line":20,"column":0},"end":{"line":20,"column":28}},"7":{"start":{"line":21,"column":0},"end":{"line":21,"column":74}},"8":{"start":{"line":23,"column":0},"end":{"line":23,"column":53}},"9":{"start":{"line":24,"column":0},"end":{"line":24,"column":60}},"10":{"start":{"line":25,"column":0},"end":{"line":25,"column":64}},"11":{"start":{"line":26,"column":0},"end":{"line":26,"column":69}},"12":{"start":{"line":27,"column":0},"end":{"line":27,"column":63}},"13":{"start":{"line":29,"column":7},"end":{"line":286,"column":null}},"14":{"start":{"line":32,"column":48},"end":{"line":32,"column":54}},"15":{"start":{"line":33,"column":21},"end":{"line":33,"column":34}},"16":{"start":{"line":34,"column":21},"end":{"line":34,"column":32}},"17":{"start":{"line":35,"column":21},"end":{"line":35,"column":36}},"18":{"start":{"line":36,"column":21},"end":{"line":36,"column":40}},"19":{"start":{"line":38,"column":21},"end":{"line":38,"column":36}},"20":{"start":{"line":40,"column":21},"end":{"line":40,"column":40}},"21":{"start":{"line":44,"column":4},"end":{"line":46,"column":5}},"22":{"start":{"line":45,"column":6},"end":{"line":45,"column":78}},"23":{"start":{"line":48,"column":16},"end":{"line":48,"column":45}},"24":{"start":{"line":51,"column":31},"end":{"line":51,"column":33}},"25":{"start":{"line":53,"column":4},"end":{"line":83,"column":5}},"26":{"start":{"line":55,"column":6},"end":{"line":55,"column":76}},"27":{"start":{"line":57,"column":6},"end":{"line":76,"column":7}},"28":{"start":{"line":59,"column":8},"end":{"line":63,"column":9}},"29":{"start":{"line":60,"column":10},"end":{"line":62,"column":12}},"30":{"start":{"line":65,"column":8},"end":{"line":69,"column":10}},"31":{"start":{"line":70,"column":8},"end":{"line":70,"column":80}},"32":{"start":{"line":71,"column":8},"end":{"line":75,"column":10}},"33":{"start":{"line":78,"column":6},"end":{"line":78,"column":25}},"34":{"start":{"line":80,"column":6},"end":{"line":80,"column":27}},"35":{"start":{"line":82,"column":6},"end":{"line":82,"column":16}},"36":{"start":{"line":86,"column":20},"end":{"line":91,"column":6}},"37":{"start":{"line":92,"column":24},"end":{"line":92,"column":65}},"38":{"start":{"line":93,"column":25},"end":{"line":93,"column":67}},"39":{"start":{"line":96,"column":4},"end":{"line":107,"column":6}},"40":{"start":{"line":111,"column":17},"end":{"line":111,"column":67}},"41":{"start":{"line":115,"column":4},"end":{"line":117,"column":5}},"42":{"start":{"line":116,"column":6},"end":{"line":116,"column":71}},"43":{"start":{"line":120,"column":18},"end":{"line":122,"column":null}},"44":{"start":{"line":125,"column":4},"end":{"line":127,"column":5}},"45":{"start":{"line":126,"column":6},"end":{"line":126,"column":71}},"46":{"start":{"line":128,"column":31},"end":{"line":128,"column":33}},"47":{"start":{"line":129,"column":4},"end":{"line":145,"column":5}},"48":{"start":{"line":130,"column":25},"end":{"line":131,"column":null}},"49":{"start":{"line":134,"column":22},"end":{"line":134,"column":24}},"50":{"start":{"line":135,"column":6},"end":{"line":144,"column":7}},"51":{"start":{"line":136,"column":8},"end":{"line":138,"column":10}},"52":{"start":{"line":139,"column":8},"end":{"line":143,"column":10}},"53":{"start":{"line":147,"column":20},"end":{"line":152,"column":6}},"54":{"start":{"line":153,"column":24},"end":{"line":153,"column":65}},"55":{"start":{"line":154,"column":25},"end":{"line":154,"column":67}},"56":{"start":{"line":157,"column":4},"end":{"line":168,"column":6}},"57":{"start":{"line":171,"column":17},"end":{"line":171,"column":67}},"58":{"start":{"line":174,"column":4},"end":{"line":178,"column":5}},"59":{"start":{"line":175,"column":6},"end":{"line":177,"column":8}},"60":{"start":{"line":180,"column":16},"end":{"line":182,"column":null}},"61":{"start":{"line":186,"column":25},"end":{"line":186,"column":48}},"62":{"start":{"line":189,"column":4},"end":{"line":193,"column":6}},"63":{"start":{"line":195,"column":4},"end":{"line":197,"column":6}},"64":{"start":{"line":201,"column":17},"end":{"line":201,"column":72}},"65":{"start":{"line":204,"column":4},"end":{"line":206,"column":5}},"66":{"start":{"line":205,"column":6},"end":{"line":205,"column":69}},"67":{"start":{"line":208,"column":18},"end":{"line":210,"column":null}},"68":{"start":{"line":213,"column":4},"end":{"line":215,"column":5}},"69":{"start":{"line":214,"column":6},"end":{"line":214,"column":62}},"70":{"start":{"line":217,"column":25},"end":{"line":217,"column":57}},"71":{"start":{"line":219,"column":4},"end":{"line":221,"column":5}},"72":{"start":{"line":220,"column":6},"end":{"line":220,"column":61}},"73":{"start":{"line":224,"column":27},"end":{"line":224,"column":78}},"74":{"start":{"line":227,"column":4},"end":{"line":227,"column":72}},"75":{"start":{"line":230,"column":4},"end":{"line":230,"column":78}},"76":{"start":{"line":232,"column":4},"end":{"line":232,"column":16}},"77":{"start":{"line":235,"column":4},"end":{"line":262,"column":5}},"78":{"start":{"line":237,"column":22},"end":{"line":237,"column":69}},"79":{"start":{"line":240,"column":19},"end":{"line":240,"column":69}},"80":{"start":{"line":241,"column":6},"end":{"line":243,"column":7}},"81":{"start":{"line":242,"column":8},"end":{"line":242,"column":73}},"82":{"start":{"line":244,"column":25},"end":{"line":252,"column":8}},"83":{"start":{"line":254,"column":29},"end":{"line":254,"column":73}},"84":{"start":{"line":256,"column":6},"end":{"line":256,"column":45}},"85":{"start":{"line":259,"column":6},"end":{"line":261,"column":8}},"86":{"start":{"line":266,"column":16},"end":{"line":266,"column":45}},"87":{"start":{"line":268,"column":4},"end":{"line":284,"column":5}},"88":{"start":{"line":272,"column":19},"end":{"line":272,"column":54}},"89":{"start":{"line":275,"column":6},"end":{"line":275,"column":60}},"90":{"start":{"line":278,"column":6},"end":{"line":278,"column":25}},"91":{"start":{"line":280,"column":6},"end":{"line":280,"column":18}},"92":{"start":{"line":282,"column":6},"end":{"line":282,"column":27}},"93":{"start":{"line":283,"column":6},"end":{"line":283,"column":16}},"94":{"start":{"line":29,"column":13},"end":{"line":29,"column":24}},"95":{"start":{"line":29,"column":13},"end":{"line":286,"column":null}},"96":{"start":{"line":39,"column":29},"end":{"line":39,"column":46}}},"fnMap":{"0":{"name":"(anonymous_4)","decl":{"start":{"line":31,"column":2},"end":{"line":31,"column":null}},"loc":{"start":{"line":40,"column":57},"end":{"line":41,"column":6}}},"1":{"name":"(anonymous_5)","decl":{"start":{"line":43,"column":2},"end":{"line":43,"column":7}},"loc":{"start":{"line":43,"column":34},"end":{"line":108,"column":3}}},"2":{"name":"(anonymous_6)","decl":{"start":{"line":109,"column":2},"end":{"line":109,"column":7}},"loc":{"start":{"line":109,"column":28},"end":{"line":169,"column":3}}},"3":{"name":"(anonymous_7)","decl":{"start":{"line":170,"column":2},"end":{"line":170,"column":7}},"loc":{"start":{"line":170,"column":46},"end":{"line":198,"column":3}}},"4":{"name":"(anonymous_8)","decl":{"start":{"line":200,"column":2},"end":{"line":200,"column":7}},"loc":{"start":{"line":200,"column":68},"end":{"line":233,"column":3}}},"5":{"name":"(anonymous_9)","decl":{"start":{"line":234,"column":2},"end":{"line":234,"column":7}},"loc":{"start":{"line":234,"column":47},"end":{"line":263,"column":3}}},"6":{"name":"(anonymous_10)","decl":{"start":{"line":264,"column":2},"end":{"line":264,"column":7}},"loc":{"start":{"line":264,"column":43},"end":{"line":285,"column":3}}},"7":{"name":"(anonymous_11)","decl":{"start":{"line":39,"column":23},"end":{"line":39,"column":26}},"loc":{"start":{"line":39,"column":29},"end":{"line":39,"column":46}}}},"branchMap":{"0":{"loc":{"start":{"line":44,"column":4},"end":{"line":46,"column":5}},"type":"if","locations":[{"start":{"line":44,"column":4},"end":{"line":46,"column":5}}]},"1":{"loc":{"start":{"line":57,"column":6},"end":{"line":76,"column":7}},"type":"if","locations":[{"start":{"line":57,"column":6},"end":{"line":76,"column":7}}]},"2":{"loc":{"start":{"line":59,"column":8},"end":{"line":63,"column":9}},"type":"if","locations":[{"start":{"line":59,"column":8},"end":{"line":63,"column":9}}]},"3":{"loc":{"start":{"line":59,"column":12},"end":{"line":59,"column":53}},"type":"binary-expr","locations":[{"start":{"line":59,"column":12},"end":{"line":59,"column":28}},{"start":{"line":59,"column":32},"end":{"line":59,"column":53}}]},"4":{"loc":{"start":{"line":115,"column":4},"end":{"line":117,"column":5}},"type":"if","locations":[{"start":{"line":115,"column":4},"end":{"line":117,"column":5}}]},"5":{"loc":{"start":{"line":125,"column":4},"end":{"line":127,"column":5}},"type":"if","locations":[{"start":{"line":125,"column":4},"end":{"line":127,"column":5}}]},"6":{"loc":{"start":{"line":129,"column":4},"end":{"line":145,"column":5}},"type":"if","locations":[{"start":{"line":129,"column":4},"end":{"line":145,"column":5}}]},"7":{"loc":{"start":{"line":135,"column":6},"end":{"line":144,"column":7}},"type":"if","locations":[{"start":{"line":135,"column":6},"end":{"line":144,"column":7}}]},"8":{"loc":{"start":{"line":174,"column":4},"end":{"line":178,"column":5}},"type":"if","locations":[{"start":{"line":174,"column":4},"end":{"line":178,"column":5}}]},"9":{"loc":{"start":{"line":204,"column":4},"end":{"line":206,"column":5}},"type":"if","locations":[{"start":{"line":204,"column":4},"end":{"line":206,"column":5}}]},"10":{"loc":{"start":{"line":213,"column":4},"end":{"line":215,"column":5}},"type":"if","locations":[{"start":{"line":213,"column":4},"end":{"line":215,"column":5}}]},"11":{"loc":{"start":{"line":219,"column":4},"end":{"line":221,"column":5}},"type":"if","locations":[{"start":{"line":219,"column":4},"end":{"line":221,"column":5}}]},"12":{"loc":{"start":{"line":219,"column":8},"end":{"line":219,"column":59}},"type":"binary-expr","locations":[{"start":{"line":219,"column":8},"end":{"line":219,"column":38}},{"start":{"line":219,"column":42},"end":{"line":219,"column":59}}]},"13":{"loc":{"start":{"line":241,"column":6},"end":{"line":243,"column":7}},"type":"if","locations":[{"start":{"line":241,"column":6},"end":{"line":243,"column":7}}]},"14":{"loc":{"start":{"line":32,"column":54},"end":{"line":32,"column":null}},"type":"cond-expr","locations":[{"start":{"line":32,"column":58},"end":{"line":32,"column":null}},{"start":{"line":32,"column":58},"end":{"line":32,"column":null}}]},"15":{"loc":{"start":{"line":32,"column":54},"end":{"line":32,"column":58}},"type":"binary-expr","locations":[{"start":{"line":32,"column":54},"end":{"line":32,"column":null}},{"start":{"line":32,"column":54},"end":{"line":32,"column":58}}]},"16":{"loc":{"start":{"line":32,"column":58},"end":{"line":33,"column":null}},"type":"cond-expr","locations":[{"start":{"line":33,"column":45},"end":{"line":33,"column":null}},{"start":{"line":33,"column":45},"end":{"line":33,"column":null}}]},"17":{"loc":{"start":{"line":32,"column":58},"end":{"line":33,"column":45}},"type":"binary-expr","locations":[{"start":{"line":32,"column":58},"end":{"line":33,"column":null}},{"start":{"line":33,"column":34},"end":{"line":33,"column":45}}]},"18":{"loc":{"start":{"line":33,"column":45},"end":{"line":34,"column":null}},"type":"cond-expr","locations":[{"start":{"line":34,"column":48},"end":{"line":34,"column":null}},{"start":{"line":34,"column":48},"end":{"line":34,"column":null}}]},"19":{"loc":{"start":{"line":33,"column":45},"end":{"line":34,"column":48}},"type":"binary-expr","locations":[{"start":{"line":33,"column":45},"end":{"line":34,"column":null}},{"start":{"line":34,"column":32},"end":{"line":34,"column":48}}]},"20":{"loc":{"start":{"line":34,"column":48},"end":{"line":35,"column":null}},"type":"cond-expr","locations":[{"start":{"line":35,"column":49},"end":{"line":35,"column":null}},{"start":{"line":35,"column":49},"end":{"line":35,"column":null}}]},"21":{"loc":{"start":{"line":34,"column":48},"end":{"line":35,"column":49}},"type":"binary-expr","locations":[{"start":{"line":34,"column":48},"end":{"line":35,"column":null}},{"start":{"line":35,"column":36},"end":{"line":35,"column":49}}]},"22":{"loc":{"start":{"line":35,"column":49},"end":{"line":36,"column":null}},"type":"cond-expr","locations":[{"start":{"line":36,"column":63},"end":{"line":36,"column":null}},{"start":{"line":36,"column":63},"end":{"line":36,"column":null}}]},"23":{"loc":{"start":{"line":35,"column":49},"end":{"line":36,"column":63}},"type":"binary-expr","locations":[{"start":{"line":35,"column":49},"end":{"line":36,"column":null}},{"start":{"line":36,"column":40},"end":{"line":36,"column":63}}]},"24":{"loc":{"start":{"line":36,"column":63},"end":{"line":38,"column":null}},"type":"cond-expr","locations":[{"start":{"line":38,"column":50},"end":{"line":38,"column":null}},{"start":{"line":38,"column":50},"end":{"line":38,"column":null}}]},"25":{"loc":{"start":{"line":36,"column":63},"end":{"line":38,"column":50}},"type":"binary-expr","locations":[{"start":{"line":36,"column":63},"end":{"line":38,"column":null}},{"start":{"line":38,"column":36},"end":{"line":38,"column":50}}]},"26":{"loc":{"start":{"line":38,"column":50},"end":{"line":40,"column":null}},"type":"cond-expr","locations":[{"start":{"line":40,"column":57},"end":{"line":40,"column":null}},{"start":{"line":40,"column":57},"end":{"line":40,"column":null}}]},"27":{"loc":{"start":{"line":38,"column":50},"end":{"line":40,"column":57}},"type":"binary-expr","locations":[{"start":{"line":38,"column":50},"end":{"line":40,"column":null}},{"start":{"line":40,"column":40},"end":{"line":40,"column":57}}]}},"s":{"0":9,"1":9,"2":9,"3":9,"4":9,"5":9,"6":9,"7":9,"8":9,"9":9,"10":9,"11":9,"12":9,"13":9,"14":9,"15":9,"16":9,"17":9,"18":9,"19":9,"20":9,"21":6,"22":1,"23":5,"24":5,"25":5,"26":5,"27":4,"28":0,"29":0,"30":0,"31":0,"32":0,"33":4,"34":1,"35":1,"36":4,"37":4,"38":4,"39":4,"40":4,"41":4,"42":1,"43":3,"44":3,"45":1,"46":2,"47":2,"48":1,"49":1,"50":1,"51":1,"52":1,"53":2,"54":2,"55":2,"56":2,"57":4,"58":4,"59":1,"60":3,"61":3,"62":3,"63":3,"64":6,"65":6,"66":0,"67":6,"68":6,"69":0,"70":6,"71":6,"72":3,"73":3,"74":3,"75":3,"76":3,"77":3,"78":3,"79":2,"80":1,"81":0,"82":1,"83":1,"84":1,"85":2,"86":3,"87":3,"88":3,"89":2,"90":1,"91":1,"92":2,"93":2,"94":9,"95":9,"96":9},"f":{"0":9,"1":6,"2":4,"3":4,"4":6,"5":3,"6":3,"7":9},"b":{"0":[1],"1":[0],"2":[0],"3":[0,0],"4":[1],"5":[1],"6":[1],"7":[1],"8":[1],"9":[0],"10":[0],"11":[3],"12":[6,4],"13":[0],"14":[0,9],"15":[9,0],"16":[9,0],"17":[9,9],"18":[9,0],"19":[9,9],"20":[9,0],"21":[9,9],"22":[9,0],"23":[9,9],"24":[0,9],"25":[9,0],"26":[9,0],"27":[9,9]}}
,"C:\\Users\\Zeyad Rafat\\Study\\Projects\\quickbite\\core-service\\backend\\src\\app\\auth\\dto\\login.dto.ts": {"path":"C:\\Users\\Zeyad Rafat\\Study\\Projects\\quickbite\\core-service\\backend\\src\\app\\auth\\dto\\login.dto.ts","statementMap":{"0":{"start":{"line":1,"column":0},"end":{"line":1,"column":64}},"1":{"start":{"line":3,"column":0},"end":{"line":3,"column":13}},"2":{"start":{"line":5,"column":4},"end":{"line":5,"column":null}},"3":{"start":{"line":9,"column":4},"end":{"line":9,"column":null}}},"fnMap":{},"branchMap":{},"s":{"0":9,"1":9,"2":9,"3":9},"f":{},"b":{}}
,"C:\\Users\\Zeyad Rafat\\Study\\Projects\\quickbite\\core-service\\backend\\src\\app\\auth\\dto\\password.dto.ts": {"path":"C:\\Users\\Zeyad Rafat\\Study\\Projects\\quickbite\\core-service\\backend\\src\\app\\auth\\dto\\password.dto.ts","statementMap":{"0":{"start":{"line":1,"column":0},"end":{"line":1,"column":78}},"1":{"start":{"line":3,"column":0},"end":{"line":3,"column":13}},"2":{"start":{"line":5,"column":2},"end":{"line":5,"column":null}},"3":{"start":{"line":8,"column":0},"end":{"line":8,"column":13}},"4":{"start":{"line":10,"column":2},"end":{"line":10,"column":null}},"5":{"start":{"line":14,"column":2},"end":{"line":14,"column":null}},"6":{"start":{"line":29,"column":2},"end":{"line":29,"column":null}}},"fnMap":{},"branchMap":{},"s":{"0":9,"1":9,"2":9,"3":9,"4":9,"5":9,"6":9},"f":{},"b":{}}
,"C:\\Users\\Zeyad Rafat\\Study\\Projects\\quickbite\\core-service\\backend\\src\\app\\auth\\dto\\register.dto.ts": {"path":"C:\\Users\\Zeyad Rafat\\Study\\Projects\\quickbite\\core-service\\backend\\src\\app\\auth\\dto\\register.dto.ts","statementMap":{"0":{"start":{"line":2,"column":0},"end":{"line":2,"column":null}},"1":{"start":{"line":12,"column":0},"end":{"line":12,"column":46}},"2":{"start":{"line":13,"column":0},"end":{"line":13,"column":41}},"3":{"start":{"line":15,"column":0},"end":{"line":15,"column":13}},"4":{"start":{"line":18,"column":2},"end":{"line":18,"column":null}},"5":{"start":{"line":22,"column":2},"end":{"line":22,"column":null}},"6":{"start":{"line":26,"column":2},"end":{"line":26,"column":null}},"7":{"start":{"line":29,"column":0},"end":{"line":29,"column":13}},"8":{"start":{"line":31,"column":2},"end":{"line":31,"column":null}},"9":{"start":{"line":35,"column":2},"end":{"line":35,"column":null}},"10":{"start":{"line":39,"column":2},"end":{"line":39,"column":null}},"11":{"start":{"line":54,"column":2},"end":{"line":54,"column":null}},"12":{"start":{"line":57,"column":2},"end":{"line":57,"column":null}},"13":{"start":{"line":62,"column":2},"end":{"line":62,"column":null}},"14":{"start":{"line":61,"column":14},"end":{"line":61,"column":35}}},"fnMap":{"0":{"name":"(anonymous_2)","decl":{"start":{"line":61,"column":8},"end":{"line":61,"column":11}},"loc":{"start":{"line":61,"column":14},"end":{"line":61,"column":35}}}},"branchMap":{"0":{"loc":{"start":{"line":57,"column":9},"end":{"line":57,"column":20}},"type":"cond-expr","locations":[{"start":{"line":57,"column":19},"end":{"line":57,"column":20}},{"start":{"line":57,"column":19},"end":{"line":57,"column":20}}]},"1":{"loc":{"start":{"line":57,"column":9},"end":{"line":57,"column":19}},"type":"binary-expr","locations":[{"start":{"line":57,"column":9},"end":{"line":57,"column":20}},{"start":{"line":57,"column":9},"end":{"line":57,"column":19}}]}},"s":{"0":9,"1":9,"2":9,"3":9,"4":9,"5":9,"6":9,"7":9,"8":9,"9":9,"10":9,"11":9,"12":9,"13":9,"14":0},"f":{"0":0},"b":{"0":[0,9],"1":[9,9]}}
,"C:\\Users\\Zeyad Rafat\\Study\\Projects\\quickbite\\core-service\\backend\\src\\app\\auth\\entity\\password-reset.entity.ts": {"path":"C:\\Users\\Zeyad Rafat\\Study\\Projects\\quickbite\\core-service\\backend\\src\\app\\auth\\entity\\password-reset.entity.ts","statementMap":{"0":{"start":{"line":20,"column":8},"end":{"line":20,"column":27}},"1":{"start":{"line":21,"column":8},"end":{"line":21,"column":34}},"2":{"start":{"line":22,"column":8},"end":{"line":22,"column":36}},"3":{"start":{"line":23,"column":8},"end":{"line":23,"column":40}},"4":{"start":{"line":24,"column":8},"end":{"line":24,"column":42}},"5":{"start":{"line":25,"column":8},"end":{"line":25,"column":54}},"6":{"start":{"line":29,"column":8},"end":{"line":29,"column":43}},"7":{"start":{"line":11,"column":0},"end":{"line":11,"column":13}}},"fnMap":{"0":{"name":"(anonymous_0)","decl":{"start":{"line":19,"column":4},"end":{"line":19,"column":16}},"loc":{"start":{"line":19,"column":39},"end":{"line":26,"column":5}}},"1":{"name":"(anonymous_1)","decl":{"start":{"line":28,"column":4},"end":{"line":28,"column":13}},"loc":{"start":{"line":28,"column":13},"end":{"line":30,"column":5}}}},"branchMap":{"0":{"loc":{"start":{"line":25,"column":25},"end":{"line":25,"column":53}},"type":"binary-expr","locations":[{"start":{"line":25,"column":25},"end":{"line":25,"column":39}},{"start":{"line":25,"column":43},"end":{"line":25,"column":53}}]}},"s":{"0":6,"1":6,"2":6,"3":6,"4":6,"5":6,"6":4,"7":9},"f":{"0":6,"1":4},"b":{"0":[6,0]}}
,"C:\\Users\\Zeyad Rafat\\Study\\Projects\\quickbite\\core-service\\backend\\src\\app\\auth\\repository\\password-reset.repository.ts": {"path":"C:\\Users\\Zeyad Rafat\\Study\\Projects\\quickbite\\core-service\\backend\\src\\app\\auth\\repository\\password-reset.repository.ts","statementMap":{"0":{"start":{"line":2,"column":0},"end":{"line":2,"column":52}},"1":{"start":{"line":3,"column":0},"end":{"line":3,"column":28}},"2":{"start":{"line":4,"column":0},"end":{"line":4,"column":64}},"3":{"start":{"line":7,"column":7},"end":{"line":72,"column":null}},"4":{"start":{"line":19,"column":58},"end":{"line":19,"column":64}},"5":{"start":{"line":9,"column":19},"end":{"line":16,"column":4}},"6":{"start":{"line":23,"column":4},"end":{"line":30,"column":7}},"7":{"start":{"line":37,"column":15},"end":{"line":37,"column":31}},"8":{"start":{"line":38,"column":4},"end":{"line":44,"column":7}},"9":{"start":{"line":51,"column":15},"end":{"line":51,"column":31}},"10":{"start":{"line":52,"column":16},"end":{"line":57,"column":14}},"11":{"start":{"line":60,"column":4},"end":{"line":60,"column":48}},"12":{"start":{"line":67,"column":15},"end":{"line":67,"column":31}},"13":{"start":{"line":68,"column":4},"end":{"line":70,"column":7}},"14":{"start":{"line":7,"column":13},"end":{"line":7,"column":36}},"15":{"start":{"line":7,"column":13},"end":{"line":72,"column":null}}},"fnMap":{"0":{"name":"(anonymous_4)","decl":{"start":{"line":19,"column":2},"end":{"line":19,"column":15}},"loc":{"start":{"line":19,"column":68},"end":{"line":19,"column":72}}},"1":{"name":"(anonymous_5)","decl":{"start":{"line":22,"column":10},"end":{"line":22,"column":18}},"loc":{"start":{"line":22,"column":27},"end":{"line":31,"column":3}}},"2":{"name":"(anonymous_6)","decl":{"start":{"line":33,"column":2},"end":{"line":33,"column":7}},"loc":{"start":{"line":35,"column":26},"end":{"line":45,"column":3}}},"3":{"name":"(anonymous_7)","decl":{"start":{"line":47,"column":2},"end":{"line":47,"column":7}},"loc":{"start":{"line":49,"column":26},"end":{"line":61,"column":3}}},"4":{"name":"(anonymous_8)","decl":{"start":{"line":63,"column":2},"end":{"line":63,"column":7}},"loc":{"start":{"line":65,"column":26},"end":{"line":71,"column":3}}}},"branchMap":{"0":{"loc":{"start":{"line":37,"column":15},"end":{"line":37,"column":31}},"type":"binary-expr","locations":[{"start":{"line":37,"column":15},"end":{"line":37,"column":18}},{"start":{"line":37,"column":22},"end":{"line":37,"column":31}}]},"1":{"loc":{"start":{"line":43,"column":18},"end":{"line":43,"column":55}},"type":"binary-expr","locations":[{"start":{"line":43,"column":18},"end":{"line":43,"column":41}},{"start":{"line":43,"column":45},"end":{"line":43,"column":55}}]},"2":{"loc":{"start":{"line":51,"column":15},"end":{"line":51,"column":31}},"type":"binary-expr","locations":[{"start":{"line":51,"column":15},"end":{"line":51,"column":18}},{"start":{"line":51,"column":22},"end":{"line":51,"column":31}}]},"3":{"loc":{"start":{"line":60,"column":11},"end":{"line":60,"column":47}},"type":"cond-expr","locations":[{"start":{"line":60,"column":17},"end":{"line":60,"column":35}},{"start":{"line":60,"column":38},"end":{"line":60,"column":47}}]},"4":{"loc":{"start":{"line":67,"column":15},"end":{"line":67,"column":31}},"type":"binary-expr","locations":[{"start":{"line":67,"column":15},"end":{"line":67,"column":18}},{"start":{"line":67,"column":22},"end":{"line":67,"column":31}}]},"5":{"loc":{"start":{"line":19,"column":64},"end":{"line":19,"column":71}},"type":"cond-expr","locations":[{"start":{"line":19,"column":68},"end":{"line":19,"column":71}},{"start":{"line":19,"column":68},"end":{"line":19,"column":71}}]},"6":{"loc":{"start":{"line":19,"column":64},"end":{"line":19,"column":68}},"type":"binary-expr","locations":[{"start":{"line":19,"column":64},"end":{"line":19,"column":71}},{"start":{"line":19,"column":64},"end":{"line":19,"column":68}}]}},"s":{"0":9,"1":9,"2":9,"3":9,"4":9,"5":9,"6":6,"7":4,"8":4,"9":6,"10":6,"11":6,"12":3,"13":3,"14":9,"15":9},"f":{"0":9,"1":6,"2":4,"3":6,"4":3},"b":{"0":[4,3],"1":[4,3],"2":[6,3],"3":[6,0],"4":[3,1],"5":[0,9],"6":[9,0]}}
,"C:\\Users\\Zeyad Rafat\\Study\\Projects\\quickbite\\core-service\\backend\\src\\app\\auth\\templates\\password-reset.ts": {"path":"C:\\Users\\Zeyad Rafat\\Study\\Projects\\quickbite\\core-service\\backend\\src\\app\\auth\\templates\\password-reset.ts","statementMap":{"0":{"start":{"line":1,"column":34},"end":{"line":17,"column":1}},"1":{"start":{"line":2,"column":2},"end":{"line":16,"column":4}},"2":{"start":{"line":1,"column":13},"end":{"line":1,"column":34}}},"fnMap":{"0":{"name":"(anonymous_0)","decl":{"start":{"line":1,"column":34},"end":{"line":1,"column":35}},"loc":{"start":{"line":1,"column":50},"end":{"line":17,"column":1}}}},"branchMap":{},"s":{"0":9,"1":3,"2":9},"f":{"0":3},"b":{}}
,"C:\\Users\\Zeyad Rafat\\Study\\Projects\\quickbite\\core-service\\backend\\src\\app\\branch\\branch.constants.ts": {"path":"C:\\Users\\Zeyad Rafat\\Study\\Projects\\quickbite\\core-service\\backend\\src\\app\\branch\\branch.constants.ts","statementMap":{"0":{"start":{"line":1,"column":13},"end":{"line":5,"column":11}}},"fnMap":{},"branchMap":{},"s":{"0":9},"f":{},"b":{}}
,"C:\\Users\\Zeyad Rafat\\Study\\Projects\\quickbite\\core-service\\backend\\src\\app\\branch\\branch.controller.ts": {"path":"C:\\Users\\Zeyad Rafat\\Study\\Projects\\quickbite\\core-service\\backend\\src\\app\\branch\\branch.controller.ts","statementMap":{"0":{"start":{"line":1,"column":0},"end":{"line":1,"column":null}},"1":{"start":{"line":16,"column":0},"end":{"line":16,"column":49}},"2":{"start":{"line":17,"column":0},"end":{"line":17,"column":51}},"3":{"start":{"line":19,"column":0},"end":{"line":19,"column":66}},"4":{"start":{"line":20,"column":0},"end":{"line":20,"column":82}},"5":{"start":{"line":21,"column":0},"end":{"line":21,"column":null}},"6":{"start":{"line":25,"column":0},"end":{"line":25,"column":78}},"7":{"start":{"line":26,"column":0},"end":{"line":26,"column":90}},"8":{"start":{"line":27,"column":0},"end":{"line":27,"column":79}},"9":{"start":{"line":28,"column":0},"end":{"line":28,"column":94}},"10":{"start":{"line":29,"column":0},"end":{"line":29,"column":67}},"11":{"start":{"line":30,"column":0},"end":{"line":30,"column":53}},"12":{"start":{"line":31,"column":0},"end":{"line":31,"column":74}},"13":{"start":{"line":32,"column":0},"end":{"line":32,"column":72}},"14":{"start":{"line":33,"column":0},"end":{"line":33,"column":85}},"15":{"start":{"line":34,"column":0},"end":{"line":34,"column":60}},"16":{"start":{"line":35,"column":0},"end":{"line":35,"column":67}},"17":{"start":{"line":36,"column":0},"end":{"line":36,"column":67}},"18":{"start":{"line":39,"column":7},"end":{"line":192,"column":null}},"19":{"start":{"line":41,"column":21},"end":{"line":41,"column":36}},"20":{"start":{"line":42,"column":21},"end":{"line":42,"column":37}},"21":{"start":{"line":49,"column":4},"end":{"line":49,"column":57}},"22":{"start":{"line":55,"column":22},"end":{"line":55,"column":63}},"23":{"start":{"line":56,"column":4},"end":{"line":56,"column":58}},"24":{"start":{"line":65,"column":23},"end":{"line":65,"column":64}},"25":{"start":{"line":66,"column":4},"end":{"line":66,"column":80}},"26":{"start":{"line":77,"column":4},"end":{"line":77,"column":74}},"27":{"start":{"line":88,"column":4},"end":{"line":88,"column":74}},"28":{"start":{"line":99,"column":20},"end":{"line":99,"column":78}},"29":{"start":{"line":100,"column":4},"end":{"line":100,"column":19}},"30":{"start":{"line":108,"column":17},"end":{"line":110,"column":null}},"31":{"start":{"line":112,"column":4},"end":{"line":112,"column":16}},"32":{"start":{"line":125,"column":19},"end":{"line":125,"column":34}},"33":{"start":{"line":126,"column":21},"end":{"line":126,"column":48}},"34":{"start":{"line":128,"column":19},"end":{"line":132,"column":null}},"35":{"start":{"line":135,"column":4},"end":{"line":135,"column":18}},"36":{"start":{"line":150,"column":19},"end":{"line":154,"column":null}},"37":{"start":{"line":156,"column":4},"end":{"line":156,"column":18}},"38":{"start":{"line":171,"column":19},"end":{"line":174,"column":null}},"39":{"start":{"line":176,"column":4},"end":{"line":176,"column":18}},"40":{"start":{"line":183,"column":4},"end":{"line":185,"column":5}},"41":{"start":{"line":184,"column":6},"end":{"line":184,"column":60}},"42":{"start":{"line":186,"column":19},"end":{"line":186,"column":70}},"43":{"start":{"line":186,"column":50},"end":{"line":186,"column":69}},"44":{"start":{"line":187,"column":4},"end":{"line":189,"column":5}},"45":{"start":{"line":187,"column":30},"end":{"line":187,"column":66}},"46":{"start":{"line":188,"column":6},"end":{"line":188,"column":79}},"47":{"start":{"line":190,"column":4},"end":{"line":190,"column":18}},"48":{"start":{"line":39,"column":13},"end":{"line":39,"column":29}},"49":{"start":{"line":48,"column":8},"end":{"line":50,"column":null}},"50":{"start":{"line":54,"column":8},"end":{"line":57,"column":null}},"51":{"start":{"line":61,"column":8},"end":{"line":67,"column":null}},"52":{"start":{"line":73,"column":8},"end":{"line":78,"column":null}},"53":{"start":{"line":84,"column":8},"end":{"line":89,"column":null}},"54":{"start":{"line":94,"column":8},"end":{"line":101,"column":null}},"55":{"start":{"line":104,"column":8},"end":{"line":113,"column":null}},"56":{"start":{"line":120,"column":8},"end":{"line":136,"column":null}},"57":{"start":{"line":145,"column":8},"end":{"line":157,"column":null}},"58":{"start":{"line":166,"column":8},"end":{"line":177,"column":null}},"59":{"start":{"line":39,"column":13},"end":{"line":192,"column":null}}},"fnMap":{"0":{"name":"(anonymous_4)","decl":{"start":{"line":40,"column":2},"end":{"line":40,"column":null}},"loc":{"start":{"line":42,"column":51},"end":{"line":43,"column":6}}},"1":{"name":"(anonymous_5)","decl":{"start":{"line":48,"column":2},"end":{"line":48,"column":7}},"loc":{"start":{"line":48,"column":75},"end":{"line":50,"column":3}}},"2":{"name":"(anonymous_6)","decl":{"start":{"line":54,"column":2},"end":{"line":54,"column":7}},"loc":{"start":{"line":54,"column":57},"end":{"line":57,"column":3}}},"3":{"name":"(anonymous_7)","decl":{"start":{"line":61,"column":2},"end":{"line":61,"column":7}},"loc":{"start":{"line":63,"column":29},"end":{"line":67,"column":3}}},"4":{"name":"(anonymous_8)","decl":{"start":{"line":73,"column":2},"end":{"line":73,"column":7}},"loc":{"start":{"line":75,"column":33},"end":{"line":78,"column":3}}},"5":{"name":"(anonymous_9)","decl":{"start":{"line":84,"column":2},"end":{"line":84,"column":7}},"loc":{"start":{"line":86,"column":33},"end":{"line":89,"column":3}}},"6":{"name":"(anonymous_10)","decl":{"start":{"line":94,"column":2},"end":{"line":94,"column":7}},"loc":{"start":{"line":97,"column":29},"end":{"line":101,"column":3}}},"7":{"name":"(anonymous_11)","decl":{"start":{"line":104,"column":2},"end":{"line":104,"column":7}},"loc":{"start":{"line":106,"column":29},"end":{"line":113,"column":3}}},"8":{"name":"(anonymous_12)","decl":{"start":{"line":120,"column":2},"end":{"line":120,"column":7}},"loc":{"start":{"line":123,"column":19},"end":{"line":136,"column":3}}},"9":{"name":"(anonymous_13)","decl":{"start":{"line":145,"column":2},"end":{"line":145,"column":7}},"loc":{"start":{"line":148,"column":19},"end":{"line":157,"column":3}}},"10":{"name":"(anonymous_14)","decl":{"start":{"line":166,"column":2},"end":{"line":166,"column":7}},"loc":{"start":{"line":169,"column":19},"end":{"line":177,"column":3}}},"11":{"name":"(anonymous_15)","decl":{"start":{"line":179,"column":10},"end":{"line":179,"column":34}},"loc":{"start":{"line":181,"column":17},"end":{"line":191,"column":3}}},"12":{"name":"(anonymous_16)","decl":{"start":{"line":186,"column":40},"end":{"line":186,"column":41}},"loc":{"start":{"line":186,"column":50},"end":{"line":186,"column":69}}},"13":{"name":"(anonymous_17)","decl":{"start":{"line":1
[...]
\\Study\\Projects\\quickbite\\core-service\\backend\\src\\pkg\\utils\\time.utils.ts": {"path":"C:\\Users\\Zeyad Rafat\\Study\\Projects\\quickbite\\core-service\\backend\\src\\pkg\\utils\\time.utils.ts","statementMap":{"0":{"start":{"line":3,"column":13},"end":{"line":33,"column":2}},"1":{"start":{"line":7,"column":36},"end":{"line":7,"column":50}},"2":{"start":{"line":8,"column":36},"end":{"line":8,"column":55}},"3":{"start":{"line":9,"column":32},"end":{"line":9,"column":54}},"4":{"start":{"line":10,"column":30},"end":{"line":10,"column":56}},"5":{"start":{"line":15,"column":41},"end":{"line":15,"column":53}},"6":{"start":{"line":16,"column":37},"end":{"line":16,"column":52}},"7":{"start":{"line":17,"column":35},"end":{"line":17,"column":54}},"8":{"start":{"line":23,"column":19},"end":{"line":23,"column":33}},"9":{"start":{"line":24,"column":4},"end":{"line":24,"column":44}},"10":{"start":{"line":25,"column":4},"end":{"line":25,"column":18}},"11":{"start":{"line":29,"column":19},"end":{"line":29,"column":33}},"12":{"start":{"line":30,"column":4},"end":{"line":30,"column":47}},"13":{"start":{"line":31,"column":4},"end":{"line":31,"column":18}}},"fnMap":{"0":{"name":"(anonymous_0)","decl":{"start":{"line":7,"column":15},"end":{"line":7,"column":16}},"loc":{"start":{"line":7,"column":36},"end":{"line":7,"column":50}}},"1":{"name":"(anonymous_1)","decl":{"start":{"line":8,"column":15},"end":{"line":8,"column":16}},"loc":{"start":{"line":8,"column":36},"end":{"line":8,"column":55}}},"2":{"name":"(anonymous_2)","decl":{"start":{"line":9,"column":13},"end":{"line":9,"column":14}},"loc":{"start":{"line":9,"column":32},"end":{"line":9,"column":54}}},"3":{"name":"(anonymous_3)","decl":{"start":{"line":10,"column":12},"end":{"line":10,"column":13}},"loc":{"start":{"line":10,"column":30},"end":{"line":10,"column":56}}},"4":{"name":"(anonymous_4)","decl":{"start":{"line":15,"column":20},"end":{"line":15,"column":21}},"loc":{"start":{"line":15,"column":41},"end":{"line":15,"column":53}}},"5":{"name":"(anonymous_5)","decl":{"start":{"line":16,"column":18},"end":{"line":16,"column":19}},"loc":{"start":{"line":16,"column":37},"end":{"line":16,"column":52}}},"6":{"name":"(anonymous_6)","decl":{"start":{"line":17,"column":17},"end":{"line":17,"column":18}},"loc":{"start":{"line":17,"column":35},"end":{"line":17,"column":54}}},"7":{"name":"(anonymous_7)","decl":{"start":{"line":22,"column":11},"end":{"line":22,"column":12}},"loc":{"start":{"line":22,"column":46},"end":{"line":26,"column":3}}},"8":{"name":"(anonymous_8)","decl":{"start":{"line":28,"column":12},"end":{"line":28,"column":13}},"loc":{"start":{"line":28,"column":48},"end":{"line":32,"column":3}}}},"branchMap":{},"s":{"0":9,"1":0,"2":3,"3":44,"4":6,"5":0,"6":0,"7":0,"8":0,"9":0,"10":0,"11":0,"12":0,"13":0},"f":{"0":0,"1":3,"2":44,"3":6,"4":0,"5":0,"6":0,"7":0,"8":0},"b":{}}
,"C:\\Users\\Zeyad Rafat\\Study\\Projects\\quickbite\\core-service\\backend\\tests\\integration\\helpers\\completeness-matrix.ts": {"path":"C:\\Users\\Zeyad Rafat\\Study\\Projects\\quickbite\\core-service\\backend\\tests\\integration\\helpers\\completeness-matrix.ts","statementMap":{"0":{"start":{"line":10,"column":0},"end":{"line":10,"column":16}},"1":{"start":{"line":14,"column":2},"end":{"line":23,"column":5}},"2":{"start":{"line":15,"column":4},"end":{"line":16,"column":27}},"3":{"start":{"line":16,"column":6},"end":{"line":16,"column":25}},"4":{"start":{"line":17,"column":4},"end":{"line":18,"column":27}},"5":{"start":{"line":18,"column":6},"end":{"line":18,"column":25}},"6":{"start":{"line":19,"column":4},"end":{"line":20,"column":25}},"7":{"start":{"line":20,"column":6},"end":{"line":20,"column":23}},"8":{"start":{"line":21,"column":4},"end":{"line":22,"column":30}},"9":{"start":{"line":22,"column":6},"end":{"line":22,"column":28}}},"fnMap":{"0":{"name":"describeEndpoint","decl":{"start":{"line":10,"column":16},"end":{"line":10,"column":32}},"loc":{"start":{"line":12,"column":24},"end":{"line":24,"column":1}}},"1":{"name":"(anonymous_1)","decl":{"start":{"line":14,"column":21},"end":{"line":14,"column":24}},"loc":{"start":{"line":14,"column":26},"end":{"line":23,"column":3}}},"2":{"name":"(anonymous_2)","decl":{"start":{"line":15,"column":76},"end":{"line":15,"column":81}},"loc":{"start":{"line":16,"column":6},"end":{"line":16,"column":25}}},"3":{"name":"(anonymous_3)","decl":{"start":{"line":17,"column":66},"end":{"line":17,"column":71}},"loc":{"start":{"line":18,"column":6},"end":{"line":18,"column":25}}},"4":{"name":"(anonymous_4)","decl":{"start":{"line":19,"column":58},"end":{"line":19,"column":63}},"loc":{"start":{"line":20,"column":6},"end":{"line":20,"column":23}}},"5":{"name":"(anonymous_5)","decl":{"start":{"line":21,"column":49},"end":{"line":21,"column":54}},"loc":{"start":{"line":22,"column":6},"end":{"line":22,"column":28}}}},"branchMap":{},"s":{"0":9,"1":43,"2":43,"3":43,"4":43,"5":43,"6":43,"7":43,"8":43,"9":43},"f":{"0":43,"1":43,"2":43,"3":43,"4":43,"5":43},"b":{}}
,"C:\\Users\\Zeyad Rafat\\Study\\Projects\\quickbite\\core-service\\backend\\tests\\integration\\helpers\\email.stub.ts": {"path":"C:\\Users\\Zeyad Rafat\\Study\\Projects\\quickbite\\core-service\\backend\\tests\\integration\\helpers\\email.stub.ts","statementMap":{"0":{"start":{"line":10,"column":11},"end":{"line":10,"column":40}},"1":{"start":{"line":13,"column":4},"end":{"line":13,"column":48}},"2":{"start":{"line":17,"column":4},"end":{"line":17,"column":31}},"3":{"start":{"line":9,"column":0},"end":{"line":9,"column":13}}},"fnMap":{"0":{"name":"(anonymous_0)","decl":{"start":{"line":9,"column":0},"end":{"line":9,"column":13}},"loc":{"start":{"line":9,"column":0},"end":{"line":19,"column":1}}},"1":{"name":"(anonymous_1)","decl":{"start":{"line":12,"column":2},"end":{"line":12,"column":7}},"loc":{"start":{"line":12,"column":54},"end":{"line":14,"column":3}}},"2":{"name":"(anonymous_2)","decl":{"start":{"line":16,"column":2},"end":{"line":16,"column":7}},"loc":{"start":{"line":16,"column":7},"end":{"line":18,"column":3}}}},"branchMap":{},"s":{"0":9,"1":4,"2":172,"3":9},"f":{"0":9,"1":4,"2":172},"b":{}}
,"C:\\Users\\Zeyad Rafat\\Study\\Projects\\quickbite\\core-service\\backend\\tests\\integration\\helpers\\fixtures.ts": {"path":"C:\\Users\\Zeyad Rafat\\Study\\Projects\\quickbite\\core-service\\backend\\tests\\integration\\helpers\\fixtures.ts","statementMap":{"0":{"start":{"line":12,"column":0},"end":{"line":12,"column":7}},"1":{"start":{"line":33,"column":0},"end":{"line":33,"column":7}},"2":{"start":{"line":52,"column":0},"end":{"line":52,"column":7}},"3":{"start":{"line":80,"column":0},"end":{"line":80,"column":7}},"4":{"start":{"line":104,"column":0},"end":{"line":104,"column":7}},"5":{"start":{"line":2,"column":0},"end":{"line":2,"column":60}},"6":{"start":{"line":3,"column":0},"end":{"line":3,"column":48}},"7":{"start":{"line":5,"column":22},"end":{"line":5,"column":23}},"8":{"start":{"line":8,"column":2},"end":{"line":8,"column":23}},"9":{"start":{"line":9,"column":2},"end":{"line":9,"column":40}},"10":{"start":{"line":16,"column":17},"end":{"line":16,"column":41}},"11":{"start":{"line":17,"column":17},"end":{"line":28,"column":22}},"12":{"start":{"line":30,"column":2},"end":{"line":30,"column":25}},"13":{"start":{"line":38,"column":23},"end":{"line":47,"column":22}},"14":{"start":{"line":49,"column":2},"end":{"line":49,"column":31}},"15":{"start":{"line":57,"column":19},"end":{"line":75,"column":22}},"16":{"start":{"line":77,"column":2},"end":{"line":77,"column":27}},"17":{"start":{"line":85,"column":20},"end":{"line":99,"column":22}},"18":{"start":{"line":101,"column":2},"end":{"line":101,"column":28}},"19":{"start":{"line":105,"column":18},"end":{"line":107,"column":4}},"20":{"start":{"line":108,"column":23},"end":{"line":108,"column":62}},"21":{"start":{"line":109,"column":19},"end":{"line":109,"column":59}},"22":{"start":{"line":110,"column":21},"end":{"line":112,"column":22}},"23":{"start":{"line":113,"column":20},"end":{"line":121,"column":22}},"24":{"start":{"line":123,"column":2},"end":{"line":125,"column":59}},"25":{"start":{"line":127,"column":2},"end":{"line":133,"column":4}}},"fnMap":{"0":{"name":"nextFixtureValue","decl":{"start":{"line":7,"column":9},"end":{"line":7,"column":25}},"loc":{"start":{"line":7,"column":40},"end":{"line":10,"column":1}}},"1":{"name":"seedUser","decl":{"start":{"line":12,"column":22},"end":{"line":12,"column":30}},"loc":{"start":{"line":14,"column":41},"end":{"line":31,"column":1}}},"2":{"name":"seedRestaurant","decl":{"start":{"line":33,"column":22},"end":{"line":33,"column":36}},"loc":{"start":{"line":36,"column":41},"end":{"line":50,"column":1}}},"3":{"name":"seedBranch","decl":{"start":{"line":52,"column":22},"end":{"line":52,"column":32}},"loc":{"start":{"line":55,"column":41},"end":{"line":78,"column":1}}},"4":{"name":"seedAddress","decl":{"start":{"line":80,"column":22},"end":{"line":80,"column":33}},"loc":{"start":{"line":83,"column":41},"end":{"line":102,"column":1}}},"5":{"name":"seedCatalog","decl":{"start":{"line":104,"column":22},"end":{"line":104,"column":33}},"loc":{"start":{"line":104,"column":48},"end":{"line":134,"column":1}}}},"branchMap":{"0":{"loc":{"start":{"line":14,"column":2},"end":{"line":14,"column":41}},"type":"default-arg","locations":[{"start":{"line":14,"column":39},"end":{"line":14,"column":41}}]},"1":{"loc":{"start":{"line":36,"column":2},"end":{"line":36,"column":41}},"type":"default-arg","locations":[{"start":{"line":36,"column":39},"end":{"line":36,"column":41}}]},"2":{"loc":{"start":{"line":55,"column":2},"end":{"line":55,"column":41}},"type":"default-arg","locations":[{"start":{"line":55,"column":39},"end":{"line":55,"column":41}}]},"3":{"loc":{"start":{"line":83,"column":2},"end":{"line":83,"column":41}},"type":"default-arg","locations":[{"start":{"line":83,"column":39},"end":{"line":83,"column":41}}]}},"s":{"0":7,"1":7,"2":7,"3":7,"4":7,"5":7,"6":7,"7":7,"8":212,"9":212,"10":105,"11":105,"12":105,"13":60,"14":60,"15":38,"16":38,"17":9,"18":9,"19":23,"20":23,"21":23,"22":23,"23":23,"24":23,"25":23},"f":{"0":212,"1":105,"2":60,"3":38,"4":9,"5":23},"b":{"0":[58],"1":[48],"2":[29],"3":[4]}}
,"C:\\Users\\Zeyad Rafat\\Study\\Projects\\quickbite\\core-service\\backend\\tests\\integration\\helpers\\test-app.ts": {"path":"C:\\Users\\Zeyad Rafat\\Study\\Projects\\quickbite\\core-service\\backend\\tests\\integration\\helpers\\test-app.ts","statementMap":{"0":{"start":{"line":14,"column":0},"end":{"line":14,"column":16}},"1":{"start":{"line":1,"column":0},"end":{"line":1,"column":54}},"2":{"start":{"line":2,"column":0},"end":{"line":2,"column":66}},"3":{"start":{"line":3,"column":0},"end":{"line":3,"column":39}},"4":{"start":{"line":4,"column":0},"end":{"line":4,"column":41}},"5":{"start":{"line":5,"column":0},"end":{"line":5,"column":31}},"6":{"start":{"line":7,"column":0},"end":{"line":7,"column":43}},"7":{"start":{"line":8,"column":0},"end":{"line":8,"column":69}},"8":{"start":{"line":9,"column":0},"end":{"line":9,"column":77}},"9":{"start":{"line":10,"column":0},"end":{"line":10,"column":76}},"10":{"start":{"line":11,"column":0},"end":{"line":11,"column":41}},"11":{"start":{"line":12,"column":0},"end":{"line":12,"column":72}},"12":{"start":{"line":15,"column":16},"end":{"line":15,"column":42}},"13":{"start":{"line":16,"column":23},"end":{"line":26,"column":4}},"14":{"start":{"line":18,"column":6},"end":{"line":18,"column":28}},"15":{"start":{"line":21,"column":6},"end":{"line":21,"column":28}},"16":{"start":{"line":24,"column":6},"end":{"line":24,"column":24}},"17":{"start":{"line":27,"column":20},"end":{"line":27,"column":35}},"18":{"start":{"line":28,"column":28},"end":{"line":37,"column":4}},"19":{"start":{"line":32,"column":6},"end":{"line":32,"column":51}},"20":{"start":{"line":35,"column":6},"end":{"line":35,"column":32}},"21":{"start":{"line":41,"column":2},"end":{"line":66,"column":5}},"22":{"start":{"line":42,"column":22},"end":{"line":51,"column":16}},"23":{"start":{"line":53,"column":4},"end":{"line":53,"column":44}},"24":{"start":{"line":54,"column":4},"end":{"line":54,"column":31}},"25":{"start":{"line":55,"column":4},"end":{"line":55,"column":28}},"26":{"start":{"line":56,"column":4},"end":{"line":61,"column":6}},"27":{"start":{"line":62,"column":4},"end":{"line":62,"column":52}},"28":{"start":{"line":63,"column":4},"end":{"line":63,"column":21}},"29":{"start":{"line":64,"column":4},"end":{"line":64,"column":48}},"30":{"start":{"line":65,"column":4},"end":{"line":65,"column":39}},"31":{"start":{"line":68,"column":2},"end":{"line":73,"column":5}},"32":{"start":{"line":69,"column":4},"end":{"line":69,"column":38}},"33":{"start":{"line":70,"column":4},"end":{"line":70,"column":18}},"34":{"start":{"line":71,"column":4},"end":{"line":71,"column":22}},"35":{"start":{"line":72,"column":4},"end":{"line":72,"column":30}},"36":{"start":{"line":75,"column":2},"end":{"line":77,"column":5}},"37":{"start":{"line":76,"column":4},"end":{"line":76,"column":22}},"38":{"start":{"line":79,"column":2},"end":{"line":94,"column":4}},"39":{"start":{"line":81,"column":6},"end":{"line":81,"column":17}},"40":{"start":{"line":84,"column":6},"end":{"line":84,"column":22}},"41":{"start":{"line":89,"column":20},"end":{"line":91,"column":8}},"42":{"start":{"line":92,"column":6},"end":{"line":92,"column":37}}},"fnMap":{"0":{"name":"useCoreIntegrationApp","decl":{"start":{"line":14,"column":16},"end":{"line":14,"column":37}},"loc":{"start":{"line":14,"column":37},"end":{"line":95,"column":1}}},"1":{"name":"(anonymous_2)","decl":{"start":{"line":17,"column":4},"end":{"line":17,"column":9}},"loc":{"start":{"line":17,"column":25},"end":{"line":19,"column":5}}},"2":{"name":"(anonymous_3)","decl":{"start":{"line":20,"column":4},"end":{"line":20,"column":9}},"loc":{"start":{"line":20,"column":41},"end":{"line":22,"column":5}}},"3":{"name":"(anonymous_4)","decl":{"start":{"line":23,"column":4},"end":{"line":23,"column":9}},"loc":{"start":{"line":23,"column":25},"end":{"line":25,"column":5}}},"4":{"name":"(anonymous_5)","decl":{"start":{"line":30,"column":4},"end":{"line":30,"column":9}},"loc":{"start":{"line":30,"column":25},"end":{"line":30,"column":30}}},"5":{"name":"(anonymous_6)","decl":{"start":{"line":31,"column":4},"end":{"line":31,"column":9}},"loc":{"start":{"line":31,"column":54},"end":{"line":33,"column":5}}},"6":{"name":"(anonymous_7)","decl":{"start":{"line":34,"column":4},"end":{"line":34,"column":9}},"loc":{"start":{"line":34,"column":9},"end":{"line":36,"column":5}}},"7":{"name":"(anonymous_8)","decl":{"start":{"line":41,"column":12},"end":{"line":41,"column":17}},"loc":{"start":{"line":41,"column":23},"end":{"line":66,"column":3}}},"8":{"name":"(anonymous_9)","decl":{"start":{"line":68,"column":13},"end":{"line":68,"column":18}},"loc":{"start":{"line":68,"column":24},"end":{"line":73,"column":3}}},"9":{"name":"(anonymous_10)","decl":{"start":{"line":75,"column":11},"end":{"line":75,"column":16}},"loc":{"start":{"line":75,"column":22},"end":{"line":77,"column":3}}},"10":{"name":"(anonymous_11)","decl":{"start":{"line":80,"column":4},"end":{"line":80,"column":8}},"loc":{"start":{"line":80,"column":11},"end":{"line":82,"column":5}}},"11":{"name":"(anonymous_12)","decl":{"start":{"line":83,"column":4},"end":{"line":83,"column":8}},"loc":{"start":{"line":83,"column":16},"end":{"line":85,"column":5}}},"12":{"name":"(anonymous_13)","decl":{"start":{"line":88,"column":4},"end":{"line":88,"column":14}},"loc":{"start":{"line":88,"column":47},"end":{"line":93,"column":5}}}},"branchMap":{},"s":{"0":9,"1":9,"2":9,"3":9,"4":9,"5":9,"6":9,"7":9,"8":9,"9":9,"10":9,"11":9,"12":9,"13":9,"14":69,"15":85,"16":37,"17":9,"18":9,"19":0,"20":172,"21":9,"22":9,"23":9,"24":9,"25":9,"26":9,"27":9,"28":9,"29":9,"30":9,"31":9,"32":172,"33":172,"34":172,"35":172,"36":9,"37":9,"38":9,"39":241,"40":433,"41":159,"42":159},"f":{"0":9,"1":69,"2":85,"3":37,"4":0,"5":0,"6":172,"7":9,"8":172,"9":9,"10":241,"11":433,"12":159},"b":{}}
,"C:\\Users\\Zeyad Rafat\\Study\\Projects\\quickbite\\core-service\\backend\\tests\\integration\\helpers\\test-database.ts": {"path":"C:\\Users\\Zeyad Rafat\\Study\\Projects\\quickbite\\core-service\\backend\\tests\\integration\\helpers\\test-database.ts","statementMap":{"0":{"start":{"line":14,"column":0},"end":{"line":14,"column":16}},"1":{"start":{"line":22,"column":0},"end":{"line":22,"column":7}},"2":{"start":{"line":35,"column":0},"end":{"line":35,"column":7}},"3":{"start":{"line":42,"column":0},"end":{"line":42,"column":7}},"4":{"start":{"line":1,"column":0},"end":{"line":1,"column":32}},"5":{"start":{"line":3,"column":0},"end":{"line":3,"column":24}},"6":{"start":{"line":5,"column":25},"end":{"line":5,"column":68}},"7":{"start":{"line":6,"column":22},"end":{"line":6,"column":62}},"8":{"start":{"line":7,"column":24},"end":{"line":11,"column":null}},"9":{"start":{"line":15,"column":17},"end":{"line":15,"column":64}},"10":{"start":{"line":17,"column":2},"end":{"line":19,"column":3}},"11":{"start":{"line":18,"column":4},"end":{"line":18,"column":75}},"12":{"start":{"line":23,"column":17},"end":{"line":24,"column":null}},"13":{"start":{"line":26,"column":23},"end":{"line":26,"column":52}},"14":{"start":{"line":28,"column":2},"end":{"line":32,"column":3}},"15":{"start":{"line":29,"column":4},"end":{"line":31,"column":6}},"16":{"start":{"line":36,"column":2},"end":{"line":39,"column":5}},"17":{"start":{"line":43,"column":2},"end":{"line":43,"column":37}},"18":{"start":{"line":45,"column":17},"end":{"line":59,"column":null}},"19":{"start":{"line":62,"column":21},"end":{"line":62,"column":61}},"20":{"start":{"line":62,"column":46},"end":{"line":62,"column":60}},"21":{"start":{"line":63,"column":2},"end":{"line":65,"column":3}},"22":{"start":{"line":64,"column":4},"end":{"line":64,"column":11}},"23":{"start":{"line":67,"column":2},"end":{"line":69,"column":5}}},"fnMap":{"0":{"name":"loadTestEnvironment","decl":{"start":{"line":14,"column":16},"end":{"line":14,"column":35}},"loc":{"start":{"line":14,"column":35},"end":{"line":20,"column":1}}},"1":{"name":"assertTestDatabase","decl":{"start":{"line":22,"column":22},"end":{"line":22,"column":40}},"loc":{"start":{"line":22,"column":55},"end":{"line":33,"column":1}}},"2":{"name":"migrateTestDatabase","decl":{"start":{"line":35,"column":22},"end":{"line":35,"column":41}},"loc":{"start":{"line":35,"column":56},"end":{"line":40,"column":1}}},"3":{"name":"truncateAllTables","decl":{"start":{"line":42,"column":22},"end":{"line":42,"column":39}},"loc":{"start":{"line":42,"column":54},"end":{"line":70,"column":1}}},"4":{"name":"(anonymous_5)","decl":{"start":{"line":62,"column":37},"end":{"line":62,"column":38}},"loc":{"start":{"line":62,"column":46},"end":{"line":62,"column":60}}}},"branchMap":{"0":{"loc":{"start":{"line":17,"column":2},"end":{"line":19,"column":3}},"type":"if","locations":[{"start":{"line":17,"column":2},"end":{"line":19,"column":3}}]},"1":{"loc":{"start":{"line":28,"column":2},"end":{"line":32,"column":3}},"type":"if","locations":[{"start":{"line":28,"column":2},"end":{"line":32,"column":3}}]},"2":{"loc":{"start":{"line":28,"column":6},"end":{"line":28,"column":72}},"type":"binary-expr","locations":[{"start":{"line":28,"column":6},"end":{"line":28,"column":37}},{"start":{"line":28,"column":41},"end":{"line":28,"column":72}}]},"3":{"loc":{"start":{"line":30,"column":54},"end":{"line":30,"column":72}},"type":"binary-expr","locations":[{"start":{"line":30,"column":54},"end":{"line":30,"column":66}},{"start":{"line":30,"column":70},"end":{"line":30,"column":72}}]},"4":{"loc":{"start":{"line":63,"column":2},"end":{"line":65,"column":3}},"type":"if","locations":[{"start":{"line":63,"column":2},"end":{"line":65,"column":3}}]}},"s":{"0":9,"1":9,"2":9,"3":9,"4":9,"5":9,"6":9,"7":9,"8":9,"9":9,"10":9,"11":0,"12":181,"13":181,"14":181,"15":0,"16":0,"17":172,"18":172,"19":172,"20":2580,"21":172,"22":0,"23":172},"f":{"0":9,"1":181,"2":0,"3":172,"4":2580},"b":{"0":[0],"1":[0],"2":[181,181],"3":[0,0],"4":[0]}}
}
