TN:
SF:src\app.module.ts
FN:99,(anonymous_2)
FN:42,(anonymous_3)
FNF:2
FNH:2
FNDA:9,(anonymous_2)
FNDA:9,(anonymous_3)
DA:1,9
DA:7,9
DA:8,9
DA:9,9
DA:10,9
DA:11,9
DA:15,9
DA:16,9
DA:17,9
DA:18,9
DA:21,9
DA:22,9
DA:23,9
DA:24,9
DA:25,9
DA:26,9
DA:27,9
DA:28,9
DA:29,9
DA:30,9
DA:31,9
DA:32,9
DA:33,9
DA:34,9
DA:35,9
DA:36,9
DA:42,9
DA:98,9
DA:100,9
LF:29
LH:29
BRF:0
BRH:0
end_of_record
TN:
SF:src\app\address\address.controller.ts
FN:21,(anonymous_4)
FN:24,(anonymous_5)
FN:33,(anonymous_6)
FN:40,(anonymous_7)
FN:53,(anonymous_8)
FNF:5
FNH:5
FNDA:9,(anonymous_4)
FNDA:4,(anonymous_5)
FNDA:2,(anonymous_6)
FNDA:3,(anonymous_7)
FNDA:3,(anonymous_8)
DA:2,9
DA:14,9
DA:15,9
DA:16,9
DA:17,9
DA:18,9
DA:20,9
DA:21,9
DA:24,9
DA:26,4
DA:28,4
DA:33,9
DA:34,2
DA:36,2
DA:40,9
DA:46,3
DA:49,3
DA:53,9
DA:57,3
DA:58,3
LF:20
LH:20
BRDA:24,0,0,0
BRDA:24,0,1,9
BRDA:24,1,0,9
BRDA:24,1,1,0
BRDA:33,2,0,0
BRDA:33,2,1,9
BRDA:33,3,0,9
BRDA:33,3,1,0
BRDA:33,4,0,9
BRDA:33,4,1,0
BRDA:33,5,0,9
BRDA:33,5,1,9
BRDA:41,6,0,0
BRDA:41,6,1,9
BRDA:41,7,0,9
BRDA:41,7,1,0
BRDA:41,8,0,9
BRDA:41,8,1,0
BRDA:41,9,0,9
BRDA:41,9,1,9
BRDA:54,10,0,0
BRDA:54,10,1,9
BRDA:54,11,0,9
BRDA:54,11,1,0
BRDA:21,12,0,9
BRDA:21,12,1,0
BRDA:21,13,0,9
BRDA:21,13,1,9
BRF:28
BRH:17
end_of_record
TN:
SF:src\app\address\address.internal.controller.ts
FN:13,(anonymous_4)
FN:17,(anonymous_5)
FNF:2
FNH:2
FNDA:9,(anonymous_4)
FNDA:2,(anonymous_5)
DA:1,9
DA:8,9
DA:9,9
DA:12,9
DA:13,9
DA:17,9
DA:18,2
LF:7
LH:7
BRDA:13,0,0,9
BRDA:13,0,1,0
BRDA:13,1,0,9
BRDA:13,1,1,9
BRF:4
BRH:3
end_of_record
TN:
SF:src\app\address\address.module.ts
FNF:0
FNH:0
DA:2,9
DA:3,9
DA:4,9
DA:5,9
DA:6,9
DA:13,9
LF:6
LH:6
BRF:0
BRH:0
end_of_record
TN:
SF:src\app\address\address.service.ts
FN:10,(anonymous_2)
FN:12,(anonymous_3)
FN:35,(anonymous_4)
FN:40,(anonymous_5)
FN:55,(anonymous_6)
FN:104,(anonymous_7)
FN:117,(anonymous_8)
FNF:7
FNH:7
FNDA:9,(anonymous_2)
FNDA:2,(anonymous_3)
FNDA:4,(anonymous_4)
FNDA:1,(anonymous_5)
FNDA:3,(anonymous_6)
FNDA:3,(anonymous_7)
FNDA:2,(anonymous_8)
DA:2,9
DA:3,9
DA:9,9
DA:10,9
DA:13,2
DA:14,2
DA:16,2
DA:18,2
DA:36,4
DA:39,4
DA:40,1
DA:60,3
DA:61,0
DA:64,3
DA:70,3
DA:72,0
DA:76,3
DA:82,3
DA:83,2
DA:87,1
DA:105,3
DA:107,3
DA:108,2
DA:111,1
DA:118,2
DA:119,2
DA:120,1
DA:122,1
LF:28
LH:26
BRDA:13,0,0,2
BRDA:60,1,0,0
BRDA:70,2,0,0
BRDA:82,3,0,2
BRDA:107,4,0,2
BRDA:119,5,0,1
BRDA:10,6,0,9
BRDA:10,6,1,0
BRDA:10,7,0,9
BRDA:10,7,1,9
BRF:10
BRH:7
end_of_record
TN:
SF:src\app\address\dto\create-address.dto.ts
FNF:0
FNH:0
DA:1,9
DA:3,9
DA:6,9
DA:10,9
DA:14,9
DA:18,9
DA:22,9
DA:26,9
DA:30,9
DA:36,9
DA:42,9
DA:46,9
LF:12
LH:12
BRF:0
BRH:0
end_of_record
TN:
SF:src\app\address\dto\update-address.dto.ts
FNF:0
FNH:0
DA:2,9
DA:11,9
DA:14,9
DA:18,9
DA:22,9
DA:26,9
DA:30,9
DA:34,9
DA:38,9
DA:44,9
DA:50,9
DA:54,9
LF:12
LH:12
BRF:0
BRH:0
end_of_record
TN:
SF:src\app\address\entity\address.entity.ts
FN:33,(anonymous_0)
FNF:1
FNH:1
FNDA:5,(anonymous_0)
DA:18,9
DA:34,5
DA:35,5
DA:36,5
DA:37,5
DA:38,5
DA:39,5
DA:40,5
DA:41,5
DA:42,5
DA:43,5
DA:44,5
DA:45,5
LF:13
LH:13
BRF:0
BRH:0
end_of_record
TN:
SF:src\app\address\repository\address.repository.ts
FN:25,(anonymous_4)
FN:27,(anonymous_5)
FN:46,(anonymous_6)
FN:69,(anonymous_7)
FN:75,(anonymous_8)
FN:78,(anonymous_9)
FN:90,(anonymous_10)
FN:122,(anonymous_11)
FN:129,(anonymous_12)
FN:136,(anonymous_13)
FNF:10
FNH:10
FNDA:9,(anonymous_4)
FNDA:5,(anonymous_5)
FNDA:2,(anonymous_6)
FNDA:4,(anonymous_7)
FNDA:1,(anonymous_8)
FNDA:3,(anonymous_9)
FNDA:3,(anonymous_10)
FNDA:3,(anonymous_11)
FNDA:2,(anonymous_12)
FNDA:2,(anonymous_13)
DA:2,9
DA:3,9
DA:4,9
DA:8,9
DA:24,9
DA:25,9
DA:30,5
DA:50,2
DA:66,2
DA:70,4
DA:75,4
DA:82,3
DA:87,3
DA:95,3
DA:98,3
DA:99,3
DA:100,3
DA:101,3
DA:102,3
DA:103,3
DA:104,0
DA:105,3
DA:106,3
DA:107,3
DA:108,3
DA:111,3
DA:112,1
DA:116,1
DA:120,2
DA:123,3
DA:127,3
DA:130,2
DA:137,2
DA:141,2
LF:34
LH:33
BRDA:38,0,0,5
BRDA:38,0,1,3
BRDA:58,1,0,2
BRDA:58,1,1,0
BRDA:62,2,0,2
BRDA:62,2,1,0
BRDA:87,3,0,1
BRDA:87,3,1,2
BRDA:98,4,0,3
BRDA:99,5,0,0
BRDA:100,6,0,1
BRDA:101,7,0,0
BRDA:102,8,0,0
BRDA:103,9,0,0
BRDA:105,10,0,0
BRDA:106,11,0,0
BRDA:107,12,0,0
BRDA:108,13,0,0
BRDA:111,14,0,1
BRDA:141,15,0,1
BRDA:141,15,1,1
BRDA:25,16,0,0
BRDA:25,16,1,9
BRDA:25,17,0,9
BRDA:25,17,1,0
BRF:25
BRH:13
end_of_record
TN:
SF:src\app\auth\auth-utils.service.ts
FN:23,(anonymous_13)
FN:30,(anonymous_14)
FN:34,(anonymous_15)
FN:45,(anonymous_16)
FN:55,(anonymous_17)
FN:58,(anonymous_18)
FN:62,(anonymous_19)
FN:65,(anonymous_20)
FN:71,(anonymous_21)
FN:77,(anonymous_22)
FNF:10
FNH:10
FNDA:9,(anonymous_13)
FNDA:9,(anonymous_14)
FNDA:7,(anonymous_15)
FNDA:6,(anonymous_16)
FNDA:3,(anonymous_17)
FNDA:4,(anonymous_18)
FNDA:10,(anonymous_19)
FNDA:97,(anonymous_20)
FNDA:3,(anonymous_21)
FNDA:4,(anonymous_22)
DA:2,9
DA:3,9
DA:4,9
DA:5,9
DA:7,9
DA:8,9
DA:9,9
DA:21,9
DA:24,9
DA:25,9
DA:27,9
DA:31,9
DA:36,7
DA:37,7
DA:39,7
DA:42,7
DA:47,6
DA:48,6
DA:50,6
DA:53,6
DA:56,3
DA:59,4
DA:63,10
DA:66,97
DA:73,3
DA:74,3
DA:83,4
DA:84,4
DA:86,4
DA:96,4
LF:30
LH:30
BRDA:24,0,0,9
BRDA:24,0,1,0
BRDA:24,1,0,9
BRDA:24,1,1,9
BRDA:24,2,0,9
BRDA:24,2,1,0
BRDA:24,3,0,9
BRDA:24,3,1,9
BRDA:25,4,0,0
BRDA:25,4,1,9
BRDA:25,5,0,9
BRDA:25,5,1,0
BRF:12
BRH:8
end_of_record
TN:
SF:src\app\auth\auth.constants.ts
FNF:0
FNH:0
DA:3,9
DA:20,9
LF:2
LH:2
BRF:0
BRH:0
end_of_record
TN:
SF:src\app\auth\auth.controller.ts
FN:25,(anonymous_4)
FN:30,(anonymous_5)
FN:60,(anonymous_6)
FN:90,(anonymous_7)
FN:98,(anonymous_8)
FN:106,(anonymous_9)
FN:119,(anonymous_10)
FNF:7
FNH:7
FNDA:9,(anonymous_4)
FNDA:6,(anonymous_5)
FNDA:4,(anonymous_6)
FNDA:4,(anonymous_7)
FNDA:3,(anonymous_8)
FNDA:3,(anonymous_9)
FNDA:5,(anonymous_10)
DA:2,9
DA:13,9
DA:14,9
DA:15,9
DA:16,9
DA:17,9
DA:18,9
DA:19,9
DA:20,9
DA:21,9
DA:24,9
DA:25,9
DA:30,9
DA:38,6
DA:39,4
DA:46,4
DA:53,4
DA:60,9
DA:65,4
DA:68,2
DA:75,2
DA:83,2
DA:90,9
DA:91,4
DA:98,9
DA:99,3
DA:106,9
DA:108,3
DA:111,1
DA:119,9
DA:124,5
DA:126,5
DA:127,2
DA:131,3
DA:134,1
DA:141,1
LF:36
LH:36
BRDA:126,0,0,2
BRDA:31,1,0,9
BRDA:31,1,1,0
BRDA:31,2,0,9
BRDA:31,2,1,9
BRDA:31,3,0,0
BRDA:31,3,1,9
BRDA:31,4,0,9
BRDA:31,4,1,0
BRDA:61,5,0,9
BRDA:61,5,1,0
BRDA:61,6,0,9
BRDA:61,6,1,9
BRDA:61,7,0,0
BRDA:61,7,1,9
BRDA:61,8,0,9
BRDA:61,8,1,0
BRDA:90,9,0,9
BRDA:90,9,1,0
BRDA:90,10,0,9
BRDA:90,10,1,9
BRDA:98,11,0,9
BRDA:98,11,1,0
BRDA:98,12,0,9
BRDA:98,12,1,9
BRDA:106,13,0,9
BRDA:106,13,1,0
BRDA:106,14,0,9
BRDA:106,14,1,9
BRDA:120,15,0,0
BRDA:120,15,1,9
BRDA:120,16,0,9
BRDA:120,16,1,0
BRDA:120,17,0,0
BRDA:120,17,1,9
BRDA:120,18,0,9
BRDA:120,18,1,0
BRDA:25,19,0,9
BRDA:25,19,1,0
BRDA:25,20,0,9
BRDA:25,20,1,9
BRF:41
BRH:27
end_of_record
TN:
SF:src\app\auth\auth.module.ts
FN:18,(anonymous_1)
FNF:1
FNH:1
FNDA:27,(anonymous_1)
DA:2,9
DA:3,9
DA:4,9
DA:5,9
DA:6,9
DA:9,9
DA:10,9
DA:12,9
DA:13,9
DA:18,27
DA:29,9
LF:11
LH:11
BRF:0
BRH:0
end_of_record
TN:
SF:src\app\auth\auth.service.ts
FN:31,(anonymous_4)
FN:43,(anonymous_5)
FN:109,(anonymous_6)
FN:170,(anonymous_7)
FN:200,(anonymous_8)
FN:234,(anonymous_9)
FN:264,(anonymous_10)
FN:39,(anonymous_11)
FNF:8
FNH:8
FNDA:9,(anonymous_4)
FNDA:6,(anonymous_5)
FNDA:4,(anonymous_6)
FNDA:4,(anonymous_7)
FNDA:6,(anonymous_8)
FNDA:3,(anonymous_9)
FNDA:3,(anonymous_10)
FNDA:9,(anonymous_11)
DA:2,9
DA:11,9
DA:14,9
DA:15,9
DA:16,9
DA:18,9
DA:20,9
DA:21,9
DA:23,9
DA:24,9
DA:25,9
DA:26,9
DA:27,9
DA:29,9
DA:32,9
DA:33,9
DA:34,9
DA:35,9
DA:36,9
DA:38,9
DA:39,9
DA:40,9
DA:44,6
DA:45,1
DA:48,5
DA:51,5
DA:53,5
DA:55,5
DA:57,4
DA:59,0
DA:60,0
DA:65,0
DA:70,0
DA:71,0
DA:78,4
DA:80,1
DA:82,1
DA:86,4
DA:92,4
DA:93,4
DA:96,4
DA:111,4
DA:115,4
DA:116,1
DA:120,3
DA:125,3
DA:126,1
DA:128,2
DA:129,2
DA:130,1
DA:134,1
DA:135,1
DA:136,1
DA:139,1
DA:147,2
DA:153,2
DA:154,2
DA:157,2
DA:171,4
DA:174,4
DA:175,1
DA:180,3
DA:186,3
DA:189,3
DA:195,3
DA:201,6
DA:204,6
DA:205,0
DA:208,6
DA:213,6
DA:214,0
DA:217,6
DA:219,6
DA:220,3
DA:224,3
DA:227,3
DA:230,3
DA:232,3
DA:235,3
DA:237,3
DA:240,2
DA:241,1
DA:242,0
DA:244,1
DA:254,1
DA:256,1
DA:259,2
DA:266,3
DA:268,3
DA:272,3
DA:275,2
DA:278,1
DA:280,1
DA:282,2
DA:283,2
LF:95
LH:87
BRDA:44,0,0,1
BRDA:57,1,0,0
BRDA:59,2,0,0
BRDA:59,3,0,0
BRDA:59,3,1,0
BRDA:115,4,0,1
BRDA:125,5,0,1
BRDA:129,6,0,1
BRDA:135,7,0,1
BRDA:174,8,0,1
BRDA:204,9,0,0
BRDA:213,10,0,0
BRDA:219,11,0,3
BRDA:219,12,0,6
BRDA:219,12,1,4
BRDA:241,13,0,0
BRDA:32,14,0,0
BRDA:32,14,1,9
BRDA:32,15,0,9
BRDA:32,15,1,0
BRDA:32,16,0,9
BRDA:32,16,1,0
BRDA:32,17,0,9
BRDA:32,17,1,9
BRDA:33,18,0,9
BRDA:33,18,1,0
BRDA:33,19,0,9
BRDA:33,19,1,9
BRDA:34,20,0,9
BRDA:34,20,1,0
BRDA:34,21,0,9
BRDA:34,21,1,9
BRDA:35,22,0,9
BRDA:35,22,1,0
BRDA:35,23,0,9
BRDA:35,23,1,9
BRDA:36,24,0,0
BRDA:36,24,1,9
BRDA:36,25,0,9
BRDA:36,25,1,0
BRDA:38,26,0,9
BRDA:38,26,1,0
BRDA:38,27,0,9
BRDA:38,27,1,9
BRF:44
BRH:28
end_of_record
TN:
SF:src\app\auth\dto\login.dto.ts
FNF:0
FNH:0
DA:1,9
DA:3,9
DA:5,9
DA:9,9
LF:4
LH:4
BRF:0
BRH:0
end_of_record
TN:
SF:src\app\auth\dto\password.dto.ts
FNF:0
FNH:0
DA:1,9
DA:3,9
DA:5,9
DA:8,9
DA:10,9
DA:14,9
DA:29,9
LF:7
LH:7
BRF:0
BRH:0
end_of_record
TN:
SF:src\app\auth\dto\register.dto.ts
FN:61,(anonymous_2)
FNF:1
FNH:0
FNDA:0,(anonymous_2)
DA:2,9
DA:12,9
DA:13,9
DA:15,9
DA:18,9
DA:22,9
DA:26,9
DA:29,9
DA:31,9
DA:35,9
DA:39,9
DA:54,9
DA:57,9
DA:61,0
DA:62,9
LF:15
LH:14
BRDA:57,0,0,0
BRDA:57,0,1,9
BRDA:57,1,0,9
BRDA:57,1,1,9
BRF:4
BRH:3
end_of_record
TN:
SF:src\app\auth\entity\password-reset.entity.ts
FN:19,(anonymous_0)
FN:28,(anonymous_1)
FNF:2
FNH:2
FNDA:6,(anonymous_0)
FNDA:4,(anonymous_1)
DA:11,9
DA:20,6
DA:21,6
DA:22,6
DA:23,6
DA:24,6
DA:25,6
DA:29,4
LF:8
LH:8
BRDA:25,0,0,6
BRDA:25,0,1,0
BRF:2
BRH:1
end_of_record
TN:
SF:src\app\auth\repository\password-reset.repository.ts
FN:19,(anonymous_4)
FN:22,(anonymous_5)
FN:33,(anonymous_6)
FN:47,(anonymous_7)
FN:63,(anonymous_8)
FNF:5
FNH:5
FNDA:9,(anonymous_4)
FNDA:6,(anonymous_5)
FNDA:4,(anonymous_6)
FNDA:6,(anonymous_7)
FNDA:3,(anonymous_8)
DA:2,9
DA:3,9
DA:4,9
DA:7,9
DA:9,9
DA:19,9
DA:23,6
DA:37,4
DA:38,4
DA:51,6
DA:52,6
DA:60,6
DA:67,3
DA:68,3
LF:14
LH:14
BRDA:37,0,0,4
BRDA:37,0,1,3
BRDA:43,1,0,4
BRDA:43,1,1,3
BRDA:51,2,0,6
BRDA:51,2,1,3
BRDA:60,3,0,6
BRDA:60,3,1,0
BRDA:67,4,0,3
BRDA:67,4,1,1
BRDA:19,5,0,0
BRDA:19,5,1,9
BRDA:19,6,0,9
BRDA:19,6,1,0
BRF:14
BRH:11
end_of_record
TN:
SF:src\app\auth\templates\password-reset.ts
FN:1,(anonymous_0)
FNF:1
FNH:1
FNDA:3,(anonymous_0)
DA:1,9
DA:2,3
LF:2
LH:2
BRF:0
BRH:0
end_of_record
TN:
SF:src\app\branch\branch.constants.ts
FNF:0
FNH:0
DA:1,9
LF:1
LH:1
BRF:0
BRH:0
end_of_record
TN:
SF:src\app\branch\branch.controller.ts
FN:40,(anonymous_4)
FN:48,(anonymous_5)
FN:54,(anonymous_6)
FN:61,(anonymous_7)
FN:73,(anonymous_8)
FN:84,(anonymous_9)
FN:94,(anonymous_10)
FN:104,(anonymous_11)
FN:120,(anonymous_12)
FN:145,(anonymous_13)
FN:166,(anonymous_14)
FN:179,(anonymous_15)
FN:186,(anonymous_16)
FN:187,(anonymous_17)
FNF:14
FNH:14
FNDA:9,(anonymous_4)
FNDA:2,(anonymous_5)
FNDA:3,(anonymous_6)
FNDA:3,(anonymous_7)
FNDA:2,(anonymous_8)
FNDA:2,(anonymous_9)
FNDA:3,(anonymous_10)
FNDA:3,(anonymous_11)
FNDA:2,(anonymous_12)
FNDA:3,(anonymous_13)
FNDA:3,(anonymous_14)
FNDA:6,(anonymous_15)
FNDA:11,(anonymous_16)
FNDA:9,(anonymous_17)
DA:1,9
DA:16,9
DA:17,9
DA:19,9
DA:20,9
DA:21,9
DA:25,9
DA:26,9
DA:27,9
DA:28,9
DA:29,9
DA:30,9
DA:31,9
DA:32,9
DA:33,9
DA:34,9
DA:35,9
DA:36,9
DA:39,9
DA:41,9
DA:42,9
DA:48,9
DA:49,2
DA:54,9
DA:55,3
DA:56,2
DA:61,9
DA:65,3
DA:66,2
DA:73,9
DA:77,2
DA:84,9
DA:88,2
DA:94,9
DA:99,3
DA:100,3
DA:104,9
DA:108,3
DA:112,3
DA:120,9
DA:125,2
DA:126,2
DA:128,2
DA:135,1
DA:145,9
DA:150,3
DA:156,1
DA:166,9
DA:171,3
DA:176,1
DA:183,6
DA:184,0
DA:186,11
DA:187,9
DA:188,2
DA:190,4
LF:56
LH:55
BRDA:183,0,0,0
BRDA:187,1,0,2
BRDA:187,2,0,9
BRDA:187,2,1,7
BRDA:75,3,0,9
BRDA:75,3,1,0
BRDA:75,4,0,9
BRDA:75,4,1,9
BRDA:86,5,0,9
BRDA:86,5,1,0
BRDA:86,6,0,9
BRDA:86,6,1,9
BRDA:122,7,0,9
BRDA:122,7,1,0
BRDA:122,8,0,9
BRDA:122,8,1,9
BRDA:147,9,0,9
BRDA:147,9,1,0
BRDA:147,10,0,9
BRDA:147,10,1,9
BRDA:168,11,0,9
BRDA:168,11,1,0
BRDA:168,12,0,9
BRDA:168,12,1,9
BRDA:41,13,0,9
BRDA:41,13,1,0
BRDA:41,14,0,9
BRDA:41,14,1,9
BRDA:41,15,0,9
BRDA:41,15,1,0
BRDA:41,16,0,9
BRDA:41,16,1,9
BRF:32
BRH:24
end_of_record
TN:
SF:src\app\branch\branch.module.ts
FN:13,(anonymous_1)
FNF:1
FNH:1
FNDA:27,(anonymous_1)
DA:1,9
DA:2,9
DA:3,9
DA:4,9
DA:5,9
DA:6,9
DA:13,27
DA:19,9
LF:8
LH:8
BRF:0
BRH:0
end_of_record
TN:
SF:src\app\branch\branch.service.ts
FN:24,(anonymous_2)
FN:30,(anonymous_3)
FN:54,(anonymous_4)
FN:98,(anonymous_5)
FN:124,(anonymous_6)
FN:151,(anonymous_7)
FN:166,(anonymous_8)
FN:179,(anonymous_9)
FN:187,(anonymous_10)
FNF:9
FNH:9
FNDA:9,(anonymous_2)
FNDA:3,(anonymous_3)
FNDA:2,(anonymous_4)
FNDA:3,(anonymous_5)
FNDA:3,(anonymous_6)
FNDA:3,(anonymous_7)
FNDA:4,(anonymous_8)
FNDA:2,(anonymous_9)
FNDA:2,(anonymous_10)
DA:1,9
DA:6,9
DA:7,9
DA:9,9
DA:10,9
DA:11,9
DA:15,9
DA:19,9
DA:22,9
DA:25,9
DA:26,9
DA:32,3
DA:39,3
DA:42,3
DA:43,3
DA:44,3
DA:51,3
DA:62,2
DA:64,1
DA:65,0
DA:69,1
DA:73,0
DA:77,1
DA:94,1
DA:100,3
DA:108,3
DA:111,3
DA:112,3
DA:114,3
DA:120,3
DA:126,3
DA:127,3
DA:128,1
DA:132,2
DA:135,2
DA:136,0
DA:140,2
DA:144,1
DA:147,1
DA:153,3
DA:154,1
DA:158,2
DA:159,2
DA:160,1
DA:163,1
DA:171,4
DA:180,2
DA:181,2
DA:182,1
DA:184,1
DA:188,2
DA:189,2
LF:52
LH:49
BRDA:64,0,0,0
BRDA:69,1,0,0
BRDA:70,2,0,1
BRDA:70,2,1,0
BRDA:127,3,0,1
BRDA:135,4,0,0
BRDA:140,5,0,1
BRDA:141,6,0,2
BRDA:141,6,1,2
BRDA:153,7,0,1
BRDA:159,8,0,1
BRDA:181,9,0,1
BRDA:188,10,0,0
BRDA:25,11,0,9
BRDA:25,11,1,0
BRDA:25,12,0,9
BRDA:25,12,1,9
BRDA:25,13,0,9
BRDA:25,13,1,0
BRDA:25,14,0,9
BRDA:25,14,1,9
BRF:21
BRH:14
end_of_record
TN:
SF:src\app\branch\enums.ts
FN:1,(anonymous_0)
FNF:1
FNH:1
FNDA:9,(anonymous_0)
DA:1,9
DA:2,9
DA:3,9
LF:3
LH:3
BRDA:1,0,0,9
BRDA:1,0,1,9
BRF:2
BRH:2
end_of_record
TN:
SF:src\app\branch\dto\branch.dto.ts
FNF:0
FNH:0
DA:1,9
DA:2,9
DA:4,9
DA:7,9
DA:11,9
DA:15,9
DA:18,9
DA:21,9
DA:24,9
DA:27,9
DA:31,9
DA:34,9
LF:12
LH:12
BRDA:34,0,0,0
BRDA:34,0,1,9
BRDA:34,1,0,9
BRDA:34,1,1,9
BRF:4
BRH:3
end_of_record
TN:
SF:src\app\branch\dto\update-branch.dto.ts
FNF:0
FNH:0
DA:1,9
DA:11,9
DA:13,9
DA:16,9
DA:20,9
DA:24,9
DA:28,9
DA:32,9
DA:36,9
DA:41,9
DA:45,9
DA:49,9
DA:52,9
DA:55,9
DA:61,9
LF:15
LH:15
BRDA:45,0,0,0
BRDA:45,0,1,9
BRDA:45,1,0,9
BRDA:45,1,1,9
BRF:4
BRH:3
end_of_record
TN:
SF:src\app\branch\entity\branch.entity.ts
FN:23,(anonymous_0)
FNF:1
FNH:1
FNDA:8,(anonymous_0)
DA:3,9
DA:24,8
DA:25,8
DA:26,8
DA:27,8
DA:28,8
DA:29,8
DA:30,8
DA:31,8
DA:32,8
DA:33,8
DA:34,8
DA:35,8
DA:36,8
DA:37,8
DA:38,8
DA:39,8
DA:40,8
LF:18
LH:18
BRDA:35,0,0,8
BRDA:35,0,1,0
BRDA:36,1,0,8
BRDA:36,1,1,0
BRDA:37,2,0,8
BRDA:37,2,1,0
BRDA:39,3,0,8
BRDA:39,3,1,0
BRDA:40,4,0,8
BRDA:40,4,1,0
BRF:10
BRH:5
end_of_record
TN:
SF:src\app\branch\repository\branch.repository.ts
FN:35,(anonymous_4)
FN:38,(anonymous_5)
FN:62,(anonymous_6)
FN:117,(anonymous_7)
FN:140,(anonymous_8)
FN:159,(anonymous_9)
FN:189,(anonymous_10)
FN:228,(anonymous_11)
FN:245,(anonymous_12)
FN:252,(anonymous_13)
FN:270,(anonymous_14)
FN:274,(anonymous_15)
FN:299,(anonymous_16)
FN:322,(anonymous_17)
FNF:14
FNH:14
FNDA:9,(anonymous_4)
FNDA:8,(anonymous_5)
FNDA:2,(anonymous_6)
FNDA:2,(anonymous_7)
FNDA:2,(anonymous_8)
FNDA:1,(anonymous_9)
FNDA:3,(anonymous_10)
FNDA:2,(anonymous_11)
FNDA:5,(anonymous_12)
FNDA:3,(anonymous_13)
FNDA:3,(anonymous_14)
FNDA:1,(anonymous_15)
FNDA:1,(anonymous_16)
FNDA:4,(anonymous_17)
DA:1,9
DA:2,9
DA:3,9
DA:4,9
DA:11,9
DA:33,9
DA:35,9
DA:39,8
DA:78,2
DA:98,2
DA:99,1
DA:118,2
DA:120,2
DA:140,2
DA:163,1
DA:165,1
DA:185,1
DA:197,3
DA:217,3
DA:223,3
DA:224,3
DA:226,3
DA:228,3
DA:246,5
DA:247,5
DA:248,3
DA:258,3
DA:264,3
DA:265,3
DA:267,3
DA:270,3
DA:275,1
DA:277,1
DA:278,1
DA:279,0
DA:280,1
DA:281,1
DA:282,1
DA:283,1
DA:284,1
DA:285,0
DA:286,1
DA:287,1
DA:288,1
DA:290,1
DA:295,1
DA:303,1
DA:305,1
DA:306,1
DA:308,1
DA:314,1
DA:327,4
DA:329,4
DA:335,4
DA:336,4
LF:55
LH:53
BRDA:56,0,0,8
BRDA:56,0,1,0
BRDA:98,1,0,1
BRDA:118,2,0,0
BRDA:163,3,0,1
BRDA:163,3,1,1
BRDA:173,4,0,1
BRDA:173,4,1,0
BRDA:176,5,0,1
BRDA:176,5,1,0
BRDA:247,6,0,2
BRDA:277,7,0,1
BRDA:278,8,0,0
BRDA:280,9,0,0
BRDA:281,10,0,0
BRDA:282,11,0,0
BRDA:283,12,0,0
BRDA:284,13,0,0
BRDA:286,14,0,0
BRDA:287,15,0,1
BRDA:305,16,0,1
BRDA:306,17,0,1
BRDA:327,18,0,4
BRDA:327,18,1,4
BRDA:335,19,0,4
BRDA:335,19,1,0
BRDA:35,20,0,0
BRDA:35,20,1,9
BRDA:35,21,0,9
BRDA:35,21,1,0
BRF:30
BRH:16
end_of_record
TN:
SF:src\app\health\health.controller.ts
FN:13,(anonymous_4)
FN:16,(anonymous_5)
FNF:2
FNH:2
FNDA:9,(anonymous_4)
FNDA:4,(anonymous_5)
DA:1,9
DA:8,9
DA:9,9
DA:12,9
DA:13,9
DA:16,9
DA:17,4
DA:19,4
DA:23,4
DA:32,0
LF:10
LH:9
BRDA:16,0,0,9
BRDA:16,0,1,0
BRDA:16,1,0,9
BRDA:16,1,1,9
BRDA:13,2,0,0
BRDA:13,2,1,9
BRDA:13,3,0,9
BRDA:13,3,1,0
BRF:8
BRH:5
end_of_record
TN:
SF:src\app\health\health.module.ts
FNF:0
FNH:0
DA:1,9
DA:2,9
DA:7,9
LF:3
LH:3
BRF:0
BRH:0
end_of_record
TN:
SF:src\app\health\dto\health-query.dto.ts
FNF:0
FNH:0
DA:1,9
DA:3,9
DA:6,9
LF:3
LH:3
BRF:0
BRH:0
end_of_record
TN:
SF:src\app\product\product.constants.ts
FNF:0
FNH:0
DA:1,9
LF:1
LH:1
BRF:0
BRH:0
end_of_record
TN:
SF:src\app\product\product.controller.ts
FN:29,(anonymous_4)
FN:32,(anonymous_5)
FN:41,(anonymous_6)
FN:52,(anonymous_7)
FN:68,(anonymous_8)
FN:77,(anonymous_9)
FN:98,(anonymous_10)
FNF:7
FNH:7
FNDA:9,(anonymous_4)
FNDA:3,(anonymous_5)
FNDA:3,(anonymous_6)
FNDA:3,(anonymous_7)
FNDA:3,(anonymous_8)
FNDA:3,(anonymous_9)
FNDA:3,(anonymous_10)
DA:1,9
DA:15,9
DA:16,9
DA:17,9
DA:18,9
DA:19,9
DA:20,9
DA:21,9
DA:22,9
DA:23,9
DA:24,9
DA:25,9
DA:28,9
DA:29,9
DA:32,9
DA:35,3
DA:36,3
DA:41,9
DA:46,3
DA:47,3
DA:52,9
DA:57,3
DA:63,2
DA:68,9
DA:69,3
DA:70,2
DA:77,9
DA:82,3
DA:89,1
DA:98,9
DA:104,3
DA:105,3
DA:106,0
DA:109,3
DA:117,1
LF:35
LH:34
BRDA:104,0,0,3
BRDA:104,0,1,0
BRDA:105,1,0,0
BRDA:105,2,0,3
BRDA:105,2,1,3
BRDA:119,3,0,1
BRDA:119,3,1,1
BRDA:79,4,0,9
BRDA:79,4,1,0
BRDA:79,5,0,9
BRDA:79,5,1,9
BRDA:101,6,0,9
BRDA:101,6,1,0
BRDA:101,7,0,9
BRDA:101,7,1,9
BRDA:29,8,0,9
BRDA:29,8,1,0
BRDA:29,9,0,9
BRDA:29,9,1,9
BRF:19
BRH:14
end_of_record
TN:
SF:src\app\product\product.module.ts
FNF:0
FNH:0
DA:1,9
DA:2,9
DA:3,9
DA:4,9
DA:5,9
DA:8,9
DA:9,9
DA:31,9
LF:8
LH:8
BRF:0
BRH:0
end_of_record
TN:
SF:src\app\product\product.service.ts
FN:29,(anonymous_4)
FN:38,(anonymous_5)
FN:97,(anonymous_6)
FN:102,(anonymous_7)
FN:132,(anonymous_8)
FN:176,(anonymous_9)
FN:193,(anonymous_10)
FN:278,(anonymous_11)
FN:354,(anonymous_12)
FN:359,(anonymous_13)
FN:379,(anonymous_14)
FN:404,(anonymous_15)
FN:424,(anonymous_16)
FNF:13
FNH:13
FNDA:9,(anonymous_4)
FNDA:3,(anonymous_5)
FNDA:3,(anonymous_6)
FNDA:3,(anonymous_7)
FNDA:3,(anonymous_8)
FNDA:3,(anonymous_9)
FNDA:3,(anonymous_10)
FNDA:2,(anonymous_11)
FNDA:2,(anonymous_12)
FNDA:2,(anonymous_13)
FNDA:1,(anonymous_14)
FNDA:2,(anonymous_15)
FNDA:1,(anonymous_16)
DA:1,9
DA:8,9
DA:9,9
DA:10,9
DA:11,9
DA:13,9
DA:14,9
DA:16,9
DA:17,9
DA:18,9
DA:21,9
DA:25,9
DA:28,9
DA:30,9
DA:31,9
DA:32,9
DA:33,9
DA:34,9
DA:35,9
DA:45,3
DA:47,2
DA:51,1
DA:54,1
DA:56,1
DA:57,1
DA:59,1
DA:60,1
DA:66,1
DA:67,1
DA:73,1
DA:76,1
DA:87,1
DA:89,1
DA:91,0
DA:92,0
DA:98,3
DA:105,3
DA:113,3
DA:115,3
DA:116,3
DA:118,3
DA:124,3
DA:139,3
DA:141,3
DA:145,1
DA:151,2
DA:157,2
DA:159,2
DA:160,2
DA:162,2
DA:168,2
DA:177,3
DA:178,3
DA:179,1
DA:181,2
DA:201,3
DA:202,3
DA:203,0
DA:207,3
DA:210,3
DA:214,1
DA:220,2
DA:222,2
DA:223,2
DA:226,2
DA:227,0
DA:228,0
DA:230,0
DA:235,0
DA:236,0
DA:242,0
DA:247,2
DA:249,2
DA:254,2
DA:255,2
DA:271,2
DA:272,2
DA:273,2
DA:277,2
DA:279,2
DA:291,2
DA:293,2
DA:297,2
DA:298,2
DA:309,2
DA:310,1
DA:315,1
DA:316,1
DA:323,1
DA:324,1
DA:331,1
DA:332,1
DA:341,1
DA:343,1
DA:348,1
DA:349,1
DA:355,2
DA:363,2
DA:364,0
DA:366,2
DA:367,2
DA:368,2
DA:369,2
DA:370,1
DA:371,1
DA:377,1
DA:379,1
DA:391,1
DA:392,1
DA:394,1
DA:395,1
DA:399,1
DA:408,2
DA:409,0
DA:411,2
DA:412,2
DA:413,2
DA:414,2
DA:415,1
DA:416,1
DA:422,1
DA:424,1
DA:436,1
DA:437,1
DA:439,1
DA:440,1
DA:444,1
LF:127
LH:116
BRDA:47,0,0,1
BRDA:48,1,0,2
BRDA:48,1,1,2
BRDA:59,2,0,1
BRDA:66,3,0,1
BRDA:141,4,0,1
BRDA:142,5,0,3
BRDA:142,5,1,3
BRDA:178,6,0,1
BRDA:202,7,0,0
BRDA:210,8,0,1
BRDA:211,9,0,3
BRDA:211,9,1,3
BRDA:226,10,0,0
BRDA:227,11,0,0
BRDA:227,11,1,0
BRDA:235,12,0,0
BRDA:249,13,0,2
BRDA:249,13,1,0
BRDA:249,13,2,0
BRDA:249,13,3,0
BRDA:254,14,0,2
BRDA:271,15,0,2
BRDA:271,15,1,0
BRDA:272,16,0,2
BRDA:293,17,0,2
BRDA:293,17,1,1
BRDA:293,17,2,0
BRDA:297,18,0,2
BRDA:297,19,0,2
BRDA:297,19,1,2
BRDA:309,20,0,1
BRDA:315,21,0,1
BRDA:323,22,0,1
BRDA:331,23,0,1
BRDA:363,24,0,0
BRDA:369,25,0,1
BRDA:408,26,0,0
BRDA:414,27,0,1
BRDA:30,28,0,9
BRDA:30,28,1,0
BRDA:30,29,0,9
BRDA:30,29,1,9
BRDA:30,30,0,9
BRDA:30,30,1,0
BRDA:30,31,0,9
BRDA:30,31,1,9
BRDA:31,32,0,9
BRDA:31,32,1,0
BRDA:31,33,0,9
BRDA:31,33,1,9
BRDA:32,34,0,9
BRDA:32,34,1,0
BRDA:32,35,0,9
BRDA:32,35,1,9
BRDA:33,36,0,9
BRDA:33,36,1,0
BRDA:33,37,0,9
BRDA:33,37,1,9
BRDA:34,38,0,0
BRDA:34,38,1,9
BRDA:34,39,0,9
BRDA:34,39,1,0
BRF:63
BRH:44
end_of_record
TN:
SF:src\app\product\dto\product.dto.ts
FNF:0
FNH:0
DA:1,9
DA:3,9
DA:6,9
DA:10,9
DA:14,9
DA:18,9
LF:6
LH:6
BRF:0
BRH:0
end_of_record
TN:
SF:src\app\product\dto\release-stock.dto.ts
FN:24,(anonymous_2)
FNF:1
FNH:1
FNDA:3,(anonymous_2)
DA:1,9
DA:2,9
DA:10,9
DA:13,9
DA:17,9
DA:20,9
DA:24,3
DA:25,9
LF:8
LH:8
BRF:0
BRH:0
end_of_record
TN:
SF:src\app\product\dto\reserve-stock.dto.ts
FN:24,(anonymous_2)
FNF:1
FNH:1
FNDA:3,(anonymous_2)
DA:1,9
DA:2,9
DA:10,9
DA:13,9
DA:17,9
DA:20,9
DA:24,3
DA:25,9
LF:8
LH:8
BRF:0
BRH:0
end_of_record
TN:
SF:src\app\product\dto\update-product.dto.ts
FNF:0
FNH:0
DA:1,9
DA:10,9
DA:14,9
DA:18,9
DA:22,9
DA:26,9
DA:32,9
DA:37,9
DA:41,9
LF:9
LH:9
BRF:0
BRH:0
end_of_record
TN:
SF:src\app\product\entity\product-branch-details.entity.ts
FN:9,(anonymous_0)
FNF:1
FNH:1
FNDA:1,(anonymous_0)
DA:1,9
DA:10,1
DA:11,1
DA:12,1
DA:13,1
DA:14,1
DA:15,1
LF:7
LH:7
BRDA:13,0,0,1
BRDA:13,0,1,0
BRDA:14,1,0,1
BRDA:14,1,1,0
BRDA:15,2,0,1
BRDA:15,2,1,0
BRF:6
BRH:3
end_of_record
TN:
SF:src\app\product\entity\product-category.entity.ts
FN:8,(anonymous_0)
FNF:1
FNH:1
FNDA:3,(anonymous_0)
DA:1,9
DA:9,3
DA:10,3
DA:11,3
DA:12,3
DA:13,3
LF:6
LH:6
BRDA:12,0,0,3
BRDA:12,0,1,0
BRDA:13,1,0,3
BRDA:13,1,1,0
BRF:4
BRH:2
end_of_record
TN:
SF:src\app\product\entity\product.entity.ts
FN:12,(anonymous_0)
FNF:1
FNH:1
FNDA:9,(anonymous_0)
DA:1,9
DA:13,9
DA:14,9
DA:15,9
DA:16,9
DA:17,9
DA:18,9
DA:19,9
DA:20,9
DA:21,9
LF:10
LH:10
BRDA:15,0,0,9
BRDA:15,0,1,0
BRDA:16,1,0,9
BRDA:16,1,1,0
BRDA:18,2,0,9
BRDA:18,2,1,0
BRDA:19,3,0,9
BRDA:19,3,1,0
BRDA:20,4,0,9
BRDA:20,4,1,0
BRDA:21,5,0,9
BRDA:21,5,1,9
BRF:12
BRH:7
end_of_record
TN:
SF:src\app\product\repository\category.repository.ts
FN:14,(anonymous_4)
FN:17,(anonymous_5)
FN:27,(anonymous_6)
FN:41,(anonymous_7)
FN:57,(anonymous_8)
FN:64,(anonymous_9)
FNF:6
FNH:6
FNDA:9,(anonymous_4)
FNDA:3,(anonymous_5)
FNDA:1,(anonymous_6)
FNDA:1,(anonymous_7)
FNDA:3,(anonymous_8)
FNDA:2,(anonymous_9)
DA:1,9
DA:2,9
DA:3,9
DA:4,9
DA:13,9
DA:14,9
DA:18,3
DA:32,1
DA:33,1
DA:38,1
DA:46,1
DA:47,1
DA:54,1
DA:60,3
DA:64,3
LF:15
LH:15
BRDA:32,0,0,1
BRDA:32,0,1,0
BRDA:38,1,0,0
BRDA:38,1,1,1
BRDA:46,2,0,1
BRDA:46,2,1,0
BRDA:14,3,0,0
BRDA:14,3,1,9
BRDA:14,4,0,9
BRDA:14,4,1,0
BRF:10
BRH:5
end_of_record
TN:
SF:src\app\product\repository\product-branch-details.repository.ts
FN:7,(anonymous_4)
FN:9,(anonymous_5)
FN:20,(anonymous_6)
FN:28,(anonymous_7)
FN:31,(anonymous_8)
FNF:5
FNH:5
FNDA:9,(anonymous_4)
FNDA:1,(anonymous_5)
FNDA:2,(anonymous_6)
FNDA:2,(anonymous_7)
FNDA:2,(anonymous_8)
DA:1,9
DA:2,9
DA:3,9
DA:6,9
DA:7,9
DA:10,1
DA:24,2
DA:25,2
DA:28,2
DA:37,2
DA:38,2
DA:40,2
DA:41,2
DA:42,2
DA:43,1
DA:45,2
DA:50,2
DA:51,1
DA:53,1
LF:19
LH:19
BRDA:24,0,0,2
BRDA:24,0,1,0
BRDA:37,1,0,2
BRDA:37,1,1,0
BRDA:40,2,0,1
BRDA:41,3,0,2
BRDA:42,4,0,1
BRDA:50,5,0,1
BRDA:7,6,0,0
BRDA:7,6,1,9
BRDA:7,7,0,9
BRDA:7,7,1,0
BRF:12
BRH:8
end_of_record
TN:
SF:src\app\product\repository\product.repository.ts
FN:25,(anonymous_4)
FN:28,(anonymous_5)
FN:42,(anonymous_6)
FN:61,(anonymous_7)
FN:71,(anonymous_8)
FN:85,(anonymous_9)
FN:89,(anonymous_10)
FN:122,(anonymous_11)
FN:137,(anonymous_12)
FN:161,(anonymous_13)
FN:190,(anonymous_14)
FN:202,(anonymous_15)
FN:214,(anonymous_16)
FN:249,(anonymous_17)
FN:272,(anonymous_18)
FN:285,(anonymous_19)
FN:295,(anonymous_20)
FN:297,(anonymous_21)
FN:303,(anonymous_22)
FNF:19
FNH:19
FNDA:9,(anonymous_4)
FNDA:9,(anonymous_5)
FNDA:1,(anonymous_6)
FNDA:6,(anonymous_7)
FNDA:2,(anonymous_8)
FNDA:1,(anonymous_9)
FNDA:3,(anonymous_10)
FNDA:2,(anonymous_11)
FNDA:2,(anonymous_12)
FNDA:2,(anonymous_13)
FNDA:1,(anonymous_14)
FNDA:2,(anonymous_15)
FNDA:2,(anonymous_16)
FNDA:1,(anonymous_17)
FNDA:2,(anonymous_18)
FNDA:2,(anonymous_19)
FNDA:1,(anonymous_20)
FNDA:2,(anonymous_21)
FNDA:1,(anonymous_22)
DA:1,9
DA:2,9
DA:3,9
DA:4,9
DA:11,9
DA:24,9
DA:25,9
DA:29,9
DA:46,1
DA:47,1
DA:57,1
DA:62,6
DA:67,6
DA:76,2
DA:81,2
DA:82,2
DA:84,2
DA:85,2
DA:95,3
DA:116,3
DA:117,3
DA:119,3
DA:122,3
DA:142,2
DA:143,2
DA:145,2
DA:146,2
DA:147,0
DA:148,2
DA:150,2
DA:152,2
DA:157,2
DA:175,2
DA:176,2
DA:177,2
DA:190,2
DA:214,2
DA:215,2
DA:221,2
DA:222,2
DA:223,2
DA:233,2
DA:234,2
DA:235,2
DA:236,2
DA:237,1
DA:244,2
DA:247,1
DA:248,1
DA:250,1
DA:251,1
DA:254,1
DA:256,1
DA:266,1
DA:281,2
DA:282,0
DA:285,2
DA:288,2
DA:294,2
DA:295,1
DA:297,2
DA:298,2
DA:301,1
DA:302,1
DA:304,1
DA:306,1
DA:311,1
DA:314,1
DA:324,1
LF:69
LH:67
BRDA:35,0,0,9
BRDA:35,0,1,0
BRDA:46,1,0,1
BRDA:46,1,1,0
BRDA:67,2,0,5
BRDA:67,2,1,1
BRDA:125,3,0,2
BRDA:125,3,1,0
BRDA:126,4,0,2
BRDA:126,4,1,0
BRDA:128,5,0,2
BRDA:128,5,1,0
BRDA:129,6,0,2
BRDA:129,6,1,0
BRDA:142,7,0,2
BRDA:142,7,1,0
BRDA:145,8,0,2
BRDA:146,9,0,0
BRDA:148,10,0,0
BRDA:150,11,0,2
BRDA:175,12,0,0
BRDA:176,13,0,2
BRDA:176,13,1,2
BRDA:193,14,0,1
BRDA:193,14,1,0
BRDA:236,15,0,1
BRDA:236,16,0,2
BRDA:236,16,1,2
BRDA:236,16,2,2
BRDA:240,17,0,1
BRDA:240,17,1,0
BRDA:244,18,0,1
BRDA:281,19,0,0
BRDA:298,20,0,1
BRDA:25,21,0,0
BRDA:25,21,1,9
BRDA:25,22,0,9
BRDA:25,22,1,0
BRF:38
BRH:23
end_of_record
TN:
SF:src\app\rbac\enums.ts
FN:1,(anonymous_0)
FNF:1
FNH:1
FNDA:9,(anonymous_0)
DA:1,9
DA:2,9
DA:3,9
DA:4,9
LF:4
LH:4
BRDA:1,0,0,9
BRDA:1,0,1,9
BRF:2
BRH:2
end_of_record
TN:
SF:src\app\rbac\member.service.ts
FN:33,(anonymous_4)
FN:47,(anonymous_5)
FN:70,(anonymous_6)
FN:157,(anonymous_7)
FN:172,(anonymous_8)
FN:178,(anonymous_9)
FN:210,(anonymous_10)
FN:228,(anonymous_11)
FN:263,(anonymous_12)
FN:281,(anonymous_13)
FN:292,(anonymous_14)
FN:302,(anonymous_15)
FN:34,(anonymous_16)
FNF:13
FNH:11
FNDA:9,(anonymous_4)
FNDA:0,(anonymous_5)
FNDA:3,(anonymous_6)
FNDA:0,(anonymous_7)
FNDA:2,(anonymous_8)
FNDA:4,(anonymous_9)
FNDA:3,(anonymous_10)
FNDA:4,(anonymous_11)
FNDA:2,(anonymous_12)
FNDA:2,(anonymous_13)
FNDA:1,(anonymous_14)
FNDA:1,(anonymous_15)
FNDA:9,(anonymous_16)
DA:1,9
DA:2,9
DA:4,9
DA:5,9
DA:8,9
DA:9,9
DA:12,9
DA:13,9
DA:14,9
DA:21,9
DA:22,9
DA:23,9
DA:24,9
DA:26,9
DA:27,9
DA:28,9
DA:29,9
DA:32,9
DA:34,9
DA:35,9
DA:36,9
DA:37,9
DA:38,9
DA:39,9
DA:40,9
DA:41,9
DA:42,9
DA:43,9
DA:45,9
DA:52,0
DA:53,0
DA:54,0
DA:56,0
DA:57,0
DA:71,3
DA:72,1
DA:75,2
DA:76,2
DA:77,0
DA:81,2
DA:84,2
DA:85,2
DA:89,2
DA:90,0
DA:94,2
DA:99,2
DA:100,2
DA:101,2
DA:115,1
DA:128,1
DA:129,1
DA:137,1
DA:145,1
DA:147,1
DA:148,1
DA:152,1
DA:155,1
DA:159,0
DA:166,1
DA:174,2
DA:175,2
DA:184,4
DA:185,4
DA:186,4
DA:188,4
DA:189,1
DA:192,3
DA:194,3
DA:195,3
DA:196,1
DA:198,2
DA:199,2
DA:202,1
DA:207,1
DA:212,3
DA:213,3
DA:214,3
DA:216,3
DA:217,1
DA:220,2
DA:221,1
DA:224,1
DA:225,1
DA:234,4
DA:235,4
DA:236,4
DA:238,4
DA:239,1
DA:242,3
DA:243,1
DA:246,2
DA:247,2
DA:251,2
DA:252,1
DA:256,1
DA:260,1
DA:264,2
DA:265,2
DA:266,1
DA:270,1
DA:271,1
DA:282,2
DA:286,2
DA:287,1
DA:289,1
DA:296,1
DA:303,1
LF:107
LH:99
BRDA:53,0,0,0
BRDA:71,1,0,1
BRDA:76,2,0,0
BRDA:81,3,0,2
BRDA:81,3,1,0
BRDA:84,4,0,2
BRDA:89,5,0,0
BRDA:128,6,0,1
BRDA:185,7,0,0
BRDA:188,8,0,1
BRDA:194,9,0,3
BRDA:195,10,0,1
BRDA:199,11,0,1
BRDA:203,12,0,1
BRDA:203,12,1,0
BRDA:213,13,0,0
BRDA:216,14,0,1
BRDA:220,15,0,1
BRDA:235,16,0,0
BRDA:238,17,0,1
BRDA:242,18,0,1
BRDA:246,19,0,2
BRDA:246,20,0,2
BRDA:246,20,1,2
BRDA:251,21,0,1
BRDA:258,22,0,1
BRDA:258,22,1,0
BRDA:265,23,0,1
BRDA:286,24,0,1
BRDA:35,25,0,0
BRDA:35,25,1,9
BRDA:35,26,0,9
BRDA:35,26,1,0
BRDA:35,27,0,9
BRDA:35,27,1,0
BRDA:35,28,0,9
BRDA:35,28,1,9
BRDA:36,29,0,9
BRDA:36,29,1,0
BRDA:36,30,0,9
BRDA:36,30,1,9
BRDA:37,31,0,9
BRDA:37,31,1,0
BRDA:37,32,0,9
BRDA:37,32,1,9
BRDA:38,33,0,9
BRDA:38,33,1,0
BRDA:38,34,0,9
BRDA:38,34,1,9
BRDA:39,35,0,9
BRDA:39,35,1,0
BRDA:39,36,0,9
BRDA:39,36,1,9
BRDA:40,37,0,9
BRDA:40,37,1,0
BRDA:40,38,0,9
BRDA:40,38,1,9
BRDA:41,39,0,9
BRDA:41,39,1,0
BRDA:41,40,0,9
BRDA:41,40,1,9
BRDA:42,41,0,0
BRDA:42,41,1,9
BRDA:42,42,0,9
BRDA:42,42,1,0
BRDA:43,43,0,0
BRDA:43,43,1,9
BRDA:43,44,0,9
BRDA:43,44,1,0
BRF:69
BRH:47
end_of_record
TN:
SF:src\app\rbac\permission-cache.service.ts
FN:13,(anonymous_2)
FN:15,(anonymous_3)
FN:33,(anonymous_4)
FN:43,(anonymous_5)
FNF:4
FNH:4
FNDA:9,(anonymous_2)
FNDA:29,(anonymous_3)
FNDA:29,(anonymous_4)
FNDA:24,(anonymous_5)
DA:1,9
DA:2,9
DA:3,9
DA:6,9
DA:7,9
DA:11,9
DA:13,9
DA:16,29
DA:19,29
DA:20,3
DA:25,26
DA:28,26
DA:30,26
DA:38,29
DA:44,24
DA:45,0
DA:47,24
LF:17
LH:16
BRDA:19,0,0,3
BRDA:19,1,0,29
BRDA:19,1,1,3
BRDA:44,2,0,0
BRDA:44,2,1,24
BRDA:13,3,0,9
BRDA:13,3,1,0
BRDA:13,4,0,9
BRDA:13,4,1,9
BRF:9
BRH:7
end_of_record
TN:
SF:src\app\rbac\rbac.constants.ts
FNF:0
FNH:0
DA:1,9
LF:1
LH:1
BRF:0
BRH:0
end_of_record
TN:
SF:src\app\rbac\rbac.controller.ts
FN:29,(anonymous_4)
FN:34,(anonymous_5)
FN:41,(anonymous_6)
FN:51,(anonymous_7)
FN:58,(anonymous_8)
FN:69,(anonymous_9)
FN:79,(anonymous_10)
FNF:7
FNH:7
FNDA:9,(anonymous_4)
FNDA:2,(anonymous_5)
FNDA:3,(anonymous_6)
FNDA:2,(anonymous_7)
FNDA:4,(anonymous_8)
FNDA:3,(anonymous_9)
FNDA:4,(anonymous_10)
DA:1,9
DA:13,9
DA:14,9
DA:22,9
DA:23,9
DA:24,9
DA:25,9
DA:28,9
DA:29,9
DA:34,9
DA:35,2
DA:41,9
DA:45,3
DA:51,9
DA:52,2
DA:58,9
DA:63,4
DA:69,9
DA:73,3
DA:79,9
DA:84,4
LF:21
LH:21
BRDA:34,0,0,9
BRDA:34,0,1,0
BRDA:34,1,0,9
BRDA:34,1,1,9
BRDA:43,2,0,9
BRDA:43,2,1,0
BRDA:43,3,0,9
BRDA:43,3,1,9
BRDA:61,4,0,9
BRDA:61,4,1,0
BRDA:61,5,0,9
BRDA:61,5,1,9
BRDA:82,6,0,9
BRDA:82,6,1,0
BRDA:82,7,0,9
BRDA:82,7,1,9
BRDA:29,8,0,9
BRDA:29,8,1,0
BRDA:29,9,0,9
BRDA:29,9,1,9
BRF:20
BRH:15
end_of_record
TN:
SF:src\app\rbac\rbac.module.ts
FNF:0
FNH:0
DA:1,9
DA:4,9
DA:5,9
DA:6,9
DA:8,9
DA:9,9
DA:10,9
DA:11,9
DA:12,9
DA:13,9
DA:14,9
DA:43,9
LF:12
LH:12
BRF:0
BRH:0
end_of_record
TN:
SF:src\app\rbac\dto\member.dto.ts
FNF:0
FNH:0
DA:1,9
DA:14,9
DA:17,9
DA:20,9
DA:23,9
DA:27,9
DA:31,9
DA:35,9
DA:42,9
DA:45,9
DA:49,9
DA:56,9
DA:59,9
DA:64,9
LF:14
LH:14
BRF:0
BRH:0
end_of_record
TN:
SF:src\app\rbac\entity\member-branch.entity.ts
FN:6,(anonymous_0)
FNF:1
FNH:0
FNDA:0,(anonymous_0)
DA:1,9
DA:7,0
DA:8,0
DA:9,0
LF:4
LH:1
BRDA:9,0,0,0
BRDA:9,0,1,0
BRF:2
BRH:0
end_of_record
TN:
SF:src\app\rbac\entity\permission.entity.ts
FN:7,(anonymous_0)
FNF:1
FNH:1
FNDA:92,(anonymous_0)
DA:1,9
DA:8,92
DA:9,92
DA:10,92
DA:11,92
LF:5
LH:5
BRDA:11,0,0,92
BRDA:11,0,1,0
BRF:2
BRH:1
end_of_record
TN:
SF:src\app\rbac\entity\restaurant-member.entity.ts
FN:12,(anonymous_0)
FNF:1
FNH:1
FNDA:13,(anonymous_0)
DA:1,9
DA:3,9
DA:13,13
DA:14,13
DA:15,13
DA:16,13
DA:17,13
DA:18,13
DA:19,13
LF:9
LH:9
BRDA:17,0,0,13
BRDA:17,0,1,1
BRDA:18,1,0,13
BRDA:18,1,1,1
BRDA:19,2,0,13
BRDA:19,2,1,1
BRF:6
BRH:6
end_of_record
TN:
SF:src\app\rbac\entity\role.entity.ts
FN:9,(anonymous_0)
FNF:1
FNH:0
FNDA:0,(anonymous_0)
DA:1,9
DA:10,0
DA:11,0
DA:12,0
DA:13,0
DA:14,0
DA:15,0
LF:7
LH:1
BRDA:14,0,0,0
BRDA:14,0,1,0
BRDA:15,1,0,0
BRDA:15,1,1,0
BRF:4
BRH:0
end_of_record
TN:
SF:src\app\rbac\repository\member-branch.repository.ts
FN:8,(anonymous_4)
FN:9,(anonymous_5)
FN:17,(anonymous_6)
FN:30,(anonymous_7)
FN:43,(anonymous_8)
FN:53,(anonymous_9)
FNF:6
FNH:5
FNDA:9,(anonymous_4)
FNDA:0,(anonymous_5)
FNDA:2,(anonymous_6)
FNDA:2,(anonymous_7)
FNDA:1,(anonymous_8)
FNDA:1,(anonymous_9)
DA:1,9
DA:2,9
DA:3,9
DA:4,9
DA:7,9
DA:8,9
DA:10,0
DA:23,2
DA:26,2
DA:29,2
DA:30,2
DA:36,2
DA:47,1
DA:49,1
DA:53,1
LF:15
LH:14
BRDA:23,0,0,2
BRDA:23,0,1,1
BRDA:29,1,0,2
BRDA:47,2,0,1
BRDA:47,2,1,1
BRDA:8,3,0,0
BRDA:8,3,1,9
BRDA:8,4,0,9
BRDA:8,4,1,0
BRF:9
BRH:7
end_of_record
TN:
SF:src\app\rbac\repository\permission.repository.ts
FN:7,(anonymous_4)
FN:9,(anonymous_5)
FN:18,(anonymous_6)
FN:29,(anonymous_7)
FNF:4
FNH:4
FNDA:9,(anonymous_4)
FNDA:92,(anonymous_5)
FNDA:27,(anonymous_6)
FNDA:92,(anonymous_7)
DA:1,9
DA:2,9
DA:3,9
DA:6,9
DA:7,9
DA:10,92
DA:22,27
DA:23,27
DA:29,27
DA:30,92
DA:31,92
LF:11
LH:11
BRDA:22,0,0,27
BRDA:22,0,1,27
BRDA:7,1,0,0
BRDA:7,1,1,9
BRDA:7,2,0,9
BRDA:7,2,1,0
BRF:6
BRH:4
end_of_record
TN:
SF:src\app\rbac\repository\restaurant-member.repository.ts
FN:17,(anonymous_4)
FN:20,(anonymous_5)
FN:32,(anonymous_6)
FN:52,(anonymous_7)
FN:66,(anonymous_8)
FN:82,(anonymous_9)
FN:105,(anonymous_10)
FN:107,(anonymous_11)
FN:124,(anonymous_12)
FN:138,(anonymous_13)
FNF:10
FNH:10
FNDA:9,(anonymous_4)
FNDA:13,(anonymous_5)
FNDA:1,(anonymous_6)
FNDA:2,(anonymous_7)
FNDA:1,(anonymous_8)
FNDA:2,(anonymous_9)
FNDA:11,(anonymous_10)
FNDA:77,(anonymous_11)
FNDA:1,(anonymous_12)
FNDA:1,(anonymous_13)
DA:1,9
DA:2,9
DA:3,9
DA:4,9
DA:5,9
DA:15,9
DA:17,9
DA:21,13
DA:36,1
DA:38,1
DA:49,1
DA:56,2
DA:58,2
DA:70,1
DA:76,1
DA:77,1
DA:86,2
DA:89,2
DA:106,11
DA:107,77
DA:110,11
DA:116,11
DA:118,11
DA:129,1
DA:131,1
DA:132,1
DA:133,1
DA:135,1
DA:140,1
DA:142,1
DA:144,1
DA:149,1
DA:151,1
DA:153,0
DA:154,0
LF:35
LH:33
BRDA:36,0,0,1
BRDA:36,0,1,0
BRDA:43,1,0,1
BRDA:43,1,1,0
BRDA:56,2,0,2
BRDA:56,2,1,0
BRDA:76,3,0,0
BRDA:86,4,0,2
BRDA:86,4,1,2
BRDA:106,5,0,11
BRDA:106,5,1,11
BRDA:116,6,0,0
BRDA:129,7,0,1
BRDA:129,7,1,1
BRDA:132,8,0,1
BRDA:133,9,0,1
BRDA:140,10,0,1
BRDA:140,10,1,1
BRDA:151,11,0,1
BRDA:153,12,0,0
BRDA:17,13,0,0
BRDA:17,13,1,9
BRDA:17,14,0,9
BRDA:17,14,1,0
BRF:24
BRH:16
end_of_record
TN:
SF:src\app\rbac\repository\role.repository.ts
FN:16,(anonymous_4)
FN:19,(anonymous_5)
FN:29,(anonymous_6)
FN:44,(anonymous_7)
FNF:4
FNH:3
FNDA:9,(anonymous_4)
FNDA:0,(anonymous_5)
FNDA:2,(anonymous_6)
FNDA:4,(anonymous_7)
DA:1,9
DA:2,9
DA:3,9
DA:6,9
DA:8,9
DA:16,9
DA:20,0
DA:33,2
DA:35,2
DA:37,2
DA:48,4
DA:50,4
DA:52,4
LF:13
LH:12
BRDA:33,0,0,2
BRDA:33,0,1,2
BRDA:37,1,0,1
BRDA:37,1,1,1
BRDA:48,2,0,4
BRDA:48,2,1,4
BRDA:52,3,0,3
BRDA:52,3,1,1
BRDA:16,4,0,0
BRDA:16,4,1,9
BRDA:16,5,0,9
BRDA:16,5,1,0
BRF:12
BRH:10
end_of_record
TN:
SF:src\app\rbac\templates\member-invitation.ts
FN:1,(anonymous_0)
FNF:1
FNH:1
FNDA:1,(anonymous_0)
DA:1,9
DA:2,1
LF:2
LH:2
BRF:0
BRH:0
end_of_record
TN:
SF:src\app\restaurant\enums.ts
FN:1,(anonymous_0)
FNF:1
FNH:1
FNDA:9,(anonymous_0)
DA:1,9
DA:2,9
DA:3,9
DA:4,9
DA:5,9
LF:5
LH:5
BRDA:1,0,0,9
BRDA:1,0,1,9
BRF:2
BRH:2
end_of_record
TN:
SF:src\app\restaurant\restaurant.constants.ts
FNF:0
FNH:0
DA:1,9
LF:1
LH:1
BRF:0
BRH:0
end_of_record
TN:
SF:src\app\restaurant\restaurant.controller.ts
FN:26,(anonymous_4)
FN:29,(anonymous_5)
FN:35,(anonymous_6)
FN:45,(anonymous_7)
FN:62,(anonymous_8)
FN:84,(anonymous_9)
FNF:6
FNH:6
FNDA:9,(anonymous_4)
FNDA:4,(anonymous_5)
FNDA:3,(anonymous_6)
FNDA:3,(anonymous_7)
FNDA:3,(anonymous_8)
FNDA:3,(anonymous_9)
DA:1,9
DA:14,9
DA:15,9
DA:16,9
DA:17,9
DA:21,9
DA:22,9
DA:25,9
DA:26,9
DA:29,9
DA:30,4
DA:31,3
DA:35,9
DA:36,3
DA:37,2
DA:45,9
DA:49,3
DA:50,3
DA:55,1
DA:62,9
DA:67,3
DA:68,3
DA:70,3
DA:77,1
DA:84,9
DA:89,3
DA:91,3
DA:97,1
LF:28
LH:28
BRDA:46,0,0,9
BRDA:46,0,1,0
BRDA:46,1,0,9
BRDA:46,1,1,9
BRDA:64,2,0,9
BRDA:64,2,1,0
BRDA:64,3,0,9
BRDA:64,3,1,9
BRDA:86,4,0,9
BRDA:86,4,1,0
BRDA:86,5,0,9
BRDA:86,5,1,9
BRDA:26,6,0,9
BRDA:26,6,1,0
BRDA:26,7,0,9
BRDA:26,7,1,9
BRF:16
BRH:12
end_of_record
TN:
SF:src\app\restaurant\restaurant.module.ts
FNF:0
FNH:0
DA:2,9
DA:3,9
DA:4,9
DA:5,9
DA:7,9
DA:20,9
LF:6
LH:6
BRF:0
BRH:0
end_of_record
TN:
SF:src\app\restaurant\restaurant.service.ts
FN:33,(anonymous_4)
FN:42,(anonymous_5)
FN:68,(anonymous_6)
FN:105,(anonymous_7)
FN:113,(anonymous_8)
FN:165,(anonymous_9)
FN:195,(anonymous_10)
FNF:7
FNH:6
FNDA:9,(anonymous_4)
FNDA:0,(anonymous_5)
FNDA:4,(anonymous_6)
FNDA:16,(anonymous_7)
FNDA:3,(anonymous_8)
FNDA:3,(anonymous_9)
FNDA:3,(anonymous_10)
DA:1,9
DA:8,9
DA:9,9
DA:12,9
DA:13,9
DA:14,9
DA:16,9
DA:24,9
DA:28,9
DA:31,9
DA:34,9
DA:37,9
DA:38,9
DA:50,0
DA:59,0
DA:64,0
DA:70,4
DA:82,4
DA:90,4
DA:91,4
DA:93,4
DA:98,3
DA:106,16
DA:107,16
DA:108,3
DA:110,13
DA:115,3
DA:116,1
DA:122,2
DA:124,2
DA:126,2
DA:133,1
DA:144,1
DA:147,1
DA:159,1
DA:160,1
DA:161,1
DA:172,3
DA:173,3
DA:174,1
DA:178,2
DA:182,1
DA:186,1
DA:192,1
DA:201,3
DA:202,1
DA:206,2
DA:207,2
DA:208,1
DA:212,1
DA:217,1
LF:51
LH:48
BRDA:107,0,0,3
BRDA:107,1,0,16
BRDA:107,1,1,16
BRDA:115,2,0,1
BRDA:173,3,0,1
BRDA:178,4,0,1
BRDA:179,5,0,2
BRDA:179,5,1,2
BRDA:201,6,0,1
BRDA:207,7,0,1
BRDA:34,8,0,9
BRDA:34,8,1,0
BRDA:34,9,0,9
BRDA:34,9,1,9
BRDA:34,10,0,0
BRDA:34,10,1,9
BRDA:34,11,0,9
BRDA:34,11,1,0
BRDA:37,12,0,9
BRDA:37,12,1,0
BRDA:37,13,0,9
BRDA:37,13,1,9
BRF:22
BRH:18
end_of_record
TN:
SF:src\app\restaurant\dto\create-restaurant-admin.dto.ts
FN:34,(anonymous_2)
FNF:1
FNH:1
FNDA:4,(anonymous_2)
DA:1,9
DA:2,9
DA:4,9
DA:6,9
DA:10,9
DA:14,9
DA:29,9
DA:32,9
DA:34,4
DA:35,9
DA:39,9
DA:43,9
DA:47,9
LF:13
LH:13
BRF:0
BRH:0
end_of_record
TN:
SF:src\app\restaurant\dto\update-restaurant.dto.ts
FNF:0
FNH:0
DA:1,9
DA:2,9
DA:4,9
DA:8,9
DA:12,9
DA:17,9
DA:20,9
DA:25,9
LF:8
LH:8
BRDA:25,0,0,0
BRDA:25,0,1,9
BRDA:25,1,0,9
BRDA:25,1,1,9
BRF:4
BRH:3
end_of_record
TN:
SF:src\app\restaurant\entity\restaurant.entity.ts
FN:14,(anonymous_0)
FNF:1
FNH:1
FNDA:25,(anonymous_0)
DA:3,9
DA:15,25
DA:16,25
DA:17,25
DA:18,25
DA:19,25
DA:20,25
DA:21,25
DA:22,25
DA:23,25
LF:10
LH:10
BRDA:18,0,0,25
BRDA:18,0,1,0
BRDA:21,1,0,25
BRDA:21,1,1,0
BRDA:22,2,0,25
BRDA:22,2,1,0
BRDA:23,3,0,25
BRDA:23,3,1,0
BRF:8
BRH:4
end_of_record
TN:
SF:src\app\restaurant\repository\restaurant.repository.ts
FN:26,(anonymous_4)
FN:28,(anonymous_5)
FN:44,(anonymous_6)
FN:55,(anonymous_7)
FN:58,(anonymous_8)
FN:71,(anonymous_9)
FN:93,(anonymous_10)
FN:107,(anonymous_11)
FNF:8
FNH:8
FNDA:9,(anonymous_4)
FNDA:25,(anonymous_5)
FNDA:4,(anonymous_6)
FNDA:4,(anonymous_7)
FNDA:21,(anonymous_8)
FNDA:1,(anonymous_9)
FNDA:1,(anonymous_10)
FNDA:1,(anonymous_11)
DA:1,9
DA:2,9
DA:3,9
DA:4,9
DA:12,9
DA:25,9
DA:26,9
DA:30,25
DA:48,4
DA:51,4
DA:52,4
DA:54,4
DA:55,4
DA:59,21
DA:66,21
DA:76,1
DA:78,1
DA:90,1
DA:94,1
DA:104,1
DA:108,1
DA:117,1
LF:22
LH:22
BRDA:66,0,0,19
BRDA:66,0,1,2
BRDA:76,1,0,1
BRDA:76,1,1,0
BRDA:83,2,0,1
BRDA:83,2,1,1
BRDA:26,3,0,0
BRDA:26,3,1,9
BRDA:26,4,0,9
BRDA:26,4,1,0
BRF:10
BRH:7
end_of_record
TN:
SF:src\app\user\enums.ts
FN:1,(anonymous_0)
FNF:1
FNH:1
FNDA:9,(anonymous_0)
DA:1,9
DA:2,9
DA:3,9
DA:4,9
DA:5,9
LF:5
LH:5
BRDA:1,0,0,9
BRDA:1,0,1,9
BRF:2
BRH:2
end_of_record
TN:
SF:src\app\user\user.constants.ts
FNF:0
FNH:0
DA:3,9
DA:13,9
LF:2
LH:2
BRF:0
BRH:0
end_of_record
TN:
SF:src\app\user\user.controller.ts
FN:10,(anonymous_4)
FN:14,(anonymous_5)
FN:23,(anonymous_6)
FNF:3
FNH:3
FNDA:9,(anonymous_4)
FNDA:4,(anonymous_5)
FNDA:3,(anonymous_6)
DA:2,9
DA:3,9
DA:4,9
DA:5,9
DA:6,9
DA:9,9
DA:10,9
DA:14,9
DA:17,4
DA:19,4
DA:23,9
DA:25,3
DA:27,3
LF:13
LH:13
BRDA:14,0,0,0
BRDA:14,0,1,9
BRDA:14,1,0,9
BRDA:14,1,1,0
BRDA:23,2,0,0
BRDA:23,2,1,9
BRDA:23,3,0,9
BRDA:23,3,1,0
BRDA:23,4,0,9
BRDA:23,4,1,0
BRDA:23,5,0,9
BRDA:23,5,1,9
BRDA:10,6,0,9
BRDA:10,6,1,0
BRDA:10,7,0,9
BRDA:10,7,1,9
BRF:16
BRH:10
end_of_record
TN:
SF:src\app\user\user.internal.controller.ts
FN:15,(anonymous_4)
FN:19,(anonymous_5)
FNF:2
FNH:2
FNDA:9,(anonymous_4)
FNDA:2,(anonymous_5)
DA:1,9
DA:9,9
DA:10,9
DA:11,9
DA:14,9
DA:15,9
DA:19,9
DA:20,2
DA:21,2
DA:22,1
DA:24,1
LF:11
LH:11
BRDA:21,0,0,1
BRDA:15,1,0,9
BRDA:15,1,1,0
BRDA:15,2,0,9
BRDA:15,2,1,9
BRF:5
BRH:4
end_of_record
TN:
SF:src\app\user\user.module.ts
FNF:0
FNH:0
DA:2,9
DA:3,9
DA:4,9
DA:5,9
DA:7,9
DA:21,9
LF:6
LH:6
BRF:0
BRH:0
end_of_record
TN:
SF:src\app\user\user.service.ts
FN:17,(anonymous_2)
FN:23,(anonymous_3)
FN:32,(anonymous_4)
FN:40,(anonymous_5)
FN:46,(anonymous_6)
FN:49,(anonymous_7)
FN:66,(anonymous_8)
FN:79,(anonymous_9)
FNF:8
FNH:6
FNDA:9,(anonymous_2)
FNDA:0,(anonymous_3)
FNDA:0,(anonymous_4)
FNDA:14,(anonymous_5)
FNDA:3,(anonymous_6)
FNDA:10,(anonymous_7)
FNDA:3,(anonymous_8)
FNDA:9,(anonymous_9)
DA:2,9
DA:7,9
DA:9,9
DA:13,9
DA:16,9
DA:18,9
DA:19,9
DA:28,0
DA:36,0
DA:44,14
DA:47,3
DA:50,10
DA:52,10
DA:54,2
DA:58,8
DA:68,3
DA:71,2
DA:74,2
DA:86,9
DA:93,9
DA:94,3
DA:98,6
DA:102,6
LF:23
LH:21
BRDA:52,0,0,2
BRDA:83,1,0,7
BRDA:93,2,0,3
BRDA:18,3,0,9
BRDA:18,3,1,0
BRDA:18,4,0,9
BRDA:18,4,1,9
BRDA:18,5,0,9
BRDA:18,5,1,0
BRDA:18,6,0,9
BRDA:18,6,1,9
BRF:11
BRH:9
end_of_record
TN:
SF:src\app\user\dto\user-profile.dto.ts
FNF:0
FNH:0
DA:2,9
DA:4,9
DA:8,9
DA:14,9
LF:4
LH:4
BRF:0
BRH:0
end_of_record
TN:
SF:src\app\user\entity\user.entity.ts
FN:14,(anonymous_0)
FNF:1
FNH:1
FNDA:26,(anonymous_0)
DA:3,9
DA:15,26
DA:17,26
DA:18,26
DA:19,26
LF:5
LH:5
BRDA:17,0,0,26
BRDA:17,0,1,26
BRDA:18,1,0,26
BRDA:18,1,1,0
BRDA:19,2,0,26
BRDA:19,2,1,0
BRF:6
BRH:4
end_of_record
TN:
SF:src\app\user\repository\user.repository.ts
FN:22,(anonymous_4)
FN:24,(anonymous_5)
FN:38,(anonymous_6)
FN:52,(anonymous_7)
FN:69,(anonymous_8)
FN:87,(anonymous_9)
FN:95,(anonymous_10)
FN:100,(anonymous_11)
FNF:8
FNH:8
FNDA:9,(anonymous_4)
FNDA:26,(anonymous_5)
FNDA:14,(anonymous_6)
FNDA:9,(anonymous_7)
FNDA:6,(anonymous_8)
FNDA:3,(anonymous_9)
FNDA:10,(anonymous_10)
FNDA:3,(anonymous_11)
DA:2,9
DA:3,9
DA:4,9
DA:5,9
DA:18,9
DA:22,9
DA:25,26
DA:42,14
DA:43,14
DA:49,14
DA:58,9
DA:59,9
DA:66,9
DA:71,6
DA:72,6
DA:84,6
DA:92,3
DA:93,3
DA:96,10
DA:98,10
DA:104,3
DA:107,3
DA:108,3
DA:111,3
DA:112,3
LF:25
LH:25
BRDA:42,0,0,14
BRDA:42,0,1,11
BRDA:49,1,0,12
BRDA:49,1,1,2
BRDA:58,2,0,9
BRDA:58,2,1,0
BRDA:71,3,0,6
BRDA:71,3,1,0
BRDA:92,4,0,3
BRDA:92,4,1,1
BRDA:98,5,0,8
BRDA:98,5,1,2
BRDA:107,6,0,2
BRDA:108,7,0,2
BRDA:111,8,0,3
BRDA:22,9,0,0
BRDA:22,9,1,9
BRDA:22,10,0,9
BRDA:22,10,1,0
BRF:19
BRH:15
end_of_record
TN:
SF:src\lib\database.module.ts
FNF:0
FNH:0
DA:1,9
DA:2,9
DA:3,9
DA:10,9
LF:4
LH:4
BRF:0
BRH:0
end_of_record
TN:
SF:src\lib\database.providers.ts
FN:8,(anonymous_1)
FNF:1
FNH:1
FNDA:9,(anonymous_1)
DA:1,9
DA:2,9
DA:4,9
DA:11,9
DA:13,9
DA:15,9
DA:30,9
DA:31,9
DA:32,9
DA:34,0
DA:35,0
DA:38,9
LF:12
LH:10
BRDA:11,0,0,9
BRDA:11,0,1,0
BRDA:13,1,0,9
BRDA:13,1,1,0
BRF:4
BRH:2
end_of_record
TN:
SF:src\lib\database.service.ts
FN:8,(anonymous_4)
FN:14,(anonymous_5)
FNF:2
FNH:2
FNDA:9,(anonymous_4)
FNDA:9,(anonymous_5)
DA:1,9
DA:2,9
DA:5,9
DA:6,9
DA:10,9
DA:15,9
DA:17,9
DA:19,9
DA:20,9
DA:22,0
LF:10
LH:9
BRDA:10,0,0,0
BRDA:10,0,1,9
BRDA:10,1,0,9
BRDA:10,1,1,0
BRF:4
BRH:2
end_of_record
TN:
SF:src\lib\cache\cache.interceptor.ts
FN:20,(anonymous_4)
FN:27,(anonymous_5)
FN:80,(anonymous_6)
FN:84,(anonymous_7)
FN:86,(anonymous_8)
FNF:5
FNH:4
FNDA:18,(anonymous_4)
FNDA:12,(anonymous_5)
FNDA:8,(anonymous_6)
FNDA:0,(anonymous_7)
FNDA:12,(anonymous_8)
DA:1,9
DA:7,9
DA:12,9
DA:13,9
DA:16,9
DA:18,18
DA:22,18
DA:24,18
DA:31,12
DA:32,12
DA:34,12
DA:37,12
DA:42,12
DA:44,12
DA:45,4
DA:46,4
DA:47,4
DA:49,12
DA:50,0
DA:51,0
DA:54,12
DA:57,12
DA:58,12
DA:60,0
DA:61,0
DA:65,12
DA:68,12
DA:69,0
DA:70,0
DA:73,12
DA:74,12
DA:79,12
DA:82,8
DA:84,0
DA:86,12
DA:90,12
DA:92,12
DA:94,0
LF:38
LH:30
BRDA:34,0,0,0
BRDA:37,1,0,12
BRDA:37,1,1,12
BRDA:44,2,0,4
BRDA:49,3,0,0
BRDA:50,4,0,0
BRDA:50,5,0,0
BRDA:50,5,1,0
BRDA:58,6,0,0
BRDA:68,7,0,0
BRDA:22,8,0,9
BRDA:22,8,1,0
BRDA:22,9,0,9
BRDA:22,9,1,9
BRF:14
BRH:6
end_of_record
TN:
SF:src\lib\config\app.config.ts
FN:1,(anonymous_0)
FNF:1
FNH:1
FNDA:9,(anonymous_0)
DA:1,9
LF:1
LH:1
BRDA:2,0,0,9
BRDA:2,0,1,0
BRDA:3,1,0,9
BRDA:3,1,1,0
BRDA:6,2,0,9
BRDA:6,2,1,0
BRDA:7,3,0,9
BRDA:7,3,1,0
BRDA:8,4,0,9
BRDA:8,4,1,0
BRDA:9,5,0,9
BRDA:9,5,1,0
BRDA:10,6,0,9
BRDA:10,6,1,0
BRDA:11,7,0,9
BRDA:11,7,1,0
BRDA:12,8,0,9
BRDA:12,8,1,0
BRDA:16,9,0,9
BRDA:16,9,1,0
BRDA:17,10,0,9
BRDA:17,10,1,0
BRDA:18,11,0,9
BRDA:18,11,1,0
BRDA:19,12,0,9
BRDA:19,12,1,0
BRDA:20,13,0,9
BRDA:20,13,1,0
BRDA:46,14,0,9
BRDA:46,14,1,0
BRDA:48,15,0,9
BRDA:48,15,1,9
BRDA:50,16,0,9
BRDA:50,16,1,9
BRDA:52,17,0,9
BRDA:52,17,1,0
BRDA:53,18,0,9
BRDA:53,18,1,0
BRF:38
BRH:21
end_of_record
TN:
SF:src\lib\context\request-context.service.ts
FN:9,(anonymous_1)
FN:14,(anonymous_2)
FNF:2
FNH:2
FNDA:217,(anonymous_1)
FNDA:170,(anonymous_2)
DA:1,9
DA:2,9
DA:5,9
DA:7,9
DA:10,217
DA:11,217
DA:15,170
LF:7
LH:7
BRF:0
BRH:0
end_of_record
TN:
SF:src\lib\decorators\permissions.decorator.ts
FN:6,(anonymous_0)
FNF:1
FNH:1
FNDA:90,(anonymous_0)
DA:1,9
DA:3,9
DA:6,9
DA:7,90
LF:4
LH:4
BRDA:6,0,0,90
BRF:1
BRH:1
end_of_record
TN:
SF:src\lib\email\email.constants.ts
FNF:0
FNH:0
DA:1,9
LF:1
LH:1
BRF:0
BRH:0
end_of_record
TN:
SF:src\lib\email\email.module.ts
FN:16,(anonymous_1)
FN:31,(anonymous_2)
FNF:2
FNH:0
FNDA:0,(anonymous_1)
FNDA:0,(anonymous_2)
DA:1,9
DA:2,9
DA:3,9
DA:4,9
DA:19,0
DA:22,0
DA:30,0
DA:32,0
DA:40,9
LF:9
LH:5
BRF:0
BRH:0
end_of_record
TN:
SF:src\lib\events\event-types.ts
FNF:0
FNH:0
DA:5,9
LF:1
LH:1
BRF:0
BRH:0
end_of_record
TN:
SF:src\lib\events\events.module.ts
FNF:0
FNH:0
DA:1,9
DA:2,9
DA:3,9
DA:4,9
DA:18,9
LF:5
LH:5
BRF:0
BRH:0
end_of_record
TN:
SF:src\lib\events\message-broker.service.ts
FN:25,(anonymous_2)
FN:40,(anonymous_3)
FN:43,(anonymous_4)
FN:58,(anonymous_5)
FN:63,(anonymous_6)
FN:68,(anonymous_7)
FN:72,(anonymous_8)
FN:85,withTimeout
FN:87,(anonymous_10)
FN:89,(anonymous_11)
FNF:10
FNH:0
FNDA:0,(anonymous_2)
FNDA:0,(anonymous_3)
FNDA:0,(anonymous_4)
FNDA:0,(anonymous_5)
FNDA:0,(anonymous_6)
FNDA:0,(anonymous_7)
FNDA:0,(anonymous_8)
FNDA:0,withTimeout
FNDA:0,(anonymous_10)
FNDA:0,(anonymous_11)
DA:1,9
DA:7,9
DA:8,9
DA:18,9
DA:19,0
DA:25,0
DA:26,0
DA:27,0
DA:28,0
DA:30,0
DA:31,0
DA:32,0
DA:35,0
DA:41,0
DA:42,0
DA:44,0
DA:45,0
DA:50,0
DA:52,0
DA:59,0
DA:60,0
DA:64,0
DA:65,0
DA:69,0
DA:73,0
DA:87,0
DA:88,0
DA:89,0
DA:93,0
DA:94,0
DA:96,0
LF:31
LH:4
BRDA:27,0,0,0
BRDA:31,1,0,0
BRDA:31,1,1,0
BRDA:33,2,0,0
BRDA:33,2,1,0
BRDA:36,3,0,0
BRDA:36,3,1,0
BRDA:59,4,0,0
BRDA:59,4,1,0
BRDA:25,5,0,9
BRDA:25,5,1,0
BRDA:25,6,0,9
BRDA:25,6,1,9
BRF:13
BRH:3
end_of_record
TN:
SF:src\lib\events\outbox-drain.service.ts
FN:19,(anonymous_4)
FN:26,(anonymous_5)
FN:98,describeError
FNF:3
FNH:1
FNDA:9,(anonymous_4)
FNDA:0,(anonymous_5)
FNDA:0,describeError
DA:1,9
DA:2,9
DA:3,9
DA:4,9
DA:5,9
DA:16,9
DA:17,9
DA:20,9
DA:21,9
DA:22,9
DA:23,9
DA:27,0
DA:28,0
DA:30,0
DA:33,0
DA:36,0
DA:37,0
DA:39,0
DA:40,0
DA:41,0
DA:42,0
DA:43,0
DA:47,0
DA:48,0
DA:49,0
DA:51,0
DA:52,0
DA:61,0
DA:62,0
DA:68,0
DA:71,0
DA:72,0
DA:73,0
DA:76,0
DA:81,0
DA:82,0
DA:85,0
DA:86,0
DA:89,0
DA:90,0
DA:92,0
DA:93,0
DA:99,0
DA:100,0
DA:101,0
DA:102,0
DA:103,0
DA:106,0
DA:107,0
DA:109,0
LF:50
LH:11
BRDA:36,0,0,0
BRDA:36,0,1,0
BRDA:41,1,0,0
BRDA:81,2,0,0
BRDA:85,3,0,0
BRDA:20,4,0,0
BRDA:20,4,1,9
BRDA:20,5,0,9
BRDA:20,5,1,0
BRDA:20,6,0,9
BRDA:20,6,1,0
BRDA:20,7,0,9
BRDA:20,7,1,9
BRDA:21,8,0,9
BRDA:21,8,1,0
BRDA:21,9,0,9
BRDA:21,9,1,9
BRDA:22,10,0,9
BRDA:22,10,1,0
BRDA:22,11,0,9
BRDA:22,11,1,9
BRDA:99,12,0,0
BRDA:99,13,0,0
BRDA:99,13,1,0
BRDA:100,14,0,0
BRDA:100,15,0,0
BRDA:100,15,1,0
BRDA:100,15,2,0
BRDA:102,16,0,0
BRDA:102,17,0,0
BRDA:102,17,1,0
BRF:31
BRH:11
end_of_record
TN:
SF:src\lib\events\outbox.repository.ts
FN:8,(anonymous_4)
FN:15,(anonymous_5)
FN:33,(anonymous_6)
FN:39,(anonymous_7)
FN:54,(anonymous_8)
FN:73,(anonymous_9)
FN:79,(anonymous_10)
FN:91,(anonymous_11)
FNF:8
FNH:4
FNDA:9,(anonymous_4)
FNDA:5,(anonymous_5)
FNDA:2,(anonymous_6)
FNDA:2,(anonymous_7)
FNDA:0,(anonymous_8)
FNDA:0,(anonymous_9)
FNDA:0,(anonymous_10)
FNDA:0,(anonymous_11)
DA:1,9
DA:2,9
DA:3,9
DA:7,9
DA:8,9
DA:19,5
DA:37,2
DA:38,2
DA:39,2
DA:55,0
DA:70,0
DA:74,0
DA:84,0
DA:95,0
LF:14
LH:9
BRDA:37,0,0,0
BRDA:8,1,0,0
BRDA:8,1,1,9
BRDA:8,2,0,9
BRDA:8,2,1,0
BRF:5
BRH:2
end_of_record
TN:
SF:src\lib\filters\database-error.filter.ts
FN:13,(anonymous_1)
FNF:1
FNH:1
FNDA:140,(anonymous_1)
DA:1,9
DA:12,9
DA:14,140
DA:15,140
DA:18,140
DA:19,138
DA:20,138
DA:21,138
DA:34,2
DA:35,2
DA:36,2
DA:39,2
DA:41,1
DA:50,0
DA:58,0
DA:66,1
DA:74,0
DA:83,0
DA:85,0
LF:19
LH:14
BRDA:18,0,0,138
BRDA:22,1,0,0
BRDA:22,1,1,138
BRDA:35,2,0,2
BRDA:35,2,1,0
BRDA:36,3,0,2
BRDA:36,3,1,1
BRDA:39,4,0,1
BRDA:39,4,1,0
BRDA:39,4,2,0
BRDA:39,4,3,1
BRDA:39,4,4,0
BRDA:39,4,5,0
BRF:13
BRH:7
end_of_record
TN:
SF:src\lib\filters\http-exception.filter.ts
FN:13,(anonymous_2)
FN:15,(anonymous_3)
FNF:2
FNH:1
FNDA:9,(anonymous_2)
FNDA:0,(anonymous_3)
DA:1,9
DA:9,9
DA:12,9
DA:13,9
DA:16,0
DA:17,0
DA:18,0
DA:20,0
DA:21,0
DA:23,0
DA:24,0
DA:25,0
DA:26,0
DA:27,0
DA:28,0
DA:32,0
DA:37,0
LF:17
LH:4
BRDA:23,0,0,0
BRDA:23,0,1,0
BRDA:26,1,0,0
BRDA:26,1,1,0
BRDA:27,2,0,0
BRDA:33,3,0,0
BRDA:33,3,1,0
BRDA:42,4,0,0
BRDA:42,4,1,0
BRDA:13,5,0,9
BRDA:13,5,1,0
BRDA:13,6,0,9
BRDA:13,6,1,9
BRF:13
BRH:3
end_of_record
TN:
SF:src\lib\idempotency\idempotency.decorator.ts
FN:10,(anonymous_0)
FNF:1
FNH:1
FNDA:144,(anonymous_0)
DA:1,9
DA:7,9
DA:10,9
DA:11,144
LF:4
LH:4
BRDA:10,0,0,0
BRF:1
BRH:0
end_of_record
TN:
SF:src\lib\idempotency\idempotency.interceptor.ts
FN:20,(anonymous_4)
FN:26,(anonymous_5)
FN:76,(anonymous_6)
FN:80,(anonymous_7)
FN:83,(anonymous_8)
FN:86,(anonymous_9)
FN:88,(anonymous_10)
FNF:7
FNH:5
FNDA:36,(anonymous_4)
FNDA:67,(anonymous_5)
FNDA:20,(anonymous_6)
FNDA:0,(anonymous_7)
FNDA:37,(anonymous_8)
FNDA:0,(anonymous_9)
FNDA:37,(anonymous_10)
DA:1,9
DA:11,9
DA:12,9
DA:13,9
DA:14,9
DA:15,9
DA:16,9
DA:19,9
DA:21,36
DA:23,36
DA:27,67
DA:28,67
DA:30,67
DA:32,67
DA:37,67
DA:39,67
DA:41,67
DA:42,10
DA:43,10
DA:46,57
DA:49,57
DA:51,57
DA:53,57
DA:55,57
DA:57,0
DA:58,0
DA:60,0
DA:64,57
DA:67,0
DA:68,0
DA:70,0
DA:71,0
DA:75,57
DA:78,20
DA:80,0
DA:84,37
DA:86,0
DA:88,37
LF:38
LH:29
BRDA:30,0,0,0
BRDA:37,1,0,0
BRDA:41,2,0,10
BRDA:42,3,0,0
BRDA:55,4,0,0
BRDA:57,5,0,0
BRDA:67,6,0,0
BRDA:67,7,0,0
BRDA:67,7,1,0
BRDA:70,8,0,0
BRDA:21,9,0,9
BRDA:21,9,1,0
BRDA:21,10,0,9
BRDA:21,10,1,9
BRDA:21,11,0,0
BRDA:21,11,1,9
BRDA:21,12,0,9
BRDA:21,12,1,0
BRF:18
BRH:6
end_of_record
TN:
SF:src\lib\interceptors\success.interceptor.ts
FN:33,(anonymous_1)
FN:37,(anonymous_2)
FN:42,buildEnvelope
FNF:3
FNH:3
FNDA:170,(anonymous_1)
FNDA:77,(anonymous_2)
FNDA:77,buildEnvelope
DA:1,9
DA:8,9
DA:10,9
DA:32,9
DA:34,170
DA:36,170
DA:37,77
DA:43,77
DA:44,0
DA:46,77
DA:47,8
DA:50,69
DA:51,69
DA:52,69
DA:55,69
DA:56,14
DA:58,55
DA:59,55
DA:62,69
DA:68,69
DA:69,69
LF:21
LH:20
BRDA:43,0,0,0
BRDA:43,1,0,77
BRDA:43,1,1,77
BRDA:46,2,0,8
BRDA:46,3,0,77
BRDA:46,3,1,77
BRDA:51,4,0,18
BRDA:51,4,1,51
BRDA:52,5,0,69
BRDA:52,5,1,14
BRDA:55,6,0,14
BRDA:55,6,1,55
BRDA:58,7,0,8
BRDA:59,8,0,45
BRDA:59,8,1,10
BRDA:68,9,0,14
BRF:16
BRH:15
end_of_record
TN:
SF:src\lib\logging\database-logger.service.ts
FN:7,(anonymous_4)
FN:11,(anonymous_5)
FN:32,(anonymous_6)
FN:40,(anonymous_7)
FN:46,(anonymous_8)
FN:52,(anonymous_9)
FN:58,(anonymous_10)
FN:66,(anonymous_11)
FN:71,(anonymous_12)
FNF:9
FNH:6
FNDA:9,(anonymous_4)
FNDA:170,(anonymous_5)
FNDA:170,(anonymous_6)
FNDA:77,(anonymous_7)
FNDA:93,(anonymous_8)
FNDA:0,(anonymous_9)
FNDA:0,(anonymous_10)
FNDA:0,(anonymous_11)
FNDA:2,(anonymous_12)
DA:1,9
DA:2,9
DA:6,9
DA:8,9
DA:12,170
DA:13,170
DA:14,170
DA:16,170
DA:17,93
DA:20,93
DA:21,93
DA:22,93
DA:25,77
DA:33,170
DA:34,170
DA:36,0
DA:41,77
DA:42,77
DA:43,77
DA:47,93
DA:48,93
DA:49,93
DA:53,0
DA:54,0
DA:55,0
DA:59,0
DA:60,0
DA:61,0
DA:63,0
DA:67,0
DA:68,0
DA:72,2
DA:74,2
DA:75,1
DA:78,2
LF:35
LH:25
BRDA:12,0,0,170
BRDA:12,0,1,0
BRDA:13,1,0,170
BRDA:13,1,1,0
BRDA:14,2,0,170
BRDA:14,2,1,0
BRDA:16,3,0,93
BRDA:16,3,1,77
BRDA:20,4,0,93
BRDA:60,5,0,0
BRDA:74,6,0,1
BRDA:8,7,0,0
BRDA:8,7,1,9
BRDA:8,8,0,9
BRDA:8,8,1,0
BRF:15
BRH:9
end_of_record
TN:
SF:src\lib\logging\logging.interceptor.ts
FN:18,(anonymous_2)
FN:23,(anonymous_3)
FN:48,(anonymous_4)
FN:53,(anonymous_5)
FNF:4
FNH:4
FNDA:9,(anonymous_2)
FNDA:170,(anonymous_3)
FNDA:77,(anonymous_4)
FNDA:93,(anonymous_5)
DA:1,9
DA:7,9
DA:8,9
DA:9,9
DA:10,9
DA:17,9
DA:19,9
DA:20,9
DA:24,170
DA:28,170
DA:30,170
DA:31,170
DA:34,170
DA:35,170
DA:47,170
DA:49,77
DA:50,77
DA:51,77
DA:54,93
DA:55,93
DA:56,93
DA:57,93
DA:58,93
DA:60,93
LF:24
LH:24
BRDA:40,0,0,170
BRDA:40,0,1,0
BRDA:41,1,0,170
BRDA:41,1,1,170
BRDA:19,2,0,9
BRDA:19,2,1,0
BRDA:19,3,0,9
BRDA:19,3,1,9
BRDA:19,4,0,9
BRDA:19,4,1,0
BRDA:19,5,0,9
BRDA:19,5,1,9
BRF:12
BRH:9
end_of_record
TN:
SF:src\lib\logging\logging.module.ts
FNF:0
FNH:0
DA:1,9
DA:2,9
DA:3,9
DA:4,9
DA:12,9
LF:5
LH:5
BRF:0
BRH:0
end_of_record
TN:
SF:src\lib\logging\logs.controller.ts
FN:11,(anonymous_4)
FN:16,(anonymous_5)
FNF:2
FNH:2
FNDA:9,(anonymous_4)
FNDA:2,(anonymous_5)
DA:1,9
DA:2,9
DA:4,9
DA:5,9
DA:6,9
DA:7,9
DA:10,9
DA:11,9
DA:16,9
DA:17,2
LF:10
LH:10
BRDA:16,0,0,9
BRDA:16,0,1,0
BRDA:16,1,0,9
BRDA:16,1,1,9
BRDA:16,2,0,9
BRDA:16,2,1,0
BRDA:16,3,0,9
BRDA:16,3,1,9
BRDA:11,4,0,9
BRDA:11,4,1,0
BRDA:11,5,0,9
BRDA:11,5,1,9
BRF:12
BRH:9
end_of_record
TN:
SF:src\lib\logging\dto\logs-query.dto.ts
FN:6,(anonymous_2)
FNF:1
FNH:1
FNDA:3,(anonymous_2)
DA:1,9
DA:2,9
DA:4,9
DA:6,3
DA:9,9
LF:5
LH:5
BRF:0
BRH:0
end_of_record
TN:
SF:src\lib\middleware\correlation.middleware.ts
FN:8,(anonymous_2)
FN:10,(anonymous_3)
FN:17,(anonymous_4)
FNF:3
FNH:3
FNDA:9,(anonymous_2)
FNDA:217,(anonymous_3)
FNDA:217,(anonymous_4)
DA:1,9
DA:3,9
DA:4,9
DA:7,9
DA:8,9
DA:11,217
DA:14,217
DA:17,217
DA:18,217
LF:9
LH:9
BRDA:11,0,0,217
BRDA:11,0,1,217
BRDA:8,1,0,9
BRDA:8,1,1,0
BRDA:8,2,0,9
BRDA:8,2,1,9
BRF:6
BRH:5
end_of_record
TN:
SF:src\lib\middleware\guards\branch-access.guard.ts
FN:15,(anonymous_1)
FNF:1
FNH:1
FNDA:12,(anonymous_1)
DA:1,9
DA:7,9
DA:8,9
DA:11,9
DA:16,12
DA:17,12
DA:20,12
DA:21,12
DA:24,12
DA:27,10
DA:28,6
DA:32,0
DA:33,0
DA:35,0
DA:36,0
DA:39,0
LF:16
LH:11
BRDA:20,0,0,12
BRDA:20,0,1,4
BRDA:24,1,0,2
BRDA:27,2,0,4
BRDA:28,3,0,6
BRDA:32,4,0,0
BRDA:32,4,1,0
BRDA:35,5,0,0
BRF:8
BRH:5
end_of_record
TN:
SF:src\lib\middleware\guards\guard.constants.ts
FN:10,(anonymous_0)
FNF:1
FNH:1
FNDA:5,(anonymous_0)
DA:1,9
DA:11,5
LF:2
LH:2
BRF:0
BRH:0
end_of_record
TN:
SF:src\lib\middleware\guards\internal-api-key.guard.ts
FN:14,(anonymous_2)
FN:16,(anonymous_3)
FNF:2
FNH:2
FNDA:27,(anonymous_2)
FNDA:35,(anonymous_3)
DA:1,9
DA:8,9
DA:10,9
DA:13,9
DA:14,27
DA:17,35
DA:18,35
DA:19,0
DA:22,35
DA:23,35
DA:24,35
DA:26,35
DA:27,14
DA:29,21
LF:14
LH:13
BRDA:18,0,0,0
BRDA:24,1,0,0
BRDA:24,1,1,35
BRDA:26,2,0,14
BRDA:14,3,0,9
BRDA:14,3,1,0
BRDA:14,4,0,9
BRDA:14,4,1,9
BRF:8
BRH:5
end_of_record
TN:
SF:src\lib\middleware\guards\jwtGuard.ts
FN:15,(anonymous_2)
FN:17,(anonymous_3)
FNF:2
FNH:2
FNDA:63,(anonymous_2)
FNDA:119,(anonymous_3)
DA:2,9
DA:9,9
DA:10,9
DA:13,9
DA:15,63
DA:19,119
DA:22,119
DA:24,119
DA:25,22
DA:28,97
DA:30,97
DA:33,97
DA:35,97
DA:38,0
LF:14
LH:13
BRDA:24,0,0,22
BRDA:15,1,0,9
BRDA:15,1,1,0
BRDA:15,2,0,9
BRDA:15,2,1,9
BRF:5
BRH:4
end_of_record
TN:
SF:src\lib\middleware\guards\permissions.guard.ts
FN:15,(anonymous_2)
FN:20,(anonymous_3)
FNF:2
FNH:2
FNDA:27,(anonymous_2)
FNDA:38,(anonymous_3)
DA:1,9
DA:7,9
DA:8,9
DA:9,9
DA:10,9
DA:11,9
DA:14,9
DA:16,27
DA:17,27
DA:21,38
DA:27,38
DA:29,38
DA:30,38
DA:32,38
DA:34,0
DA:37,38
DA:41,7
DA:44,31
DA:45,29
DA:49,29
DA:55,29
DA:57,5
DA:64,24
DA:67,2
LF:24
LH:23
BRDA:27,0,0,0
BRDA:32,1,0,0
BRDA:37,2,0,7
BRDA:38,3,0,38
BRDA:38,3,1,38
BRDA:44,4,0,29
BRDA:55,5,0,5
BRDA:16,6,0,9
BRDA:16,6,1,0
BRDA:16,7,0,9
BRDA:16,7,1,9
BRDA:16,8,0,9
BRDA:16,8,1,0
BRDA:16,9,0,9
BRDA:16,9,1,9
BRF:15
BRH:11
end_of_record
TN:
SF:src\lib\middleware\guards\restaurant-member.guard.ts
FN:12,(anonymous_1)
FNF:1
FNH:1
FNDA:32,(anonymous_1)
DA:1,9
DA:7,9
DA:8,9
DA:11,9
DA:13,32
DA:14,32
DA:15,32
DA:17,32
DA:18,31
DA:20,28
DA:22,4
DA:25,24
LF:12
LH:12
BRDA:17,0,0,1
BRDA:18,1,0,3
BRDA:20,2,0,4
BRF:3
BRH:3
end_of_record
TN:
SF:src\lib\pagination\cursor-pagination.ts
FN:23,applyCursorPagination
FN:42,applyFilters
FN:78,buildPaginationResult
FNF:3
FNH:3
FNDA:15,applyCursorPagination
FNDA:15,applyFilters
FNDA:14,buildPaginationResult
DA:23,9
DA:28,15
DA:29,0
DA:32,15
DA:34,0
DA:35,0
DA:39,15
DA:42,9
DA:46,15
DA:47,2
DA:49,2
DA:50,2
DA:52,0
DA:53,0
DA:55,0
DA:56,0
DA:58,0
DA:59,0
DA:61,0
DA:62,0
DA:64,0
DA:65,0
DA:68,0
DA:72,0
DA:75,15
DA:78,9
DA:83,14
DA:85,14
DA:86,14
DA:88,14
DA:89,1
DA:90,1
DA:93,1
DA:94,0
DA:95,1
DA:97,1
DA:101,14
LF:37
LH:21
BRDA:28,0,0,0
BRDA:32,1,0,0
BRDA:34,2,0,0
BRDA:34,2,1,0
BRDA:47,3,0,2
BRDA:47,3,1,0
BRDA:47,3,2,0
BRDA:47,3,3,0
BRDA:47,3,4,0
BRDA:47,3,5,0
BRDA:47,3,6,0
BRDA:70,4,0,0
BRDA:70,4,1,0
BRDA:85,5,0,1
BRDA:85,5,1,13
BRDA:88,6,0,1
BRDA:88,7,0,14
BRDA:88,7,1,11
BRDA:93,8,0,0
BRDA:93,8,1,1
BRDA:95,9,0,1
BRDA:95,10,0,1
BRDA:95,10,1,1
BRF:23
BRH:10
end_of_record
TN:
SF:src\lib\pagination\query-parser.ts
FN:3,parsePaginationQuery
FN:22,parseFilters
FN:32,(anonymous_2)
FN:40,(anonymous_3)
FN:41,(anonymous_4)
FN:45,(anonymous_5)
FNF:6
FNH:5
FNDA:15,parsePaginationQuery
FNDA:15,parseFilters
FNDA:8,(anonymous_2)
FNDA:2,(anonymous_3)
FNDA:2,(anonymous_4)
FNDA:0,(anonymous_5)
DA:3,9
DA:8,15
DA:10,15
DA:22,9
DA:27,15
DA:28,15
DA:30,2
DA:32,2
DA:33,8
DA:34,8
DA:37,2
DA:39,2
DA:40,2
DA:43,2
DA:44,2
DA:45,0
DA:48,2
LF:17
LH:16
BRDA:5,0,0,0
BRDA:8,1,0,15
BRDA:8,1,1,6
BRDA:13,2,0,15
BRDA:13,2,1,14
BRDA:15,3,0,15
BRDA:15,3,1,1
BRDA:18,4,0,0
BRDA:18,4,1,15
BRDA:25,5,0,0
BRDA:28,6,0,13
BRDA:28,7,0,15
BRDA:28,7,1,2
BRDA:34,8,0,6
BRDA:34,9,0,8
BRDA:34,9,1,2
BRDA:37,10,0,2
BRDA:37,10,1,0
BRDA:44,11,0,0
BRDA:44,12,0,2
BRDA:44,12,1,0
BRF:21
BRH:15
end_of_record
TN:
SF:src\pkg\mailjet\mailjet.ts
FN:6,(anonymous_1)
FN:15,(anonymous_2)
FNF:2
FNH:0
FNDA:0,(anonymous_1)
FNDA:0,(anonymous_2)
DA:1,9
DA:3,9
DA:9,0
DA:10,0
DA:12,0
DA:16,0
LF:6
LH:2
BRF:0
BRH:0
end_of_record
TN:
SF:src\pkg\messaging\rabbitmq.client.ts
FN:21,(anonymous_1)
FN:23,(anonymous_2)
FN:36,(anonymous_3)
FN:47,(anonymous_4)
FN:59,(anonymous_5)
FN:78,(anonymous_6)
FNF:6
FNH:0
FNDA:0,(anonymous_1)
FNDA:0,(anonymous_2)
FNDA:0,(anonymous_3)
FNDA:0,(anonymous_4)
FNDA:0,(anonymous_5)
FNDA:0,(anonymous_6)
DA:1,9
DA:16,9
DA:17,0
DA:18,0
DA:19,0
DA:21,0
DA:24,0
DA:25,0
DA:29,0
DA:32,0
DA:33,0
DA:37,0
DA:38,0
DA:40,0
DA:41,0
DA:43,0
DA:44,0
DA:51,0
DA:56,0
DA:58,0
DA:59,0
DA:60,0
DA:61,0
DA:64,0
DA:65,0
DA:68,0
DA:75,0
DA:83,0
DA:84,0
LF:29
LH:2
BRDA:24,0,0,0
BRDA:27,1,0,0
BRDA:27,1,1,0
BRDA:38,2,0,0
BRDA:41,3,0,0
BRDA:53,4,0,0
BRDA:53,4,1,0
BRDA:54,5,0,0
BRDA:54,5,1,0
BRDA:56,6,0,0
BRDA:58,7,0,0
BRDA:60,8,0,0
BRDA:60,9,0,0
BRDA:60,9,1,0
BRDA:70,10,0,0
BRDA:70,10,1,0
BRDA:83,11,0,0
BRF:17
BRH:0
end_of_record
TN:
SF:src\pkg\utils\time.utils.ts
FN:7,(anonymous_0)
FN:8,(anonymous_1)
FN:9,(anonymous_2)
FN:10,(anonymous_3)
FN:15,(anonymous_4)
FN:16,(anonymous_5)
FN:17,(anonymous_6)
FN:22,(anonymous_7)
FN:28,(anonymous_8)
FNF:9
FNH:3
FNDA:0,(anonymous_0)
FNDA:3,(anonymous_1)
FNDA:44,(anonymous_2)
FNDA:6,(anonymous_3)
FNDA:0,(anonymous_4)
FNDA:0,(anonymous_5)
FNDA:0,(anonymous_6)
FNDA:0,(anonymous_7)
FNDA:0,(anonymous_8)
DA:3,9
DA:7,0
DA:8,3
DA:9,44
DA:10,6
DA:15,0
DA:16,0
DA:17,0
DA:23,0
DA:24,0
DA:25,0
DA:29,0
DA:30,0
DA:31,0
LF:14
LH:4
BRF:0
BRH:0
end_of_record
TN:
SF:tests\integration\helpers\completeness-matrix.ts
FN:10,describeEndpoint
FN:14,(anonymous_1)
FN:15,(anonymous_2)
FN:17,(anonymous_3)
FN:19,(anonymous_4)
FN:21,(anonymous_5)
FNF:6
FNH:6
FNDA:43,describeEndpoint
FNDA:43,(anonymous_1)
FNDA:43,(anonymous_2)
FNDA:43,(anonymous_3)
FNDA:43,(anonymous_4)
FNDA:43,(anonymous_5)
DA:10,9
DA:14,43
DA:15,43
DA:16,43
DA:17,43
DA:18,43
DA:19,43
DA:20,43
DA:21,43
DA:22,43
LF:10
LH:10
BRF:0
BRH:0
end_of_record
TN:
SF:tests\integration\helpers\email.stub.ts
FN:9,(anonymous_0)
FN:12,(anonymous_1)
FN:16,(anonymous_2)
FNF:3
FNH:3
FNDA:9,(anonymous_0)
FNDA:4,(anonymous_1)
FNDA:172,(anonymous_2)
DA:9,9
DA:10,9
DA:13,4
DA:17,172
LF:4
LH:4
BRF:0
BRH:0
end_of_record
TN:
SF:tests\integration\helpers\fixtures.ts
FN:7,nextFixtureValue
FN:12,seedUser
FN:33,seedRestaurant
FN:52,seedBranch
FN:80,seedAddress
FN:104,seedCatalog
FNF:6
FNH:6
FNDA:212,nextFixtureValue
FNDA:105,seedUser
FNDA:60,seedRestaurant
FNDA:38,seedBranch
FNDA:9,seedAddress
FNDA:23,seedCatalog
DA:2,7
DA:3,7
DA:5,7
DA:8,212
DA:9,212
DA:12,7
DA:16,105
DA:17,105
DA:30,105
DA:33,7
DA:38,60
DA:49,60
DA:52,7
DA:57,38
DA:77,38
DA:80,7
DA:85,9
DA:101,9
DA:104,7
DA:105,23
DA:108,23
DA:109,23
DA:110,23
DA:113,23
DA:123,23
DA:127,23
LF:26
LH:26
BRDA:14,0,0,58
BRDA:36,1,0,48
BRDA:55,2,0,29
BRDA:83,3,0,4
BRF:4
BRH:4
end_of_record
TN:
SF:tests\integration\helpers\test-app.ts
FN:14,useCoreIntegrationApp
FN:17,(anonymous_2)
FN:20,(anonymous_3)
FN:23,(anonymous_4)
FN:30,(anonymous_5)
FN:31,(anonymous_6)
FN:34,(anonymous_7)
FN:41,(anonymous_8)
FN:68,(anonymous_9)
FN:75,(anonymous_10)
FN:80,(anonymous_11)
FN:83,(anonymous_12)
FN:88,(anonymous_13)
FNF:13
FNH:11
FNDA:9,useCoreIntegrationApp
FNDA:69,(anonymous_2)
FNDA:85,(anonymous_3)
FNDA:37,(anonymous_4)
FNDA:0,(anonymous_5)
FNDA:0,(anonymous_6)
FNDA:172,(anonymous_7)
FNDA:9,(anonymous_8)
FNDA:172,(anonymous_9)
FNDA:9,(anonymous_10)
FNDA:241,(anonymous_11)
FNDA:433,(anonymous_12)
FNDA:159,(anonymous_13)
DA:1,9
DA:2,9
DA:3,9
DA:4,9
DA:5,9
DA:7,9
DA:8,9
DA:9,9
DA:10,9
DA:11,9
DA:12,9
DA:14,9
DA:15,9
DA:16,9
DA:18,69
DA:21,85
DA:24,37
DA:27,9
DA:28,9
DA:32,0
DA:35,172
DA:41,9
DA:42,9
DA:53,9
DA:54,9
DA:55,9
DA:56,9
DA:62,9
DA:63,9
DA:64,9
DA:65,9
DA:68,9
DA:69,172
DA:70,172
DA:71,172
DA:72,172
DA:75,9
DA:76,9
DA:79,9
DA:81,241
DA:84,433
DA:89,159
DA:92,159
LF:43
LH:42
BRF:0
BRH:0
end_of_record
TN:
SF:tests\integration\helpers\test-database.ts
FN:14,loadTestEnvironment
FN:22,assertTestDatabase
FN:35,migrateTestDatabase
FN:42,truncateAllTables
FN:62,(anonymous_5)
FNF:5
FNH:4
FNDA:9,loadTestEnvironment
FNDA:181,assertTestDatabase
FNDA:0,migrateTestDatabase
FNDA:172,truncateAllTables
FNDA:2580,(anonymous_5)
DA:1,9
DA:3,9
DA:5,9
DA:6,9
DA:7,9
DA:14,9
DA:15,9
DA:17,9
DA:18,0
DA:22,9
DA:23,181
DA:26,181
DA:28,181
DA:29,0
DA:35,9
DA:36,0
DA:42,9
DA:43,172
DA:45,172
DA:62,2580
DA:63,172
DA:64,0
DA:67,172
LF:23
LH:19
BRDA:17,0,0,0
BRDA:28,1,0,0
BRDA:28,2,0,181
BRDA:28,2,1,181
BRDA:30,3,0,0
BRDA:30,3,1,0
BRDA:63,4,0,0
BRF:7
BRH:2
end_of_record
